[2025-06-05T23:31:00.728+0000] {local_task_job_runner.py:120} INFO - ::group::Pre task execution logs
[2025-06-05T23:31:00.742+0000] {taskinstance.py:2073} INFO - Dependencies all met for dep_context=non-requeueable deps ti=<TaskInstance: pokemon_partitioned_to_kafka.fetch_pokemon_and_send_partitioned_to_kafka scheduled__2025-06-05T23:30:00+00:00 [queued]>
[2025-06-05T23:31:00.745+0000] {taskinstance.py:2073} INFO - Dependencies all met for dep_context=requeueable deps ti=<TaskInstance: pokemon_partitioned_to_kafka.fetch_pokemon_and_send_partitioned_to_kafka scheduled__2025-06-05T23:30:00+00:00 [queued]>
[2025-06-05T23:31:00.745+0000] {taskinstance.py:2303} INFO - Starting attempt 1 of 1
[2025-06-05T23:31:00.751+0000] {taskinstance.py:2327} INFO - Executing <Task(PythonOperator): fetch_pokemon_and_send_partitioned_to_kafka> on 2025-06-05 23:30:00+00:00
[2025-06-05T23:31:00.755+0000] {logging_mixin.py:188} WARNING - /home/***/.local/lib/python3.12/site-packages/***/task/task_runner/standard_task_runner.py:61 DeprecationWarning: This process (pid=577) is multi-threaded, use of fork() may lead to deadlocks in the child.
[2025-06-05T23:31:00.755+0000] {standard_task_runner.py:63} INFO - Started process 578 to run task
[2025-06-05T23:31:00.755+0000] {standard_task_runner.py:90} INFO - Running: ['***', 'tasks', 'run', 'pokemon_partitioned_to_kafka', 'fetch_pokemon_and_send_partitioned_to_kafka', 'scheduled__2025-06-05T23:30:00+00:00', '--job-id', '12', '--raw', '--subdir', 'DAGS_FOLDER/pkapi_to_kafka_dag.py', '--cfg-path', '/tmp/tmpah37xyf9']
[2025-06-05T23:31:00.756+0000] {standard_task_runner.py:91} INFO - Job 12: Subtask fetch_pokemon_and_send_partitioned_to_kafka
[2025-06-05T23:31:00.764+0000] {logging_mixin.py:188} WARNING - /home/***/.local/lib/python3.12/site-packages/***/settings.py:195 DeprecationWarning: The sql_alchemy_conn option in [core] has been moved to the sql_alchemy_conn option in [database] - the old setting has been used, but please update your config.
[2025-06-05T23:31:00.781+0000] {task_command.py:426} INFO - Running <TaskInstance: pokemon_partitioned_to_kafka.fetch_pokemon_and_send_partitioned_to_kafka scheduled__2025-06-05T23:30:00+00:00 [running]> on host 856ef77f0083
[2025-06-05T23:31:00.822+0000] {taskinstance.py:2644} INFO - Exporting env vars: AIRFLOW_CTX_DAG_OWNER='***' AIRFLOW_CTX_DAG_ID='pokemon_partitioned_to_kafka' AIRFLOW_CTX_TASK_ID='fetch_pokemon_and_send_partitioned_to_kafka' AIRFLOW_CTX_EXECUTION_DATE='2025-06-05T23:30:00+00:00' AIRFLOW_CTX_TRY_NUMBER='1' AIRFLOW_CTX_DAG_RUN_ID='scheduled__2025-06-05T23:30:00+00:00'
[2025-06-05T23:31:00.822+0000] {taskinstance.py:430} INFO - ::endgroup::
[2025-06-05T23:31:01.843+0000] {logging_mixin.py:188} INFO - Produced: bulbasaur with key=grass
[2025-06-05T23:31:02.382+0000] {logging_mixin.py:188} INFO - Produced: ivysaur with key=grass
[2025-06-05T23:31:02.925+0000] {logging_mixin.py:188} INFO - Produced: venusaur with key=grass
[2025-06-05T23:31:03.429+0000] {logging_mixin.py:188} INFO - Produced: charmander with key=fire
[2025-06-05T23:31:03.938+0000] {logging_mixin.py:188} INFO - Produced: charmeleon with key=fire
[2025-06-05T23:31:04.472+0000] {logging_mixin.py:188} INFO - Produced: charizard with key=fire
[2025-06-05T23:31:05.016+0000] {logging_mixin.py:188} INFO - Produced: squirtle with key=water
[2025-06-05T23:31:05.536+0000] {logging_mixin.py:188} INFO - Produced: wartortle with key=water
[2025-06-05T23:31:06.050+0000] {logging_mixin.py:188} INFO - Produced: blastoise with key=water
[2025-06-05T23:31:06.550+0000] {logging_mixin.py:188} INFO - Produced: caterpie with key=bug
[2025-06-05T23:31:07.068+0000] {logging_mixin.py:188} INFO - Produced: metapod with key=bug
[2025-06-05T23:31:07.559+0000] {logging_mixin.py:188} INFO - Produced: butterfree with key=bug
[2025-06-05T23:31:08.065+0000] {logging_mixin.py:188} INFO - Produced: weedle with key=bug
[2025-06-05T23:31:08.560+0000] {logging_mixin.py:188} INFO - Produced: kakuna with key=bug
[2025-06-05T23:31:09.058+0000] {logging_mixin.py:188} INFO - Produced: beedrill with key=bug
[2025-06-05T23:31:09.557+0000] {logging_mixin.py:188} INFO - Produced: pidgey with key=normal
[2025-06-05T23:31:10.064+0000] {logging_mixin.py:188} INFO - Produced: pidgeotto with key=normal
[2025-06-05T23:31:10.568+0000] {logging_mixin.py:188} INFO - Produced: pidgeot with key=normal
[2025-06-05T23:31:11.070+0000] {logging_mixin.py:188} INFO - Produced: rattata with key=normal
[2025-06-05T23:31:11.277+0000] {python.py:237} INFO - Done. Returned value was: None
[2025-06-05T23:31:11.278+0000] {taskinstance.py:441} INFO - ::group::Post task execution logs
[2025-06-05T23:31:11.289+0000] {taskinstance.py:1205} INFO - Marking task as SUCCESS. dag_id=pokemon_partitioned_to_kafka, task_id=fetch_pokemon_and_send_partitioned_to_kafka, execution_date=20250605T233000, start_date=20250605T233100, end_date=20250605T233111
[2025-06-05T23:31:11.329+0000] {local_task_job_runner.py:240} INFO - Task exited with return code 0
[2025-06-05T23:31:11.341+0000] {taskinstance.py:3482} INFO - 0 downstream tasks scheduled from follow-on schedule check
[2025-06-05T23:31:11.342+0000] {local_task_job_runner.py:222} INFO - ::endgroup::
