[2025-06-06T13:12:00.140+0000] {local_task_job_runner.py:120} INFO - ::group::Pre task execution logs
[2025-06-06T13:12:00.155+0000] {taskinstance.py:2073} INFO - Dependencies all met for dep_context=non-requeueable deps ti=<TaskInstance: pokemon_partitioned_to_kafka.fetch_pokemon_and_send_partitioned_to_kafka scheduled__2025-06-06T13:11:00+00:00 [queued]>
[2025-06-06T13:12:00.158+0000] {taskinstance.py:2073} INFO - Dependencies all met for dep_context=requeueable deps ti=<TaskInstance: pokemon_partitioned_to_kafka.fetch_pokemon_and_send_partitioned_to_kafka scheduled__2025-06-06T13:11:00+00:00 [queued]>
[2025-06-06T13:12:00.158+0000] {taskinstance.py:2303} INFO - Starting attempt 1 of 1
[2025-06-06T13:12:00.165+0000] {taskinstance.py:2327} INFO - Executing <Task(PythonOperator): fetch_pokemon_and_send_partitioned_to_kafka> on 2025-06-06 13:11:00+00:00
[2025-06-06T13:12:00.168+0000] {logging_mixin.py:188} WARNING - /home/***/.local/lib/python3.12/site-packages/***/task/task_runner/standard_task_runner.py:61 DeprecationWarning: This process (pid=2017) is multi-threaded, use of fork() may lead to deadlocks in the child.
[2025-06-06T13:12:00.169+0000] {standard_task_runner.py:63} INFO - Started process 2018 to run task
[2025-06-06T13:12:00.168+0000] {standard_task_runner.py:90} INFO - Running: ['***', 'tasks', 'run', 'pokemon_partitioned_to_kafka', 'fetch_pokemon_and_send_partitioned_to_kafka', 'scheduled__2025-06-06T13:11:00+00:00', '--job-id', '104', '--raw', '--subdir', 'DAGS_FOLDER/pkapi_to_kafka_dag.py', '--cfg-path', '/tmp/tmp91yz6t0z']
[2025-06-06T13:12:00.170+0000] {standard_task_runner.py:91} INFO - Job 104: Subtask fetch_pokemon_and_send_partitioned_to_kafka
[2025-06-06T13:12:00.178+0000] {logging_mixin.py:188} WARNING - /home/***/.local/lib/python3.12/site-packages/***/settings.py:195 DeprecationWarning: The sql_alchemy_conn option in [core] has been moved to the sql_alchemy_conn option in [database] - the old setting has been used, but please update your config.
[2025-06-06T13:12:00.197+0000] {task_command.py:426} INFO - Running <TaskInstance: pokemon_partitioned_to_kafka.fetch_pokemon_and_send_partitioned_to_kafka scheduled__2025-06-06T13:11:00+00:00 [running]> on host 856ef77f0083
[2025-06-06T13:12:00.240+0000] {taskinstance.py:2644} INFO - Exporting env vars: AIRFLOW_CTX_DAG_OWNER='***' AIRFLOW_CTX_DAG_ID='pokemon_partitioned_to_kafka' AIRFLOW_CTX_TASK_ID='fetch_pokemon_and_send_partitioned_to_kafka' AIRFLOW_CTX_EXECUTION_DATE='2025-06-06T13:11:00+00:00' AIRFLOW_CTX_TRY_NUMBER='1' AIRFLOW_CTX_DAG_RUN_ID='scheduled__2025-06-06T13:11:00+00:00'
[2025-06-06T13:12:00.241+0000] {taskinstance.py:430} INFO - ::endgroup::
[2025-06-06T13:12:01.256+0000] {logging_mixin.py:188} INFO - Produced: bulbasaur with key=grass
[2025-06-06T13:12:01.564+0000] {logging_mixin.py:188} INFO - Produced: ivysaur with key=grass
[2025-06-06T13:12:01.992+0000] {logging_mixin.py:188} INFO - Produced: venusaur with key=grass
[2025-06-06T13:12:02.451+0000] {logging_mixin.py:188} INFO - Produced: charmander with key=fire
[2025-06-06T13:12:02.903+0000] {logging_mixin.py:188} INFO - Produced: charmeleon with key=fire
[2025-06-06T13:12:03.355+0000] {logging_mixin.py:188} INFO - Produced: charizard with key=fire
[2025-06-06T13:12:04.144+0000] {logging_mixin.py:188} INFO - Produced: squirtle with key=water
[2025-06-06T13:12:04.979+0000] {logging_mixin.py:188} INFO - Produced: wartortle with key=water
[2025-06-06T13:12:05.415+0000] {logging_mixin.py:188} INFO - Produced: blastoise with key=water
[2025-06-06T13:12:05.855+0000] {logging_mixin.py:188} INFO - Produced: caterpie with key=bug
[2025-06-06T13:12:06.314+0000] {logging_mixin.py:188} INFO - Produced: metapod with key=bug
[2025-06-06T13:12:06.772+0000] {logging_mixin.py:188} INFO - Produced: butterfree with key=bug
[2025-06-06T13:49:56.845+0000] {logging_mixin.py:188} INFO - Produced: weedle with key=bug
[2025-06-06T13:49:57.267+0000] {logging_mixin.py:188} INFO - Produced: kakuna with key=bug
[2025-06-06T13:49:57.700+0000] {logging_mixin.py:188} INFO - Produced: beedrill with key=bug
[2025-06-06T13:49:58.123+0000] {logging_mixin.py:188} INFO - Produced: pidgey with key=normal
[2025-06-06T13:49:58.547+0000] {logging_mixin.py:188} INFO - Produced: pidgeotto with key=normal
[2025-06-06T13:49:59.001+0000] {logging_mixin.py:188} INFO - Produced: pidgeot with key=normal
[2025-06-06T13:49:59.453+0000] {logging_mixin.py:188} INFO - Produced: rattata with key=normal
[2025-06-06T13:49:59.658+0000] {python.py:237} INFO - Done. Returned value was: None
[2025-06-06T13:49:59.659+0000] {taskinstance.py:441} INFO - ::group::Post task execution logs
[2025-06-06T13:49:59.672+0000] {taskinstance.py:1205} INFO - Marking task as SUCCESS. dag_id=pokemon_partitioned_to_kafka, task_id=fetch_pokemon_and_send_partitioned_to_kafka, execution_date=20250606T131100, start_date=20250606T131200, end_date=20250606T134959
[2025-06-06T13:49:59.705+0000] {local_task_job_runner.py:240} INFO - Task exited with return code 0
[2025-06-06T13:49:59.716+0000] {taskinstance.py:3482} INFO - 0 downstream tasks scheduled from follow-on schedule check
[2025-06-06T13:49:59.717+0000] {local_task_job_runner.py:222} INFO - ::endgroup::
