[2025-06-06T00:00:06.284+0000] {processor.py:161} INFO - Started process (PID=946) to work on /opt/airflow/dags/kafka_producer_dag.py
[2025-06-06T00:00:06.285+0000] {processor.py:830} INFO - Processing file /opt/airflow/dags/kafka_producer_dag.py for tasks to queue
[2025-06-06T00:00:06.285+0000] {logging_mixin.py:188} INFO - [2025-06-06T00:00:06.285+0000] {dagbag.py:540} INFO - Filling up the DagBag from /opt/airflow/dags/kafka_producer_dag.py
[2025-06-06T00:00:06.294+0000] {processor.py:840} INFO - DAG(s) 'kafka_producer_dag' retrieved from /opt/airflow/dags/kafka_producer_dag.py
[2025-06-06T00:00:06.312+0000] {logging_mixin.py:188} INFO - [2025-06-06T00:00:06.312+0000] {dag.py:3096} INFO - Sync 1 DAGs
[2025-06-06T00:00:06.319+0000] {logging_mixin.py:188} INFO - [2025-06-06T00:00:06.318+0000] {dag.py:3954} INFO - Setting next_dagrun for kafka_producer_dag to None, run_after=None
[2025-06-06T00:00:06.328+0000] {processor.py:183} INFO - Processing /opt/airflow/dags/kafka_producer_dag.py took 0.047 seconds
[2025-06-06T00:00:36.617+0000] {processor.py:161} INFO - Started process (PID=957) to work on /opt/airflow/dags/kafka_producer_dag.py
[2025-06-06T00:00:36.617+0000] {processor.py:830} INFO - Processing file /opt/airflow/dags/kafka_producer_dag.py for tasks to queue
[2025-06-06T00:00:36.618+0000] {logging_mixin.py:188} INFO - [2025-06-06T00:00:36.618+0000] {dagbag.py:540} INFO - Filling up the DagBag from /opt/airflow/dags/kafka_producer_dag.py
[2025-06-06T00:00:36.630+0000] {processor.py:840} INFO - DAG(s) 'kafka_producer_dag' retrieved from /opt/airflow/dags/kafka_producer_dag.py
[2025-06-06T00:00:36.647+0000] {logging_mixin.py:188} INFO - [2025-06-06T00:00:36.647+0000] {dag.py:3096} INFO - Sync 1 DAGs
[2025-06-06T00:00:36.653+0000] {logging_mixin.py:188} INFO - [2025-06-06T00:00:36.653+0000] {dag.py:3954} INFO - Setting next_dagrun for kafka_producer_dag to None, run_after=None
[2025-06-06T00:00:36.669+0000] {processor.py:183} INFO - Processing /opt/airflow/dags/kafka_producer_dag.py took 0.058 seconds
[2025-06-06T00:01:06.967+0000] {processor.py:161} INFO - Started process (PID=973) to work on /opt/airflow/dags/kafka_producer_dag.py
[2025-06-06T00:01:06.968+0000] {processor.py:830} INFO - Processing file /opt/airflow/dags/kafka_producer_dag.py for tasks to queue
[2025-06-06T00:01:06.968+0000] {logging_mixin.py:188} INFO - [2025-06-06T00:01:06.968+0000] {dagbag.py:540} INFO - Filling up the DagBag from /opt/airflow/dags/kafka_producer_dag.py
[2025-06-06T00:01:06.978+0000] {processor.py:840} INFO - DAG(s) 'kafka_producer_dag' retrieved from /opt/airflow/dags/kafka_producer_dag.py
[2025-06-06T00:01:06.993+0000] {logging_mixin.py:188} INFO - [2025-06-06T00:01:06.992+0000] {dag.py:3096} INFO - Sync 1 DAGs
[2025-06-06T00:01:06.999+0000] {logging_mixin.py:188} INFO - [2025-06-06T00:01:06.999+0000] {dag.py:3954} INFO - Setting next_dagrun for kafka_producer_dag to None, run_after=None
[2025-06-06T00:01:07.008+0000] {processor.py:183} INFO - Processing /opt/airflow/dags/kafka_producer_dag.py took 0.044 seconds
[2025-06-06T00:07:03.191+0000] {processor.py:161} INFO - Started process (PID=985) to work on /opt/airflow/dags/kafka_producer_dag.py
[2025-06-06T00:07:03.195+0000] {processor.py:830} INFO - Processing file /opt/airflow/dags/kafka_producer_dag.py for tasks to queue
[2025-06-06T00:07:03.196+0000] {logging_mixin.py:188} INFO - [2025-06-06T00:07:03.196+0000] {dagbag.py:540} INFO - Filling up the DagBag from /opt/airflow/dags/kafka_producer_dag.py
[2025-06-06T00:07:03.208+0000] {processor.py:840} INFO - DAG(s) 'kafka_producer_dag' retrieved from /opt/airflow/dags/kafka_producer_dag.py
[2025-06-06T00:07:03.222+0000] {logging_mixin.py:188} INFO - [2025-06-06T00:07:03.222+0000] {dag.py:3096} INFO - Sync 1 DAGs
[2025-06-06T00:07:03.228+0000] {logging_mixin.py:188} INFO - [2025-06-06T00:07:03.228+0000] {dag.py:3954} INFO - Setting next_dagrun for kafka_producer_dag to None, run_after=None
[2025-06-06T00:07:03.240+0000] {processor.py:183} INFO - Processing /opt/airflow/dags/kafka_producer_dag.py took 0.053 seconds
[2025-06-06T00:24:41.262+0000] {processor.py:161} INFO - Started process (PID=1013) to work on /opt/airflow/dags/kafka_producer_dag.py
[2025-06-06T00:24:41.269+0000] {processor.py:830} INFO - Processing file /opt/airflow/dags/kafka_producer_dag.py for tasks to queue
[2025-06-06T00:24:41.270+0000] {logging_mixin.py:188} INFO - [2025-06-06T00:24:41.270+0000] {dagbag.py:540} INFO - Filling up the DagBag from /opt/airflow/dags/kafka_producer_dag.py
[2025-06-06T00:24:41.283+0000] {processor.py:840} INFO - DAG(s) 'kafka_producer_dag' retrieved from /opt/airflow/dags/kafka_producer_dag.py
[2025-06-06T00:24:41.305+0000] {logging_mixin.py:188} INFO - [2025-06-06T00:24:41.305+0000] {dag.py:3096} INFO - Sync 1 DAGs
[2025-06-06T00:24:41.314+0000] {logging_mixin.py:188} INFO - [2025-06-06T00:24:41.314+0000] {dag.py:3954} INFO - Setting next_dagrun for kafka_producer_dag to None, run_after=None
[2025-06-06T00:24:41.327+0000] {processor.py:183} INFO - Processing /opt/airflow/dags/kafka_producer_dag.py took 0.071 seconds
[2025-06-06T00:25:11.605+0000] {processor.py:161} INFO - Started process (PID=1029) to work on /opt/airflow/dags/kafka_producer_dag.py
[2025-06-06T00:25:11.606+0000] {processor.py:830} INFO - Processing file /opt/airflow/dags/kafka_producer_dag.py for tasks to queue
[2025-06-06T00:25:11.606+0000] {logging_mixin.py:188} INFO - [2025-06-06T00:25:11.606+0000] {dagbag.py:540} INFO - Filling up the DagBag from /opt/airflow/dags/kafka_producer_dag.py
[2025-06-06T00:25:11.616+0000] {processor.py:840} INFO - DAG(s) 'kafka_producer_dag' retrieved from /opt/airflow/dags/kafka_producer_dag.py
[2025-06-06T00:25:11.633+0000] {logging_mixin.py:188} INFO - [2025-06-06T00:25:11.633+0000] {dag.py:3096} INFO - Sync 1 DAGs
[2025-06-06T00:25:11.639+0000] {logging_mixin.py:188} INFO - [2025-06-06T00:25:11.639+0000] {dag.py:3954} INFO - Setting next_dagrun for kafka_producer_dag to None, run_after=None
[2025-06-06T00:25:11.648+0000] {processor.py:183} INFO - Processing /opt/airflow/dags/kafka_producer_dag.py took 0.046 seconds
[2025-06-06T00:36:34.064+0000] {processor.py:161} INFO - Started process (PID=1039) to work on /opt/airflow/dags/kafka_producer_dag.py
[2025-06-06T00:36:34.065+0000] {processor.py:830} INFO - Processing file /opt/airflow/dags/kafka_producer_dag.py for tasks to queue
[2025-06-06T00:36:34.065+0000] {logging_mixin.py:188} INFO - [2025-06-06T00:36:34.065+0000] {dagbag.py:540} INFO - Filling up the DagBag from /opt/airflow/dags/kafka_producer_dag.py
[2025-06-06T00:36:34.075+0000] {processor.py:840} INFO - DAG(s) 'kafka_producer_dag' retrieved from /opt/airflow/dags/kafka_producer_dag.py
[2025-06-06T00:36:34.092+0000] {logging_mixin.py:188} INFO - [2025-06-06T00:36:34.091+0000] {dag.py:3096} INFO - Sync 1 DAGs
[2025-06-06T00:36:34.098+0000] {logging_mixin.py:188} INFO - [2025-06-06T00:36:34.097+0000] {dag.py:3954} INFO - Setting next_dagrun for kafka_producer_dag to None, run_after=None
[2025-06-06T00:36:34.110+0000] {processor.py:183} INFO - Processing /opt/airflow/dags/kafka_producer_dag.py took 0.049 seconds
[2025-06-06T00:37:04.318+0000] {processor.py:161} INFO - Started process (PID=1067) to work on /opt/airflow/dags/kafka_producer_dag.py
[2025-06-06T00:37:04.319+0000] {processor.py:830} INFO - Processing file /opt/airflow/dags/kafka_producer_dag.py for tasks to queue
[2025-06-06T00:37:04.319+0000] {logging_mixin.py:188} INFO - [2025-06-06T00:37:04.319+0000] {dagbag.py:540} INFO - Filling up the DagBag from /opt/airflow/dags/kafka_producer_dag.py
[2025-06-06T00:37:04.329+0000] {processor.py:840} INFO - DAG(s) 'kafka_producer_dag' retrieved from /opt/airflow/dags/kafka_producer_dag.py
[2025-06-06T00:37:04.345+0000] {logging_mixin.py:188} INFO - [2025-06-06T00:37:04.345+0000] {dag.py:3096} INFO - Sync 1 DAGs
[2025-06-06T00:37:04.352+0000] {logging_mixin.py:188} INFO - [2025-06-06T00:37:04.352+0000] {dag.py:3954} INFO - Setting next_dagrun for kafka_producer_dag to None, run_after=None
[2025-06-06T00:37:04.360+0000] {processor.py:183} INFO - Processing /opt/airflow/dags/kafka_producer_dag.py took 0.046 seconds
[2025-06-06T00:37:34.592+0000] {processor.py:161} INFO - Started process (PID=1077) to work on /opt/airflow/dags/kafka_producer_dag.py
[2025-06-06T00:37:34.593+0000] {processor.py:830} INFO - Processing file /opt/airflow/dags/kafka_producer_dag.py for tasks to queue
[2025-06-06T00:37:34.594+0000] {logging_mixin.py:188} INFO - [2025-06-06T00:37:34.594+0000] {dagbag.py:540} INFO - Filling up the DagBag from /opt/airflow/dags/kafka_producer_dag.py
[2025-06-06T00:37:34.604+0000] {processor.py:840} INFO - DAG(s) 'kafka_producer_dag' retrieved from /opt/airflow/dags/kafka_producer_dag.py
[2025-06-06T00:37:34.622+0000] {logging_mixin.py:188} INFO - [2025-06-06T00:37:34.622+0000] {dag.py:3096} INFO - Sync 1 DAGs
[2025-06-06T00:37:34.629+0000] {logging_mixin.py:188} INFO - [2025-06-06T00:37:34.628+0000] {dag.py:3954} INFO - Setting next_dagrun for kafka_producer_dag to None, run_after=None
[2025-06-06T00:37:34.643+0000] {processor.py:183} INFO - Processing /opt/airflow/dags/kafka_producer_dag.py took 0.055 seconds
[2025-06-06T00:38:04.914+0000] {processor.py:161} INFO - Started process (PID=1093) to work on /opt/airflow/dags/kafka_producer_dag.py
[2025-06-06T00:38:04.915+0000] {processor.py:830} INFO - Processing file /opt/airflow/dags/kafka_producer_dag.py for tasks to queue
[2025-06-06T00:38:04.915+0000] {logging_mixin.py:188} INFO - [2025-06-06T00:38:04.915+0000] {dagbag.py:540} INFO - Filling up the DagBag from /opt/airflow/dags/kafka_producer_dag.py
[2025-06-06T00:38:04.930+0000] {processor.py:840} INFO - DAG(s) 'kafka_producer_dag' retrieved from /opt/airflow/dags/kafka_producer_dag.py
[2025-06-06T00:38:04.951+0000] {logging_mixin.py:188} INFO - [2025-06-06T00:38:04.950+0000] {dag.py:3096} INFO - Sync 1 DAGs
[2025-06-06T00:38:04.957+0000] {logging_mixin.py:188} INFO - [2025-06-06T00:38:04.957+0000] {dag.py:3954} INFO - Setting next_dagrun for kafka_producer_dag to None, run_after=None
[2025-06-06T00:38:04.971+0000] {processor.py:183} INFO - Processing /opt/airflow/dags/kafka_producer_dag.py took 0.062 seconds
[2025-06-06T00:38:35.257+0000] {processor.py:161} INFO - Started process (PID=1103) to work on /opt/airflow/dags/kafka_producer_dag.py
[2025-06-06T00:38:35.257+0000] {processor.py:830} INFO - Processing file /opt/airflow/dags/kafka_producer_dag.py for tasks to queue
[2025-06-06T00:38:35.257+0000] {logging_mixin.py:188} INFO - [2025-06-06T00:38:35.257+0000] {dagbag.py:540} INFO - Filling up the DagBag from /opt/airflow/dags/kafka_producer_dag.py
[2025-06-06T00:38:35.274+0000] {processor.py:840} INFO - DAG(s) 'kafka_producer_dag' retrieved from /opt/airflow/dags/kafka_producer_dag.py
[2025-06-06T00:38:35.304+0000] {logging_mixin.py:188} INFO - [2025-06-06T00:38:35.304+0000] {dag.py:3096} INFO - Sync 1 DAGs
[2025-06-06T00:38:35.312+0000] {logging_mixin.py:188} INFO - [2025-06-06T00:38:35.312+0000] {dag.py:3954} INFO - Setting next_dagrun for kafka_producer_dag to None, run_after=None
[2025-06-06T00:38:35.323+0000] {processor.py:183} INFO - Processing /opt/airflow/dags/kafka_producer_dag.py took 0.070 seconds
[2025-06-06T00:39:05.593+0000] {processor.py:161} INFO - Started process (PID=1119) to work on /opt/airflow/dags/kafka_producer_dag.py
[2025-06-06T00:39:05.593+0000] {processor.py:830} INFO - Processing file /opt/airflow/dags/kafka_producer_dag.py for tasks to queue
[2025-06-06T00:39:05.594+0000] {logging_mixin.py:188} INFO - [2025-06-06T00:39:05.594+0000] {dagbag.py:540} INFO - Filling up the DagBag from /opt/airflow/dags/kafka_producer_dag.py
[2025-06-06T00:39:05.604+0000] {processor.py:840} INFO - DAG(s) 'kafka_producer_dag' retrieved from /opt/airflow/dags/kafka_producer_dag.py
[2025-06-06T00:39:05.620+0000] {logging_mixin.py:188} INFO - [2025-06-06T00:39:05.620+0000] {dag.py:3096} INFO - Sync 1 DAGs
[2025-06-06T00:39:05.628+0000] {logging_mixin.py:188} INFO - [2025-06-06T00:39:05.628+0000] {dag.py:3954} INFO - Setting next_dagrun for kafka_producer_dag to None, run_after=None
[2025-06-06T00:39:05.639+0000] {processor.py:183} INFO - Processing /opt/airflow/dags/kafka_producer_dag.py took 0.049 seconds
[2025-06-06T00:39:35.914+0000] {processor.py:161} INFO - Started process (PID=1129) to work on /opt/airflow/dags/kafka_producer_dag.py
[2025-06-06T00:39:35.915+0000] {processor.py:830} INFO - Processing file /opt/airflow/dags/kafka_producer_dag.py for tasks to queue
[2025-06-06T00:39:35.915+0000] {logging_mixin.py:188} INFO - [2025-06-06T00:39:35.915+0000] {dagbag.py:540} INFO - Filling up the DagBag from /opt/airflow/dags/kafka_producer_dag.py
[2025-06-06T00:39:35.926+0000] {processor.py:840} INFO - DAG(s) 'kafka_producer_dag' retrieved from /opt/airflow/dags/kafka_producer_dag.py
[2025-06-06T00:39:35.942+0000] {logging_mixin.py:188} INFO - [2025-06-06T00:39:35.942+0000] {dag.py:3096} INFO - Sync 1 DAGs
[2025-06-06T00:39:35.948+0000] {logging_mixin.py:188} INFO - [2025-06-06T00:39:35.948+0000] {dag.py:3954} INFO - Setting next_dagrun for kafka_producer_dag to None, run_after=None
[2025-06-06T00:39:35.960+0000] {processor.py:183} INFO - Processing /opt/airflow/dags/kafka_producer_dag.py took 0.049 seconds
[2025-06-06T00:40:06.229+0000] {processor.py:161} INFO - Started process (PID=1145) to work on /opt/airflow/dags/kafka_producer_dag.py
[2025-06-06T00:40:06.229+0000] {processor.py:830} INFO - Processing file /opt/airflow/dags/kafka_producer_dag.py for tasks to queue
[2025-06-06T00:40:06.230+0000] {logging_mixin.py:188} INFO - [2025-06-06T00:40:06.230+0000] {dagbag.py:540} INFO - Filling up the DagBag from /opt/airflow/dags/kafka_producer_dag.py
[2025-06-06T00:40:06.244+0000] {processor.py:840} INFO - DAG(s) 'kafka_producer_dag' retrieved from /opt/airflow/dags/kafka_producer_dag.py
[2025-06-06T00:40:06.263+0000] {logging_mixin.py:188} INFO - [2025-06-06T00:40:06.263+0000] {dag.py:3096} INFO - Sync 1 DAGs
[2025-06-06T00:40:06.269+0000] {logging_mixin.py:188} INFO - [2025-06-06T00:40:06.269+0000] {dag.py:3954} INFO - Setting next_dagrun for kafka_producer_dag to None, run_after=None
[2025-06-06T00:40:06.282+0000] {processor.py:183} INFO - Processing /opt/airflow/dags/kafka_producer_dag.py took 0.057 seconds
[2025-06-06T00:40:36.552+0000] {processor.py:161} INFO - Started process (PID=1155) to work on /opt/airflow/dags/kafka_producer_dag.py
[2025-06-06T00:40:36.553+0000] {processor.py:830} INFO - Processing file /opt/airflow/dags/kafka_producer_dag.py for tasks to queue
[2025-06-06T00:40:36.554+0000] {logging_mixin.py:188} INFO - [2025-06-06T00:40:36.554+0000] {dagbag.py:540} INFO - Filling up the DagBag from /opt/airflow/dags/kafka_producer_dag.py
[2025-06-06T00:40:36.566+0000] {processor.py:840} INFO - DAG(s) 'kafka_producer_dag' retrieved from /opt/airflow/dags/kafka_producer_dag.py
[2025-06-06T00:40:36.585+0000] {logging_mixin.py:188} INFO - [2025-06-06T00:40:36.585+0000] {dag.py:3096} INFO - Sync 1 DAGs
[2025-06-06T00:40:36.592+0000] {logging_mixin.py:188} INFO - [2025-06-06T00:40:36.592+0000] {dag.py:3954} INFO - Setting next_dagrun for kafka_producer_dag to None, run_after=None
[2025-06-06T00:40:36.601+0000] {processor.py:183} INFO - Processing /opt/airflow/dags/kafka_producer_dag.py took 0.053 seconds
[2025-06-06T00:43:13.514+0000] {processor.py:161} INFO - Started process (PID=1171) to work on /opt/airflow/dags/kafka_producer_dag.py
[2025-06-06T00:43:13.514+0000] {processor.py:830} INFO - Processing file /opt/airflow/dags/kafka_producer_dag.py for tasks to queue
[2025-06-06T00:43:13.515+0000] {logging_mixin.py:188} INFO - [2025-06-06T00:43:13.515+0000] {dagbag.py:540} INFO - Filling up the DagBag from /opt/airflow/dags/kafka_producer_dag.py
[2025-06-06T00:43:13.525+0000] {processor.py:840} INFO - DAG(s) 'kafka_producer_dag' retrieved from /opt/airflow/dags/kafka_producer_dag.py
[2025-06-06T00:43:13.542+0000] {logging_mixin.py:188} INFO - [2025-06-06T00:43:13.542+0000] {dag.py:3096} INFO - Sync 1 DAGs
[2025-06-06T00:43:13.548+0000] {logging_mixin.py:188} INFO - [2025-06-06T00:43:13.548+0000] {dag.py:3954} INFO - Setting next_dagrun for kafka_producer_dag to None, run_after=None
[2025-06-06T00:43:13.560+0000] {processor.py:183} INFO - Processing /opt/airflow/dags/kafka_producer_dag.py took 0.050 seconds
[2025-06-06T00:43:43.830+0000] {processor.py:161} INFO - Started process (PID=1188) to work on /opt/airflow/dags/kafka_producer_dag.py
[2025-06-06T00:43:43.831+0000] {processor.py:830} INFO - Processing file /opt/airflow/dags/kafka_producer_dag.py for tasks to queue
[2025-06-06T00:43:43.832+0000] {logging_mixin.py:188} INFO - [2025-06-06T00:43:43.832+0000] {dagbag.py:540} INFO - Filling up the DagBag from /opt/airflow/dags/kafka_producer_dag.py
[2025-06-06T00:43:43.845+0000] {processor.py:840} INFO - DAG(s) 'kafka_producer_dag' retrieved from /opt/airflow/dags/kafka_producer_dag.py
[2025-06-06T00:43:43.861+0000] {logging_mixin.py:188} INFO - [2025-06-06T00:43:43.861+0000] {dag.py:3096} INFO - Sync 1 DAGs
[2025-06-06T00:43:43.867+0000] {logging_mixin.py:188} INFO - [2025-06-06T00:43:43.867+0000] {dag.py:3954} INFO - Setting next_dagrun for kafka_producer_dag to None, run_after=None
[2025-06-06T00:43:43.877+0000] {processor.py:183} INFO - Processing /opt/airflow/dags/kafka_producer_dag.py took 0.052 seconds
[2025-06-06T00:46:36.871+0000] {processor.py:161} INFO - Started process (PID=1208) to work on /opt/airflow/dags/kafka_producer_dag.py
[2025-06-06T00:46:36.872+0000] {processor.py:830} INFO - Processing file /opt/airflow/dags/kafka_producer_dag.py for tasks to queue
[2025-06-06T00:46:36.874+0000] {logging_mixin.py:188} INFO - [2025-06-06T00:46:36.873+0000] {dagbag.py:540} INFO - Filling up the DagBag from /opt/airflow/dags/kafka_producer_dag.py
[2025-06-06T00:46:36.894+0000] {processor.py:840} INFO - DAG(s) 'kafka_producer_dag' retrieved from /opt/airflow/dags/kafka_producer_dag.py
[2025-06-06T00:46:36.914+0000] {logging_mixin.py:188} INFO - [2025-06-06T00:46:36.914+0000] {dag.py:3096} INFO - Sync 1 DAGs
[2025-06-06T00:46:36.922+0000] {logging_mixin.py:188} INFO - [2025-06-06T00:46:36.922+0000] {dag.py:3954} INFO - Setting next_dagrun for kafka_producer_dag to None, run_after=None
[2025-06-06T00:46:36.933+0000] {processor.py:183} INFO - Processing /opt/airflow/dags/kafka_producer_dag.py took 0.070 seconds
[2025-06-06T00:47:07.151+0000] {processor.py:161} INFO - Started process (PID=1232) to work on /opt/airflow/dags/kafka_producer_dag.py
[2025-06-06T00:47:07.152+0000] {processor.py:830} INFO - Processing file /opt/airflow/dags/kafka_producer_dag.py for tasks to queue
[2025-06-06T00:47:07.152+0000] {logging_mixin.py:188} INFO - [2025-06-06T00:47:07.152+0000] {dagbag.py:540} INFO - Filling up the DagBag from /opt/airflow/dags/kafka_producer_dag.py
[2025-06-06T00:47:07.160+0000] {processor.py:840} INFO - DAG(s) 'kafka_producer_dag' retrieved from /opt/airflow/dags/kafka_producer_dag.py
[2025-06-06T00:47:07.174+0000] {logging_mixin.py:188} INFO - [2025-06-06T00:47:07.174+0000] {dag.py:3096} INFO - Sync 1 DAGs
[2025-06-06T00:47:07.180+0000] {logging_mixin.py:188} INFO - [2025-06-06T00:47:07.180+0000] {dag.py:3954} INFO - Setting next_dagrun for kafka_producer_dag to None, run_after=None
[2025-06-06T00:47:07.189+0000] {processor.py:183} INFO - Processing /opt/airflow/dags/kafka_producer_dag.py took 0.041 seconds
[2025-06-06T00:47:37.518+0000] {processor.py:161} INFO - Started process (PID=1242) to work on /opt/airflow/dags/kafka_producer_dag.py
[2025-06-06T00:47:37.518+0000] {processor.py:830} INFO - Processing file /opt/airflow/dags/kafka_producer_dag.py for tasks to queue
[2025-06-06T00:47:37.519+0000] {logging_mixin.py:188} INFO - [2025-06-06T00:47:37.519+0000] {dagbag.py:540} INFO - Filling up the DagBag from /opt/airflow/dags/kafka_producer_dag.py
[2025-06-06T00:47:37.529+0000] {processor.py:840} INFO - DAG(s) 'kafka_producer_dag' retrieved from /opt/airflow/dags/kafka_producer_dag.py
[2025-06-06T00:47:37.546+0000] {logging_mixin.py:188} INFO - [2025-06-06T00:47:37.546+0000] {dag.py:3096} INFO - Sync 1 DAGs
[2025-06-06T00:47:37.552+0000] {logging_mixin.py:188} INFO - [2025-06-06T00:47:37.552+0000] {dag.py:3954} INFO - Setting next_dagrun for kafka_producer_dag to None, run_after=None
[2025-06-06T00:47:37.562+0000] {processor.py:183} INFO - Processing /opt/airflow/dags/kafka_producer_dag.py took 0.047 seconds
[2025-06-06T00:48:07.864+0000] {processor.py:161} INFO - Started process (PID=1258) to work on /opt/airflow/dags/kafka_producer_dag.py
[2025-06-06T00:48:07.864+0000] {processor.py:830} INFO - Processing file /opt/airflow/dags/kafka_producer_dag.py for tasks to queue
[2025-06-06T00:48:07.865+0000] {logging_mixin.py:188} INFO - [2025-06-06T00:48:07.865+0000] {dagbag.py:540} INFO - Filling up the DagBag from /opt/airflow/dags/kafka_producer_dag.py
[2025-06-06T00:48:07.880+0000] {processor.py:840} INFO - DAG(s) 'kafka_producer_dag' retrieved from /opt/airflow/dags/kafka_producer_dag.py
[2025-06-06T00:48:07.894+0000] {logging_mixin.py:188} INFO - [2025-06-06T00:48:07.894+0000] {dag.py:3096} INFO - Sync 1 DAGs
[2025-06-06T00:48:07.902+0000] {logging_mixin.py:188} INFO - [2025-06-06T00:48:07.902+0000] {dag.py:3954} INFO - Setting next_dagrun for kafka_producer_dag to None, run_after=None
[2025-06-06T00:48:07.910+0000] {processor.py:183} INFO - Processing /opt/airflow/dags/kafka_producer_dag.py took 0.050 seconds
[2025-06-06T00:48:38.102+0000] {processor.py:161} INFO - Started process (PID=1268) to work on /opt/airflow/dags/kafka_producer_dag.py
[2025-06-06T00:48:38.103+0000] {processor.py:830} INFO - Processing file /opt/airflow/dags/kafka_producer_dag.py for tasks to queue
[2025-06-06T00:48:38.103+0000] {logging_mixin.py:188} INFO - [2025-06-06T00:48:38.103+0000] {dagbag.py:540} INFO - Filling up the DagBag from /opt/airflow/dags/kafka_producer_dag.py
[2025-06-06T00:48:38.114+0000] {processor.py:840} INFO - DAG(s) 'kafka_producer_dag' retrieved from /opt/airflow/dags/kafka_producer_dag.py
[2025-06-06T00:48:38.133+0000] {logging_mixin.py:188} INFO - [2025-06-06T00:48:38.133+0000] {dag.py:3096} INFO - Sync 1 DAGs
[2025-06-06T00:48:38.140+0000] {logging_mixin.py:188} INFO - [2025-06-06T00:48:38.139+0000] {dag.py:3954} INFO - Setting next_dagrun for kafka_producer_dag to None, run_after=None
[2025-06-06T00:48:38.154+0000] {processor.py:183} INFO - Processing /opt/airflow/dags/kafka_producer_dag.py took 0.056 seconds
[2025-06-06T00:49:08.379+0000] {processor.py:161} INFO - Started process (PID=1284) to work on /opt/airflow/dags/kafka_producer_dag.py
[2025-06-06T00:49:08.380+0000] {processor.py:830} INFO - Processing file /opt/airflow/dags/kafka_producer_dag.py for tasks to queue
[2025-06-06T00:49:08.382+0000] {logging_mixin.py:188} INFO - [2025-06-06T00:49:08.382+0000] {dagbag.py:540} INFO - Filling up the DagBag from /opt/airflow/dags/kafka_producer_dag.py
[2025-06-06T00:49:08.392+0000] {processor.py:840} INFO - DAG(s) 'kafka_producer_dag' retrieved from /opt/airflow/dags/kafka_producer_dag.py
[2025-06-06T00:49:08.409+0000] {logging_mixin.py:188} INFO - [2025-06-06T00:49:08.408+0000] {dag.py:3096} INFO - Sync 1 DAGs
[2025-06-06T00:49:08.418+0000] {logging_mixin.py:188} INFO - [2025-06-06T00:49:08.417+0000] {dag.py:3954} INFO - Setting next_dagrun for kafka_producer_dag to None, run_after=None
[2025-06-06T00:49:08.429+0000] {processor.py:183} INFO - Processing /opt/airflow/dags/kafka_producer_dag.py took 0.053 seconds
[2025-06-06T00:49:38.715+0000] {processor.py:161} INFO - Started process (PID=1294) to work on /opt/airflow/dags/kafka_producer_dag.py
[2025-06-06T00:49:38.715+0000] {processor.py:830} INFO - Processing file /opt/airflow/dags/kafka_producer_dag.py for tasks to queue
[2025-06-06T00:49:38.716+0000] {logging_mixin.py:188} INFO - [2025-06-06T00:49:38.716+0000] {dagbag.py:540} INFO - Filling up the DagBag from /opt/airflow/dags/kafka_producer_dag.py
[2025-06-06T00:49:38.725+0000] {processor.py:840} INFO - DAG(s) 'kafka_producer_dag' retrieved from /opt/airflow/dags/kafka_producer_dag.py
[2025-06-06T00:49:38.740+0000] {logging_mixin.py:188} INFO - [2025-06-06T00:49:38.740+0000] {dag.py:3096} INFO - Sync 1 DAGs
[2025-06-06T00:49:38.746+0000] {logging_mixin.py:188} INFO - [2025-06-06T00:49:38.746+0000] {dag.py:3954} INFO - Setting next_dagrun for kafka_producer_dag to None, run_after=None
[2025-06-06T00:49:38.759+0000] {processor.py:183} INFO - Processing /opt/airflow/dags/kafka_producer_dag.py took 0.047 seconds
[2025-06-06T00:54:34.937+0000] {processor.py:161} INFO - Started process (PID=1310) to work on /opt/airflow/dags/kafka_producer_dag.py
[2025-06-06T00:54:34.938+0000] {processor.py:830} INFO - Processing file /opt/airflow/dags/kafka_producer_dag.py for tasks to queue
[2025-06-06T00:54:34.938+0000] {logging_mixin.py:188} INFO - [2025-06-06T00:54:34.938+0000] {dagbag.py:540} INFO - Filling up the DagBag from /opt/airflow/dags/kafka_producer_dag.py
[2025-06-06T00:54:34.956+0000] {processor.py:840} INFO - DAG(s) 'kafka_producer_dag' retrieved from /opt/airflow/dags/kafka_producer_dag.py
[2025-06-06T00:54:34.978+0000] {logging_mixin.py:188} INFO - [2025-06-06T00:54:34.977+0000] {dag.py:3096} INFO - Sync 1 DAGs
[2025-06-06T00:54:34.988+0000] {logging_mixin.py:188} INFO - [2025-06-06T00:54:34.988+0000] {dag.py:3954} INFO - Setting next_dagrun for kafka_producer_dag to None, run_after=None
[2025-06-06T00:54:35.008+0000] {processor.py:183} INFO - Processing /opt/airflow/dags/kafka_producer_dag.py took 0.074 seconds
[2025-06-06T00:55:05.264+0000] {processor.py:161} INFO - Started process (PID=1340) to work on /opt/airflow/dags/kafka_producer_dag.py
[2025-06-06T00:55:05.264+0000] {processor.py:830} INFO - Processing file /opt/airflow/dags/kafka_producer_dag.py for tasks to queue
[2025-06-06T00:55:05.265+0000] {logging_mixin.py:188} INFO - [2025-06-06T00:55:05.265+0000] {dagbag.py:540} INFO - Filling up the DagBag from /opt/airflow/dags/kafka_producer_dag.py
[2025-06-06T00:55:05.277+0000] {processor.py:840} INFO - DAG(s) 'kafka_producer_dag' retrieved from /opt/airflow/dags/kafka_producer_dag.py
[2025-06-06T00:55:05.292+0000] {logging_mixin.py:188} INFO - [2025-06-06T00:55:05.292+0000] {dag.py:3096} INFO - Sync 1 DAGs
[2025-06-06T00:55:05.299+0000] {logging_mixin.py:188} INFO - [2025-06-06T00:55:05.299+0000] {dag.py:3954} INFO - Setting next_dagrun for kafka_producer_dag to None, run_after=None
[2025-06-06T00:55:05.307+0000] {processor.py:183} INFO - Processing /opt/airflow/dags/kafka_producer_dag.py took 0.049 seconds
[2025-06-06T01:09:53.199+0000] {processor.py:161} INFO - Started process (PID=1362) to work on /opt/airflow/dags/kafka_producer_dag.py
[2025-06-06T01:09:53.203+0000] {processor.py:830} INFO - Processing file /opt/airflow/dags/kafka_producer_dag.py for tasks to queue
[2025-06-06T01:09:53.206+0000] {logging_mixin.py:188} INFO - [2025-06-06T01:09:53.206+0000] {dagbag.py:540} INFO - Filling up the DagBag from /opt/airflow/dags/kafka_producer_dag.py
[2025-06-06T01:09:53.221+0000] {processor.py:840} INFO - DAG(s) 'kafka_producer_dag' retrieved from /opt/airflow/dags/kafka_producer_dag.py
[2025-06-06T01:09:53.240+0000] {logging_mixin.py:188} INFO - [2025-06-06T01:09:53.240+0000] {dag.py:3096} INFO - Sync 1 DAGs
[2025-06-06T01:09:53.246+0000] {logging_mixin.py:188} INFO - [2025-06-06T01:09:53.246+0000] {dag.py:3954} INFO - Setting next_dagrun for kafka_producer_dag to None, run_after=None
[2025-06-06T01:09:53.262+0000] {processor.py:183} INFO - Processing /opt/airflow/dags/kafka_producer_dag.py took 0.067 seconds
[2025-06-06T01:10:23.623+0000] {processor.py:161} INFO - Started process (PID=1378) to work on /opt/airflow/dags/kafka_producer_dag.py
[2025-06-06T01:10:23.628+0000] {processor.py:830} INFO - Processing file /opt/airflow/dags/kafka_producer_dag.py for tasks to queue
[2025-06-06T01:10:23.630+0000] {logging_mixin.py:188} INFO - [2025-06-06T01:10:23.629+0000] {dagbag.py:540} INFO - Filling up the DagBag from /opt/airflow/dags/kafka_producer_dag.py
[2025-06-06T01:10:23.647+0000] {processor.py:840} INFO - DAG(s) 'kafka_producer_dag' retrieved from /opt/airflow/dags/kafka_producer_dag.py
[2025-06-06T01:10:23.672+0000] {logging_mixin.py:188} INFO - [2025-06-06T01:10:23.672+0000] {dag.py:3096} INFO - Sync 1 DAGs
[2025-06-06T01:10:23.682+0000] {logging_mixin.py:188} INFO - [2025-06-06T01:10:23.682+0000] {dag.py:3954} INFO - Setting next_dagrun for kafka_producer_dag to None, run_after=None
[2025-06-06T01:10:23.707+0000] {processor.py:183} INFO - Processing /opt/airflow/dags/kafka_producer_dag.py took 0.089 seconds
[2025-06-06T01:18:11.226+0000] {processor.py:161} INFO - Started process (PID=1388) to work on /opt/airflow/dags/kafka_producer_dag.py
[2025-06-06T01:18:11.228+0000] {processor.py:830} INFO - Processing file /opt/airflow/dags/kafka_producer_dag.py for tasks to queue
[2025-06-06T01:18:11.229+0000] {logging_mixin.py:188} INFO - [2025-06-06T01:18:11.229+0000] {dagbag.py:540} INFO - Filling up the DagBag from /opt/airflow/dags/kafka_producer_dag.py
[2025-06-06T01:18:11.243+0000] {processor.py:840} INFO - DAG(s) 'kafka_producer_dag' retrieved from /opt/airflow/dags/kafka_producer_dag.py
[2025-06-06T01:18:11.257+0000] {logging_mixin.py:188} INFO - [2025-06-06T01:18:11.257+0000] {dag.py:3096} INFO - Sync 1 DAGs
[2025-06-06T01:18:11.265+0000] {logging_mixin.py:188} INFO - [2025-06-06T01:18:11.265+0000] {dag.py:3954} INFO - Setting next_dagrun for kafka_producer_dag to None, run_after=None
[2025-06-06T01:18:11.276+0000] {processor.py:183} INFO - Processing /opt/airflow/dags/kafka_producer_dag.py took 0.054 seconds
[2025-06-06T01:19:04.436+0000] {processor.py:161} INFO - Started process (PID=1405) to work on /opt/airflow/dags/kafka_producer_dag.py
[2025-06-06T01:19:04.436+0000] {processor.py:830} INFO - Processing file /opt/airflow/dags/kafka_producer_dag.py for tasks to queue
[2025-06-06T01:19:04.437+0000] {logging_mixin.py:188} INFO - [2025-06-06T01:19:04.437+0000] {dagbag.py:540} INFO - Filling up the DagBag from /opt/airflow/dags/kafka_producer_dag.py
[2025-06-06T01:19:04.446+0000] {processor.py:840} INFO - DAG(s) 'kafka_producer_dag' retrieved from /opt/airflow/dags/kafka_producer_dag.py
[2025-06-06T01:19:04.461+0000] {logging_mixin.py:188} INFO - [2025-06-06T01:19:04.460+0000] {dag.py:3096} INFO - Sync 1 DAGs
[2025-06-06T01:19:04.467+0000] {logging_mixin.py:188} INFO - [2025-06-06T01:19:04.467+0000] {dag.py:3954} INFO - Setting next_dagrun for kafka_producer_dag to None, run_after=None
[2025-06-06T01:19:04.476+0000] {processor.py:183} INFO - Processing /opt/airflow/dags/kafka_producer_dag.py took 0.044 seconds
[2025-06-06T01:25:18.676+0000] {processor.py:161} INFO - Started process (PID=1420) to work on /opt/airflow/dags/kafka_producer_dag.py
[2025-06-06T01:25:18.676+0000] {processor.py:830} INFO - Processing file /opt/airflow/dags/kafka_producer_dag.py for tasks to queue
[2025-06-06T01:25:18.677+0000] {logging_mixin.py:188} INFO - [2025-06-06T01:25:18.677+0000] {dagbag.py:540} INFO - Filling up the DagBag from /opt/airflow/dags/kafka_producer_dag.py
[2025-06-06T01:25:18.687+0000] {processor.py:840} INFO - DAG(s) 'kafka_producer_dag' retrieved from /opt/airflow/dags/kafka_producer_dag.py
[2025-06-06T01:25:18.703+0000] {logging_mixin.py:188} INFO - [2025-06-06T01:25:18.703+0000] {dag.py:3096} INFO - Sync 1 DAGs
[2025-06-06T01:25:18.709+0000] {logging_mixin.py:188} INFO - [2025-06-06T01:25:18.709+0000] {dag.py:3954} INFO - Setting next_dagrun for kafka_producer_dag to None, run_after=None
[2025-06-06T01:25:18.721+0000] {processor.py:183} INFO - Processing /opt/airflow/dags/kafka_producer_dag.py took 0.049 seconds
[2025-06-06T01:31:39.970+0000] {processor.py:161} INFO - Started process (PID=1442) to work on /opt/airflow/dags/kafka_producer_dag.py
[2025-06-06T01:31:39.971+0000] {processor.py:830} INFO - Processing file /opt/airflow/dags/kafka_producer_dag.py for tasks to queue
[2025-06-06T01:31:39.972+0000] {logging_mixin.py:188} INFO - [2025-06-06T01:31:39.971+0000] {dagbag.py:540} INFO - Filling up the DagBag from /opt/airflow/dags/kafka_producer_dag.py
[2025-06-06T01:31:39.985+0000] {processor.py:840} INFO - DAG(s) 'kafka_producer_dag' retrieved from /opt/airflow/dags/kafka_producer_dag.py
[2025-06-06T01:31:40.007+0000] {logging_mixin.py:188} INFO - [2025-06-06T01:31:40.007+0000] {dag.py:3096} INFO - Sync 1 DAGs
[2025-06-06T01:31:40.017+0000] {logging_mixin.py:188} INFO - [2025-06-06T01:31:40.017+0000] {dag.py:3954} INFO - Setting next_dagrun for kafka_producer_dag to None, run_after=None
[2025-06-06T01:31:40.030+0000] {processor.py:183} INFO - Processing /opt/airflow/dags/kafka_producer_dag.py took 0.064 seconds
[2025-06-06T01:40:14.535+0000] {processor.py:161} INFO - Started process (PID=1466) to work on /opt/airflow/dags/kafka_producer_dag.py
[2025-06-06T01:40:14.535+0000] {processor.py:830} INFO - Processing file /opt/airflow/dags/kafka_producer_dag.py for tasks to queue
[2025-06-06T01:40:14.536+0000] {logging_mixin.py:188} INFO - [2025-06-06T01:40:14.536+0000] {dagbag.py:540} INFO - Filling up the DagBag from /opt/airflow/dags/kafka_producer_dag.py
[2025-06-06T01:40:14.545+0000] {processor.py:840} INFO - DAG(s) 'kafka_producer_dag' retrieved from /opt/airflow/dags/kafka_producer_dag.py
[2025-06-06T01:40:14.561+0000] {logging_mixin.py:188} INFO - [2025-06-06T01:40:14.561+0000] {dag.py:3096} INFO - Sync 1 DAGs
[2025-06-06T01:40:14.567+0000] {logging_mixin.py:188} INFO - [2025-06-06T01:40:14.567+0000] {dag.py:3954} INFO - Setting next_dagrun for kafka_producer_dag to None, run_after=None
[2025-06-06T01:40:14.576+0000] {processor.py:183} INFO - Processing /opt/airflow/dags/kafka_producer_dag.py took 0.045 seconds
[2025-06-06T01:57:58.048+0000] {processor.py:161} INFO - Started process (PID=1487) to work on /opt/airflow/dags/kafka_producer_dag.py
[2025-06-06T01:57:58.056+0000] {processor.py:830} INFO - Processing file /opt/airflow/dags/kafka_producer_dag.py for tasks to queue
[2025-06-06T01:57:58.056+0000] {logging_mixin.py:188} INFO - [2025-06-06T01:57:58.056+0000] {dagbag.py:540} INFO - Filling up the DagBag from /opt/airflow/dags/kafka_producer_dag.py
[2025-06-06T01:57:58.068+0000] {processor.py:840} INFO - DAG(s) 'kafka_producer_dag' retrieved from /opt/airflow/dags/kafka_producer_dag.py
[2025-06-06T01:57:58.097+0000] {logging_mixin.py:188} INFO - [2025-06-06T01:57:58.097+0000] {dag.py:3096} INFO - Sync 1 DAGs
[2025-06-06T01:57:58.106+0000] {logging_mixin.py:188} INFO - [2025-06-06T01:57:58.106+0000] {dag.py:3954} INFO - Setting next_dagrun for kafka_producer_dag to None, run_after=None
[2025-06-06T01:57:58.123+0000] {processor.py:183} INFO - Processing /opt/airflow/dags/kafka_producer_dag.py took 0.080 seconds
[2025-06-06T02:06:23.587+0000] {processor.py:161} INFO - Started process (PID=1521) to work on /opt/airflow/dags/kafka_producer_dag.py
[2025-06-06T02:06:23.594+0000] {processor.py:830} INFO - Processing file /opt/airflow/dags/kafka_producer_dag.py for tasks to queue
[2025-06-06T02:06:23.595+0000] {logging_mixin.py:188} INFO - [2025-06-06T02:06:23.595+0000] {dagbag.py:540} INFO - Filling up the DagBag from /opt/airflow/dags/kafka_producer_dag.py
[2025-06-06T02:06:23.608+0000] {processor.py:840} INFO - DAG(s) 'kafka_producer_dag' retrieved from /opt/airflow/dags/kafka_producer_dag.py
[2025-06-06T02:06:23.626+0000] {logging_mixin.py:188} INFO - [2025-06-06T02:06:23.625+0000] {dag.py:3096} INFO - Sync 1 DAGs
[2025-06-06T02:06:23.634+0000] {logging_mixin.py:188} INFO - [2025-06-06T02:06:23.634+0000] {dag.py:3954} INFO - Setting next_dagrun for kafka_producer_dag to None, run_after=None
[2025-06-06T02:06:23.650+0000] {processor.py:183} INFO - Processing /opt/airflow/dags/kafka_producer_dag.py took 0.078 seconds
[2025-06-06T02:47:29.112+0000] {processor.py:161} INFO - Started process (PID=1531) to work on /opt/airflow/dags/kafka_producer_dag.py
[2025-06-06T02:47:29.113+0000] {processor.py:830} INFO - Processing file /opt/airflow/dags/kafka_producer_dag.py for tasks to queue
[2025-06-06T02:47:29.113+0000] {logging_mixin.py:188} INFO - [2025-06-06T02:47:29.113+0000] {dagbag.py:540} INFO - Filling up the DagBag from /opt/airflow/dags/kafka_producer_dag.py
[2025-06-06T02:47:29.122+0000] {processor.py:840} INFO - DAG(s) 'kafka_producer_dag' retrieved from /opt/airflow/dags/kafka_producer_dag.py
[2025-06-06T02:47:29.144+0000] {logging_mixin.py:188} INFO - [2025-06-06T02:47:29.144+0000] {dag.py:3096} INFO - Sync 1 DAGs
[2025-06-06T02:47:29.152+0000] {logging_mixin.py:188} INFO - [2025-06-06T02:47:29.152+0000] {dag.py:3954} INFO - Setting next_dagrun for kafka_producer_dag to None, run_after=None
[2025-06-06T02:47:29.168+0000] {processor.py:183} INFO - Processing /opt/airflow/dags/kafka_producer_dag.py took 0.059 seconds
[2025-06-06T03:02:11.989+0000] {processor.py:161} INFO - Started process (PID=1561) to work on /opt/airflow/dags/kafka_producer_dag.py
[2025-06-06T03:02:11.991+0000] {processor.py:830} INFO - Processing file /opt/airflow/dags/kafka_producer_dag.py for tasks to queue
[2025-06-06T03:02:11.992+0000] {logging_mixin.py:188} INFO - [2025-06-06T03:02:11.992+0000] {dagbag.py:540} INFO - Filling up the DagBag from /opt/airflow/dags/kafka_producer_dag.py
[2025-06-06T03:02:12.010+0000] {processor.py:840} INFO - DAG(s) 'kafka_producer_dag' retrieved from /opt/airflow/dags/kafka_producer_dag.py
[2025-06-06T03:02:12.029+0000] {logging_mixin.py:188} INFO - [2025-06-06T03:02:12.029+0000] {dag.py:3096} INFO - Sync 1 DAGs
[2025-06-06T03:02:12.038+0000] {logging_mixin.py:188} INFO - [2025-06-06T03:02:12.038+0000] {dag.py:3954} INFO - Setting next_dagrun for kafka_producer_dag to None, run_after=None
[2025-06-06T03:02:12.050+0000] {processor.py:183} INFO - Processing /opt/airflow/dags/kafka_producer_dag.py took 0.064 seconds
[2025-06-06T03:16:57.165+0000] {processor.py:161} INFO - Started process (PID=1583) to work on /opt/airflow/dags/kafka_producer_dag.py
[2025-06-06T03:16:57.171+0000] {processor.py:830} INFO - Processing file /opt/airflow/dags/kafka_producer_dag.py for tasks to queue
[2025-06-06T03:16:57.171+0000] {logging_mixin.py:188} INFO - [2025-06-06T03:16:57.171+0000] {dagbag.py:540} INFO - Filling up the DagBag from /opt/airflow/dags/kafka_producer_dag.py
[2025-06-06T03:16:57.181+0000] {processor.py:840} INFO - DAG(s) 'kafka_producer_dag' retrieved from /opt/airflow/dags/kafka_producer_dag.py
[2025-06-06T03:16:57.540+0000] {logging_mixin.py:188} INFO - [2025-06-06T03:16:57.538+0000] {dag.py:3096} INFO - Sync 1 DAGs
[2025-06-06T03:16:57.568+0000] {logging_mixin.py:188} INFO - [2025-06-06T03:16:57.568+0000] {dag.py:3954} INFO - Setting next_dagrun for kafka_producer_dag to None, run_after=None
[2025-06-06T03:16:57.653+0000] {processor.py:183} INFO - Processing /opt/airflow/dags/kafka_producer_dag.py took 0.492 seconds
[2025-06-06T03:23:01.337+0000] {processor.py:161} INFO - Started process (PID=1599) to work on /opt/airflow/dags/kafka_producer_dag.py
[2025-06-06T03:23:01.339+0000] {processor.py:830} INFO - Processing file /opt/airflow/dags/kafka_producer_dag.py for tasks to queue
[2025-06-06T03:23:01.340+0000] {logging_mixin.py:188} INFO - [2025-06-06T03:23:01.340+0000] {dagbag.py:540} INFO - Filling up the DagBag from /opt/airflow/dags/kafka_producer_dag.py
[2025-06-06T03:23:01.382+0000] {processor.py:840} INFO - DAG(s) 'kafka_producer_dag' retrieved from /opt/airflow/dags/kafka_producer_dag.py
[2025-06-06T03:23:01.456+0000] {logging_mixin.py:188} INFO - [2025-06-06T03:23:01.456+0000] {dag.py:3096} INFO - Sync 1 DAGs
[2025-06-06T03:23:01.467+0000] {logging_mixin.py:188} INFO - [2025-06-06T03:23:01.467+0000] {dag.py:3954} INFO - Setting next_dagrun for kafka_producer_dag to None, run_after=None
[2025-06-06T03:23:01.490+0000] {processor.py:183} INFO - Processing /opt/airflow/dags/kafka_producer_dag.py took 0.161 seconds
[2025-06-06T03:34:22.484+0000] {processor.py:161} INFO - Started process (PID=1623) to work on /opt/airflow/dags/kafka_producer_dag.py
[2025-06-06T03:34:22.485+0000] {processor.py:830} INFO - Processing file /opt/airflow/dags/kafka_producer_dag.py for tasks to queue
[2025-06-06T03:34:22.485+0000] {logging_mixin.py:188} INFO - [2025-06-06T03:34:22.485+0000] {dagbag.py:540} INFO - Filling up the DagBag from /opt/airflow/dags/kafka_producer_dag.py
[2025-06-06T03:34:22.495+0000] {processor.py:840} INFO - DAG(s) 'kafka_producer_dag' retrieved from /opt/airflow/dags/kafka_producer_dag.py
[2025-06-06T03:34:22.510+0000] {logging_mixin.py:188} INFO - [2025-06-06T03:34:22.510+0000] {dag.py:3096} INFO - Sync 1 DAGs
[2025-06-06T03:34:22.517+0000] {logging_mixin.py:188} INFO - [2025-06-06T03:34:22.517+0000] {dag.py:3954} INFO - Setting next_dagrun for kafka_producer_dag to None, run_after=None
[2025-06-06T03:34:22.535+0000] {processor.py:183} INFO - Processing /opt/airflow/dags/kafka_producer_dag.py took 0.053 seconds
[2025-06-06T03:59:15.817+0000] {processor.py:161} INFO - Started process (PID=1639) to work on /opt/airflow/dags/kafka_producer_dag.py
[2025-06-06T03:59:15.818+0000] {processor.py:830} INFO - Processing file /opt/airflow/dags/kafka_producer_dag.py for tasks to queue
[2025-06-06T03:59:15.819+0000] {logging_mixin.py:188} INFO - [2025-06-06T03:59:15.819+0000] {dagbag.py:540} INFO - Filling up the DagBag from /opt/airflow/dags/kafka_producer_dag.py
[2025-06-06T03:59:15.829+0000] {processor.py:840} INFO - DAG(s) 'kafka_producer_dag' retrieved from /opt/airflow/dags/kafka_producer_dag.py
[2025-06-06T03:59:15.847+0000] {logging_mixin.py:188} INFO - [2025-06-06T03:59:15.847+0000] {dag.py:3096} INFO - Sync 1 DAGs
[2025-06-06T03:59:15.854+0000] {logging_mixin.py:188} INFO - [2025-06-06T03:59:15.854+0000] {dag.py:3954} INFO - Setting next_dagrun for kafka_producer_dag to None, run_after=None
[2025-06-06T03:59:15.868+0000] {processor.py:183} INFO - Processing /opt/airflow/dags/kafka_producer_dag.py took 0.055 seconds
[2025-06-06T04:05:08.796+0000] {processor.py:161} INFO - Started process (PID=1655) to work on /opt/airflow/dags/kafka_producer_dag.py
[2025-06-06T04:05:08.799+0000] {processor.py:830} INFO - Processing file /opt/airflow/dags/kafka_producer_dag.py for tasks to queue
[2025-06-06T04:05:08.800+0000] {logging_mixin.py:188} INFO - [2025-06-06T04:05:08.800+0000] {dagbag.py:540} INFO - Filling up the DagBag from /opt/airflow/dags/kafka_producer_dag.py
[2025-06-06T04:05:08.818+0000] {processor.py:840} INFO - DAG(s) 'kafka_producer_dag' retrieved from /opt/airflow/dags/kafka_producer_dag.py
[2025-06-06T04:05:08.846+0000] {logging_mixin.py:188} INFO - [2025-06-06T04:05:08.846+0000] {dag.py:3096} INFO - Sync 1 DAGs
[2025-06-06T04:05:08.856+0000] {logging_mixin.py:188} INFO - [2025-06-06T04:05:08.856+0000] {dag.py:3954} INFO - Setting next_dagrun for kafka_producer_dag to None, run_after=None
[2025-06-06T04:05:08.870+0000] {processor.py:183} INFO - Processing /opt/airflow/dags/kafka_producer_dag.py took 0.078 seconds
[2025-06-06T04:19:33.271+0000] {processor.py:161} INFO - Started process (PID=1673) to work on /opt/airflow/dags/kafka_producer_dag.py
[2025-06-06T04:19:33.272+0000] {processor.py:830} INFO - Processing file /opt/airflow/dags/kafka_producer_dag.py for tasks to queue
[2025-06-06T04:19:33.274+0000] {logging_mixin.py:188} INFO - [2025-06-06T04:19:33.274+0000] {dagbag.py:540} INFO - Filling up the DagBag from /opt/airflow/dags/kafka_producer_dag.py
[2025-06-06T04:19:33.311+0000] {processor.py:840} INFO - DAG(s) 'kafka_producer_dag' retrieved from /opt/airflow/dags/kafka_producer_dag.py
[2025-06-06T04:19:33.366+0000] {logging_mixin.py:188} INFO - [2025-06-06T04:19:33.366+0000] {dag.py:3096} INFO - Sync 1 DAGs
[2025-06-06T04:19:33.388+0000] {logging_mixin.py:188} INFO - [2025-06-06T04:19:33.387+0000] {dag.py:3954} INFO - Setting next_dagrun for kafka_producer_dag to None, run_after=None
[2025-06-06T04:19:33.421+0000] {processor.py:183} INFO - Processing /opt/airflow/dags/kafka_producer_dag.py took 0.157 seconds
[2025-06-06T05:05:33.893+0000] {processor.py:161} INFO - Started process (PID=1703) to work on /opt/airflow/dags/kafka_producer_dag.py
[2025-06-06T05:05:33.894+0000] {processor.py:830} INFO - Processing file /opt/airflow/dags/kafka_producer_dag.py for tasks to queue
[2025-06-06T05:05:33.894+0000] {logging_mixin.py:188} INFO - [2025-06-06T05:05:33.894+0000] {dagbag.py:540} INFO - Filling up the DagBag from /opt/airflow/dags/kafka_producer_dag.py
[2025-06-06T05:05:33.909+0000] {processor.py:840} INFO - DAG(s) 'kafka_producer_dag' retrieved from /opt/airflow/dags/kafka_producer_dag.py
[2025-06-06T05:05:33.933+0000] {logging_mixin.py:188} INFO - [2025-06-06T05:05:33.933+0000] {dag.py:3096} INFO - Sync 1 DAGs
[2025-06-06T05:05:33.947+0000] {logging_mixin.py:188} INFO - [2025-06-06T05:05:33.947+0000] {dag.py:3954} INFO - Setting next_dagrun for kafka_producer_dag to None, run_after=None
[2025-06-06T05:05:33.968+0000] {processor.py:183} INFO - Processing /opt/airflow/dags/kafka_producer_dag.py took 0.079 seconds
[2025-06-06T06:11:31.226+0000] {processor.py:161} INFO - Started process (PID=1742) to work on /opt/airflow/dags/kafka_producer_dag.py
[2025-06-06T06:11:31.227+0000] {processor.py:830} INFO - Processing file /opt/airflow/dags/kafka_producer_dag.py for tasks to queue
[2025-06-06T06:11:31.228+0000] {logging_mixin.py:188} INFO - [2025-06-06T06:11:31.227+0000] {dagbag.py:540} INFO - Filling up the DagBag from /opt/airflow/dags/kafka_producer_dag.py
[2025-06-06T06:11:31.243+0000] {processor.py:840} INFO - DAG(s) 'kafka_producer_dag' retrieved from /opt/airflow/dags/kafka_producer_dag.py
[2025-06-06T06:11:31.261+0000] {logging_mixin.py:188} INFO - [2025-06-06T06:11:31.261+0000] {dag.py:3096} INFO - Sync 1 DAGs
[2025-06-06T06:11:31.269+0000] {logging_mixin.py:188} INFO - [2025-06-06T06:11:31.269+0000] {dag.py:3954} INFO - Setting next_dagrun for kafka_producer_dag to None, run_after=None
[2025-06-06T06:11:31.289+0000] {processor.py:183} INFO - Processing /opt/airflow/dags/kafka_producer_dag.py took 0.067 seconds
[2025-06-06T06:47:42.606+0000] {processor.py:161} INFO - Started process (PID=1762) to work on /opt/airflow/dags/kafka_producer_dag.py
[2025-06-06T06:47:42.607+0000] {processor.py:830} INFO - Processing file /opt/airflow/dags/kafka_producer_dag.py for tasks to queue
[2025-06-06T06:47:42.610+0000] {logging_mixin.py:188} INFO - [2025-06-06T06:47:42.610+0000] {dagbag.py:540} INFO - Filling up the DagBag from /opt/airflow/dags/kafka_producer_dag.py
[2025-06-06T06:47:42.621+0000] {processor.py:840} INFO - DAG(s) 'kafka_producer_dag' retrieved from /opt/airflow/dags/kafka_producer_dag.py
[2025-06-06T06:47:42.643+0000] {logging_mixin.py:188} INFO - [2025-06-06T06:47:42.643+0000] {dag.py:3096} INFO - Sync 1 DAGs
[2025-06-06T06:47:42.649+0000] {logging_mixin.py:188} INFO - [2025-06-06T06:47:42.649+0000] {dag.py:3954} INFO - Setting next_dagrun for kafka_producer_dag to None, run_after=None
[2025-06-06T06:47:42.667+0000] {processor.py:183} INFO - Processing /opt/airflow/dags/kafka_producer_dag.py took 0.065 seconds
[2025-06-06T07:06:52.935+0000] {processor.py:161} INFO - Started process (PID=1789) to work on /opt/airflow/dags/kafka_producer_dag.py
[2025-06-06T07:06:52.936+0000] {processor.py:830} INFO - Processing file /opt/airflow/dags/kafka_producer_dag.py for tasks to queue
[2025-06-06T07:06:52.937+0000] {logging_mixin.py:188} INFO - [2025-06-06T07:06:52.937+0000] {dagbag.py:540} INFO - Filling up the DagBag from /opt/airflow/dags/kafka_producer_dag.py
[2025-06-06T07:06:52.947+0000] {processor.py:840} INFO - DAG(s) 'kafka_producer_dag' retrieved from /opt/airflow/dags/kafka_producer_dag.py
[2025-06-06T07:06:52.968+0000] {logging_mixin.py:188} INFO - [2025-06-06T07:06:52.968+0000] {dag.py:3096} INFO - Sync 1 DAGs
[2025-06-06T07:06:52.974+0000] {logging_mixin.py:188} INFO - [2025-06-06T07:06:52.974+0000] {dag.py:3954} INFO - Setting next_dagrun for kafka_producer_dag to None, run_after=None
[2025-06-06T07:06:52.988+0000] {processor.py:183} INFO - Processing /opt/airflow/dags/kafka_producer_dag.py took 0.055 seconds
[2025-06-06T07:56:00.343+0000] {processor.py:161} INFO - Started process (PID=1814) to work on /opt/airflow/dags/kafka_producer_dag.py
[2025-06-06T07:56:00.345+0000] {processor.py:830} INFO - Processing file /opt/airflow/dags/kafka_producer_dag.py for tasks to queue
[2025-06-06T07:56:00.347+0000] {logging_mixin.py:188} INFO - [2025-06-06T07:56:00.347+0000] {dagbag.py:540} INFO - Filling up the DagBag from /opt/airflow/dags/kafka_producer_dag.py
[2025-06-06T07:56:00.370+0000] {processor.py:840} INFO - DAG(s) 'kafka_producer_dag' retrieved from /opt/airflow/dags/kafka_producer_dag.py
[2025-06-06T07:56:00.401+0000] {logging_mixin.py:188} INFO - [2025-06-06T07:56:00.401+0000] {dag.py:3096} INFO - Sync 1 DAGs
[2025-06-06T07:56:00.410+0000] {logging_mixin.py:188} INFO - [2025-06-06T07:56:00.410+0000] {dag.py:3954} INFO - Setting next_dagrun for kafka_producer_dag to None, run_after=None
[2025-06-06T07:56:00.431+0000] {processor.py:183} INFO - Processing /opt/airflow/dags/kafka_producer_dag.py took 0.095 seconds
[2025-06-06T09:03:24.660+0000] {processor.py:161} INFO - Started process (PID=1835) to work on /opt/airflow/dags/kafka_producer_dag.py
[2025-06-06T09:03:24.660+0000] {processor.py:830} INFO - Processing file /opt/airflow/dags/kafka_producer_dag.py for tasks to queue
[2025-06-06T09:03:24.661+0000] {logging_mixin.py:188} INFO - [2025-06-06T09:03:24.661+0000] {dagbag.py:540} INFO - Filling up the DagBag from /opt/airflow/dags/kafka_producer_dag.py
[2025-06-06T09:03:24.676+0000] {processor.py:840} INFO - DAG(s) 'kafka_producer_dag' retrieved from /opt/airflow/dags/kafka_producer_dag.py
[2025-06-06T09:03:24.698+0000] {logging_mixin.py:188} INFO - [2025-06-06T09:03:24.698+0000] {dag.py:3096} INFO - Sync 1 DAGs
[2025-06-06T09:03:24.706+0000] {logging_mixin.py:188} INFO - [2025-06-06T09:03:24.706+0000] {dag.py:3954} INFO - Setting next_dagrun for kafka_producer_dag to None, run_after=None
[2025-06-06T09:03:24.722+0000] {processor.py:183} INFO - Processing /opt/airflow/dags/kafka_producer_dag.py took 0.066 seconds
[2025-06-06T09:37:39.842+0000] {processor.py:161} INFO - Started process (PID=1853) to work on /opt/airflow/dags/kafka_producer_dag.py
[2025-06-06T09:37:39.843+0000] {processor.py:830} INFO - Processing file /opt/airflow/dags/kafka_producer_dag.py for tasks to queue
[2025-06-06T09:37:39.843+0000] {logging_mixin.py:188} INFO - [2025-06-06T09:37:39.843+0000] {dagbag.py:540} INFO - Filling up the DagBag from /opt/airflow/dags/kafka_producer_dag.py
[2025-06-06T09:37:39.851+0000] {processor.py:840} INFO - DAG(s) 'kafka_producer_dag' retrieved from /opt/airflow/dags/kafka_producer_dag.py
[2025-06-06T09:37:39.866+0000] {logging_mixin.py:188} INFO - [2025-06-06T09:37:39.866+0000] {dag.py:3096} INFO - Sync 1 DAGs
[2025-06-06T09:37:39.873+0000] {logging_mixin.py:188} INFO - [2025-06-06T09:37:39.872+0000] {dag.py:3954} INFO - Setting next_dagrun for kafka_producer_dag to None, run_after=None
[2025-06-06T09:37:39.882+0000] {processor.py:183} INFO - Processing /opt/airflow/dags/kafka_producer_dag.py took 0.043 seconds
[2025-06-06T09:47:49.751+0000] {processor.py:161} INFO - Started process (PID=1881) to work on /opt/airflow/dags/kafka_producer_dag.py
[2025-06-06T09:47:49.752+0000] {processor.py:830} INFO - Processing file /opt/airflow/dags/kafka_producer_dag.py for tasks to queue
[2025-06-06T09:47:49.755+0000] {logging_mixin.py:188} INFO - [2025-06-06T09:47:49.755+0000] {dagbag.py:540} INFO - Filling up the DagBag from /opt/airflow/dags/kafka_producer_dag.py
[2025-06-06T09:47:49.768+0000] {processor.py:840} INFO - DAG(s) 'kafka_producer_dag' retrieved from /opt/airflow/dags/kafka_producer_dag.py
[2025-06-06T09:47:49.785+0000] {logging_mixin.py:188} INFO - [2025-06-06T09:47:49.785+0000] {dag.py:3096} INFO - Sync 1 DAGs
[2025-06-06T09:47:49.794+0000] {logging_mixin.py:188} INFO - [2025-06-06T09:47:49.794+0000] {dag.py:3954} INFO - Setting next_dagrun for kafka_producer_dag to None, run_after=None
[2025-06-06T09:47:49.808+0000] {processor.py:183} INFO - Processing /opt/airflow/dags/kafka_producer_dag.py took 0.060 seconds
[2025-06-06T09:48:20.071+0000] {processor.py:161} INFO - Started process (PID=1907) to work on /opt/airflow/dags/kafka_producer_dag.py
[2025-06-06T09:48:20.072+0000] {processor.py:830} INFO - Processing file /opt/airflow/dags/kafka_producer_dag.py for tasks to queue
[2025-06-06T09:48:20.073+0000] {logging_mixin.py:188} INFO - [2025-06-06T09:48:20.072+0000] {dagbag.py:540} INFO - Filling up the DagBag from /opt/airflow/dags/kafka_producer_dag.py
[2025-06-06T09:48:20.085+0000] {processor.py:840} INFO - DAG(s) 'kafka_producer_dag' retrieved from /opt/airflow/dags/kafka_producer_dag.py
[2025-06-06T09:48:20.103+0000] {logging_mixin.py:188} INFO - [2025-06-06T09:48:20.103+0000] {dag.py:3096} INFO - Sync 1 DAGs
[2025-06-06T09:48:20.109+0000] {logging_mixin.py:188} INFO - [2025-06-06T09:48:20.109+0000] {dag.py:3954} INFO - Setting next_dagrun for kafka_producer_dag to None, run_after=None
[2025-06-06T09:48:20.125+0000] {processor.py:183} INFO - Processing /opt/airflow/dags/kafka_producer_dag.py took 0.059 seconds
[2025-06-06T10:22:02.967+0000] {processor.py:161} INFO - Started process (PID=1917) to work on /opt/airflow/dags/kafka_producer_dag.py
[2025-06-06T10:22:02.970+0000] {processor.py:830} INFO - Processing file /opt/airflow/dags/kafka_producer_dag.py for tasks to queue
[2025-06-06T10:22:02.974+0000] {logging_mixin.py:188} INFO - [2025-06-06T10:22:02.974+0000] {dagbag.py:540} INFO - Filling up the DagBag from /opt/airflow/dags/kafka_producer_dag.py
[2025-06-06T10:22:02.984+0000] {processor.py:840} INFO - DAG(s) 'kafka_producer_dag' retrieved from /opt/airflow/dags/kafka_producer_dag.py
[2025-06-06T10:22:03.019+0000] {logging_mixin.py:188} INFO - [2025-06-06T10:22:03.019+0000] {dag.py:3096} INFO - Sync 1 DAGs
[2025-06-06T10:22:03.029+0000] {logging_mixin.py:188} INFO - [2025-06-06T10:22:03.029+0000] {dag.py:3954} INFO - Setting next_dagrun for kafka_producer_dag to None, run_after=None
[2025-06-06T10:22:03.046+0000] {processor.py:183} INFO - Processing /opt/airflow/dags/kafka_producer_dag.py took 0.083 seconds
[2025-06-06T10:22:33.302+0000] {processor.py:161} INFO - Started process (PID=1932) to work on /opt/airflow/dags/kafka_producer_dag.py
[2025-06-06T10:22:33.302+0000] {processor.py:830} INFO - Processing file /opt/airflow/dags/kafka_producer_dag.py for tasks to queue
[2025-06-06T10:22:33.303+0000] {logging_mixin.py:188} INFO - [2025-06-06T10:22:33.303+0000] {dagbag.py:540} INFO - Filling up the DagBag from /opt/airflow/dags/kafka_producer_dag.py
[2025-06-06T10:22:33.311+0000] {processor.py:840} INFO - DAG(s) 'kafka_producer_dag' retrieved from /opt/airflow/dags/kafka_producer_dag.py
[2025-06-06T10:22:33.331+0000] {logging_mixin.py:188} INFO - [2025-06-06T10:22:33.331+0000] {dag.py:3096} INFO - Sync 1 DAGs
[2025-06-06T10:22:33.337+0000] {logging_mixin.py:188} INFO - [2025-06-06T10:22:33.337+0000] {dag.py:3954} INFO - Setting next_dagrun for kafka_producer_dag to None, run_after=None
[2025-06-06T10:22:33.351+0000] {processor.py:183} INFO - Processing /opt/airflow/dags/kafka_producer_dag.py took 0.052 seconds
[2025-06-06T10:59:17.616+0000] {processor.py:161} INFO - Started process (PID=1949) to work on /opt/airflow/dags/kafka_producer_dag.py
[2025-06-06T10:59:17.617+0000] {processor.py:830} INFO - Processing file /opt/airflow/dags/kafka_producer_dag.py for tasks to queue
[2025-06-06T10:59:17.617+0000] {logging_mixin.py:188} INFO - [2025-06-06T10:59:17.617+0000] {dagbag.py:540} INFO - Filling up the DagBag from /opt/airflow/dags/kafka_producer_dag.py
[2025-06-06T10:59:17.627+0000] {processor.py:840} INFO - DAG(s) 'kafka_producer_dag' retrieved from /opt/airflow/dags/kafka_producer_dag.py
[2025-06-06T10:59:17.644+0000] {logging_mixin.py:188} INFO - [2025-06-06T10:59:17.644+0000] {dag.py:3096} INFO - Sync 1 DAGs
[2025-06-06T10:59:17.650+0000] {logging_mixin.py:188} INFO - [2025-06-06T10:59:17.650+0000] {dag.py:3954} INFO - Setting next_dagrun for kafka_producer_dag to None, run_after=None
[2025-06-06T10:59:17.663+0000] {processor.py:183} INFO - Processing /opt/airflow/dags/kafka_producer_dag.py took 0.050 seconds
[2025-06-06T11:19:38.988+0000] {processor.py:161} INFO - Started process (PID=1966) to work on /opt/airflow/dags/kafka_producer_dag.py
[2025-06-06T11:19:38.989+0000] {processor.py:830} INFO - Processing file /opt/airflow/dags/kafka_producer_dag.py for tasks to queue
[2025-06-06T11:19:38.989+0000] {logging_mixin.py:188} INFO - [2025-06-06T11:19:38.989+0000] {dagbag.py:540} INFO - Filling up the DagBag from /opt/airflow/dags/kafka_producer_dag.py
[2025-06-06T11:19:39.006+0000] {processor.py:840} INFO - DAG(s) 'kafka_producer_dag' retrieved from /opt/airflow/dags/kafka_producer_dag.py
[2025-06-06T11:19:39.034+0000] {logging_mixin.py:188} INFO - [2025-06-06T11:19:39.034+0000] {dag.py:3096} INFO - Sync 1 DAGs
[2025-06-06T11:19:39.041+0000] {logging_mixin.py:188} INFO - [2025-06-06T11:19:39.041+0000] {dag.py:3954} INFO - Setting next_dagrun for kafka_producer_dag to None, run_after=None
[2025-06-06T11:19:39.055+0000] {processor.py:183} INFO - Processing /opt/airflow/dags/kafka_producer_dag.py took 0.070 seconds
[2025-06-06T11:48:05.903+0000] {processor.py:161} INFO - Started process (PID=1988) to work on /opt/airflow/dags/kafka_producer_dag.py
[2025-06-06T11:48:05.906+0000] {processor.py:830} INFO - Processing file /opt/airflow/dags/kafka_producer_dag.py for tasks to queue
[2025-06-06T11:48:05.912+0000] {logging_mixin.py:188} INFO - [2025-06-06T11:48:05.910+0000] {dagbag.py:540} INFO - Filling up the DagBag from /opt/airflow/dags/kafka_producer_dag.py
[2025-06-06T11:48:05.940+0000] {processor.py:840} INFO - DAG(s) 'kafka_producer_dag' retrieved from /opt/airflow/dags/kafka_producer_dag.py
[2025-06-06T11:48:05.986+0000] {logging_mixin.py:188} INFO - [2025-06-06T11:48:05.985+0000] {dag.py:3096} INFO - Sync 1 DAGs
[2025-06-06T11:48:05.994+0000] {logging_mixin.py:188} INFO - [2025-06-06T11:48:05.994+0000] {dag.py:3954} INFO - Setting next_dagrun for kafka_producer_dag to None, run_after=None
[2025-06-06T11:48:06.013+0000] {processor.py:183} INFO - Processing /opt/airflow/dags/kafka_producer_dag.py took 0.114 seconds
[2025-06-06T13:11:37.227+0000] {processor.py:161} INFO - Started process (PID=2004) to work on /opt/airflow/dags/kafka_producer_dag.py
[2025-06-06T13:11:37.228+0000] {processor.py:830} INFO - Processing file /opt/airflow/dags/kafka_producer_dag.py for tasks to queue
[2025-06-06T13:11:37.229+0000] {logging_mixin.py:188} INFO - [2025-06-06T13:11:37.228+0000] {dagbag.py:540} INFO - Filling up the DagBag from /opt/airflow/dags/kafka_producer_dag.py
[2025-06-06T13:11:37.237+0000] {processor.py:840} INFO - DAG(s) 'kafka_producer_dag' retrieved from /opt/airflow/dags/kafka_producer_dag.py
[2025-06-06T13:11:37.254+0000] {logging_mixin.py:188} INFO - [2025-06-06T13:11:37.254+0000] {dag.py:3096} INFO - Sync 1 DAGs
[2025-06-06T13:11:37.260+0000] {logging_mixin.py:188} INFO - [2025-06-06T13:11:37.260+0000] {dag.py:3954} INFO - Setting next_dagrun for kafka_producer_dag to None, run_after=None
[2025-06-06T13:11:37.273+0000] {processor.py:183} INFO - Processing /opt/airflow/dags/kafka_producer_dag.py took 0.048 seconds
[2025-06-06T13:49:57.372+0000] {processor.py:161} INFO - Started process (PID=2038) to work on /opt/airflow/dags/kafka_producer_dag.py
[2025-06-06T13:49:57.375+0000] {processor.py:830} INFO - Processing file /opt/airflow/dags/kafka_producer_dag.py for tasks to queue
[2025-06-06T13:49:57.377+0000] {logging_mixin.py:188} INFO - [2025-06-06T13:49:57.377+0000] {dagbag.py:540} INFO - Filling up the DagBag from /opt/airflow/dags/kafka_producer_dag.py
[2025-06-06T13:49:57.394+0000] {processor.py:840} INFO - DAG(s) 'kafka_producer_dag' retrieved from /opt/airflow/dags/kafka_producer_dag.py
[2025-06-06T13:49:57.412+0000] {logging_mixin.py:188} INFO - [2025-06-06T13:49:57.412+0000] {dag.py:3096} INFO - Sync 1 DAGs
[2025-06-06T13:49:57.421+0000] {logging_mixin.py:188} INFO - [2025-06-06T13:49:57.421+0000] {dag.py:3954} INFO - Setting next_dagrun for kafka_producer_dag to None, run_after=None
[2025-06-06T13:49:57.437+0000] {processor.py:183} INFO - Processing /opt/airflow/dags/kafka_producer_dag.py took 0.069 seconds
[2025-06-06T14:07:16.201+0000] {processor.py:161} INFO - Started process (PID=2054) to work on /opt/airflow/dags/kafka_producer_dag.py
[2025-06-06T14:07:16.206+0000] {processor.py:830} INFO - Processing file /opt/airflow/dags/kafka_producer_dag.py for tasks to queue
[2025-06-06T14:07:16.209+0000] {logging_mixin.py:188} INFO - [2025-06-06T14:07:16.209+0000] {dagbag.py:540} INFO - Filling up the DagBag from /opt/airflow/dags/kafka_producer_dag.py
[2025-06-06T14:07:16.221+0000] {processor.py:840} INFO - DAG(s) 'kafka_producer_dag' retrieved from /opt/airflow/dags/kafka_producer_dag.py
[2025-06-06T14:07:16.244+0000] {logging_mixin.py:188} INFO - [2025-06-06T14:07:16.243+0000] {dag.py:3096} INFO - Sync 1 DAGs
[2025-06-06T14:07:16.251+0000] {logging_mixin.py:188} INFO - [2025-06-06T14:07:16.251+0000] {dag.py:3954} INFO - Setting next_dagrun for kafka_producer_dag to None, run_after=None
[2025-06-06T14:07:16.266+0000] {processor.py:183} INFO - Processing /opt/airflow/dags/kafka_producer_dag.py took 0.069 seconds
[2025-06-06T14:36:55.516+0000] {processor.py:161} INFO - Started process (PID=2074) to work on /opt/airflow/dags/kafka_producer_dag.py
[2025-06-06T14:36:55.517+0000] {processor.py:830} INFO - Processing file /opt/airflow/dags/kafka_producer_dag.py for tasks to queue
[2025-06-06T14:36:55.519+0000] {logging_mixin.py:188} INFO - [2025-06-06T14:36:55.518+0000] {dagbag.py:540} INFO - Filling up the DagBag from /opt/airflow/dags/kafka_producer_dag.py
[2025-06-06T14:36:55.535+0000] {processor.py:840} INFO - DAG(s) 'kafka_producer_dag' retrieved from /opt/airflow/dags/kafka_producer_dag.py
[2025-06-06T14:36:55.562+0000] {logging_mixin.py:188} INFO - [2025-06-06T14:36:55.562+0000] {dag.py:3096} INFO - Sync 1 DAGs
[2025-06-06T14:36:55.572+0000] {logging_mixin.py:188} INFO - [2025-06-06T14:36:55.572+0000] {dag.py:3954} INFO - Setting next_dagrun for kafka_producer_dag to None, run_after=None
[2025-06-06T14:36:55.592+0000] {processor.py:183} INFO - Processing /opt/airflow/dags/kafka_producer_dag.py took 0.081 seconds
[2025-06-06T14:52:46.720+0000] {processor.py:161} INFO - Started process (PID=2098) to work on /opt/airflow/dags/kafka_producer_dag.py
[2025-06-06T14:52:46.721+0000] {processor.py:830} INFO - Processing file /opt/airflow/dags/kafka_producer_dag.py for tasks to queue
[2025-06-06T14:52:46.722+0000] {logging_mixin.py:188} INFO - [2025-06-06T14:52:46.722+0000] {dagbag.py:540} INFO - Filling up the DagBag from /opt/airflow/dags/kafka_producer_dag.py
[2025-06-06T14:52:46.734+0000] {processor.py:840} INFO - DAG(s) 'kafka_producer_dag' retrieved from /opt/airflow/dags/kafka_producer_dag.py
[2025-06-06T14:52:46.756+0000] {logging_mixin.py:188} INFO - [2025-06-06T14:52:46.755+0000] {dag.py:3096} INFO - Sync 1 DAGs
[2025-06-06T14:52:46.766+0000] {logging_mixin.py:188} INFO - [2025-06-06T14:52:46.766+0000] {dag.py:3954} INFO - Setting next_dagrun for kafka_producer_dag to None, run_after=None
[2025-06-06T14:52:46.782+0000] {processor.py:183} INFO - Processing /opt/airflow/dags/kafka_producer_dag.py took 0.065 seconds
[2025-06-06T15:35:18.427+0000] {processor.py:161} INFO - Started process (PID=2127) to work on /opt/airflow/dags/kafka_producer_dag.py
[2025-06-06T15:35:18.427+0000] {processor.py:830} INFO - Processing file /opt/airflow/dags/kafka_producer_dag.py for tasks to queue
[2025-06-06T15:35:18.429+0000] {logging_mixin.py:188} INFO - [2025-06-06T15:35:18.428+0000] {dagbag.py:540} INFO - Filling up the DagBag from /opt/airflow/dags/kafka_producer_dag.py
[2025-06-06T15:35:18.454+0000] {processor.py:840} INFO - DAG(s) 'kafka_producer_dag' retrieved from /opt/airflow/dags/kafka_producer_dag.py
[2025-06-06T15:35:18.476+0000] {logging_mixin.py:188} INFO - [2025-06-06T15:35:18.476+0000] {dag.py:3096} INFO - Sync 1 DAGs
[2025-06-06T15:35:18.485+0000] {logging_mixin.py:188} INFO - [2025-06-06T15:35:18.484+0000] {dag.py:3954} INFO - Setting next_dagrun for kafka_producer_dag to None, run_after=None
[2025-06-06T15:35:18.503+0000] {processor.py:183} INFO - Processing /opt/airflow/dags/kafka_producer_dag.py took 0.081 seconds
[2025-06-06T15:57:01.895+0000] {processor.py:161} INFO - Started process (PID=2148) to work on /opt/airflow/dags/kafka_producer_dag.py
[2025-06-06T15:57:01.895+0000] {processor.py:830} INFO - Processing file /opt/airflow/dags/kafka_producer_dag.py for tasks to queue
[2025-06-06T15:57:01.896+0000] {logging_mixin.py:188} INFO - [2025-06-06T15:57:01.896+0000] {dagbag.py:540} INFO - Filling up the DagBag from /opt/airflow/dags/kafka_producer_dag.py
[2025-06-06T15:57:01.909+0000] {processor.py:840} INFO - DAG(s) 'kafka_producer_dag' retrieved from /opt/airflow/dags/kafka_producer_dag.py
[2025-06-06T15:57:01.932+0000] {logging_mixin.py:188} INFO - [2025-06-06T15:57:01.932+0000] {dag.py:3096} INFO - Sync 1 DAGs
[2025-06-06T15:57:01.941+0000] {logging_mixin.py:188} INFO - [2025-06-06T15:57:01.941+0000] {dag.py:3954} INFO - Setting next_dagrun for kafka_producer_dag to None, run_after=None
[2025-06-06T15:57:01.953+0000] {processor.py:183} INFO - Processing /opt/airflow/dags/kafka_producer_dag.py took 0.062 seconds
[2025-06-06T16:46:44.123+0000] {processor.py:161} INFO - Started process (PID=2174) to work on /opt/airflow/dags/kafka_producer_dag.py
[2025-06-06T16:46:44.125+0000] {processor.py:830} INFO - Processing file /opt/airflow/dags/kafka_producer_dag.py for tasks to queue
[2025-06-06T16:46:44.128+0000] {logging_mixin.py:188} INFO - [2025-06-06T16:46:44.128+0000] {dagbag.py:540} INFO - Filling up the DagBag from /opt/airflow/dags/kafka_producer_dag.py
[2025-06-06T16:46:44.148+0000] {processor.py:840} INFO - DAG(s) 'kafka_producer_dag' retrieved from /opt/airflow/dags/kafka_producer_dag.py
[2025-06-06T16:46:44.172+0000] {logging_mixin.py:188} INFO - [2025-06-06T16:46:44.172+0000] {dag.py:3096} INFO - Sync 1 DAGs
[2025-06-06T16:46:44.183+0000] {logging_mixin.py:188} INFO - [2025-06-06T16:46:44.183+0000] {dag.py:3954} INFO - Setting next_dagrun for kafka_producer_dag to None, run_after=None
[2025-06-06T16:46:44.197+0000] {processor.py:183} INFO - Processing /opt/airflow/dags/kafka_producer_dag.py took 0.078 seconds
[2025-06-06T17:03:54.335+0000] {processor.py:161} INFO - Started process (PID=2194) to work on /opt/airflow/dags/kafka_producer_dag.py
[2025-06-06T17:03:54.335+0000] {processor.py:830} INFO - Processing file /opt/airflow/dags/kafka_producer_dag.py for tasks to queue
[2025-06-06T17:03:54.336+0000] {logging_mixin.py:188} INFO - [2025-06-06T17:03:54.336+0000] {dagbag.py:540} INFO - Filling up the DagBag from /opt/airflow/dags/kafka_producer_dag.py
[2025-06-06T17:03:54.346+0000] {processor.py:840} INFO - DAG(s) 'kafka_producer_dag' retrieved from /opt/airflow/dags/kafka_producer_dag.py
[2025-06-06T17:03:54.365+0000] {logging_mixin.py:188} INFO - [2025-06-06T17:03:54.365+0000] {dag.py:3096} INFO - Sync 1 DAGs
[2025-06-06T17:03:54.372+0000] {logging_mixin.py:188} INFO - [2025-06-06T17:03:54.372+0000] {dag.py:3954} INFO - Setting next_dagrun for kafka_producer_dag to None, run_after=None
[2025-06-06T17:03:54.386+0000] {processor.py:183} INFO - Processing /opt/airflow/dags/kafka_producer_dag.py took 0.054 seconds
[2025-06-06T17:48:15.683+0000] {processor.py:161} INFO - Started process (PID=2216) to work on /opt/airflow/dags/kafka_producer_dag.py
[2025-06-06T17:48:15.684+0000] {processor.py:830} INFO - Processing file /opt/airflow/dags/kafka_producer_dag.py for tasks to queue
[2025-06-06T17:48:15.685+0000] {logging_mixin.py:188} INFO - [2025-06-06T17:48:15.685+0000] {dagbag.py:540} INFO - Filling up the DagBag from /opt/airflow/dags/kafka_producer_dag.py
[2025-06-06T17:48:15.697+0000] {processor.py:840} INFO - DAG(s) 'kafka_producer_dag' retrieved from /opt/airflow/dags/kafka_producer_dag.py
[2025-06-06T17:48:15.716+0000] {logging_mixin.py:188} INFO - [2025-06-06T17:48:15.715+0000] {dag.py:3096} INFO - Sync 1 DAGs
[2025-06-06T17:48:15.723+0000] {logging_mixin.py:188} INFO - [2025-06-06T17:48:15.722+0000] {dag.py:3954} INFO - Setting next_dagrun for kafka_producer_dag to None, run_after=None
[2025-06-06T17:48:15.736+0000] {processor.py:183} INFO - Processing /opt/airflow/dags/kafka_producer_dag.py took 0.056 seconds
[2025-06-06T17:59:19.504+0000] {processor.py:161} INFO - Started process (PID=2236) to work on /opt/airflow/dags/kafka_producer_dag.py
[2025-06-06T17:59:19.514+0000] {processor.py:830} INFO - Processing file /opt/airflow/dags/kafka_producer_dag.py for tasks to queue
[2025-06-06T17:59:19.516+0000] {logging_mixin.py:188} INFO - [2025-06-06T17:59:19.515+0000] {dagbag.py:540} INFO - Filling up the DagBag from /opt/airflow/dags/kafka_producer_dag.py
[2025-06-06T17:59:19.544+0000] {processor.py:840} INFO - DAG(s) 'kafka_producer_dag' retrieved from /opt/airflow/dags/kafka_producer_dag.py
[2025-06-06T17:59:19.569+0000] {logging_mixin.py:188} INFO - [2025-06-06T17:59:19.569+0000] {dag.py:3096} INFO - Sync 1 DAGs
[2025-06-06T17:59:19.591+0000] {logging_mixin.py:188} INFO - [2025-06-06T17:59:19.591+0000] {dag.py:3954} INFO - Setting next_dagrun for kafka_producer_dag to None, run_after=None
[2025-06-06T17:59:19.638+0000] {processor.py:183} INFO - Processing /opt/airflow/dags/kafka_producer_dag.py took 0.140 seconds
[2025-06-06T18:47:32.514+0000] {processor.py:161} INFO - Started process (PID=2256) to work on /opt/airflow/dags/kafka_producer_dag.py
[2025-06-06T18:47:32.515+0000] {processor.py:830} INFO - Processing file /opt/airflow/dags/kafka_producer_dag.py for tasks to queue
[2025-06-06T18:47:32.515+0000] {logging_mixin.py:188} INFO - [2025-06-06T18:47:32.515+0000] {dagbag.py:540} INFO - Filling up the DagBag from /opt/airflow/dags/kafka_producer_dag.py
[2025-06-06T18:47:32.533+0000] {processor.py:840} INFO - DAG(s) 'kafka_producer_dag' retrieved from /opt/airflow/dags/kafka_producer_dag.py
[2025-06-06T18:47:32.553+0000] {logging_mixin.py:188} INFO - [2025-06-06T18:47:32.553+0000] {dag.py:3096} INFO - Sync 1 DAGs
[2025-06-06T18:47:32.566+0000] {logging_mixin.py:188} INFO - [2025-06-06T18:47:32.566+0000] {dag.py:3954} INFO - Setting next_dagrun for kafka_producer_dag to None, run_after=None
[2025-06-06T18:47:32.585+0000] {processor.py:183} INFO - Processing /opt/airflow/dags/kafka_producer_dag.py took 0.074 seconds
[2025-06-06T19:01:01.214+0000] {processor.py:161} INFO - Started process (PID=2280) to work on /opt/airflow/dags/kafka_producer_dag.py
[2025-06-06T19:01:01.215+0000] {processor.py:830} INFO - Processing file /opt/airflow/dags/kafka_producer_dag.py for tasks to queue
[2025-06-06T19:01:01.217+0000] {logging_mixin.py:188} INFO - [2025-06-06T19:01:01.216+0000] {dagbag.py:540} INFO - Filling up the DagBag from /opt/airflow/dags/kafka_producer_dag.py
[2025-06-06T19:01:01.235+0000] {processor.py:840} INFO - DAG(s) 'kafka_producer_dag' retrieved from /opt/airflow/dags/kafka_producer_dag.py
[2025-06-06T19:01:01.255+0000] {logging_mixin.py:188} INFO - [2025-06-06T19:01:01.254+0000] {dag.py:3096} INFO - Sync 1 DAGs
[2025-06-06T19:01:01.264+0000] {logging_mixin.py:188} INFO - [2025-06-06T19:01:01.263+0000] {dag.py:3954} INFO - Setting next_dagrun for kafka_producer_dag to None, run_after=None
[2025-06-06T19:01:01.287+0000] {processor.py:183} INFO - Processing /opt/airflow/dags/kafka_producer_dag.py took 0.077 seconds
[2025-06-06T19:23:56.275+0000] {processor.py:161} INFO - Started process (PID=2302) to work on /opt/airflow/dags/kafka_producer_dag.py
[2025-06-06T19:23:56.276+0000] {processor.py:830} INFO - Processing file /opt/airflow/dags/kafka_producer_dag.py for tasks to queue
[2025-06-06T19:23:56.276+0000] {logging_mixin.py:188} INFO - [2025-06-06T19:23:56.276+0000] {dagbag.py:540} INFO - Filling up the DagBag from /opt/airflow/dags/kafka_producer_dag.py
[2025-06-06T19:23:56.287+0000] {processor.py:840} INFO - DAG(s) 'kafka_producer_dag' retrieved from /opt/airflow/dags/kafka_producer_dag.py
[2025-06-06T19:23:56.305+0000] {logging_mixin.py:188} INFO - [2025-06-06T19:23:56.305+0000] {dag.py:3096} INFO - Sync 1 DAGs
[2025-06-06T19:23:56.316+0000] {logging_mixin.py:188} INFO - [2025-06-06T19:23:56.316+0000] {dag.py:3954} INFO - Setting next_dagrun for kafka_producer_dag to None, run_after=None
[2025-06-06T19:23:56.330+0000] {processor.py:183} INFO - Processing /opt/airflow/dags/kafka_producer_dag.py took 0.058 seconds
[2025-06-06T20:16:47.769+0000] {processor.py:161} INFO - Started process (PID=2324) to work on /opt/airflow/dags/kafka_producer_dag.py
[2025-06-06T20:16:47.771+0000] {processor.py:830} INFO - Processing file /opt/airflow/dags/kafka_producer_dag.py for tasks to queue
[2025-06-06T20:16:47.773+0000] {logging_mixin.py:188} INFO - [2025-06-06T20:16:47.772+0000] {dagbag.py:540} INFO - Filling up the DagBag from /opt/airflow/dags/kafka_producer_dag.py
[2025-06-06T20:16:47.785+0000] {processor.py:840} INFO - DAG(s) 'kafka_producer_dag' retrieved from /opt/airflow/dags/kafka_producer_dag.py
[2025-06-06T20:16:47.812+0000] {logging_mixin.py:188} INFO - [2025-06-06T20:16:47.812+0000] {dag.py:3096} INFO - Sync 1 DAGs
[2025-06-06T20:16:47.820+0000] {logging_mixin.py:188} INFO - [2025-06-06T20:16:47.820+0000] {dag.py:3954} INFO - Setting next_dagrun for kafka_producer_dag to None, run_after=None
[2025-06-06T20:16:47.836+0000] {processor.py:183} INFO - Processing /opt/airflow/dags/kafka_producer_dag.py took 0.072 seconds
[2025-06-06T20:41:01.651+0000] {processor.py:161} INFO - Started process (PID=2346) to work on /opt/airflow/dags/kafka_producer_dag.py
[2025-06-06T20:41:01.652+0000] {processor.py:830} INFO - Processing file /opt/airflow/dags/kafka_producer_dag.py for tasks to queue
[2025-06-06T20:41:01.653+0000] {logging_mixin.py:188} INFO - [2025-06-06T20:41:01.652+0000] {dagbag.py:540} INFO - Filling up the DagBag from /opt/airflow/dags/kafka_producer_dag.py
[2025-06-06T20:41:01.667+0000] {processor.py:840} INFO - DAG(s) 'kafka_producer_dag' retrieved from /opt/airflow/dags/kafka_producer_dag.py
[2025-06-06T20:41:01.689+0000] {logging_mixin.py:188} INFO - [2025-06-06T20:41:01.689+0000] {dag.py:3096} INFO - Sync 1 DAGs
[2025-06-06T20:41:01.698+0000] {logging_mixin.py:188} INFO - [2025-06-06T20:41:01.698+0000] {dag.py:3954} INFO - Setting next_dagrun for kafka_producer_dag to None, run_after=None
[2025-06-06T20:41:01.718+0000] {processor.py:183} INFO - Processing /opt/airflow/dags/kafka_producer_dag.py took 0.071 seconds
[2025-06-06T21:03:14.579+0000] {processor.py:161} INFO - Started process (PID=2363) to work on /opt/airflow/dags/kafka_producer_dag.py
[2025-06-06T21:03:14.581+0000] {processor.py:830} INFO - Processing file /opt/airflow/dags/kafka_producer_dag.py for tasks to queue
[2025-06-06T21:03:14.583+0000] {logging_mixin.py:188} INFO - [2025-06-06T21:03:14.583+0000] {dagbag.py:540} INFO - Filling up the DagBag from /opt/airflow/dags/kafka_producer_dag.py
[2025-06-06T21:03:14.598+0000] {processor.py:840} INFO - DAG(s) 'kafka_producer_dag' retrieved from /opt/airflow/dags/kafka_producer_dag.py
[2025-06-06T21:03:14.642+0000] {logging_mixin.py:188} INFO - [2025-06-06T21:03:14.642+0000] {dag.py:3096} INFO - Sync 1 DAGs
[2025-06-06T21:03:14.658+0000] {logging_mixin.py:188} INFO - [2025-06-06T21:03:14.658+0000] {dag.py:3954} INFO - Setting next_dagrun for kafka_producer_dag to None, run_after=None
[2025-06-06T21:03:14.685+0000] {processor.py:183} INFO - Processing /opt/airflow/dags/kafka_producer_dag.py took 0.113 seconds
[2025-06-06T21:38:44.362+0000] {processor.py:161} INFO - Started process (PID=2384) to work on /opt/airflow/dags/kafka_producer_dag.py
[2025-06-06T21:38:44.363+0000] {processor.py:830} INFO - Processing file /opt/airflow/dags/kafka_producer_dag.py for tasks to queue
[2025-06-06T21:38:44.365+0000] {logging_mixin.py:188} INFO - [2025-06-06T21:38:44.364+0000] {dagbag.py:540} INFO - Filling up the DagBag from /opt/airflow/dags/kafka_producer_dag.py
[2025-06-06T21:38:44.384+0000] {processor.py:840} INFO - DAG(s) 'kafka_producer_dag' retrieved from /opt/airflow/dags/kafka_producer_dag.py
[2025-06-06T21:38:44.414+0000] {logging_mixin.py:188} INFO - [2025-06-06T21:38:44.414+0000] {dag.py:3096} INFO - Sync 1 DAGs
[2025-06-06T21:38:44.422+0000] {logging_mixin.py:188} INFO - [2025-06-06T21:38:44.422+0000] {dag.py:3954} INFO - Setting next_dagrun for kafka_producer_dag to None, run_after=None
[2025-06-06T21:38:44.436+0000] {processor.py:183} INFO - Processing /opt/airflow/dags/kafka_producer_dag.py took 0.080 seconds
[2025-06-06T22:02:10.462+0000] {processor.py:161} INFO - Started process (PID=2420) to work on /opt/airflow/dags/kafka_producer_dag.py
[2025-06-06T22:02:10.464+0000] {processor.py:830} INFO - Processing file /opt/airflow/dags/kafka_producer_dag.py for tasks to queue
[2025-06-06T22:02:10.464+0000] {logging_mixin.py:188} INFO - [2025-06-06T22:02:10.464+0000] {dagbag.py:540} INFO - Filling up the DagBag from /opt/airflow/dags/kafka_producer_dag.py
[2025-06-06T22:02:10.480+0000] {processor.py:840} INFO - DAG(s) 'kafka_producer_dag' retrieved from /opt/airflow/dags/kafka_producer_dag.py
[2025-06-06T22:02:10.503+0000] {logging_mixin.py:188} INFO - [2025-06-06T22:02:10.503+0000] {dag.py:3096} INFO - Sync 1 DAGs
[2025-06-06T22:02:10.512+0000] {logging_mixin.py:188} INFO - [2025-06-06T22:02:10.512+0000] {dag.py:3954} INFO - Setting next_dagrun for kafka_producer_dag to None, run_after=None
[2025-06-06T22:02:10.527+0000] {processor.py:183} INFO - Processing /opt/airflow/dags/kafka_producer_dag.py took 0.072 seconds
[2025-06-06T22:39:49.178+0000] {processor.py:161} INFO - Started process (PID=2433) to work on /opt/airflow/dags/kafka_producer_dag.py
[2025-06-06T22:39:49.181+0000] {processor.py:830} INFO - Processing file /opt/airflow/dags/kafka_producer_dag.py for tasks to queue
[2025-06-06T22:39:49.182+0000] {logging_mixin.py:188} INFO - [2025-06-06T22:39:49.182+0000] {dagbag.py:540} INFO - Filling up the DagBag from /opt/airflow/dags/kafka_producer_dag.py
[2025-06-06T22:39:49.193+0000] {processor.py:840} INFO - DAG(s) 'kafka_producer_dag' retrieved from /opt/airflow/dags/kafka_producer_dag.py
[2025-06-06T22:39:49.209+0000] {logging_mixin.py:188} INFO - [2025-06-06T22:39:49.209+0000] {dag.py:3096} INFO - Sync 1 DAGs
[2025-06-06T22:39:49.216+0000] {logging_mixin.py:188} INFO - [2025-06-06T22:39:49.216+0000] {dag.py:3954} INFO - Setting next_dagrun for kafka_producer_dag to None, run_after=None
[2025-06-06T22:39:49.225+0000] {processor.py:183} INFO - Processing /opt/airflow/dags/kafka_producer_dag.py took 0.050 seconds
[2025-06-06T22:43:19.103+0000] {processor.py:161} INFO - Started process (PID=2463) to work on /opt/airflow/dags/kafka_producer_dag.py
[2025-06-06T22:43:19.108+0000] {processor.py:830} INFO - Processing file /opt/airflow/dags/kafka_producer_dag.py for tasks to queue
[2025-06-06T22:43:19.109+0000] {logging_mixin.py:188} INFO - [2025-06-06T22:43:19.108+0000] {dagbag.py:540} INFO - Filling up the DagBag from /opt/airflow/dags/kafka_producer_dag.py
[2025-06-06T22:43:19.122+0000] {processor.py:840} INFO - DAG(s) 'kafka_producer_dag' retrieved from /opt/airflow/dags/kafka_producer_dag.py
[2025-06-06T22:43:19.140+0000] {logging_mixin.py:188} INFO - [2025-06-06T22:43:19.140+0000] {dag.py:3096} INFO - Sync 1 DAGs
[2025-06-06T22:43:19.147+0000] {logging_mixin.py:188} INFO - [2025-06-06T22:43:19.147+0000] {dag.py:3954} INFO - Setting next_dagrun for kafka_producer_dag to None, run_after=None
[2025-06-06T22:43:19.161+0000] {processor.py:183} INFO - Processing /opt/airflow/dags/kafka_producer_dag.py took 0.061 seconds
[2025-06-06T22:58:29.364+0000] {processor.py:161} INFO - Started process (PID=2486) to work on /opt/airflow/dags/kafka_producer_dag.py
[2025-06-06T22:58:29.365+0000] {processor.py:830} INFO - Processing file /opt/airflow/dags/kafka_producer_dag.py for tasks to queue
[2025-06-06T22:58:29.366+0000] {logging_mixin.py:188} INFO - [2025-06-06T22:58:29.365+0000] {dagbag.py:540} INFO - Filling up the DagBag from /opt/airflow/dags/kafka_producer_dag.py
[2025-06-06T22:58:29.380+0000] {processor.py:840} INFO - DAG(s) 'kafka_producer_dag' retrieved from /opt/airflow/dags/kafka_producer_dag.py
[2025-06-06T22:58:29.404+0000] {logging_mixin.py:188} INFO - [2025-06-06T22:58:29.404+0000] {dag.py:3096} INFO - Sync 1 DAGs
[2025-06-06T22:58:29.412+0000] {logging_mixin.py:188} INFO - [2025-06-06T22:58:29.412+0000] {dag.py:3954} INFO - Setting next_dagrun for kafka_producer_dag to None, run_after=None
[2025-06-06T22:58:29.427+0000] {processor.py:183} INFO - Processing /opt/airflow/dags/kafka_producer_dag.py took 0.067 seconds
[2025-06-06T23:38:25.857+0000] {processor.py:161} INFO - Started process (PID=2506) to work on /opt/airflow/dags/kafka_producer_dag.py
[2025-06-06T23:38:25.860+0000] {processor.py:830} INFO - Processing file /opt/airflow/dags/kafka_producer_dag.py for tasks to queue
[2025-06-06T23:38:25.863+0000] {logging_mixin.py:188} INFO - [2025-06-06T23:38:25.861+0000] {dagbag.py:540} INFO - Filling up the DagBag from /opt/airflow/dags/kafka_producer_dag.py
[2025-06-06T23:38:25.879+0000] {processor.py:840} INFO - DAG(s) 'kafka_producer_dag' retrieved from /opt/airflow/dags/kafka_producer_dag.py
[2025-06-06T23:38:25.899+0000] {logging_mixin.py:188} INFO - [2025-06-06T23:38:25.899+0000] {dag.py:3096} INFO - Sync 1 DAGs
[2025-06-06T23:38:25.908+0000] {logging_mixin.py:188} INFO - [2025-06-06T23:38:25.907+0000] {dag.py:3954} INFO - Setting next_dagrun for kafka_producer_dag to None, run_after=None
[2025-06-06T23:38:25.919+0000] {processor.py:183} INFO - Processing /opt/airflow/dags/kafka_producer_dag.py took 0.067 seconds
[2025-06-06T23:40:42.692+0000] {processor.py:161} INFO - Started process (PID=2527) to work on /opt/airflow/dags/kafka_producer_dag.py
[2025-06-06T23:40:42.693+0000] {processor.py:830} INFO - Processing file /opt/airflow/dags/kafka_producer_dag.py for tasks to queue
[2025-06-06T23:40:42.699+0000] {logging_mixin.py:188} INFO - [2025-06-06T23:40:42.698+0000] {dagbag.py:540} INFO - Filling up the DagBag from /opt/airflow/dags/kafka_producer_dag.py
[2025-06-06T23:40:42.710+0000] {processor.py:840} INFO - DAG(s) 'kafka_producer_dag' retrieved from /opt/airflow/dags/kafka_producer_dag.py
[2025-06-06T23:40:42.738+0000] {logging_mixin.py:188} INFO - [2025-06-06T23:40:42.738+0000] {dag.py:3096} INFO - Sync 1 DAGs
[2025-06-06T23:40:42.748+0000] {logging_mixin.py:188} INFO - [2025-06-06T23:40:42.748+0000] {dag.py:3954} INFO - Setting next_dagrun for kafka_producer_dag to None, run_after=None
[2025-06-06T23:40:42.766+0000] {processor.py:183} INFO - Processing /opt/airflow/dags/kafka_producer_dag.py took 0.077 seconds
[2025-06-06T23:41:13.011+0000] {processor.py:161} INFO - Started process (PID=2554) to work on /opt/airflow/dags/kafka_producer_dag.py
[2025-06-06T23:41:13.012+0000] {processor.py:830} INFO - Processing file /opt/airflow/dags/kafka_producer_dag.py for tasks to queue
[2025-06-06T23:41:13.012+0000] {logging_mixin.py:188} INFO - [2025-06-06T23:41:13.012+0000] {dagbag.py:540} INFO - Filling up the DagBag from /opt/airflow/dags/kafka_producer_dag.py
[2025-06-06T23:41:13.023+0000] {processor.py:840} INFO - DAG(s) 'kafka_producer_dag' retrieved from /opt/airflow/dags/kafka_producer_dag.py
[2025-06-06T23:41:13.040+0000] {logging_mixin.py:188} INFO - [2025-06-06T23:41:13.040+0000] {dag.py:3096} INFO - Sync 1 DAGs
[2025-06-06T23:41:13.047+0000] {logging_mixin.py:188} INFO - [2025-06-06T23:41:13.047+0000] {dag.py:3954} INFO - Setting next_dagrun for kafka_producer_dag to None, run_after=None
[2025-06-06T23:41:13.056+0000] {processor.py:183} INFO - Processing /opt/airflow/dags/kafka_producer_dag.py took 0.052 seconds
[2025-06-06T23:41:43.317+0000] {processor.py:161} INFO - Started process (PID=2564) to work on /opt/airflow/dags/kafka_producer_dag.py
[2025-06-06T23:41:43.317+0000] {processor.py:830} INFO - Processing file /opt/airflow/dags/kafka_producer_dag.py for tasks to queue
[2025-06-06T23:41:43.318+0000] {logging_mixin.py:188} INFO - [2025-06-06T23:41:43.318+0000] {dagbag.py:540} INFO - Filling up the DagBag from /opt/airflow/dags/kafka_producer_dag.py
[2025-06-06T23:41:43.329+0000] {processor.py:840} INFO - DAG(s) 'kafka_producer_dag' retrieved from /opt/airflow/dags/kafka_producer_dag.py
[2025-06-06T23:41:43.347+0000] {logging_mixin.py:188} INFO - [2025-06-06T23:41:43.346+0000] {dag.py:3096} INFO - Sync 1 DAGs
[2025-06-06T23:41:43.353+0000] {logging_mixin.py:188} INFO - [2025-06-06T23:41:43.353+0000] {dag.py:3954} INFO - Setting next_dagrun for kafka_producer_dag to None, run_after=None
[2025-06-06T23:41:43.362+0000] {processor.py:183} INFO - Processing /opt/airflow/dags/kafka_producer_dag.py took 0.049 seconds
[2025-06-06T23:42:13.644+0000] {processor.py:161} INFO - Started process (PID=2580) to work on /opt/airflow/dags/kafka_producer_dag.py
[2025-06-06T23:42:13.644+0000] {processor.py:830} INFO - Processing file /opt/airflow/dags/kafka_producer_dag.py for tasks to queue
[2025-06-06T23:42:13.645+0000] {logging_mixin.py:188} INFO - [2025-06-06T23:42:13.645+0000] {dagbag.py:540} INFO - Filling up the DagBag from /opt/airflow/dags/kafka_producer_dag.py
[2025-06-06T23:42:13.655+0000] {processor.py:840} INFO - DAG(s) 'kafka_producer_dag' retrieved from /opt/airflow/dags/kafka_producer_dag.py
[2025-06-06T23:42:13.672+0000] {logging_mixin.py:188} INFO - [2025-06-06T23:42:13.671+0000] {dag.py:3096} INFO - Sync 1 DAGs
[2025-06-06T23:42:13.678+0000] {logging_mixin.py:188} INFO - [2025-06-06T23:42:13.678+0000] {dag.py:3954} INFO - Setting next_dagrun for kafka_producer_dag to None, run_after=None
[2025-06-06T23:42:13.688+0000] {processor.py:183} INFO - Processing /opt/airflow/dags/kafka_producer_dag.py took 0.048 seconds
[2025-06-06T23:50:12.851+0000] {processor.py:161} INFO - Started process (PID=2602) to work on /opt/airflow/dags/kafka_producer_dag.py
[2025-06-06T23:50:12.851+0000] {processor.py:830} INFO - Processing file /opt/airflow/dags/kafka_producer_dag.py for tasks to queue
[2025-06-06T23:50:12.851+0000] {logging_mixin.py:188} INFO - [2025-06-06T23:50:12.851+0000] {dagbag.py:540} INFO - Filling up the DagBag from /opt/airflow/dags/kafka_producer_dag.py
[2025-06-06T23:50:12.859+0000] {processor.py:840} INFO - DAG(s) 'kafka_producer_dag' retrieved from /opt/airflow/dags/kafka_producer_dag.py
[2025-06-06T23:50:12.873+0000] {logging_mixin.py:188} INFO - [2025-06-06T23:50:12.873+0000] {dag.py:3096} INFO - Sync 1 DAGs
[2025-06-06T23:50:12.879+0000] {logging_mixin.py:188} INFO - [2025-06-06T23:50:12.879+0000] {dag.py:3954} INFO - Setting next_dagrun for kafka_producer_dag to None, run_after=None
[2025-06-06T23:50:12.888+0000] {processor.py:183} INFO - Processing /opt/airflow/dags/kafka_producer_dag.py took 0.041 seconds
