[2025-06-06T00:00:06.286+0000] {processor.py:161} INFO - Started process (PID=944) to work on /opt/airflow/dags/pkapi_to_kafka_dag.py
[2025-06-06T00:00:06.287+0000] {processor.py:830} INFO - Processing file /opt/airflow/dags/pkapi_to_kafka_dag.py for tasks to queue
[2025-06-06T00:00:06.287+0000] {logging_mixin.py:188} INFO - [2025-06-06T00:00:06.287+0000] {dagbag.py:540} INFO - Filling up the DagBag from /opt/airflow/dags/pkapi_to_kafka_dag.py
[2025-06-06T00:00:06.298+0000] {processor.py:840} INFO - DAG(s) 'pokemon_partitioned_to_kafka' retrieved from /opt/airflow/dags/pkapi_to_kafka_dag.py
[2025-06-06T00:00:06.312+0000] {logging_mixin.py:188} INFO - [2025-06-06T00:00:06.312+0000] {dag.py:3096} INFO - Sync 1 DAGs
[2025-06-06T00:00:06.323+0000] {logging_mixin.py:188} INFO - [2025-06-06T00:00:06.323+0000] {dag.py:3954} INFO - Setting next_dagrun for pokemon_partitioned_to_kafka to 2025-06-06 00:00:00+00:00, run_after=2025-06-06 00:01:00+00:00
[2025-06-06T00:00:06.332+0000] {processor.py:183} INFO - Processing /opt/airflow/dags/pkapi_to_kafka_dag.py took 0.051 seconds
[2025-06-06T00:00:36.615+0000] {processor.py:161} INFO - Started process (PID=954) to work on /opt/airflow/dags/pkapi_to_kafka_dag.py
[2025-06-06T00:00:36.617+0000] {processor.py:830} INFO - Processing file /opt/airflow/dags/pkapi_to_kafka_dag.py for tasks to queue
[2025-06-06T00:00:36.618+0000] {logging_mixin.py:188} INFO - [2025-06-06T00:00:36.618+0000] {dagbag.py:540} INFO - Filling up the DagBag from /opt/airflow/dags/pkapi_to_kafka_dag.py
[2025-06-06T00:00:36.630+0000] {processor.py:840} INFO - DAG(s) 'pokemon_partitioned_to_kafka' retrieved from /opt/airflow/dags/pkapi_to_kafka_dag.py
[2025-06-06T00:00:36.649+0000] {logging_mixin.py:188} INFO - [2025-06-06T00:00:36.648+0000] {dag.py:3096} INFO - Sync 1 DAGs
[2025-06-06T00:00:36.663+0000] {logging_mixin.py:188} INFO - [2025-06-06T00:00:36.663+0000] {dag.py:3954} INFO - Setting next_dagrun for pokemon_partitioned_to_kafka to 2025-06-06 00:00:00+00:00, run_after=2025-06-06 00:01:00+00:00
[2025-06-06T00:00:36.675+0000] {processor.py:183} INFO - Processing /opt/airflow/dags/pkapi_to_kafka_dag.py took 0.067 seconds
[2025-06-06T00:01:06.965+0000] {processor.py:161} INFO - Started process (PID=970) to work on /opt/airflow/dags/pkapi_to_kafka_dag.py
[2025-06-06T00:01:06.966+0000] {processor.py:830} INFO - Processing file /opt/airflow/dags/pkapi_to_kafka_dag.py for tasks to queue
[2025-06-06T00:01:06.966+0000] {logging_mixin.py:188} INFO - [2025-06-06T00:01:06.966+0000] {dagbag.py:540} INFO - Filling up the DagBag from /opt/airflow/dags/pkapi_to_kafka_dag.py
[2025-06-06T00:01:06.978+0000] {processor.py:840} INFO - DAG(s) 'pokemon_partitioned_to_kafka' retrieved from /opt/airflow/dags/pkapi_to_kafka_dag.py
[2025-06-06T00:01:06.993+0000] {logging_mixin.py:188} INFO - [2025-06-06T00:01:06.992+0000] {dag.py:3096} INFO - Sync 1 DAGs
[2025-06-06T00:01:07.005+0000] {logging_mixin.py:188} INFO - [2025-06-06T00:01:07.005+0000] {dag.py:3954} INFO - Setting next_dagrun for pokemon_partitioned_to_kafka to 2025-06-06 00:01:00+00:00, run_after=2025-06-06 00:02:00+00:00
[2025-06-06T00:01:07.321+0000] {processor.py:183} INFO - Processing /opt/airflow/dags/pkapi_to_kafka_dag.py took 0.361 seconds
[2025-06-06T00:07:03.188+0000] {processor.py:161} INFO - Started process (PID=982) to work on /opt/airflow/dags/pkapi_to_kafka_dag.py
[2025-06-06T00:07:03.189+0000] {processor.py:830} INFO - Processing file /opt/airflow/dags/pkapi_to_kafka_dag.py for tasks to queue
[2025-06-06T00:07:03.190+0000] {logging_mixin.py:188} INFO - [2025-06-06T00:07:03.189+0000] {dagbag.py:540} INFO - Filling up the DagBag from /opt/airflow/dags/pkapi_to_kafka_dag.py
[2025-06-06T00:07:03.202+0000] {processor.py:840} INFO - DAG(s) 'pokemon_partitioned_to_kafka' retrieved from /opt/airflow/dags/pkapi_to_kafka_dag.py
[2025-06-06T00:07:03.218+0000] {logging_mixin.py:188} INFO - [2025-06-06T00:07:03.218+0000] {dag.py:3096} INFO - Sync 1 DAGs
[2025-06-06T00:07:03.229+0000] {logging_mixin.py:188} INFO - [2025-06-06T00:07:03.229+0000] {dag.py:3954} INFO - Setting next_dagrun for pokemon_partitioned_to_kafka to 2025-06-06 00:06:00+00:00, run_after=2025-06-06 00:07:00+00:00
[2025-06-06T00:07:03.241+0000] {processor.py:183} INFO - Processing /opt/airflow/dags/pkapi_to_kafka_dag.py took 0.057 seconds
[2025-06-06T00:24:41.257+0000] {processor.py:161} INFO - Started process (PID=1010) to work on /opt/airflow/dags/pkapi_to_kafka_dag.py
[2025-06-06T00:24:41.269+0000] {processor.py:830} INFO - Processing file /opt/airflow/dags/pkapi_to_kafka_dag.py for tasks to queue
[2025-06-06T00:24:41.270+0000] {logging_mixin.py:188} INFO - [2025-06-06T00:24:41.270+0000] {dagbag.py:540} INFO - Filling up the DagBag from /opt/airflow/dags/pkapi_to_kafka_dag.py
[2025-06-06T00:24:41.285+0000] {processor.py:840} INFO - DAG(s) 'pokemon_partitioned_to_kafka' retrieved from /opt/airflow/dags/pkapi_to_kafka_dag.py
[2025-06-06T00:24:41.305+0000] {logging_mixin.py:188} INFO - [2025-06-06T00:24:41.305+0000] {dag.py:3096} INFO - Sync 1 DAGs
[2025-06-06T00:24:41.321+0000] {logging_mixin.py:188} INFO - [2025-06-06T00:24:41.321+0000] {dag.py:3954} INFO - Setting next_dagrun for pokemon_partitioned_to_kafka to 2025-06-06 00:24:00+00:00, run_after=2025-06-06 00:25:00+00:00
[2025-06-06T00:24:41.333+0000] {processor.py:183} INFO - Processing /opt/airflow/dags/pkapi_to_kafka_dag.py took 0.083 seconds
[2025-06-06T00:25:11.602+0000] {processor.py:161} INFO - Started process (PID=1026) to work on /opt/airflow/dags/pkapi_to_kafka_dag.py
[2025-06-06T00:25:11.603+0000] {processor.py:830} INFO - Processing file /opt/airflow/dags/pkapi_to_kafka_dag.py for tasks to queue
[2025-06-06T00:25:11.603+0000] {logging_mixin.py:188} INFO - [2025-06-06T00:25:11.603+0000] {dagbag.py:540} INFO - Filling up the DagBag from /opt/airflow/dags/pkapi_to_kafka_dag.py
[2025-06-06T00:25:11.616+0000] {processor.py:840} INFO - DAG(s) 'pokemon_partitioned_to_kafka' retrieved from /opt/airflow/dags/pkapi_to_kafka_dag.py
[2025-06-06T00:25:11.633+0000] {logging_mixin.py:188} INFO - [2025-06-06T00:25:11.633+0000] {dag.py:3096} INFO - Sync 1 DAGs
[2025-06-06T00:25:11.645+0000] {logging_mixin.py:188} INFO - [2025-06-06T00:25:11.645+0000] {dag.py:3954} INFO - Setting next_dagrun for pokemon_partitioned_to_kafka to 2025-06-06 00:25:00+00:00, run_after=2025-06-06 00:26:00+00:00
[2025-06-06T00:25:11.653+0000] {processor.py:183} INFO - Processing /opt/airflow/dags/pkapi_to_kafka_dag.py took 0.056 seconds
[2025-06-06T00:36:34.064+0000] {processor.py:161} INFO - Started process (PID=1036) to work on /opt/airflow/dags/pkapi_to_kafka_dag.py
[2025-06-06T00:36:34.064+0000] {processor.py:830} INFO - Processing file /opt/airflow/dags/pkapi_to_kafka_dag.py for tasks to queue
[2025-06-06T00:36:34.065+0000] {logging_mixin.py:188} INFO - [2025-06-06T00:36:34.065+0000] {dagbag.py:540} INFO - Filling up the DagBag from /opt/airflow/dags/pkapi_to_kafka_dag.py
[2025-06-06T00:36:34.076+0000] {processor.py:840} INFO - DAG(s) 'pokemon_partitioned_to_kafka' retrieved from /opt/airflow/dags/pkapi_to_kafka_dag.py
[2025-06-06T00:36:34.094+0000] {logging_mixin.py:188} INFO - [2025-06-06T00:36:34.093+0000] {dag.py:3096} INFO - Sync 1 DAGs
[2025-06-06T00:36:34.107+0000] {logging_mixin.py:188} INFO - [2025-06-06T00:36:34.107+0000] {dag.py:3954} INFO - Setting next_dagrun for pokemon_partitioned_to_kafka to 2025-06-06 00:35:00+00:00, run_after=2025-06-06 00:36:00+00:00
[2025-06-06T00:36:34.120+0000] {processor.py:183} INFO - Processing /opt/airflow/dags/pkapi_to_kafka_dag.py took 0.059 seconds
[2025-06-06T00:37:04.314+0000] {processor.py:161} INFO - Started process (PID=1064) to work on /opt/airflow/dags/pkapi_to_kafka_dag.py
[2025-06-06T00:37:04.315+0000] {processor.py:830} INFO - Processing file /opt/airflow/dags/pkapi_to_kafka_dag.py for tasks to queue
[2025-06-06T00:37:04.316+0000] {logging_mixin.py:188} INFO - [2025-06-06T00:37:04.315+0000] {dagbag.py:540} INFO - Filling up the DagBag from /opt/airflow/dags/pkapi_to_kafka_dag.py
[2025-06-06T00:37:04.328+0000] {processor.py:840} INFO - DAG(s) 'pokemon_partitioned_to_kafka' retrieved from /opt/airflow/dags/pkapi_to_kafka_dag.py
[2025-06-06T00:37:04.345+0000] {logging_mixin.py:188} INFO - [2025-06-06T00:37:04.345+0000] {dag.py:3096} INFO - Sync 1 DAGs
[2025-06-06T00:37:04.358+0000] {logging_mixin.py:188} INFO - [2025-06-06T00:37:04.358+0000] {dag.py:3954} INFO - Setting next_dagrun for pokemon_partitioned_to_kafka to 2025-06-06 00:37:00+00:00, run_after=2025-06-06 00:38:00+00:00
[2025-06-06T00:37:04.366+0000] {processor.py:183} INFO - Processing /opt/airflow/dags/pkapi_to_kafka_dag.py took 0.056 seconds
[2025-06-06T00:37:34.592+0000] {processor.py:161} INFO - Started process (PID=1074) to work on /opt/airflow/dags/pkapi_to_kafka_dag.py
[2025-06-06T00:37:34.592+0000] {processor.py:830} INFO - Processing file /opt/airflow/dags/pkapi_to_kafka_dag.py for tasks to queue
[2025-06-06T00:37:34.593+0000] {logging_mixin.py:188} INFO - [2025-06-06T00:37:34.593+0000] {dagbag.py:540} INFO - Filling up the DagBag from /opt/airflow/dags/pkapi_to_kafka_dag.py
[2025-06-06T00:37:34.605+0000] {processor.py:840} INFO - DAG(s) 'pokemon_partitioned_to_kafka' retrieved from /opt/airflow/dags/pkapi_to_kafka_dag.py
[2025-06-06T00:37:34.623+0000] {logging_mixin.py:188} INFO - [2025-06-06T00:37:34.623+0000] {dag.py:3096} INFO - Sync 1 DAGs
[2025-06-06T00:37:34.636+0000] {logging_mixin.py:188} INFO - [2025-06-06T00:37:34.636+0000] {dag.py:3954} INFO - Setting next_dagrun for pokemon_partitioned_to_kafka to 2025-06-06 00:37:00+00:00, run_after=2025-06-06 00:38:00+00:00
[2025-06-06T00:37:34.648+0000] {processor.py:183} INFO - Processing /opt/airflow/dags/pkapi_to_kafka_dag.py took 0.060 seconds
[2025-06-06T00:38:04.912+0000] {processor.py:161} INFO - Started process (PID=1090) to work on /opt/airflow/dags/pkapi_to_kafka_dag.py
[2025-06-06T00:38:04.913+0000] {processor.py:830} INFO - Processing file /opt/airflow/dags/pkapi_to_kafka_dag.py for tasks to queue
[2025-06-06T00:38:04.913+0000] {logging_mixin.py:188} INFO - [2025-06-06T00:38:04.913+0000] {dagbag.py:540} INFO - Filling up the DagBag from /opt/airflow/dags/pkapi_to_kafka_dag.py
[2025-06-06T00:38:04.930+0000] {processor.py:840} INFO - DAG(s) 'pokemon_partitioned_to_kafka' retrieved from /opt/airflow/dags/pkapi_to_kafka_dag.py
[2025-06-06T00:38:04.950+0000] {logging_mixin.py:188} INFO - [2025-06-06T00:38:04.950+0000] {dag.py:3096} INFO - Sync 1 DAGs
[2025-06-06T00:38:04.964+0000] {logging_mixin.py:188} INFO - [2025-06-06T00:38:04.964+0000] {dag.py:3954} INFO - Setting next_dagrun for pokemon_partitioned_to_kafka to 2025-06-06 00:38:00+00:00, run_after=2025-06-06 00:39:00+00:00
[2025-06-06T00:38:04.978+0000] {processor.py:183} INFO - Processing /opt/airflow/dags/pkapi_to_kafka_dag.py took 0.074 seconds
[2025-06-06T00:38:35.255+0000] {processor.py:161} INFO - Started process (PID=1100) to work on /opt/airflow/dags/pkapi_to_kafka_dag.py
[2025-06-06T00:38:35.256+0000] {processor.py:830} INFO - Processing file /opt/airflow/dags/pkapi_to_kafka_dag.py for tasks to queue
[2025-06-06T00:38:35.256+0000] {logging_mixin.py:188} INFO - [2025-06-06T00:38:35.256+0000] {dagbag.py:540} INFO - Filling up the DagBag from /opt/airflow/dags/pkapi_to_kafka_dag.py
[2025-06-06T00:38:35.272+0000] {processor.py:840} INFO - DAG(s) 'pokemon_partitioned_to_kafka' retrieved from /opt/airflow/dags/pkapi_to_kafka_dag.py
[2025-06-06T00:38:35.296+0000] {logging_mixin.py:188} INFO - [2025-06-06T00:38:35.296+0000] {dag.py:3096} INFO - Sync 1 DAGs
[2025-06-06T00:38:35.315+0000] {logging_mixin.py:188} INFO - [2025-06-06T00:38:35.315+0000] {dag.py:3954} INFO - Setting next_dagrun for pokemon_partitioned_to_kafka to 2025-06-06 00:38:00+00:00, run_after=2025-06-06 00:39:00+00:00
[2025-06-06T00:38:35.328+0000] {processor.py:183} INFO - Processing /opt/airflow/dags/pkapi_to_kafka_dag.py took 0.078 seconds
[2025-06-06T00:39:05.592+0000] {processor.py:161} INFO - Started process (PID=1116) to work on /opt/airflow/dags/pkapi_to_kafka_dag.py
[2025-06-06T00:39:05.592+0000] {processor.py:830} INFO - Processing file /opt/airflow/dags/pkapi_to_kafka_dag.py for tasks to queue
[2025-06-06T00:39:05.593+0000] {logging_mixin.py:188} INFO - [2025-06-06T00:39:05.593+0000] {dagbag.py:540} INFO - Filling up the DagBag from /opt/airflow/dags/pkapi_to_kafka_dag.py
[2025-06-06T00:39:05.605+0000] {processor.py:840} INFO - DAG(s) 'pokemon_partitioned_to_kafka' retrieved from /opt/airflow/dags/pkapi_to_kafka_dag.py
[2025-06-06T00:39:05.622+0000] {logging_mixin.py:188} INFO - [2025-06-06T00:39:05.622+0000] {dag.py:3096} INFO - Sync 1 DAGs
[2025-06-06T00:39:05.636+0000] {logging_mixin.py:188} INFO - [2025-06-06T00:39:05.636+0000] {dag.py:3954} INFO - Setting next_dagrun for pokemon_partitioned_to_kafka to 2025-06-06 00:39:00+00:00, run_after=2025-06-06 00:40:00+00:00
[2025-06-06T00:39:05.647+0000] {processor.py:183} INFO - Processing /opt/airflow/dags/pkapi_to_kafka_dag.py took 0.058 seconds
[2025-06-06T00:39:35.913+0000] {processor.py:161} INFO - Started process (PID=1126) to work on /opt/airflow/dags/pkapi_to_kafka_dag.py
[2025-06-06T00:39:35.914+0000] {processor.py:830} INFO - Processing file /opt/airflow/dags/pkapi_to_kafka_dag.py for tasks to queue
[2025-06-06T00:39:35.915+0000] {logging_mixin.py:188} INFO - [2025-06-06T00:39:35.914+0000] {dagbag.py:540} INFO - Filling up the DagBag from /opt/airflow/dags/pkapi_to_kafka_dag.py
[2025-06-06T00:39:35.926+0000] {processor.py:840} INFO - DAG(s) 'pokemon_partitioned_to_kafka' retrieved from /opt/airflow/dags/pkapi_to_kafka_dag.py
[2025-06-06T00:39:35.941+0000] {logging_mixin.py:188} INFO - [2025-06-06T00:39:35.941+0000] {dag.py:3096} INFO - Sync 1 DAGs
[2025-06-06T00:39:35.955+0000] {logging_mixin.py:188} INFO - [2025-06-06T00:39:35.955+0000] {dag.py:3954} INFO - Setting next_dagrun for pokemon_partitioned_to_kafka to 2025-06-06 00:39:00+00:00, run_after=2025-06-06 00:40:00+00:00
[2025-06-06T00:39:35.967+0000] {processor.py:183} INFO - Processing /opt/airflow/dags/pkapi_to_kafka_dag.py took 0.057 seconds
[2025-06-06T00:40:06.227+0000] {processor.py:161} INFO - Started process (PID=1142) to work on /opt/airflow/dags/pkapi_to_kafka_dag.py
[2025-06-06T00:40:06.228+0000] {processor.py:830} INFO - Processing file /opt/airflow/dags/pkapi_to_kafka_dag.py for tasks to queue
[2025-06-06T00:40:06.228+0000] {logging_mixin.py:188} INFO - [2025-06-06T00:40:06.228+0000] {dagbag.py:540} INFO - Filling up the DagBag from /opt/airflow/dags/pkapi_to_kafka_dag.py
[2025-06-06T00:40:06.239+0000] {processor.py:840} INFO - DAG(s) 'pokemon_partitioned_to_kafka' retrieved from /opt/airflow/dags/pkapi_to_kafka_dag.py
[2025-06-06T00:40:06.256+0000] {logging_mixin.py:188} INFO - [2025-06-06T00:40:06.256+0000] {dag.py:3096} INFO - Sync 1 DAGs
[2025-06-06T00:40:06.274+0000] {logging_mixin.py:188} INFO - [2025-06-06T00:40:06.274+0000] {dag.py:3954} INFO - Setting next_dagrun for pokemon_partitioned_to_kafka to 2025-06-06 00:40:00+00:00, run_after=2025-06-06 00:41:00+00:00
[2025-06-06T00:40:06.287+0000] {processor.py:183} INFO - Processing /opt/airflow/dags/pkapi_to_kafka_dag.py took 0.064 seconds
[2025-06-06T00:40:36.552+0000] {processor.py:161} INFO - Started process (PID=1152) to work on /opt/airflow/dags/pkapi_to_kafka_dag.py
[2025-06-06T00:40:36.553+0000] {processor.py:830} INFO - Processing file /opt/airflow/dags/pkapi_to_kafka_dag.py for tasks to queue
[2025-06-06T00:40:36.553+0000] {logging_mixin.py:188} INFO - [2025-06-06T00:40:36.553+0000] {dagbag.py:540} INFO - Filling up the DagBag from /opt/airflow/dags/pkapi_to_kafka_dag.py
[2025-06-06T00:40:36.567+0000] {processor.py:840} INFO - DAG(s) 'pokemon_partitioned_to_kafka' retrieved from /opt/airflow/dags/pkapi_to_kafka_dag.py
[2025-06-06T00:40:36.585+0000] {logging_mixin.py:188} INFO - [2025-06-06T00:40:36.585+0000] {dag.py:3096} INFO - Sync 1 DAGs
[2025-06-06T00:40:36.601+0000] {logging_mixin.py:188} INFO - [2025-06-06T00:40:36.601+0000] {dag.py:3954} INFO - Setting next_dagrun for pokemon_partitioned_to_kafka to 2025-06-06 00:40:00+00:00, run_after=2025-06-06 00:41:00+00:00
[2025-06-06T00:40:36.610+0000] {processor.py:183} INFO - Processing /opt/airflow/dags/pkapi_to_kafka_dag.py took 0.062 seconds
[2025-06-06T00:43:13.514+0000] {processor.py:161} INFO - Started process (PID=1168) to work on /opt/airflow/dags/pkapi_to_kafka_dag.py
[2025-06-06T00:43:13.514+0000] {processor.py:830} INFO - Processing file /opt/airflow/dags/pkapi_to_kafka_dag.py for tasks to queue
[2025-06-06T00:43:13.515+0000] {logging_mixin.py:188} INFO - [2025-06-06T00:43:13.515+0000] {dagbag.py:540} INFO - Filling up the DagBag from /opt/airflow/dags/pkapi_to_kafka_dag.py
[2025-06-06T00:43:13.526+0000] {processor.py:840} INFO - DAG(s) 'pokemon_partitioned_to_kafka' retrieved from /opt/airflow/dags/pkapi_to_kafka_dag.py
[2025-06-06T00:43:13.543+0000] {logging_mixin.py:188} INFO - [2025-06-06T00:43:13.543+0000] {dag.py:3096} INFO - Sync 1 DAGs
[2025-06-06T00:43:13.556+0000] {logging_mixin.py:188} INFO - [2025-06-06T00:43:13.556+0000] {dag.py:3954} INFO - Setting next_dagrun for pokemon_partitioned_to_kafka to 2025-06-06 00:42:00+00:00, run_after=2025-06-06 00:43:00+00:00
[2025-06-06T00:43:13.566+0000] {processor.py:183} INFO - Processing /opt/airflow/dags/pkapi_to_kafka_dag.py took 0.056 seconds
[2025-06-06T00:43:43.830+0000] {processor.py:161} INFO - Started process (PID=1185) to work on /opt/airflow/dags/pkapi_to_kafka_dag.py
[2025-06-06T00:43:43.831+0000] {processor.py:830} INFO - Processing file /opt/airflow/dags/pkapi_to_kafka_dag.py for tasks to queue
[2025-06-06T00:43:43.832+0000] {logging_mixin.py:188} INFO - [2025-06-06T00:43:43.831+0000] {dagbag.py:540} INFO - Filling up the DagBag from /opt/airflow/dags/pkapi_to_kafka_dag.py
[2025-06-06T00:43:43.845+0000] {processor.py:840} INFO - DAG(s) 'pokemon_partitioned_to_kafka' retrieved from /opt/airflow/dags/pkapi_to_kafka_dag.py
[2025-06-06T00:43:43.861+0000] {logging_mixin.py:188} INFO - [2025-06-06T00:43:43.861+0000] {dag.py:3096} INFO - Sync 1 DAGs
[2025-06-06T00:43:43.873+0000] {logging_mixin.py:188} INFO - [2025-06-06T00:43:43.873+0000] {dag.py:3954} INFO - Setting next_dagrun for pokemon_partitioned_to_kafka to 2025-06-06 00:43:00+00:00, run_after=2025-06-06 00:44:00+00:00
[2025-06-06T00:43:43.882+0000] {processor.py:183} INFO - Processing /opt/airflow/dags/pkapi_to_kafka_dag.py took 0.058 seconds
[2025-06-06T00:46:36.857+0000] {processor.py:161} INFO - Started process (PID=1205) to work on /opt/airflow/dags/pkapi_to_kafka_dag.py
[2025-06-06T00:46:36.858+0000] {processor.py:830} INFO - Processing file /opt/airflow/dags/pkapi_to_kafka_dag.py for tasks to queue
[2025-06-06T00:46:36.859+0000] {logging_mixin.py:188} INFO - [2025-06-06T00:46:36.858+0000] {dagbag.py:540} INFO - Filling up the DagBag from /opt/airflow/dags/pkapi_to_kafka_dag.py
[2025-06-06T00:46:36.876+0000] {processor.py:840} INFO - DAG(s) 'pokemon_partitioned_to_kafka' retrieved from /opt/airflow/dags/pkapi_to_kafka_dag.py
[2025-06-06T00:46:36.896+0000] {logging_mixin.py:188} INFO - [2025-06-06T00:46:36.896+0000] {dag.py:3096} INFO - Sync 1 DAGs
[2025-06-06T00:46:36.911+0000] {logging_mixin.py:188} INFO - [2025-06-06T00:46:36.911+0000] {dag.py:3954} INFO - Setting next_dagrun for pokemon_partitioned_to_kafka to 2025-06-06 00:46:00+00:00, run_after=2025-06-06 00:47:00+00:00
[2025-06-06T00:46:36.922+0000] {processor.py:183} INFO - Processing /opt/airflow/dags/pkapi_to_kafka_dag.py took 0.070 seconds
[2025-06-06T00:47:07.148+0000] {processor.py:161} INFO - Started process (PID=1229) to work on /opt/airflow/dags/pkapi_to_kafka_dag.py
[2025-06-06T00:47:07.149+0000] {processor.py:830} INFO - Processing file /opt/airflow/dags/pkapi_to_kafka_dag.py for tasks to queue
[2025-06-06T00:47:07.149+0000] {logging_mixin.py:188} INFO - [2025-06-06T00:47:07.149+0000] {dagbag.py:540} INFO - Filling up the DagBag from /opt/airflow/dags/pkapi_to_kafka_dag.py
[2025-06-06T00:47:07.159+0000] {processor.py:840} INFO - DAG(s) 'pokemon_partitioned_to_kafka' retrieved from /opt/airflow/dags/pkapi_to_kafka_dag.py
[2025-06-06T00:47:07.174+0000] {logging_mixin.py:188} INFO - [2025-06-06T00:47:07.174+0000] {dag.py:3096} INFO - Sync 1 DAGs
[2025-06-06T00:47:07.186+0000] {logging_mixin.py:188} INFO - [2025-06-06T00:47:07.186+0000] {dag.py:3954} INFO - Setting next_dagrun for pokemon_partitioned_to_kafka to 2025-06-06 00:47:00+00:00, run_after=2025-06-06 00:48:00+00:00
[2025-06-06T00:47:07.195+0000] {processor.py:183} INFO - Processing /opt/airflow/dags/pkapi_to_kafka_dag.py took 0.051 seconds
[2025-06-06T00:47:37.517+0000] {processor.py:161} INFO - Started process (PID=1239) to work on /opt/airflow/dags/pkapi_to_kafka_dag.py
[2025-06-06T00:47:37.518+0000] {processor.py:830} INFO - Processing file /opt/airflow/dags/pkapi_to_kafka_dag.py for tasks to queue
[2025-06-06T00:47:37.519+0000] {logging_mixin.py:188} INFO - [2025-06-06T00:47:37.518+0000] {dagbag.py:540} INFO - Filling up the DagBag from /opt/airflow/dags/pkapi_to_kafka_dag.py
[2025-06-06T00:47:37.530+0000] {processor.py:840} INFO - DAG(s) 'pokemon_partitioned_to_kafka' retrieved from /opt/airflow/dags/pkapi_to_kafka_dag.py
[2025-06-06T00:47:37.545+0000] {logging_mixin.py:188} INFO - [2025-06-06T00:47:37.545+0000] {dag.py:3096} INFO - Sync 1 DAGs
[2025-06-06T00:47:37.559+0000] {logging_mixin.py:188} INFO - [2025-06-06T00:47:37.559+0000] {dag.py:3954} INFO - Setting next_dagrun for pokemon_partitioned_to_kafka to 2025-06-06 00:47:00+00:00, run_after=2025-06-06 00:48:00+00:00
[2025-06-06T00:47:37.567+0000] {processor.py:183} INFO - Processing /opt/airflow/dags/pkapi_to_kafka_dag.py took 0.054 seconds
[2025-06-06T00:48:07.862+0000] {processor.py:161} INFO - Started process (PID=1255) to work on /opt/airflow/dags/pkapi_to_kafka_dag.py
[2025-06-06T00:48:07.863+0000] {processor.py:830} INFO - Processing file /opt/airflow/dags/pkapi_to_kafka_dag.py for tasks to queue
[2025-06-06T00:48:07.864+0000] {logging_mixin.py:188} INFO - [2025-06-06T00:48:07.863+0000] {dagbag.py:540} INFO - Filling up the DagBag from /opt/airflow/dags/pkapi_to_kafka_dag.py
[2025-06-06T00:48:07.876+0000] {processor.py:840} INFO - DAG(s) 'pokemon_partitioned_to_kafka' retrieved from /opt/airflow/dags/pkapi_to_kafka_dag.py
[2025-06-06T00:48:07.893+0000] {logging_mixin.py:188} INFO - [2025-06-06T00:48:07.893+0000] {dag.py:3096} INFO - Sync 1 DAGs
[2025-06-06T00:48:07.904+0000] {logging_mixin.py:188} INFO - [2025-06-06T00:48:07.904+0000] {dag.py:3954} INFO - Setting next_dagrun for pokemon_partitioned_to_kafka to 2025-06-06 00:48:00+00:00, run_after=2025-06-06 00:49:00+00:00
[2025-06-06T00:48:07.912+0000] {processor.py:183} INFO - Processing /opt/airflow/dags/pkapi_to_kafka_dag.py took 0.053 seconds
[2025-06-06T00:48:38.102+0000] {processor.py:161} INFO - Started process (PID=1265) to work on /opt/airflow/dags/pkapi_to_kafka_dag.py
[2025-06-06T00:48:38.102+0000] {processor.py:830} INFO - Processing file /opt/airflow/dags/pkapi_to_kafka_dag.py for tasks to queue
[2025-06-06T00:48:38.103+0000] {logging_mixin.py:188} INFO - [2025-06-06T00:48:38.103+0000] {dagbag.py:540} INFO - Filling up the DagBag from /opt/airflow/dags/pkapi_to_kafka_dag.py
[2025-06-06T00:48:38.115+0000] {processor.py:840} INFO - DAG(s) 'pokemon_partitioned_to_kafka' retrieved from /opt/airflow/dags/pkapi_to_kafka_dag.py
[2025-06-06T00:48:38.134+0000] {logging_mixin.py:188} INFO - [2025-06-06T00:48:38.134+0000] {dag.py:3096} INFO - Sync 1 DAGs
[2025-06-06T00:48:38.149+0000] {logging_mixin.py:188} INFO - [2025-06-06T00:48:38.149+0000] {dag.py:3954} INFO - Setting next_dagrun for pokemon_partitioned_to_kafka to 2025-06-06 00:48:00+00:00, run_after=2025-06-06 00:49:00+00:00
[2025-06-06T00:48:38.161+0000] {processor.py:183} INFO - Processing /opt/airflow/dags/pkapi_to_kafka_dag.py took 0.064 seconds
[2025-06-06T00:49:08.377+0000] {processor.py:161} INFO - Started process (PID=1281) to work on /opt/airflow/dags/pkapi_to_kafka_dag.py
[2025-06-06T00:49:08.378+0000] {processor.py:830} INFO - Processing file /opt/airflow/dags/pkapi_to_kafka_dag.py for tasks to queue
[2025-06-06T00:49:08.378+0000] {logging_mixin.py:188} INFO - [2025-06-06T00:49:08.378+0000] {dagbag.py:540} INFO - Filling up the DagBag from /opt/airflow/dags/pkapi_to_kafka_dag.py
[2025-06-06T00:49:08.392+0000] {processor.py:840} INFO - DAG(s) 'pokemon_partitioned_to_kafka' retrieved from /opt/airflow/dags/pkapi_to_kafka_dag.py
[2025-06-06T00:49:08.409+0000] {logging_mixin.py:188} INFO - [2025-06-06T00:49:08.409+0000] {dag.py:3096} INFO - Sync 1 DAGs
[2025-06-06T00:49:08.421+0000] {logging_mixin.py:188} INFO - [2025-06-06T00:49:08.421+0000] {dag.py:3954} INFO - Setting next_dagrun for pokemon_partitioned_to_kafka to 2025-06-06 00:49:00+00:00, run_after=2025-06-06 00:50:00+00:00
[2025-06-06T00:49:08.434+0000] {processor.py:183} INFO - Processing /opt/airflow/dags/pkapi_to_kafka_dag.py took 0.061 seconds
[2025-06-06T00:49:38.714+0000] {processor.py:161} INFO - Started process (PID=1291) to work on /opt/airflow/dags/pkapi_to_kafka_dag.py
[2025-06-06T00:49:38.715+0000] {processor.py:830} INFO - Processing file /opt/airflow/dags/pkapi_to_kafka_dag.py for tasks to queue
[2025-06-06T00:49:38.715+0000] {logging_mixin.py:188} INFO - [2025-06-06T00:49:38.715+0000] {dagbag.py:540} INFO - Filling up the DagBag from /opt/airflow/dags/pkapi_to_kafka_dag.py
[2025-06-06T00:49:38.725+0000] {processor.py:840} INFO - DAG(s) 'pokemon_partitioned_to_kafka' retrieved from /opt/airflow/dags/pkapi_to_kafka_dag.py
[2025-06-06T00:49:38.741+0000] {logging_mixin.py:188} INFO - [2025-06-06T00:49:38.741+0000] {dag.py:3096} INFO - Sync 1 DAGs
[2025-06-06T00:49:38.753+0000] {logging_mixin.py:188} INFO - [2025-06-06T00:49:38.753+0000] {dag.py:3954} INFO - Setting next_dagrun for pokemon_partitioned_to_kafka to 2025-06-06 00:49:00+00:00, run_after=2025-06-06 00:50:00+00:00
[2025-06-06T00:49:38.766+0000] {processor.py:183} INFO - Processing /opt/airflow/dags/pkapi_to_kafka_dag.py took 0.055 seconds
[2025-06-06T00:54:34.936+0000] {processor.py:161} INFO - Started process (PID=1307) to work on /opt/airflow/dags/pkapi_to_kafka_dag.py
[2025-06-06T00:54:34.936+0000] {processor.py:830} INFO - Processing file /opt/airflow/dags/pkapi_to_kafka_dag.py for tasks to queue
[2025-06-06T00:54:34.937+0000] {logging_mixin.py:188} INFO - [2025-06-06T00:54:34.937+0000] {dagbag.py:540} INFO - Filling up the DagBag from /opt/airflow/dags/pkapi_to_kafka_dag.py
[2025-06-06T00:54:34.951+0000] {processor.py:840} INFO - DAG(s) 'pokemon_partitioned_to_kafka' retrieved from /opt/airflow/dags/pkapi_to_kafka_dag.py
[2025-06-06T00:54:34.973+0000] {logging_mixin.py:188} INFO - [2025-06-06T00:54:34.973+0000] {dag.py:3096} INFO - Sync 1 DAGs
[2025-06-06T00:54:34.990+0000] {logging_mixin.py:188} INFO - [2025-06-06T00:54:34.989+0000] {dag.py:3954} INFO - Setting next_dagrun for pokemon_partitioned_to_kafka to 2025-06-06 00:53:00+00:00, run_after=2025-06-06 00:54:00+00:00
[2025-06-06T00:54:35.015+0000] {processor.py:183} INFO - Processing /opt/airflow/dags/pkapi_to_kafka_dag.py took 0.083 seconds
[2025-06-06T00:55:05.258+0000] {processor.py:161} INFO - Started process (PID=1337) to work on /opt/airflow/dags/pkapi_to_kafka_dag.py
[2025-06-06T00:55:05.259+0000] {processor.py:830} INFO - Processing file /opt/airflow/dags/pkapi_to_kafka_dag.py for tasks to queue
[2025-06-06T00:55:05.260+0000] {logging_mixin.py:188} INFO - [2025-06-06T00:55:05.259+0000] {dagbag.py:540} INFO - Filling up the DagBag from /opt/airflow/dags/pkapi_to_kafka_dag.py
[2025-06-06T00:55:05.276+0000] {processor.py:840} INFO - DAG(s) 'pokemon_partitioned_to_kafka' retrieved from /opt/airflow/dags/pkapi_to_kafka_dag.py
[2025-06-06T00:55:05.292+0000] {logging_mixin.py:188} INFO - [2025-06-06T00:55:05.292+0000] {dag.py:3096} INFO - Sync 1 DAGs
[2025-06-06T00:55:05.305+0000] {logging_mixin.py:188} INFO - [2025-06-06T00:55:05.304+0000] {dag.py:3954} INFO - Setting next_dagrun for pokemon_partitioned_to_kafka to 2025-06-06 00:55:00+00:00, run_after=2025-06-06 00:56:00+00:00
[2025-06-06T00:55:05.313+0000] {processor.py:183} INFO - Processing /opt/airflow/dags/pkapi_to_kafka_dag.py took 0.062 seconds
[2025-06-06T01:09:53.196+0000] {processor.py:161} INFO - Started process (PID=1359) to work on /opt/airflow/dags/pkapi_to_kafka_dag.py
[2025-06-06T01:09:53.196+0000] {processor.py:830} INFO - Processing file /opt/airflow/dags/pkapi_to_kafka_dag.py for tasks to queue
[2025-06-06T01:09:53.197+0000] {logging_mixin.py:188} INFO - [2025-06-06T01:09:53.197+0000] {dagbag.py:540} INFO - Filling up the DagBag from /opt/airflow/dags/pkapi_to_kafka_dag.py
[2025-06-06T01:09:53.209+0000] {processor.py:840} INFO - DAG(s) 'pokemon_partitioned_to_kafka' retrieved from /opt/airflow/dags/pkapi_to_kafka_dag.py
[2025-06-06T01:09:53.227+0000] {logging_mixin.py:188} INFO - [2025-06-06T01:09:53.227+0000] {dag.py:3096} INFO - Sync 1 DAGs
[2025-06-06T01:09:53.242+0000] {logging_mixin.py:188} INFO - [2025-06-06T01:09:53.242+0000] {dag.py:3954} INFO - Setting next_dagrun for pokemon_partitioned_to_kafka to 2025-06-06 01:09:00+00:00, run_after=2025-06-06 01:10:00+00:00
[2025-06-06T01:09:53.258+0000] {processor.py:183} INFO - Processing /opt/airflow/dags/pkapi_to_kafka_dag.py took 0.066 seconds
[2025-06-06T01:10:23.618+0000] {processor.py:161} INFO - Started process (PID=1375) to work on /opt/airflow/dags/pkapi_to_kafka_dag.py
[2025-06-06T01:10:23.619+0000] {processor.py:830} INFO - Processing file /opt/airflow/dags/pkapi_to_kafka_dag.py for tasks to queue
[2025-06-06T01:10:23.620+0000] {logging_mixin.py:188} INFO - [2025-06-06T01:10:23.620+0000] {dagbag.py:540} INFO - Filling up the DagBag from /opt/airflow/dags/pkapi_to_kafka_dag.py
[2025-06-06T01:10:23.643+0000] {processor.py:840} INFO - DAG(s) 'pokemon_partitioned_to_kafka' retrieved from /opt/airflow/dags/pkapi_to_kafka_dag.py
[2025-06-06T01:10:23.673+0000] {logging_mixin.py:188} INFO - [2025-06-06T01:10:23.673+0000] {dag.py:3096} INFO - Sync 1 DAGs
[2025-06-06T01:10:23.691+0000] {logging_mixin.py:188} INFO - [2025-06-06T01:10:23.691+0000] {dag.py:3954} INFO - Setting next_dagrun for pokemon_partitioned_to_kafka to 2025-06-06 01:10:00+00:00, run_after=2025-06-06 01:11:00+00:00
[2025-06-06T01:10:23.708+0000] {processor.py:183} INFO - Processing /opt/airflow/dags/pkapi_to_kafka_dag.py took 0.097 seconds
[2025-06-06T01:18:11.221+0000] {processor.py:161} INFO - Started process (PID=1385) to work on /opt/airflow/dags/pkapi_to_kafka_dag.py
[2025-06-06T01:18:11.222+0000] {processor.py:830} INFO - Processing file /opt/airflow/dags/pkapi_to_kafka_dag.py for tasks to queue
[2025-06-06T01:18:11.222+0000] {logging_mixin.py:188} INFO - [2025-06-06T01:18:11.222+0000] {dagbag.py:540} INFO - Filling up the DagBag from /opt/airflow/dags/pkapi_to_kafka_dag.py
[2025-06-06T01:18:11.234+0000] {processor.py:840} INFO - DAG(s) 'pokemon_partitioned_to_kafka' retrieved from /opt/airflow/dags/pkapi_to_kafka_dag.py
[2025-06-06T01:18:11.250+0000] {logging_mixin.py:188} INFO - [2025-06-06T01:18:11.250+0000] {dag.py:3096} INFO - Sync 1 DAGs
[2025-06-06T01:18:11.264+0000] {logging_mixin.py:188} INFO - [2025-06-06T01:18:11.264+0000] {dag.py:3954} INFO - Setting next_dagrun for pokemon_partitioned_to_kafka to 2025-06-06 01:17:00+00:00, run_after=2025-06-06 01:18:00+00:00
[2025-06-06T01:18:11.276+0000] {processor.py:183} INFO - Processing /opt/airflow/dags/pkapi_to_kafka_dag.py took 0.058 seconds
[2025-06-06T01:19:04.434+0000] {processor.py:161} INFO - Started process (PID=1402) to work on /opt/airflow/dags/pkapi_to_kafka_dag.py
[2025-06-06T01:19:04.435+0000] {processor.py:830} INFO - Processing file /opt/airflow/dags/pkapi_to_kafka_dag.py for tasks to queue
[2025-06-06T01:19:04.435+0000] {logging_mixin.py:188} INFO - [2025-06-06T01:19:04.435+0000] {dagbag.py:540} INFO - Filling up the DagBag from /opt/airflow/dags/pkapi_to_kafka_dag.py
[2025-06-06T01:19:04.447+0000] {processor.py:840} INFO - DAG(s) 'pokemon_partitioned_to_kafka' retrieved from /opt/airflow/dags/pkapi_to_kafka_dag.py
[2025-06-06T01:19:04.463+0000] {logging_mixin.py:188} INFO - [2025-06-06T01:19:04.463+0000] {dag.py:3096} INFO - Sync 1 DAGs
[2025-06-06T01:19:04.477+0000] {logging_mixin.py:188} INFO - [2025-06-06T01:19:04.477+0000] {dag.py:3954} INFO - Setting next_dagrun for pokemon_partitioned_to_kafka to 2025-06-06 01:19:00+00:00, run_after=2025-06-06 01:20:00+00:00
[2025-06-06T01:19:04.487+0000] {processor.py:183} INFO - Processing /opt/airflow/dags/pkapi_to_kafka_dag.py took 0.056 seconds
[2025-06-06T01:25:18.676+0000] {processor.py:161} INFO - Started process (PID=1417) to work on /opt/airflow/dags/pkapi_to_kafka_dag.py
[2025-06-06T01:25:18.676+0000] {processor.py:830} INFO - Processing file /opt/airflow/dags/pkapi_to_kafka_dag.py for tasks to queue
[2025-06-06T01:25:18.677+0000] {logging_mixin.py:188} INFO - [2025-06-06T01:25:18.677+0000] {dagbag.py:540} INFO - Filling up the DagBag from /opt/airflow/dags/pkapi_to_kafka_dag.py
[2025-06-06T01:25:18.689+0000] {processor.py:840} INFO - DAG(s) 'pokemon_partitioned_to_kafka' retrieved from /opt/airflow/dags/pkapi_to_kafka_dag.py
[2025-06-06T01:25:18.703+0000] {logging_mixin.py:188} INFO - [2025-06-06T01:25:18.703+0000] {dag.py:3096} INFO - Sync 1 DAGs
[2025-06-06T01:25:18.716+0000] {logging_mixin.py:188} INFO - [2025-06-06T01:25:18.716+0000] {dag.py:3954} INFO - Setting next_dagrun for pokemon_partitioned_to_kafka to 2025-06-06 01:24:00+00:00, run_after=2025-06-06 01:25:00+00:00
[2025-06-06T01:25:18.726+0000] {processor.py:183} INFO - Processing /opt/airflow/dags/pkapi_to_kafka_dag.py took 0.054 seconds
[2025-06-06T01:31:39.961+0000] {processor.py:161} INFO - Started process (PID=1439) to work on /opt/airflow/dags/pkapi_to_kafka_dag.py
[2025-06-06T01:31:39.962+0000] {processor.py:830} INFO - Processing file /opt/airflow/dags/pkapi_to_kafka_dag.py for tasks to queue
[2025-06-06T01:31:39.962+0000] {logging_mixin.py:188} INFO - [2025-06-06T01:31:39.962+0000] {dagbag.py:540} INFO - Filling up the DagBag from /opt/airflow/dags/pkapi_to_kafka_dag.py
[2025-06-06T01:31:39.975+0000] {processor.py:840} INFO - DAG(s) 'pokemon_partitioned_to_kafka' retrieved from /opt/airflow/dags/pkapi_to_kafka_dag.py
[2025-06-06T01:31:39.995+0000] {logging_mixin.py:188} INFO - [2025-06-06T01:31:39.995+0000] {dag.py:3096} INFO - Sync 1 DAGs
[2025-06-06T01:31:40.013+0000] {logging_mixin.py:188} INFO - [2025-06-06T01:31:40.013+0000] {dag.py:3954} INFO - Setting next_dagrun for pokemon_partitioned_to_kafka to 2025-06-06 01:31:00+00:00, run_after=2025-06-06 01:32:00+00:00
[2025-06-06T01:31:40.026+0000] {processor.py:183} INFO - Processing /opt/airflow/dags/pkapi_to_kafka_dag.py took 0.069 seconds
[2025-06-06T01:40:14.532+0000] {processor.py:161} INFO - Started process (PID=1463) to work on /opt/airflow/dags/pkapi_to_kafka_dag.py
[2025-06-06T01:40:14.533+0000] {processor.py:830} INFO - Processing file /opt/airflow/dags/pkapi_to_kafka_dag.py for tasks to queue
[2025-06-06T01:40:14.534+0000] {logging_mixin.py:188} INFO - [2025-06-06T01:40:14.534+0000] {dagbag.py:540} INFO - Filling up the DagBag from /opt/airflow/dags/pkapi_to_kafka_dag.py
[2025-06-06T01:40:14.546+0000] {processor.py:840} INFO - DAG(s) 'pokemon_partitioned_to_kafka' retrieved from /opt/airflow/dags/pkapi_to_kafka_dag.py
[2025-06-06T01:40:14.561+0000] {logging_mixin.py:188} INFO - [2025-06-06T01:40:14.561+0000] {dag.py:3096} INFO - Sync 1 DAGs
[2025-06-06T01:40:14.573+0000] {logging_mixin.py:188} INFO - [2025-06-06T01:40:14.573+0000] {dag.py:3954} INFO - Setting next_dagrun for pokemon_partitioned_to_kafka to 2025-06-06 01:39:00+00:00, run_after=2025-06-06 01:40:00+00:00
[2025-06-06T01:40:14.581+0000] {processor.py:183} INFO - Processing /opt/airflow/dags/pkapi_to_kafka_dag.py took 0.052 seconds
[2025-06-06T01:40:15.503+0000] {processor.py:161} INFO - Started process (PID=1479) to work on /opt/airflow/dags/pkapi_to_kafka_dag.py
[2025-06-06T01:40:15.504+0000] {processor.py:830} INFO - Processing file /opt/airflow/dags/pkapi_to_kafka_dag.py for tasks to queue
[2025-06-06T01:40:15.505+0000] {logging_mixin.py:188} INFO - [2025-06-06T01:40:15.504+0000] {dagbag.py:540} INFO - Filling up the DagBag from /opt/airflow/dags/pkapi_to_kafka_dag.py
[2025-06-06T01:40:15.519+0000] {processor.py:840} INFO - DAG(s) 'pokemon_partitioned_to_kafka' retrieved from /opt/airflow/dags/pkapi_to_kafka_dag.py
[2025-06-06T01:40:15.539+0000] {logging_mixin.py:188} INFO - [2025-06-06T01:40:15.539+0000] {taskinstance.py:2892} ERROR - {'DAG Id': 'pokemon_partitioned_to_kafka', 'Task Id': 'fetch_pokemon_and_send_partitioned_to_kafka', 'Run Id': 'scheduled__2025-06-06T01:31:00+00:00', 'Hostname': '856ef77f0083'}
[2025-06-06T01:40:15.556+0000] {logging_mixin.py:188} INFO - [2025-06-06T01:40:15.555+0000] {taskinstance.py:1205} INFO - Marking task as FAILED. dag_id=pokemon_partitioned_to_kafka, task_id=fetch_pokemon_and_send_partitioned_to_kafka, execution_date=20250606T013100, start_date=20250606T013200, end_date=20250606T014015
[2025-06-06T01:40:15.562+0000] {processor.py:791} INFO - Executed failure callback for <TaskInstance: pokemon_partitioned_to_kafka.fetch_pokemon_and_send_partitioned_to_kafka scheduled__2025-06-06T01:31:00+00:00 [failed]> in state failed
[2025-06-06T01:40:15.573+0000] {logging_mixin.py:188} INFO - [2025-06-06T01:40:15.573+0000] {dag.py:3096} INFO - Sync 1 DAGs
[2025-06-06T01:40:15.585+0000] {logging_mixin.py:188} INFO - [2025-06-06T01:40:15.585+0000] {dag.py:3954} INFO - Setting next_dagrun for pokemon_partitioned_to_kafka to 2025-06-06 01:40:00+00:00, run_after=2025-06-06 01:41:00+00:00
[2025-06-06T01:40:15.596+0000] {processor.py:183} INFO - Processing /opt/airflow/dags/pkapi_to_kafka_dag.py took 0.101 seconds
[2025-06-06T01:57:58.042+0000] {processor.py:161} INFO - Started process (PID=1484) to work on /opt/airflow/dags/pkapi_to_kafka_dag.py
[2025-06-06T01:57:58.043+0000] {processor.py:830} INFO - Processing file /opt/airflow/dags/pkapi_to_kafka_dag.py for tasks to queue
[2025-06-06T01:57:58.044+0000] {logging_mixin.py:188} INFO - [2025-06-06T01:57:58.044+0000] {dagbag.py:540} INFO - Filling up the DagBag from /opt/airflow/dags/pkapi_to_kafka_dag.py
[2025-06-06T01:57:58.063+0000] {processor.py:840} INFO - DAG(s) 'pokemon_partitioned_to_kafka' retrieved from /opt/airflow/dags/pkapi_to_kafka_dag.py
[2025-06-06T01:57:58.092+0000] {logging_mixin.py:188} INFO - [2025-06-06T01:57:58.092+0000] {dag.py:3096} INFO - Sync 1 DAGs
[2025-06-06T01:57:58.109+0000] {logging_mixin.py:188} INFO - [2025-06-06T01:57:58.109+0000] {dag.py:3954} INFO - Setting next_dagrun for pokemon_partitioned_to_kafka to 2025-06-06 01:56:00+00:00, run_after=2025-06-06 01:57:00+00:00
[2025-06-06T01:57:58.122+0000] {processor.py:183} INFO - Processing /opt/airflow/dags/pkapi_to_kafka_dag.py took 0.085 seconds
[2025-06-06T02:06:23.578+0000] {processor.py:161} INFO - Started process (PID=1518) to work on /opt/airflow/dags/pkapi_to_kafka_dag.py
[2025-06-06T02:06:23.580+0000] {processor.py:830} INFO - Processing file /opt/airflow/dags/pkapi_to_kafka_dag.py for tasks to queue
[2025-06-06T02:06:23.581+0000] {logging_mixin.py:188} INFO - [2025-06-06T02:06:23.581+0000] {dagbag.py:540} INFO - Filling up the DagBag from /opt/airflow/dags/pkapi_to_kafka_dag.py
[2025-06-06T02:06:23.598+0000] {processor.py:840} INFO - DAG(s) 'pokemon_partitioned_to_kafka' retrieved from /opt/airflow/dags/pkapi_to_kafka_dag.py
[2025-06-06T02:06:23.621+0000] {logging_mixin.py:188} INFO - [2025-06-06T02:06:23.621+0000] {dag.py:3096} INFO - Sync 1 DAGs
[2025-06-06T02:06:23.637+0000] {logging_mixin.py:188} INFO - [2025-06-06T02:06:23.637+0000] {dag.py:3954} INFO - Setting next_dagrun for pokemon_partitioned_to_kafka to 2025-06-06 02:06:00+00:00, run_after=2025-06-06 02:07:00+00:00
[2025-06-06T02:06:23.650+0000] {processor.py:183} INFO - Processing /opt/airflow/dags/pkapi_to_kafka_dag.py took 0.087 seconds
[2025-06-06T02:47:29.112+0000] {processor.py:161} INFO - Started process (PID=1528) to work on /opt/airflow/dags/pkapi_to_kafka_dag.py
[2025-06-06T02:47:29.113+0000] {processor.py:830} INFO - Processing file /opt/airflow/dags/pkapi_to_kafka_dag.py for tasks to queue
[2025-06-06T02:47:29.113+0000] {logging_mixin.py:188} INFO - [2025-06-06T02:47:29.113+0000] {dagbag.py:540} INFO - Filling up the DagBag from /opt/airflow/dags/pkapi_to_kafka_dag.py
[2025-06-06T02:47:29.123+0000] {processor.py:840} INFO - DAG(s) 'pokemon_partitioned_to_kafka' retrieved from /opt/airflow/dags/pkapi_to_kafka_dag.py
[2025-06-06T02:47:29.139+0000] {logging_mixin.py:188} INFO - [2025-06-06T02:47:29.139+0000] {dag.py:3096} INFO - Sync 1 DAGs
[2025-06-06T02:47:29.157+0000] {logging_mixin.py:188} INFO - [2025-06-06T02:47:29.157+0000] {dag.py:3954} INFO - Setting next_dagrun for pokemon_partitioned_to_kafka to 2025-06-06 02:46:00+00:00, run_after=2025-06-06 02:47:00+00:00
[2025-06-06T02:47:29.169+0000] {processor.py:183} INFO - Processing /opt/airflow/dags/pkapi_to_kafka_dag.py took 0.061 seconds
[2025-06-06T03:02:11.979+0000] {processor.py:161} INFO - Started process (PID=1558) to work on /opt/airflow/dags/pkapi_to_kafka_dag.py
[2025-06-06T03:02:11.984+0000] {processor.py:830} INFO - Processing file /opt/airflow/dags/pkapi_to_kafka_dag.py for tasks to queue
[2025-06-06T03:02:11.985+0000] {logging_mixin.py:188} INFO - [2025-06-06T03:02:11.985+0000] {dagbag.py:540} INFO - Filling up the DagBag from /opt/airflow/dags/pkapi_to_kafka_dag.py
[2025-06-06T03:02:12.005+0000] {processor.py:840} INFO - DAG(s) 'pokemon_partitioned_to_kafka' retrieved from /opt/airflow/dags/pkapi_to_kafka_dag.py
[2025-06-06T03:02:12.025+0000] {logging_mixin.py:188} INFO - [2025-06-06T03:02:12.025+0000] {dag.py:3096} INFO - Sync 1 DAGs
[2025-06-06T03:02:12.042+0000] {logging_mixin.py:188} INFO - [2025-06-06T03:02:12.042+0000] {dag.py:3954} INFO - Setting next_dagrun for pokemon_partitioned_to_kafka to 2025-06-06 03:02:00+00:00, run_after=2025-06-06 03:03:00+00:00
[2025-06-06T03:02:12.055+0000] {processor.py:183} INFO - Processing /opt/airflow/dags/pkapi_to_kafka_dag.py took 0.080 seconds
[2025-06-06T03:16:57.162+0000] {processor.py:161} INFO - Started process (PID=1580) to work on /opt/airflow/dags/pkapi_to_kafka_dag.py
[2025-06-06T03:16:57.163+0000] {processor.py:830} INFO - Processing file /opt/airflow/dags/pkapi_to_kafka_dag.py for tasks to queue
[2025-06-06T03:16:57.164+0000] {logging_mixin.py:188} INFO - [2025-06-06T03:16:57.164+0000] {dagbag.py:540} INFO - Filling up the DagBag from /opt/airflow/dags/pkapi_to_kafka_dag.py
[2025-06-06T03:16:57.181+0000] {processor.py:840} INFO - DAG(s) 'pokemon_partitioned_to_kafka' retrieved from /opt/airflow/dags/pkapi_to_kafka_dag.py
[2025-06-06T03:16:57.536+0000] {logging_mixin.py:188} INFO - [2025-06-06T03:16:57.535+0000] {dag.py:3096} INFO - Sync 1 DAGs
[2025-06-06T03:16:57.578+0000] {logging_mixin.py:188} INFO - [2025-06-06T03:16:57.577+0000] {dag.py:3954} INFO - Setting next_dagrun for pokemon_partitioned_to_kafka to 2025-06-06 03:16:00+00:00, run_after=2025-06-06 03:17:00+00:00
[2025-06-06T03:16:57.653+0000] {processor.py:183} INFO - Processing /opt/airflow/dags/pkapi_to_kafka_dag.py took 0.495 seconds
[2025-06-06T03:23:01.334+0000] {processor.py:161} INFO - Started process (PID=1596) to work on /opt/airflow/dags/pkapi_to_kafka_dag.py
[2025-06-06T03:23:01.336+0000] {processor.py:830} INFO - Processing file /opt/airflow/dags/pkapi_to_kafka_dag.py for tasks to queue
[2025-06-06T03:23:01.339+0000] {logging_mixin.py:188} INFO - [2025-06-06T03:23:01.338+0000] {dagbag.py:540} INFO - Filling up the DagBag from /opt/airflow/dags/pkapi_to_kafka_dag.py
[2025-06-06T03:23:01.384+0000] {processor.py:840} INFO - DAG(s) 'pokemon_partitioned_to_kafka' retrieved from /opt/airflow/dags/pkapi_to_kafka_dag.py
[2025-06-06T03:23:01.455+0000] {logging_mixin.py:188} INFO - [2025-06-06T03:23:01.455+0000] {dag.py:3096} INFO - Sync 1 DAGs
[2025-06-06T03:23:01.475+0000] {logging_mixin.py:188} INFO - [2025-06-06T03:23:01.475+0000] {dag.py:3954} INFO - Setting next_dagrun for pokemon_partitioned_to_kafka to 2025-06-06 03:23:00+00:00, run_after=2025-06-06 03:24:00+00:00
[2025-06-06T03:23:01.492+0000] {processor.py:183} INFO - Processing /opt/airflow/dags/pkapi_to_kafka_dag.py took 0.163 seconds
[2025-06-06T03:34:22.483+0000] {processor.py:161} INFO - Started process (PID=1620) to work on /opt/airflow/dags/pkapi_to_kafka_dag.py
[2025-06-06T03:34:22.484+0000] {processor.py:830} INFO - Processing file /opt/airflow/dags/pkapi_to_kafka_dag.py for tasks to queue
[2025-06-06T03:34:22.484+0000] {logging_mixin.py:188} INFO - [2025-06-06T03:34:22.484+0000] {dagbag.py:540} INFO - Filling up the DagBag from /opt/airflow/dags/pkapi_to_kafka_dag.py
[2025-06-06T03:34:22.495+0000] {processor.py:840} INFO - DAG(s) 'pokemon_partitioned_to_kafka' retrieved from /opt/airflow/dags/pkapi_to_kafka_dag.py
[2025-06-06T03:34:22.511+0000] {logging_mixin.py:188} INFO - [2025-06-06T03:34:22.510+0000] {dag.py:3096} INFO - Sync 1 DAGs
[2025-06-06T03:34:22.532+0000] {logging_mixin.py:188} INFO - [2025-06-06T03:34:22.531+0000] {dag.py:3954} INFO - Setting next_dagrun for pokemon_partitioned_to_kafka to 2025-06-06 03:33:00+00:00, run_after=2025-06-06 03:34:00+00:00
[2025-06-06T03:34:22.547+0000] {processor.py:183} INFO - Processing /opt/airflow/dags/pkapi_to_kafka_dag.py took 0.067 seconds
[2025-06-06T03:59:15.817+0000] {processor.py:161} INFO - Started process (PID=1636) to work on /opt/airflow/dags/pkapi_to_kafka_dag.py
[2025-06-06T03:59:15.818+0000] {processor.py:830} INFO - Processing file /opt/airflow/dags/pkapi_to_kafka_dag.py for tasks to queue
[2025-06-06T03:59:15.818+0000] {logging_mixin.py:188} INFO - [2025-06-06T03:59:15.818+0000] {dagbag.py:540} INFO - Filling up the DagBag from /opt/airflow/dags/pkapi_to_kafka_dag.py
[2025-06-06T03:59:15.831+0000] {processor.py:840} INFO - DAG(s) 'pokemon_partitioned_to_kafka' retrieved from /opt/airflow/dags/pkapi_to_kafka_dag.py
[2025-06-06T03:59:15.850+0000] {logging_mixin.py:188} INFO - [2025-06-06T03:59:15.850+0000] {dag.py:3096} INFO - Sync 1 DAGs
[2025-06-06T03:59:15.863+0000] {logging_mixin.py:188} INFO - [2025-06-06T03:59:15.863+0000] {dag.py:3954} INFO - Setting next_dagrun for pokemon_partitioned_to_kafka to 2025-06-06 03:58:00+00:00, run_after=2025-06-06 03:59:00+00:00
[2025-06-06T03:59:15.876+0000] {processor.py:183} INFO - Processing /opt/airflow/dags/pkapi_to_kafka_dag.py took 0.063 seconds
[2025-06-06T04:05:08.792+0000] {processor.py:161} INFO - Started process (PID=1652) to work on /opt/airflow/dags/pkapi_to_kafka_dag.py
[2025-06-06T04:05:08.793+0000] {processor.py:830} INFO - Processing file /opt/airflow/dags/pkapi_to_kafka_dag.py for tasks to queue
[2025-06-06T04:05:08.794+0000] {logging_mixin.py:188} INFO - [2025-06-06T04:05:08.793+0000] {dagbag.py:540} INFO - Filling up the DagBag from /opt/airflow/dags/pkapi_to_kafka_dag.py
[2025-06-06T04:05:08.806+0000] {processor.py:840} INFO - DAG(s) 'pokemon_partitioned_to_kafka' retrieved from /opt/airflow/dags/pkapi_to_kafka_dag.py
[2025-06-06T04:05:08.825+0000] {logging_mixin.py:188} INFO - [2025-06-06T04:05:08.825+0000] {dag.py:3096} INFO - Sync 1 DAGs
[2025-06-06T04:05:08.842+0000] {logging_mixin.py:188} INFO - [2025-06-06T04:05:08.842+0000] {dag.py:3954} INFO - Setting next_dagrun for pokemon_partitioned_to_kafka to 2025-06-06 04:04:00+00:00, run_after=2025-06-06 04:05:00+00:00
[2025-06-06T04:05:08.855+0000] {processor.py:183} INFO - Processing /opt/airflow/dags/pkapi_to_kafka_dag.py took 0.068 seconds
[2025-06-06T04:19:33.267+0000] {processor.py:161} INFO - Started process (PID=1670) to work on /opt/airflow/dags/pkapi_to_kafka_dag.py
[2025-06-06T04:19:33.270+0000] {processor.py:830} INFO - Processing file /opt/airflow/dags/pkapi_to_kafka_dag.py for tasks to queue
[2025-06-06T04:19:33.271+0000] {logging_mixin.py:188} INFO - [2025-06-06T04:19:33.271+0000] {dagbag.py:540} INFO - Filling up the DagBag from /opt/airflow/dags/pkapi_to_kafka_dag.py
[2025-06-06T04:19:33.298+0000] {processor.py:840} INFO - DAG(s) 'pokemon_partitioned_to_kafka' retrieved from /opt/airflow/dags/pkapi_to_kafka_dag.py
[2025-06-06T04:19:33.331+0000] {logging_mixin.py:188} INFO - [2025-06-06T04:19:33.331+0000] {dag.py:3096} INFO - Sync 1 DAGs
[2025-06-06T04:19:33.369+0000] {logging_mixin.py:188} INFO - [2025-06-06T04:19:33.369+0000] {dag.py:3954} INFO - Setting next_dagrun for pokemon_partitioned_to_kafka to 2025-06-06 04:19:00+00:00, run_after=2025-06-06 04:20:00+00:00
[2025-06-06T04:19:33.415+0000] {processor.py:183} INFO - Processing /opt/airflow/dags/pkapi_to_kafka_dag.py took 0.159 seconds
[2025-06-06T05:05:33.890+0000] {processor.py:161} INFO - Started process (PID=1700) to work on /opt/airflow/dags/pkapi_to_kafka_dag.py
[2025-06-06T05:05:33.891+0000] {processor.py:830} INFO - Processing file /opt/airflow/dags/pkapi_to_kafka_dag.py for tasks to queue
[2025-06-06T05:05:33.893+0000] {logging_mixin.py:188} INFO - [2025-06-06T05:05:33.892+0000] {dagbag.py:540} INFO - Filling up the DagBag from /opt/airflow/dags/pkapi_to_kafka_dag.py
[2025-06-06T05:05:33.910+0000] {processor.py:840} INFO - DAG(s) 'pokemon_partitioned_to_kafka' retrieved from /opt/airflow/dags/pkapi_to_kafka_dag.py
[2025-06-06T05:05:33.940+0000] {logging_mixin.py:188} INFO - [2025-06-06T05:05:33.940+0000] {dag.py:3096} INFO - Sync 1 DAGs
[2025-06-06T05:05:33.959+0000] {logging_mixin.py:188} INFO - [2025-06-06T05:05:33.959+0000] {dag.py:3954} INFO - Setting next_dagrun for pokemon_partitioned_to_kafka to 2025-06-06 05:05:00+00:00, run_after=2025-06-06 05:06:00+00:00
[2025-06-06T05:05:33.986+0000] {processor.py:183} INFO - Processing /opt/airflow/dags/pkapi_to_kafka_dag.py took 0.100 seconds
[2025-06-06T05:05:35.984+0000] {processor.py:161} INFO - Started process (PID=1720) to work on /opt/airflow/dags/pkapi_to_kafka_dag.py
[2025-06-06T05:05:35.984+0000] {processor.py:830} INFO - Processing file /opt/airflow/dags/pkapi_to_kafka_dag.py for tasks to queue
[2025-06-06T05:05:35.985+0000] {logging_mixin.py:188} INFO - [2025-06-06T05:05:35.985+0000] {dagbag.py:540} INFO - Filling up the DagBag from /opt/airflow/dags/pkapi_to_kafka_dag.py
[2025-06-06T05:05:35.995+0000] {processor.py:840} INFO - DAG(s) 'pokemon_partitioned_to_kafka' retrieved from /opt/airflow/dags/pkapi_to_kafka_dag.py
[2025-06-06T05:05:36.009+0000] {logging_mixin.py:188} INFO - [2025-06-06T05:05:36.008+0000] {taskinstance.py:2892} ERROR - {'DAG Id': 'pokemon_partitioned_to_kafka', 'Task Id': 'fetch_pokemon_and_send_partitioned_to_kafka', 'Run Id': 'scheduled__2025-06-06T04:19:00+00:00', 'Hostname': '856ef77f0083'}
[2025-06-06T05:05:36.019+0000] {logging_mixin.py:188} INFO - [2025-06-06T05:05:36.019+0000] {taskinstance.py:1205} INFO - Marking task as FAILED. dag_id=pokemon_partitioned_to_kafka, task_id=fetch_pokemon_and_send_partitioned_to_kafka, execution_date=20250606T041900, start_date=20250606T042000, end_date=20250606T050536
[2025-06-06T05:05:36.024+0000] {processor.py:791} INFO - Executed failure callback for <TaskInstance: pokemon_partitioned_to_kafka.fetch_pokemon_and_send_partitioned_to_kafka scheduled__2025-06-06T04:19:00+00:00 [failed]> in state failed
[2025-06-06T05:05:36.032+0000] {logging_mixin.py:188} INFO - [2025-06-06T05:05:36.032+0000] {dag.py:3096} INFO - Sync 1 DAGs
[2025-06-06T05:05:36.041+0000] {logging_mixin.py:188} INFO - [2025-06-06T05:05:36.041+0000] {dag.py:3954} INFO - Setting next_dagrun for pokemon_partitioned_to_kafka to 2025-06-06 05:05:00+00:00, run_after=2025-06-06 05:06:00+00:00
[2025-06-06T05:05:36.049+0000] {processor.py:183} INFO - Processing /opt/airflow/dags/pkapi_to_kafka_dag.py took 0.068 seconds
[2025-06-06T06:11:31.223+0000] {processor.py:161} INFO - Started process (PID=1739) to work on /opt/airflow/dags/pkapi_to_kafka_dag.py
[2025-06-06T06:11:31.224+0000] {processor.py:830} INFO - Processing file /opt/airflow/dags/pkapi_to_kafka_dag.py for tasks to queue
[2025-06-06T06:11:31.225+0000] {logging_mixin.py:188} INFO - [2025-06-06T06:11:31.224+0000] {dagbag.py:540} INFO - Filling up the DagBag from /opt/airflow/dags/pkapi_to_kafka_dag.py
[2025-06-06T06:11:31.237+0000] {processor.py:840} INFO - DAG(s) 'pokemon_partitioned_to_kafka' retrieved from /opt/airflow/dags/pkapi_to_kafka_dag.py
[2025-06-06T06:11:31.272+0000] {logging_mixin.py:188} INFO - [2025-06-06T06:11:31.272+0000] {dag.py:3096} INFO - Sync 1 DAGs
[2025-06-06T06:11:31.291+0000] {logging_mixin.py:188} INFO - [2025-06-06T06:11:31.291+0000] {dag.py:3954} INFO - Setting next_dagrun for pokemon_partitioned_to_kafka to 2025-06-06 06:11:00+00:00, run_after=2025-06-06 06:12:00+00:00
[2025-06-06T06:11:31.305+0000] {processor.py:183} INFO - Processing /opt/airflow/dags/pkapi_to_kafka_dag.py took 0.085 seconds
[2025-06-06T06:47:42.603+0000] {processor.py:161} INFO - Started process (PID=1759) to work on /opt/airflow/dags/pkapi_to_kafka_dag.py
[2025-06-06T06:47:42.604+0000] {processor.py:830} INFO - Processing file /opt/airflow/dags/pkapi_to_kafka_dag.py for tasks to queue
[2025-06-06T06:47:42.604+0000] {logging_mixin.py:188} INFO - [2025-06-06T06:47:42.604+0000] {dagbag.py:540} INFO - Filling up the DagBag from /opt/airflow/dags/pkapi_to_kafka_dag.py
[2025-06-06T06:47:42.621+0000] {processor.py:840} INFO - DAG(s) 'pokemon_partitioned_to_kafka' retrieved from /opt/airflow/dags/pkapi_to_kafka_dag.py
[2025-06-06T06:47:42.641+0000] {logging_mixin.py:188} INFO - [2025-06-06T06:47:42.641+0000] {dag.py:3096} INFO - Sync 1 DAGs
[2025-06-06T06:47:42.655+0000] {logging_mixin.py:188} INFO - [2025-06-06T06:47:42.655+0000] {dag.py:3954} INFO - Setting next_dagrun for pokemon_partitioned_to_kafka to 2025-06-06 06:46:00+00:00, run_after=2025-06-06 06:47:00+00:00
[2025-06-06T06:47:42.674+0000] {processor.py:183} INFO - Processing /opt/airflow/dags/pkapi_to_kafka_dag.py took 0.074 seconds
[2025-06-06T06:47:45.387+0000] {processor.py:161} INFO - Started process (PID=1775) to work on /opt/airflow/dags/pkapi_to_kafka_dag.py
[2025-06-06T06:47:45.387+0000] {processor.py:830} INFO - Processing file /opt/airflow/dags/pkapi_to_kafka_dag.py for tasks to queue
[2025-06-06T06:47:45.388+0000] {logging_mixin.py:188} INFO - [2025-06-06T06:47:45.388+0000] {dagbag.py:540} INFO - Filling up the DagBag from /opt/airflow/dags/pkapi_to_kafka_dag.py
[2025-06-06T06:47:45.398+0000] {processor.py:840} INFO - DAG(s) 'pokemon_partitioned_to_kafka' retrieved from /opt/airflow/dags/pkapi_to_kafka_dag.py
[2025-06-06T06:47:45.412+0000] {logging_mixin.py:188} INFO - [2025-06-06T06:47:45.412+0000] {taskinstance.py:2892} ERROR - {'DAG Id': 'pokemon_partitioned_to_kafka', 'Task Id': 'fetch_pokemon_and_send_partitioned_to_kafka', 'Run Id': 'scheduled__2025-06-06T06:11:00+00:00', 'Hostname': '856ef77f0083'}
[2025-06-06T06:47:45.421+0000] {logging_mixin.py:188} INFO - [2025-06-06T06:47:45.421+0000] {taskinstance.py:1205} INFO - Marking task as FAILED. dag_id=pokemon_partitioned_to_kafka, task_id=fetch_pokemon_and_send_partitioned_to_kafka, execution_date=20250606T061100, start_date=20250606T061200, end_date=20250606T064745
[2025-06-06T06:47:45.426+0000] {processor.py:791} INFO - Executed failure callback for <TaskInstance: pokemon_partitioned_to_kafka.fetch_pokemon_and_send_partitioned_to_kafka scheduled__2025-06-06T06:11:00+00:00 [failed]> in state failed
[2025-06-06T06:47:45.433+0000] {logging_mixin.py:188} INFO - [2025-06-06T06:47:45.433+0000] {dag.py:3096} INFO - Sync 1 DAGs
[2025-06-06T06:47:45.442+0000] {logging_mixin.py:188} INFO - [2025-06-06T06:47:45.442+0000] {dag.py:3954} INFO - Setting next_dagrun for pokemon_partitioned_to_kafka to 2025-06-06 06:47:00+00:00, run_after=2025-06-06 06:48:00+00:00
[2025-06-06T06:47:45.449+0000] {processor.py:183} INFO - Processing /opt/airflow/dags/pkapi_to_kafka_dag.py took 0.066 seconds
[2025-06-06T07:06:52.935+0000] {processor.py:161} INFO - Started process (PID=1786) to work on /opt/airflow/dags/pkapi_to_kafka_dag.py
[2025-06-06T07:06:52.935+0000] {processor.py:830} INFO - Processing file /opt/airflow/dags/pkapi_to_kafka_dag.py for tasks to queue
[2025-06-06T07:06:52.936+0000] {logging_mixin.py:188} INFO - [2025-06-06T07:06:52.936+0000] {dagbag.py:540} INFO - Filling up the DagBag from /opt/airflow/dags/pkapi_to_kafka_dag.py
[2025-06-06T07:06:52.947+0000] {processor.py:840} INFO - DAG(s) 'pokemon_partitioned_to_kafka' retrieved from /opt/airflow/dags/pkapi_to_kafka_dag.py
[2025-06-06T07:06:52.965+0000] {logging_mixin.py:188} INFO - [2025-06-06T07:06:52.965+0000] {dag.py:3096} INFO - Sync 1 DAGs
[2025-06-06T07:06:52.980+0000] {logging_mixin.py:188} INFO - [2025-06-06T07:06:52.980+0000] {dag.py:3954} INFO - Setting next_dagrun for pokemon_partitioned_to_kafka to 2025-06-06 07:05:00+00:00, run_after=2025-06-06 07:06:00+00:00
[2025-06-06T07:06:52.994+0000] {processor.py:183} INFO - Processing /opt/airflow/dags/pkapi_to_kafka_dag.py took 0.063 seconds
[2025-06-06T07:56:00.338+0000] {processor.py:161} INFO - Started process (PID=1811) to work on /opt/airflow/dags/pkapi_to_kafka_dag.py
[2025-06-06T07:56:00.340+0000] {processor.py:830} INFO - Processing file /opt/airflow/dags/pkapi_to_kafka_dag.py for tasks to queue
[2025-06-06T07:56:00.341+0000] {logging_mixin.py:188} INFO - [2025-06-06T07:56:00.340+0000] {dagbag.py:540} INFO - Filling up the DagBag from /opt/airflow/dags/pkapi_to_kafka_dag.py
[2025-06-06T07:56:00.366+0000] {processor.py:840} INFO - DAG(s) 'pokemon_partitioned_to_kafka' retrieved from /opt/airflow/dags/pkapi_to_kafka_dag.py
[2025-06-06T07:56:00.403+0000] {logging_mixin.py:188} INFO - [2025-06-06T07:56:00.403+0000] {dag.py:3096} INFO - Sync 1 DAGs
[2025-06-06T07:56:00.423+0000] {logging_mixin.py:188} INFO - [2025-06-06T07:56:00.423+0000] {dag.py:3954} INFO - Setting next_dagrun for pokemon_partitioned_to_kafka to 2025-06-06 07:56:00+00:00, run_after=2025-06-06 07:57:00+00:00
[2025-06-06T07:56:00.447+0000] {processor.py:183} INFO - Processing /opt/airflow/dags/pkapi_to_kafka_dag.py took 0.118 seconds
[2025-06-06T09:03:24.658+0000] {processor.py:161} INFO - Started process (PID=1832) to work on /opt/airflow/dags/pkapi_to_kafka_dag.py
[2025-06-06T09:03:24.658+0000] {processor.py:830} INFO - Processing file /opt/airflow/dags/pkapi_to_kafka_dag.py for tasks to queue
[2025-06-06T09:03:24.659+0000] {logging_mixin.py:188} INFO - [2025-06-06T09:03:24.659+0000] {dagbag.py:540} INFO - Filling up the DagBag from /opt/airflow/dags/pkapi_to_kafka_dag.py
[2025-06-06T09:03:24.677+0000] {processor.py:840} INFO - DAG(s) 'pokemon_partitioned_to_kafka' retrieved from /opt/airflow/dags/pkapi_to_kafka_dag.py
[2025-06-06T09:03:24.700+0000] {logging_mixin.py:188} INFO - [2025-06-06T09:03:24.700+0000] {dag.py:3096} INFO - Sync 1 DAGs
[2025-06-06T09:03:24.719+0000] {logging_mixin.py:188} INFO - [2025-06-06T09:03:24.719+0000] {dag.py:3954} INFO - Setting next_dagrun for pokemon_partitioned_to_kafka to 2025-06-06 09:02:00+00:00, run_after=2025-06-06 09:03:00+00:00
[2025-06-06T09:03:24.735+0000] {processor.py:183} INFO - Processing /opt/airflow/dags/pkapi_to_kafka_dag.py took 0.082 seconds
[2025-06-06T09:37:39.840+0000] {processor.py:161} INFO - Started process (PID=1850) to work on /opt/airflow/dags/pkapi_to_kafka_dag.py
[2025-06-06T09:37:39.841+0000] {processor.py:830} INFO - Processing file /opt/airflow/dags/pkapi_to_kafka_dag.py for tasks to queue
[2025-06-06T09:37:39.841+0000] {logging_mixin.py:188} INFO - [2025-06-06T09:37:39.841+0000] {dagbag.py:540} INFO - Filling up the DagBag from /opt/airflow/dags/pkapi_to_kafka_dag.py
[2025-06-06T09:37:39.851+0000] {processor.py:840} INFO - DAG(s) 'pokemon_partitioned_to_kafka' retrieved from /opt/airflow/dags/pkapi_to_kafka_dag.py
[2025-06-06T09:37:39.866+0000] {logging_mixin.py:188} INFO - [2025-06-06T09:37:39.866+0000] {dag.py:3096} INFO - Sync 1 DAGs
[2025-06-06T09:37:39.879+0000] {logging_mixin.py:188} INFO - [2025-06-06T09:37:39.879+0000] {dag.py:3954} INFO - Setting next_dagrun for pokemon_partitioned_to_kafka to 2025-06-06 09:37:00+00:00, run_after=2025-06-06 09:38:00+00:00
[2025-06-06T09:37:39.888+0000] {processor.py:183} INFO - Processing /opt/airflow/dags/pkapi_to_kafka_dag.py took 0.052 seconds
[2025-06-06T09:47:49.746+0000] {processor.py:161} INFO - Started process (PID=1878) to work on /opt/airflow/dags/pkapi_to_kafka_dag.py
[2025-06-06T09:47:49.746+0000] {processor.py:830} INFO - Processing file /opt/airflow/dags/pkapi_to_kafka_dag.py for tasks to queue
[2025-06-06T09:47:49.747+0000] {logging_mixin.py:188} INFO - [2025-06-06T09:47:49.747+0000] {dagbag.py:540} INFO - Filling up the DagBag from /opt/airflow/dags/pkapi_to_kafka_dag.py
[2025-06-06T09:47:49.763+0000] {processor.py:840} INFO - DAG(s) 'pokemon_partitioned_to_kafka' retrieved from /opt/airflow/dags/pkapi_to_kafka_dag.py
[2025-06-06T09:47:49.778+0000] {logging_mixin.py:188} INFO - [2025-06-06T09:47:49.778+0000] {dag.py:3096} INFO - Sync 1 DAGs
[2025-06-06T09:47:49.791+0000] {logging_mixin.py:188} INFO - [2025-06-06T09:47:49.790+0000] {dag.py:3954} INFO - Setting next_dagrun for pokemon_partitioned_to_kafka to 2025-06-06 09:47:00+00:00, run_after=2025-06-06 09:48:00+00:00
[2025-06-06T09:47:49.800+0000] {processor.py:183} INFO - Processing /opt/airflow/dags/pkapi_to_kafka_dag.py took 0.057 seconds
[2025-06-06T09:48:20.068+0000] {processor.py:161} INFO - Started process (PID=1904) to work on /opt/airflow/dags/pkapi_to_kafka_dag.py
[2025-06-06T09:48:20.070+0000] {processor.py:830} INFO - Processing file /opt/airflow/dags/pkapi_to_kafka_dag.py for tasks to queue
[2025-06-06T09:48:20.071+0000] {logging_mixin.py:188} INFO - [2025-06-06T09:48:20.071+0000] {dagbag.py:540} INFO - Filling up the DagBag from /opt/airflow/dags/pkapi_to_kafka_dag.py
[2025-06-06T09:48:20.085+0000] {processor.py:840} INFO - DAG(s) 'pokemon_partitioned_to_kafka' retrieved from /opt/airflow/dags/pkapi_to_kafka_dag.py
[2025-06-06T09:48:20.106+0000] {logging_mixin.py:188} INFO - [2025-06-06T09:48:20.106+0000] {dag.py:3096} INFO - Sync 1 DAGs
[2025-06-06T09:48:20.119+0000] {logging_mixin.py:188} INFO - [2025-06-06T09:48:20.119+0000] {dag.py:3954} INFO - Setting next_dagrun for pokemon_partitioned_to_kafka to 2025-06-06 09:48:00+00:00, run_after=2025-06-06 09:49:00+00:00
[2025-06-06T09:48:20.132+0000] {processor.py:183} INFO - Processing /opt/airflow/dags/pkapi_to_kafka_dag.py took 0.070 seconds
[2025-06-06T10:22:02.963+0000] {processor.py:161} INFO - Started process (PID=1914) to work on /opt/airflow/dags/pkapi_to_kafka_dag.py
[2025-06-06T10:22:02.963+0000] {processor.py:830} INFO - Processing file /opt/airflow/dags/pkapi_to_kafka_dag.py for tasks to queue
[2025-06-06T10:22:02.964+0000] {logging_mixin.py:188} INFO - [2025-06-06T10:22:02.964+0000] {dagbag.py:540} INFO - Filling up the DagBag from /opt/airflow/dags/pkapi_to_kafka_dag.py
[2025-06-06T10:22:02.980+0000] {processor.py:840} INFO - DAG(s) 'pokemon_partitioned_to_kafka' retrieved from /opt/airflow/dags/pkapi_to_kafka_dag.py
[2025-06-06T10:22:03.005+0000] {logging_mixin.py:188} INFO - [2025-06-06T10:22:03.004+0000] {dag.py:3096} INFO - Sync 1 DAGs
[2025-06-06T10:22:03.024+0000] {logging_mixin.py:188} INFO - [2025-06-06T10:22:03.024+0000] {dag.py:3954} INFO - Setting next_dagrun for pokemon_partitioned_to_kafka to 2025-06-06 10:21:00+00:00, run_after=2025-06-06 10:22:00+00:00
[2025-06-06T10:22:03.041+0000] {processor.py:183} INFO - Processing /opt/airflow/dags/pkapi_to_kafka_dag.py took 0.083 seconds
[2025-06-06T10:22:33.302+0000] {processor.py:161} INFO - Started process (PID=1930) to work on /opt/airflow/dags/pkapi_to_kafka_dag.py
[2025-06-06T10:22:33.302+0000] {processor.py:830} INFO - Processing file /opt/airflow/dags/pkapi_to_kafka_dag.py for tasks to queue
[2025-06-06T10:22:33.303+0000] {logging_mixin.py:188} INFO - [2025-06-06T10:22:33.303+0000] {dagbag.py:540} INFO - Filling up the DagBag from /opt/airflow/dags/pkapi_to_kafka_dag.py
[2025-06-06T10:22:33.312+0000] {processor.py:840} INFO - DAG(s) 'pokemon_partitioned_to_kafka' retrieved from /opt/airflow/dags/pkapi_to_kafka_dag.py
[2025-06-06T10:22:33.328+0000] {logging_mixin.py:188} INFO - [2025-06-06T10:22:33.328+0000] {dag.py:3096} INFO - Sync 1 DAGs
[2025-06-06T10:22:33.340+0000] {logging_mixin.py:188} INFO - [2025-06-06T10:22:33.340+0000] {dag.py:3954} INFO - Setting next_dagrun for pokemon_partitioned_to_kafka to 2025-06-06 10:22:00+00:00, run_after=2025-06-06 10:23:00+00:00
[2025-06-06T10:22:33.351+0000] {processor.py:183} INFO - Processing /opt/airflow/dags/pkapi_to_kafka_dag.py took 0.052 seconds
[2025-06-06T10:59:17.616+0000] {processor.py:161} INFO - Started process (PID=1946) to work on /opt/airflow/dags/pkapi_to_kafka_dag.py
[2025-06-06T10:59:17.617+0000] {processor.py:830} INFO - Processing file /opt/airflow/dags/pkapi_to_kafka_dag.py for tasks to queue
[2025-06-06T10:59:17.618+0000] {logging_mixin.py:188} INFO - [2025-06-06T10:59:17.617+0000] {dagbag.py:540} INFO - Filling up the DagBag from /opt/airflow/dags/pkapi_to_kafka_dag.py
[2025-06-06T10:59:17.628+0000] {processor.py:840} INFO - DAG(s) 'pokemon_partitioned_to_kafka' retrieved from /opt/airflow/dags/pkapi_to_kafka_dag.py
[2025-06-06T10:59:17.646+0000] {logging_mixin.py:188} INFO - [2025-06-06T10:59:17.646+0000] {dag.py:3096} INFO - Sync 1 DAGs
[2025-06-06T10:59:17.662+0000] {logging_mixin.py:188} INFO - [2025-06-06T10:59:17.662+0000] {dag.py:3954} INFO - Setting next_dagrun for pokemon_partitioned_to_kafka to 2025-06-06 10:58:00+00:00, run_after=2025-06-06 10:59:00+00:00
[2025-06-06T10:59:17.674+0000] {processor.py:183} INFO - Processing /opt/airflow/dags/pkapi_to_kafka_dag.py took 0.061 seconds
[2025-06-06T11:19:38.986+0000] {processor.py:161} INFO - Started process (PID=1963) to work on /opt/airflow/dags/pkapi_to_kafka_dag.py
[2025-06-06T11:19:38.987+0000] {processor.py:830} INFO - Processing file /opt/airflow/dags/pkapi_to_kafka_dag.py for tasks to queue
[2025-06-06T11:19:38.987+0000] {logging_mixin.py:188} INFO - [2025-06-06T11:19:38.987+0000] {dagbag.py:540} INFO - Filling up the DagBag from /opt/airflow/dags/pkapi_to_kafka_dag.py
[2025-06-06T11:19:39.005+0000] {processor.py:840} INFO - DAG(s) 'pokemon_partitioned_to_kafka' retrieved from /opt/airflow/dags/pkapi_to_kafka_dag.py
[2025-06-06T11:19:39.024+0000] {logging_mixin.py:188} INFO - [2025-06-06T11:19:39.024+0000] {dag.py:3096} INFO - Sync 1 DAGs
[2025-06-06T11:19:39.042+0000] {logging_mixin.py:188} INFO - [2025-06-06T11:19:39.042+0000] {dag.py:3954} INFO - Setting next_dagrun for pokemon_partitioned_to_kafka to 2025-06-06 11:18:00+00:00, run_after=2025-06-06 11:19:00+00:00
[2025-06-06T11:19:39.057+0000] {processor.py:183} INFO - Processing /opt/airflow/dags/pkapi_to_kafka_dag.py took 0.074 seconds
[2025-06-06T11:48:05.884+0000] {processor.py:161} INFO - Started process (PID=1985) to work on /opt/airflow/dags/pkapi_to_kafka_dag.py
[2025-06-06T11:48:05.886+0000] {processor.py:830} INFO - Processing file /opt/airflow/dags/pkapi_to_kafka_dag.py for tasks to queue
[2025-06-06T11:48:05.888+0000] {logging_mixin.py:188} INFO - [2025-06-06T11:48:05.887+0000] {dagbag.py:540} INFO - Filling up the DagBag from /opt/airflow/dags/pkapi_to_kafka_dag.py
[2025-06-06T11:48:05.913+0000] {processor.py:840} INFO - DAG(s) 'pokemon_partitioned_to_kafka' retrieved from /opt/airflow/dags/pkapi_to_kafka_dag.py
[2025-06-06T11:48:05.979+0000] {logging_mixin.py:188} INFO - [2025-06-06T11:48:05.978+0000] {dag.py:3096} INFO - Sync 1 DAGs
[2025-06-06T11:48:05.996+0000] {logging_mixin.py:188} INFO - [2025-06-06T11:48:05.996+0000] {dag.py:3954} INFO - Setting next_dagrun for pokemon_partitioned_to_kafka to 2025-06-06 11:47:00+00:00, run_after=2025-06-06 11:48:00+00:00
[2025-06-06T11:48:06.019+0000] {processor.py:183} INFO - Processing /opt/airflow/dags/pkapi_to_kafka_dag.py took 0.140 seconds
[2025-06-06T13:11:37.227+0000] {processor.py:161} INFO - Started process (PID=2001) to work on /opt/airflow/dags/pkapi_to_kafka_dag.py
[2025-06-06T13:11:37.228+0000] {processor.py:830} INFO - Processing file /opt/airflow/dags/pkapi_to_kafka_dag.py for tasks to queue
[2025-06-06T13:11:37.229+0000] {logging_mixin.py:188} INFO - [2025-06-06T13:11:37.229+0000] {dagbag.py:540} INFO - Filling up the DagBag from /opt/airflow/dags/pkapi_to_kafka_dag.py
[2025-06-06T13:11:37.239+0000] {processor.py:840} INFO - DAG(s) 'pokemon_partitioned_to_kafka' retrieved from /opt/airflow/dags/pkapi_to_kafka_dag.py
[2025-06-06T13:11:37.254+0000] {logging_mixin.py:188} INFO - [2025-06-06T13:11:37.254+0000] {dag.py:3096} INFO - Sync 1 DAGs
[2025-06-06T13:11:37.266+0000] {logging_mixin.py:188} INFO - [2025-06-06T13:11:37.266+0000] {dag.py:3954} INFO - Setting next_dagrun for pokemon_partitioned_to_kafka to 2025-06-06 13:10:00+00:00, run_after=2025-06-06 13:11:00+00:00
[2025-06-06T13:11:37.280+0000] {processor.py:183} INFO - Processing /opt/airflow/dags/pkapi_to_kafka_dag.py took 0.056 seconds
[2025-06-06T13:49:57.368+0000] {processor.py:161} INFO - Started process (PID=2035) to work on /opt/airflow/dags/pkapi_to_kafka_dag.py
[2025-06-06T13:49:57.369+0000] {processor.py:830} INFO - Processing file /opt/airflow/dags/pkapi_to_kafka_dag.py for tasks to queue
[2025-06-06T13:49:57.370+0000] {logging_mixin.py:188} INFO - [2025-06-06T13:49:57.370+0000] {dagbag.py:540} INFO - Filling up the DagBag from /opt/airflow/dags/pkapi_to_kafka_dag.py
[2025-06-06T13:49:57.382+0000] {processor.py:840} INFO - DAG(s) 'pokemon_partitioned_to_kafka' retrieved from /opt/airflow/dags/pkapi_to_kafka_dag.py
[2025-06-06T13:49:57.400+0000] {logging_mixin.py:188} INFO - [2025-06-06T13:49:57.400+0000] {dag.py:3096} INFO - Sync 1 DAGs
[2025-06-06T13:49:57.417+0000] {logging_mixin.py:188} INFO - [2025-06-06T13:49:57.416+0000] {dag.py:3954} INFO - Setting next_dagrun for pokemon_partitioned_to_kafka to 2025-06-06 13:49:00+00:00, run_after=2025-06-06 13:50:00+00:00
[2025-06-06T13:49:57.434+0000] {processor.py:183} INFO - Processing /opt/airflow/dags/pkapi_to_kafka_dag.py took 0.069 seconds
[2025-06-06T14:07:16.198+0000] {processor.py:161} INFO - Started process (PID=2051) to work on /opt/airflow/dags/pkapi_to_kafka_dag.py
[2025-06-06T14:07:16.199+0000] {processor.py:830} INFO - Processing file /opt/airflow/dags/pkapi_to_kafka_dag.py for tasks to queue
[2025-06-06T14:07:16.199+0000] {logging_mixin.py:188} INFO - [2025-06-06T14:07:16.199+0000] {dagbag.py:540} INFO - Filling up the DagBag from /opt/airflow/dags/pkapi_to_kafka_dag.py
[2025-06-06T14:07:16.213+0000] {processor.py:840} INFO - DAG(s) 'pokemon_partitioned_to_kafka' retrieved from /opt/airflow/dags/pkapi_to_kafka_dag.py
[2025-06-06T14:07:16.238+0000] {logging_mixin.py:188} INFO - [2025-06-06T14:07:16.238+0000] {dag.py:3096} INFO - Sync 1 DAGs
[2025-06-06T14:07:16.254+0000] {logging_mixin.py:188} INFO - [2025-06-06T14:07:16.253+0000] {dag.py:3954} INFO - Setting next_dagrun for pokemon_partitioned_to_kafka to 2025-06-06 14:06:00+00:00, run_after=2025-06-06 14:07:00+00:00
[2025-06-06T14:07:16.268+0000] {processor.py:183} INFO - Processing /opt/airflow/dags/pkapi_to_kafka_dag.py took 0.074 seconds
[2025-06-06T14:36:55.512+0000] {processor.py:161} INFO - Started process (PID=2071) to work on /opt/airflow/dags/pkapi_to_kafka_dag.py
[2025-06-06T14:36:55.514+0000] {processor.py:830} INFO - Processing file /opt/airflow/dags/pkapi_to_kafka_dag.py for tasks to queue
[2025-06-06T14:36:55.517+0000] {logging_mixin.py:188} INFO - [2025-06-06T14:36:55.516+0000] {dagbag.py:540} INFO - Filling up the DagBag from /opt/airflow/dags/pkapi_to_kafka_dag.py
[2025-06-06T14:36:55.535+0000] {processor.py:840} INFO - DAG(s) 'pokemon_partitioned_to_kafka' retrieved from /opt/airflow/dags/pkapi_to_kafka_dag.py
[2025-06-06T14:36:55.553+0000] {logging_mixin.py:188} INFO - [2025-06-06T14:36:55.553+0000] {dag.py:3096} INFO - Sync 1 DAGs
[2025-06-06T14:36:55.570+0000] {logging_mixin.py:188} INFO - [2025-06-06T14:36:55.570+0000] {dag.py:3954} INFO - Setting next_dagrun for pokemon_partitioned_to_kafka to 2025-06-06 14:36:00+00:00, run_after=2025-06-06 14:37:00+00:00
[2025-06-06T14:36:55.583+0000] {processor.py:183} INFO - Processing /opt/airflow/dags/pkapi_to_kafka_dag.py took 0.077 seconds
[2025-06-06T14:52:46.718+0000] {processor.py:161} INFO - Started process (PID=2095) to work on /opt/airflow/dags/pkapi_to_kafka_dag.py
[2025-06-06T14:52:46.719+0000] {processor.py:830} INFO - Processing file /opt/airflow/dags/pkapi_to_kafka_dag.py for tasks to queue
[2025-06-06T14:52:46.720+0000] {logging_mixin.py:188} INFO - [2025-06-06T14:52:46.719+0000] {dagbag.py:540} INFO - Filling up the DagBag from /opt/airflow/dags/pkapi_to_kafka_dag.py
[2025-06-06T14:52:46.734+0000] {processor.py:840} INFO - DAG(s) 'pokemon_partitioned_to_kafka' retrieved from /opt/airflow/dags/pkapi_to_kafka_dag.py
[2025-06-06T14:52:46.756+0000] {logging_mixin.py:188} INFO - [2025-06-06T14:52:46.756+0000] {dag.py:3096} INFO - Sync 1 DAGs
[2025-06-06T14:52:46.775+0000] {logging_mixin.py:188} INFO - [2025-06-06T14:52:46.775+0000] {dag.py:3954} INFO - Setting next_dagrun for pokemon_partitioned_to_kafka to 2025-06-06 14:52:00+00:00, run_after=2025-06-06 14:53:00+00:00
[2025-06-06T14:52:46.789+0000] {processor.py:183} INFO - Processing /opt/airflow/dags/pkapi_to_kafka_dag.py took 0.076 seconds
[2025-06-06T15:35:18.420+0000] {processor.py:161} INFO - Started process (PID=2124) to work on /opt/airflow/dags/pkapi_to_kafka_dag.py
[2025-06-06T15:35:18.422+0000] {processor.py:830} INFO - Processing file /opt/airflow/dags/pkapi_to_kafka_dag.py for tasks to queue
[2025-06-06T15:35:18.424+0000] {logging_mixin.py:188} INFO - [2025-06-06T15:35:18.423+0000] {dagbag.py:540} INFO - Filling up the DagBag from /opt/airflow/dags/pkapi_to_kafka_dag.py
[2025-06-06T15:35:18.445+0000] {processor.py:840} INFO - DAG(s) 'pokemon_partitioned_to_kafka' retrieved from /opt/airflow/dags/pkapi_to_kafka_dag.py
[2025-06-06T15:35:18.466+0000] {logging_mixin.py:188} INFO - [2025-06-06T15:35:18.466+0000] {dag.py:3096} INFO - Sync 1 DAGs
[2025-06-06T15:35:18.483+0000] {logging_mixin.py:188} INFO - [2025-06-06T15:35:18.483+0000] {dag.py:3954} INFO - Setting next_dagrun for pokemon_partitioned_to_kafka to 2025-06-06 15:34:00+00:00, run_after=2025-06-06 15:35:00+00:00
[2025-06-06T15:35:18.502+0000] {processor.py:183} INFO - Processing /opt/airflow/dags/pkapi_to_kafka_dag.py took 0.086 seconds
[2025-06-06T15:57:01.894+0000] {processor.py:161} INFO - Started process (PID=2144) to work on /opt/airflow/dags/pkapi_to_kafka_dag.py
[2025-06-06T15:57:01.895+0000] {processor.py:830} INFO - Processing file /opt/airflow/dags/pkapi_to_kafka_dag.py for tasks to queue
[2025-06-06T15:57:01.896+0000] {logging_mixin.py:188} INFO - [2025-06-06T15:57:01.896+0000] {dagbag.py:540} INFO - Filling up the DagBag from /opt/airflow/dags/pkapi_to_kafka_dag.py
[2025-06-06T15:57:01.911+0000] {processor.py:840} INFO - DAG(s) 'pokemon_partitioned_to_kafka' retrieved from /opt/airflow/dags/pkapi_to_kafka_dag.py
[2025-06-06T15:57:01.930+0000] {logging_mixin.py:188} INFO - [2025-06-06T15:57:01.930+0000] {dag.py:3096} INFO - Sync 1 DAGs
[2025-06-06T15:57:01.946+0000] {logging_mixin.py:188} INFO - [2025-06-06T15:57:01.946+0000] {dag.py:3954} INFO - Setting next_dagrun for pokemon_partitioned_to_kafka to 2025-06-06 15:57:00+00:00, run_after=2025-06-06 15:58:00+00:00
[2025-06-06T15:57:01.959+0000] {processor.py:183} INFO - Processing /opt/airflow/dags/pkapi_to_kafka_dag.py took 0.070 seconds
[2025-06-06T16:46:44.117+0000] {processor.py:161} INFO - Started process (PID=2171) to work on /opt/airflow/dags/pkapi_to_kafka_dag.py
[2025-06-06T16:46:44.118+0000] {processor.py:830} INFO - Processing file /opt/airflow/dags/pkapi_to_kafka_dag.py for tasks to queue
[2025-06-06T16:46:44.119+0000] {logging_mixin.py:188} INFO - [2025-06-06T16:46:44.119+0000] {dagbag.py:540} INFO - Filling up the DagBag from /opt/airflow/dags/pkapi_to_kafka_dag.py
[2025-06-06T16:46:44.136+0000] {processor.py:840} INFO - DAG(s) 'pokemon_partitioned_to_kafka' retrieved from /opt/airflow/dags/pkapi_to_kafka_dag.py
[2025-06-06T16:46:44.167+0000] {logging_mixin.py:188} INFO - [2025-06-06T16:46:44.167+0000] {dag.py:3096} INFO - Sync 1 DAGs
[2025-06-06T16:46:44.189+0000] {logging_mixin.py:188} INFO - [2025-06-06T16:46:44.188+0000] {dag.py:3954} INFO - Setting next_dagrun for pokemon_partitioned_to_kafka to 2025-06-06 16:46:00+00:00, run_after=2025-06-06 16:47:00+00:00
[2025-06-06T16:46:44.202+0000] {processor.py:183} INFO - Processing /opt/airflow/dags/pkapi_to_kafka_dag.py took 0.089 seconds
[2025-06-06T17:03:54.332+0000] {processor.py:161} INFO - Started process (PID=2191) to work on /opt/airflow/dags/pkapi_to_kafka_dag.py
[2025-06-06T17:03:54.335+0000] {processor.py:830} INFO - Processing file /opt/airflow/dags/pkapi_to_kafka_dag.py for tasks to queue
[2025-06-06T17:03:54.336+0000] {logging_mixin.py:188} INFO - [2025-06-06T17:03:54.336+0000] {dagbag.py:540} INFO - Filling up the DagBag from /opt/airflow/dags/pkapi_to_kafka_dag.py
[2025-06-06T17:03:54.346+0000] {processor.py:840} INFO - DAG(s) 'pokemon_partitioned_to_kafka' retrieved from /opt/airflow/dags/pkapi_to_kafka_dag.py
[2025-06-06T17:03:54.362+0000] {logging_mixin.py:188} INFO - [2025-06-06T17:03:54.362+0000] {dag.py:3096} INFO - Sync 1 DAGs
[2025-06-06T17:03:54.378+0000] {logging_mixin.py:188} INFO - [2025-06-06T17:03:54.378+0000] {dag.py:3954} INFO - Setting next_dagrun for pokemon_partitioned_to_kafka to 2025-06-06 17:02:00+00:00, run_after=2025-06-06 17:03:00+00:00
[2025-06-06T17:03:54.391+0000] {processor.py:183} INFO - Processing /opt/airflow/dags/pkapi_to_kafka_dag.py took 0.062 seconds
[2025-06-06T17:48:15.682+0000] {processor.py:161} INFO - Started process (PID=2213) to work on /opt/airflow/dags/pkapi_to_kafka_dag.py
[2025-06-06T17:48:15.683+0000] {processor.py:830} INFO - Processing file /opt/airflow/dags/pkapi_to_kafka_dag.py for tasks to queue
[2025-06-06T17:48:15.683+0000] {logging_mixin.py:188} INFO - [2025-06-06T17:48:15.683+0000] {dagbag.py:540} INFO - Filling up the DagBag from /opt/airflow/dags/pkapi_to_kafka_dag.py
[2025-06-06T17:48:15.697+0000] {processor.py:840} INFO - DAG(s) 'pokemon_partitioned_to_kafka' retrieved from /opt/airflow/dags/pkapi_to_kafka_dag.py
[2025-06-06T17:48:15.715+0000] {logging_mixin.py:188} INFO - [2025-06-06T17:48:15.715+0000] {dag.py:3096} INFO - Sync 1 DAGs
[2025-06-06T17:48:15.728+0000] {logging_mixin.py:188} INFO - [2025-06-06T17:48:15.728+0000] {dag.py:3954} INFO - Setting next_dagrun for pokemon_partitioned_to_kafka to 2025-06-06 17:47:00+00:00, run_after=2025-06-06 17:48:00+00:00
[2025-06-06T17:48:15.738+0000] {processor.py:183} INFO - Processing /opt/airflow/dags/pkapi_to_kafka_dag.py took 0.060 seconds
[2025-06-06T17:59:19.474+0000] {processor.py:161} INFO - Started process (PID=2233) to work on /opt/airflow/dags/pkapi_to_kafka_dag.py
[2025-06-06T17:59:19.478+0000] {processor.py:830} INFO - Processing file /opt/airflow/dags/pkapi_to_kafka_dag.py for tasks to queue
[2025-06-06T17:59:19.481+0000] {logging_mixin.py:188} INFO - [2025-06-06T17:59:19.481+0000] {dagbag.py:540} INFO - Filling up the DagBag from /opt/airflow/dags/pkapi_to_kafka_dag.py
[2025-06-06T17:59:19.527+0000] {processor.py:840} INFO - DAG(s) 'pokemon_partitioned_to_kafka' retrieved from /opt/airflow/dags/pkapi_to_kafka_dag.py
[2025-06-06T17:59:19.554+0000] {logging_mixin.py:188} INFO - [2025-06-06T17:59:19.554+0000] {dag.py:3096} INFO - Sync 1 DAGs
[2025-06-06T17:59:19.583+0000] {logging_mixin.py:188} INFO - [2025-06-06T17:59:19.583+0000] {dag.py:3954} INFO - Setting next_dagrun for pokemon_partitioned_to_kafka to 2025-06-06 17:59:00+00:00, run_after=2025-06-06 18:00:00+00:00
[2025-06-06T17:59:19.602+0000] {processor.py:183} INFO - Processing /opt/airflow/dags/pkapi_to_kafka_dag.py took 0.142 seconds
[2025-06-06T18:47:32.512+0000] {processor.py:161} INFO - Started process (PID=2253) to work on /opt/airflow/dags/pkapi_to_kafka_dag.py
[2025-06-06T18:47:32.512+0000] {processor.py:830} INFO - Processing file /opt/airflow/dags/pkapi_to_kafka_dag.py for tasks to queue
[2025-06-06T18:47:32.513+0000] {logging_mixin.py:188} INFO - [2025-06-06T18:47:32.513+0000] {dagbag.py:540} INFO - Filling up the DagBag from /opt/airflow/dags/pkapi_to_kafka_dag.py
[2025-06-06T18:47:32.534+0000] {processor.py:840} INFO - DAG(s) 'pokemon_partitioned_to_kafka' retrieved from /opt/airflow/dags/pkapi_to_kafka_dag.py
[2025-06-06T18:47:32.552+0000] {logging_mixin.py:188} INFO - [2025-06-06T18:47:32.552+0000] {dag.py:3096} INFO - Sync 1 DAGs
[2025-06-06T18:47:32.571+0000] {logging_mixin.py:188} INFO - [2025-06-06T18:47:32.571+0000] {dag.py:3954} INFO - Setting next_dagrun for pokemon_partitioned_to_kafka to 2025-06-06 18:46:00+00:00, run_after=2025-06-06 18:47:00+00:00
[2025-06-06T18:47:32.591+0000] {processor.py:183} INFO - Processing /opt/airflow/dags/pkapi_to_kafka_dag.py took 0.084 seconds
[2025-06-06T19:01:01.208+0000] {processor.py:161} INFO - Started process (PID=2277) to work on /opt/airflow/dags/pkapi_to_kafka_dag.py
[2025-06-06T19:01:01.209+0000] {processor.py:830} INFO - Processing file /opt/airflow/dags/pkapi_to_kafka_dag.py for tasks to queue
[2025-06-06T19:01:01.210+0000] {logging_mixin.py:188} INFO - [2025-06-06T19:01:01.210+0000] {dagbag.py:540} INFO - Filling up the DagBag from /opt/airflow/dags/pkapi_to_kafka_dag.py
[2025-06-06T19:01:01.234+0000] {processor.py:840} INFO - DAG(s) 'pokemon_partitioned_to_kafka' retrieved from /opt/airflow/dags/pkapi_to_kafka_dag.py
[2025-06-06T19:01:01.260+0000] {logging_mixin.py:188} INFO - [2025-06-06T19:01:01.260+0000] {dag.py:3096} INFO - Sync 1 DAGs
[2025-06-06T19:01:01.280+0000] {logging_mixin.py:188} INFO - [2025-06-06T19:01:01.280+0000] {dag.py:3954} INFO - Setting next_dagrun for pokemon_partitioned_to_kafka to 2025-06-06 19:01:00+00:00, run_after=2025-06-06 19:02:00+00:00
[2025-06-06T19:01:01.298+0000] {processor.py:183} INFO - Processing /opt/airflow/dags/pkapi_to_kafka_dag.py took 0.095 seconds
[2025-06-06T19:23:56.273+0000] {processor.py:161} INFO - Started process (PID=2299) to work on /opt/airflow/dags/pkapi_to_kafka_dag.py
[2025-06-06T19:23:56.276+0000] {processor.py:830} INFO - Processing file /opt/airflow/dags/pkapi_to_kafka_dag.py for tasks to queue
[2025-06-06T19:23:56.277+0000] {logging_mixin.py:188} INFO - [2025-06-06T19:23:56.277+0000] {dagbag.py:540} INFO - Filling up the DagBag from /opt/airflow/dags/pkapi_to_kafka_dag.py
[2025-06-06T19:23:56.290+0000] {processor.py:840} INFO - DAG(s) 'pokemon_partitioned_to_kafka' retrieved from /opt/airflow/dags/pkapi_to_kafka_dag.py
[2025-06-06T19:23:56.308+0000] {logging_mixin.py:188} INFO - [2025-06-06T19:23:56.308+0000] {dag.py:3096} INFO - Sync 1 DAGs
[2025-06-06T19:23:56.324+0000] {logging_mixin.py:188} INFO - [2025-06-06T19:23:56.324+0000] {dag.py:3954} INFO - Setting next_dagrun for pokemon_partitioned_to_kafka to 2025-06-06 19:22:00+00:00, run_after=2025-06-06 19:23:00+00:00
[2025-06-06T19:23:56.337+0000] {processor.py:183} INFO - Processing /opt/airflow/dags/pkapi_to_kafka_dag.py took 0.066 seconds
[2025-06-06T20:16:47.763+0000] {processor.py:161} INFO - Started process (PID=2321) to work on /opt/airflow/dags/pkapi_to_kafka_dag.py
[2025-06-06T20:16:47.764+0000] {processor.py:830} INFO - Processing file /opt/airflow/dags/pkapi_to_kafka_dag.py for tasks to queue
[2025-06-06T20:16:47.766+0000] {logging_mixin.py:188} INFO - [2025-06-06T20:16:47.766+0000] {dagbag.py:540} INFO - Filling up the DagBag from /opt/airflow/dags/pkapi_to_kafka_dag.py
[2025-06-06T20:16:47.783+0000] {processor.py:840} INFO - DAG(s) 'pokemon_partitioned_to_kafka' retrieved from /opt/airflow/dags/pkapi_to_kafka_dag.py
[2025-06-06T20:16:47.809+0000] {logging_mixin.py:188} INFO - [2025-06-06T20:16:47.808+0000] {dag.py:3096} INFO - Sync 1 DAGs
[2025-06-06T20:16:47.826+0000] {logging_mixin.py:188} INFO - [2025-06-06T20:16:47.825+0000] {dag.py:3954} INFO - Setting next_dagrun for pokemon_partitioned_to_kafka to 2025-06-06 20:15:00+00:00, run_after=2025-06-06 20:16:00+00:00
[2025-06-06T20:16:47.843+0000] {processor.py:183} INFO - Processing /opt/airflow/dags/pkapi_to_kafka_dag.py took 0.084 seconds
[2025-06-06T20:41:01.649+0000] {processor.py:161} INFO - Started process (PID=2343) to work on /opt/airflow/dags/pkapi_to_kafka_dag.py
[2025-06-06T20:41:01.649+0000] {processor.py:830} INFO - Processing file /opt/airflow/dags/pkapi_to_kafka_dag.py for tasks to queue
[2025-06-06T20:41:01.650+0000] {logging_mixin.py:188} INFO - [2025-06-06T20:41:01.650+0000] {dagbag.py:540} INFO - Filling up the DagBag from /opt/airflow/dags/pkapi_to_kafka_dag.py
[2025-06-06T20:41:01.667+0000] {processor.py:840} INFO - DAG(s) 'pokemon_partitioned_to_kafka' retrieved from /opt/airflow/dags/pkapi_to_kafka_dag.py
[2025-06-06T20:41:01.686+0000] {logging_mixin.py:188} INFO - [2025-06-06T20:41:01.686+0000] {dag.py:3096} INFO - Sync 1 DAGs
[2025-06-06T20:41:01.704+0000] {logging_mixin.py:188} INFO - [2025-06-06T20:41:01.704+0000] {dag.py:3954} INFO - Setting next_dagrun for pokemon_partitioned_to_kafka to 2025-06-06 20:40:00+00:00, run_after=2025-06-06 20:41:00+00:00
[2025-06-06T20:41:01.726+0000] {processor.py:183} INFO - Processing /opt/airflow/dags/pkapi_to_kafka_dag.py took 0.082 seconds
[2025-06-06T21:03:14.569+0000] {processor.py:161} INFO - Started process (PID=2360) to work on /opt/airflow/dags/pkapi_to_kafka_dag.py
[2025-06-06T21:03:14.570+0000] {processor.py:830} INFO - Processing file /opt/airflow/dags/pkapi_to_kafka_dag.py for tasks to queue
[2025-06-06T21:03:14.571+0000] {logging_mixin.py:188} INFO - [2025-06-06T21:03:14.571+0000] {dagbag.py:540} INFO - Filling up the DagBag from /opt/airflow/dags/pkapi_to_kafka_dag.py
[2025-06-06T21:03:14.594+0000] {processor.py:840} INFO - DAG(s) 'pokemon_partitioned_to_kafka' retrieved from /opt/airflow/dags/pkapi_to_kafka_dag.py
[2025-06-06T21:03:14.633+0000] {logging_mixin.py:188} INFO - [2025-06-06T21:03:14.633+0000] {dag.py:3096} INFO - Sync 1 DAGs
[2025-06-06T21:03:14.662+0000] {logging_mixin.py:188} INFO - [2025-06-06T21:03:14.661+0000] {dag.py:3954} INFO - Setting next_dagrun for pokemon_partitioned_to_kafka to 2025-06-06 21:03:00+00:00, run_after=2025-06-06 21:04:00+00:00
[2025-06-06T21:03:14.681+0000] {processor.py:183} INFO - Processing /opt/airflow/dags/pkapi_to_kafka_dag.py took 0.117 seconds
[2025-06-06T21:38:44.362+0000] {processor.py:161} INFO - Started process (PID=2381) to work on /opt/airflow/dags/pkapi_to_kafka_dag.py
[2025-06-06T21:38:44.364+0000] {processor.py:830} INFO - Processing file /opt/airflow/dags/pkapi_to_kafka_dag.py for tasks to queue
[2025-06-06T21:38:44.365+0000] {logging_mixin.py:188} INFO - [2025-06-06T21:38:44.364+0000] {dagbag.py:540} INFO - Filling up the DagBag from /opt/airflow/dags/pkapi_to_kafka_dag.py
[2025-06-06T21:38:44.386+0000] {processor.py:840} INFO - DAG(s) 'pokemon_partitioned_to_kafka' retrieved from /opt/airflow/dags/pkapi_to_kafka_dag.py
[2025-06-06T21:38:44.414+0000] {logging_mixin.py:188} INFO - [2025-06-06T21:38:44.414+0000] {dag.py:3096} INFO - Sync 1 DAGs
[2025-06-06T21:38:44.428+0000] {logging_mixin.py:188} INFO - [2025-06-06T21:38:44.428+0000] {dag.py:3954} INFO - Setting next_dagrun for pokemon_partitioned_to_kafka to 2025-06-06 21:37:00+00:00, run_after=2025-06-06 21:38:00+00:00
[2025-06-06T21:38:44.442+0000] {processor.py:183} INFO - Processing /opt/airflow/dags/pkapi_to_kafka_dag.py took 0.088 seconds
[2025-06-06T22:02:10.456+0000] {processor.py:161} INFO - Started process (PID=2417) to work on /opt/airflow/dags/pkapi_to_kafka_dag.py
[2025-06-06T22:02:10.458+0000] {processor.py:830} INFO - Processing file /opt/airflow/dags/pkapi_to_kafka_dag.py for tasks to queue
[2025-06-06T22:02:10.462+0000] {logging_mixin.py:188} INFO - [2025-06-06T22:02:10.461+0000] {dagbag.py:540} INFO - Filling up the DagBag from /opt/airflow/dags/pkapi_to_kafka_dag.py
[2025-06-06T22:02:10.480+0000] {processor.py:840} INFO - DAG(s) 'pokemon_partitioned_to_kafka' retrieved from /opt/airflow/dags/pkapi_to_kafka_dag.py
[2025-06-06T22:02:10.503+0000] {logging_mixin.py:188} INFO - [2025-06-06T22:02:10.503+0000] {dag.py:3096} INFO - Sync 1 DAGs
[2025-06-06T22:02:10.521+0000] {logging_mixin.py:188} INFO - [2025-06-06T22:02:10.520+0000] {dag.py:3954} INFO - Setting next_dagrun for pokemon_partitioned_to_kafka to 2025-06-06 22:02:00+00:00, run_after=2025-06-06 22:03:00+00:00
[2025-06-06T22:02:10.533+0000] {processor.py:183} INFO - Processing /opt/airflow/dags/pkapi_to_kafka_dag.py took 0.085 seconds
[2025-06-06T22:39:49.177+0000] {processor.py:161} INFO - Started process (PID=2430) to work on /opt/airflow/dags/pkapi_to_kafka_dag.py
[2025-06-06T22:39:49.181+0000] {processor.py:830} INFO - Processing file /opt/airflow/dags/pkapi_to_kafka_dag.py for tasks to queue
[2025-06-06T22:39:49.182+0000] {logging_mixin.py:188} INFO - [2025-06-06T22:39:49.181+0000] {dagbag.py:540} INFO - Filling up the DagBag from /opt/airflow/dags/pkapi_to_kafka_dag.py
[2025-06-06T22:39:49.194+0000] {processor.py:840} INFO - DAG(s) 'pokemon_partitioned_to_kafka' retrieved from /opt/airflow/dags/pkapi_to_kafka_dag.py
[2025-06-06T22:39:49.209+0000] {logging_mixin.py:188} INFO - [2025-06-06T22:39:49.209+0000] {dag.py:3096} INFO - Sync 1 DAGs
[2025-06-06T22:39:49.222+0000] {logging_mixin.py:188} INFO - [2025-06-06T22:39:49.221+0000] {dag.py:3954} INFO - Setting next_dagrun for pokemon_partitioned_to_kafka to 2025-06-06 22:39:00+00:00, run_after=2025-06-06 22:40:00+00:00
[2025-06-06T22:39:49.232+0000] {processor.py:183} INFO - Processing /opt/airflow/dags/pkapi_to_kafka_dag.py took 0.058 seconds
[2025-06-06T22:43:19.098+0000] {processor.py:161} INFO - Started process (PID=2459) to work on /opt/airflow/dags/pkapi_to_kafka_dag.py
[2025-06-06T22:43:19.098+0000] {processor.py:830} INFO - Processing file /opt/airflow/dags/pkapi_to_kafka_dag.py for tasks to queue
[2025-06-06T22:43:19.099+0000] {logging_mixin.py:188} INFO - [2025-06-06T22:43:19.099+0000] {dagbag.py:540} INFO - Filling up the DagBag from /opt/airflow/dags/pkapi_to_kafka_dag.py
[2025-06-06T22:43:19.110+0000] {processor.py:840} INFO - DAG(s) 'pokemon_partitioned_to_kafka' retrieved from /opt/airflow/dags/pkapi_to_kafka_dag.py
[2025-06-06T22:43:19.126+0000] {logging_mixin.py:188} INFO - [2025-06-06T22:43:19.125+0000] {dag.py:3096} INFO - Sync 1 DAGs
[2025-06-06T22:43:19.141+0000] {logging_mixin.py:188} INFO - [2025-06-06T22:43:19.141+0000] {dag.py:3954} INFO - Setting next_dagrun for pokemon_partitioned_to_kafka to 2025-06-06 22:43:00+00:00, run_after=2025-06-06 22:44:00+00:00
[2025-06-06T22:43:19.152+0000] {processor.py:183} INFO - Processing /opt/airflow/dags/pkapi_to_kafka_dag.py took 0.058 seconds
[2025-06-06T22:58:29.359+0000] {processor.py:161} INFO - Started process (PID=2483) to work on /opt/airflow/dags/pkapi_to_kafka_dag.py
[2025-06-06T22:58:29.360+0000] {processor.py:830} INFO - Processing file /opt/airflow/dags/pkapi_to_kafka_dag.py for tasks to queue
[2025-06-06T22:58:29.361+0000] {logging_mixin.py:188} INFO - [2025-06-06T22:58:29.360+0000] {dagbag.py:540} INFO - Filling up the DagBag from /opt/airflow/dags/pkapi_to_kafka_dag.py
[2025-06-06T22:58:29.377+0000] {processor.py:840} INFO - DAG(s) 'pokemon_partitioned_to_kafka' retrieved from /opt/airflow/dags/pkapi_to_kafka_dag.py
[2025-06-06T22:58:29.400+0000] {logging_mixin.py:188} INFO - [2025-06-06T22:58:29.400+0000] {dag.py:3096} INFO - Sync 1 DAGs
[2025-06-06T22:58:29.418+0000] {logging_mixin.py:188} INFO - [2025-06-06T22:58:29.418+0000] {dag.py:3954} INFO - Setting next_dagrun for pokemon_partitioned_to_kafka to 2025-06-06 22:58:00+00:00, run_after=2025-06-06 22:59:00+00:00
[2025-06-06T22:58:29.432+0000] {processor.py:183} INFO - Processing /opt/airflow/dags/pkapi_to_kafka_dag.py took 0.079 seconds
[2025-06-06T23:38:25.852+0000] {processor.py:161} INFO - Started process (PID=2503) to work on /opt/airflow/dags/pkapi_to_kafka_dag.py
[2025-06-06T23:38:25.853+0000] {processor.py:830} INFO - Processing file /opt/airflow/dags/pkapi_to_kafka_dag.py for tasks to queue
[2025-06-06T23:38:25.854+0000] {logging_mixin.py:188} INFO - [2025-06-06T23:38:25.854+0000] {dagbag.py:540} INFO - Filling up the DagBag from /opt/airflow/dags/pkapi_to_kafka_dag.py
[2025-06-06T23:38:25.871+0000] {processor.py:840} INFO - DAG(s) 'pokemon_partitioned_to_kafka' retrieved from /opt/airflow/dags/pkapi_to_kafka_dag.py
[2025-06-06T23:38:25.901+0000] {logging_mixin.py:188} INFO - [2025-06-06T23:38:25.901+0000] {dag.py:3096} INFO - Sync 1 DAGs
[2025-06-06T23:38:25.917+0000] {logging_mixin.py:188} INFO - [2025-06-06T23:38:25.917+0000] {dag.py:3954} INFO - Setting next_dagrun for pokemon_partitioned_to_kafka to 2025-06-06 23:38:00+00:00, run_after=2025-06-06 23:39:00+00:00
[2025-06-06T23:38:25.930+0000] {processor.py:183} INFO - Processing /opt/airflow/dags/pkapi_to_kafka_dag.py took 0.082 seconds
[2025-06-06T23:40:42.689+0000] {processor.py:161} INFO - Started process (PID=2524) to work on /opt/airflow/dags/pkapi_to_kafka_dag.py
[2025-06-06T23:40:42.690+0000] {processor.py:830} INFO - Processing file /opt/airflow/dags/pkapi_to_kafka_dag.py for tasks to queue
[2025-06-06T23:40:42.691+0000] {logging_mixin.py:188} INFO - [2025-06-06T23:40:42.691+0000] {dagbag.py:540} INFO - Filling up the DagBag from /opt/airflow/dags/pkapi_to_kafka_dag.py
[2025-06-06T23:40:42.710+0000] {processor.py:840} INFO - DAG(s) 'pokemon_partitioned_to_kafka' retrieved from /opt/airflow/dags/pkapi_to_kafka_dag.py
[2025-06-06T23:40:42.732+0000] {logging_mixin.py:188} INFO - [2025-06-06T23:40:42.732+0000] {dag.py:3096} INFO - Sync 1 DAGs
[2025-06-06T23:40:42.754+0000] {logging_mixin.py:188} INFO - [2025-06-06T23:40:42.754+0000] {dag.py:3954} INFO - Setting next_dagrun for pokemon_partitioned_to_kafka to 2025-06-06 23:40:00+00:00, run_after=2025-06-06 23:41:00+00:00
[2025-06-06T23:40:42.770+0000] {processor.py:183} INFO - Processing /opt/airflow/dags/pkapi_to_kafka_dag.py took 0.086 seconds
[2025-06-06T23:41:13.011+0000] {processor.py:161} INFO - Started process (PID=2551) to work on /opt/airflow/dags/pkapi_to_kafka_dag.py
[2025-06-06T23:41:13.011+0000] {processor.py:830} INFO - Processing file /opt/airflow/dags/pkapi_to_kafka_dag.py for tasks to queue
[2025-06-06T23:41:13.012+0000] {logging_mixin.py:188} INFO - [2025-06-06T23:41:13.012+0000] {dagbag.py:540} INFO - Filling up the DagBag from /opt/airflow/dags/pkapi_to_kafka_dag.py
[2025-06-06T23:41:13.024+0000] {processor.py:840} INFO - DAG(s) 'pokemon_partitioned_to_kafka' retrieved from /opt/airflow/dags/pkapi_to_kafka_dag.py
[2025-06-06T23:41:13.041+0000] {logging_mixin.py:188} INFO - [2025-06-06T23:41:13.041+0000] {dag.py:3096} INFO - Sync 1 DAGs
[2025-06-06T23:41:13.056+0000] {logging_mixin.py:188} INFO - [2025-06-06T23:41:13.056+0000] {dag.py:3954} INFO - Setting next_dagrun for pokemon_partitioned_to_kafka to 2025-06-06 23:41:00+00:00, run_after=2025-06-06 23:42:00+00:00
[2025-06-06T23:41:13.066+0000] {processor.py:183} INFO - Processing /opt/airflow/dags/pkapi_to_kafka_dag.py took 0.062 seconds
[2025-06-06T23:41:43.317+0000] {processor.py:161} INFO - Started process (PID=2561) to work on /opt/airflow/dags/pkapi_to_kafka_dag.py
[2025-06-06T23:41:43.317+0000] {processor.py:830} INFO - Processing file /opt/airflow/dags/pkapi_to_kafka_dag.py for tasks to queue
[2025-06-06T23:41:43.318+0000] {logging_mixin.py:188} INFO - [2025-06-06T23:41:43.318+0000] {dagbag.py:540} INFO - Filling up the DagBag from /opt/airflow/dags/pkapi_to_kafka_dag.py
[2025-06-06T23:41:43.331+0000] {processor.py:840} INFO - DAG(s) 'pokemon_partitioned_to_kafka' retrieved from /opt/airflow/dags/pkapi_to_kafka_dag.py
[2025-06-06T23:41:43.349+0000] {logging_mixin.py:188} INFO - [2025-06-06T23:41:43.349+0000] {dag.py:3096} INFO - Sync 1 DAGs
[2025-06-06T23:41:43.363+0000] {logging_mixin.py:188} INFO - [2025-06-06T23:41:43.363+0000] {dag.py:3954} INFO - Setting next_dagrun for pokemon_partitioned_to_kafka to 2025-06-06 23:41:00+00:00, run_after=2025-06-06 23:42:00+00:00
[2025-06-06T23:41:43.372+0000] {processor.py:183} INFO - Processing /opt/airflow/dags/pkapi_to_kafka_dag.py took 0.060 seconds
[2025-06-06T23:42:13.641+0000] {processor.py:161} INFO - Started process (PID=2577) to work on /opt/airflow/dags/pkapi_to_kafka_dag.py
[2025-06-06T23:42:13.641+0000] {processor.py:830} INFO - Processing file /opt/airflow/dags/pkapi_to_kafka_dag.py for tasks to queue
[2025-06-06T23:42:13.642+0000] {logging_mixin.py:188} INFO - [2025-06-06T23:42:13.642+0000] {dagbag.py:540} INFO - Filling up the DagBag from /opt/airflow/dags/pkapi_to_kafka_dag.py
[2025-06-06T23:42:13.655+0000] {processor.py:840} INFO - DAG(s) 'pokemon_partitioned_to_kafka' retrieved from /opt/airflow/dags/pkapi_to_kafka_dag.py
[2025-06-06T23:42:13.671+0000] {logging_mixin.py:188} INFO - [2025-06-06T23:42:13.671+0000] {dag.py:3096} INFO - Sync 1 DAGs
[2025-06-06T23:42:13.684+0000] {logging_mixin.py:188} INFO - [2025-06-06T23:42:13.684+0000] {dag.py:3954} INFO - Setting next_dagrun for pokemon_partitioned_to_kafka to 2025-06-06 23:42:00+00:00, run_after=2025-06-06 23:43:00+00:00
[2025-06-06T23:42:13.692+0000] {processor.py:183} INFO - Processing /opt/airflow/dags/pkapi_to_kafka_dag.py took 0.058 seconds
[2025-06-06T23:50:12.848+0000] {processor.py:161} INFO - Started process (PID=2599) to work on /opt/airflow/dags/pkapi_to_kafka_dag.py
[2025-06-06T23:50:12.849+0000] {processor.py:830} INFO - Processing file /opt/airflow/dags/pkapi_to_kafka_dag.py for tasks to queue
[2025-06-06T23:50:12.849+0000] {logging_mixin.py:188} INFO - [2025-06-06T23:50:12.849+0000] {dagbag.py:540} INFO - Filling up the DagBag from /opt/airflow/dags/pkapi_to_kafka_dag.py
[2025-06-06T23:50:12.859+0000] {processor.py:840} INFO - DAG(s) 'pokemon_partitioned_to_kafka' retrieved from /opt/airflow/dags/pkapi_to_kafka_dag.py
[2025-06-06T23:50:12.873+0000] {logging_mixin.py:188} INFO - [2025-06-06T23:50:12.873+0000] {dag.py:3096} INFO - Sync 1 DAGs
[2025-06-06T23:50:12.885+0000] {logging_mixin.py:188} INFO - [2025-06-06T23:50:12.885+0000] {dag.py:3954} INFO - Setting next_dagrun for pokemon_partitioned_to_kafka to 2025-06-06 23:50:00+00:00, run_after=2025-06-06 23:51:00+00:00
[2025-06-06T23:50:12.894+0000] {processor.py:183} INFO - Processing /opt/airflow/dags/pkapi_to_kafka_dag.py took 0.048 seconds
