[2025-06-06T02:47:29.726+0000] {local_task_job_runner.py:120} INFO - ::group::Pre task execution logs
[2025-06-06T02:47:29.740+0000] {taskinstance.py:2073} INFO - Dependencies all met for dep_context=non-requeueable deps ti=<TaskInstance: pokemon_partitioned_to_kafka.fetch_pokemon_and_send_partitioned_to_kafka scheduled__2025-06-06T02:46:00+00:00 [queued]>
[2025-06-06T02:47:29.743+0000] {taskinstance.py:2073} INFO - Dependencies all met for dep_context=requeueable deps ti=<TaskInstance: pokemon_partitioned_to_kafka.fetch_pokemon_and_send_partitioned_to_kafka scheduled__2025-06-06T02:46:00+00:00 [queued]>
[2025-06-06T02:47:29.744+0000] {taskinstance.py:2303} INFO - Starting attempt 1 of 1
[2025-06-06T02:47:29.750+0000] {taskinstance.py:2327} INFO - Executing <Task(PythonOperator): fetch_pokemon_and_send_partitioned_to_kafka> on 2025-06-06 02:46:00+00:00
[2025-06-06T02:47:29.753+0000] {logging_mixin.py:188} WARNING - /home/***/.local/lib/python3.12/site-packages/***/task/task_runner/standard_task_runner.py:61 DeprecationWarning: This process (pid=1538) is multi-threaded, use of fork() may lead to deadlocks in the child.
[2025-06-06T02:47:29.754+0000] {standard_task_runner.py:63} INFO - Started process 1539 to run task
[2025-06-06T02:47:29.754+0000] {standard_task_runner.py:90} INFO - Running: ['***', 'tasks', 'run', 'pokemon_partitioned_to_kafka', 'fetch_pokemon_and_send_partitioned_to_kafka', 'scheduled__2025-06-06T02:46:00+00:00', '--job-id', '64', '--raw', '--subdir', 'DAGS_FOLDER/pkapi_to_kafka_dag.py', '--cfg-path', '/tmp/tmpxdu5b4x5']
[2025-06-06T02:47:29.755+0000] {standard_task_runner.py:91} INFO - Job 64: Subtask fetch_pokemon_and_send_partitioned_to_kafka
[2025-06-06T02:47:29.763+0000] {logging_mixin.py:188} WARNING - /home/***/.local/lib/python3.12/site-packages/***/settings.py:195 DeprecationWarning: The sql_alchemy_conn option in [core] has been moved to the sql_alchemy_conn option in [database] - the old setting has been used, but please update your config.
[2025-06-06T02:47:29.781+0000] {task_command.py:426} INFO - Running <TaskInstance: pokemon_partitioned_to_kafka.fetch_pokemon_and_send_partitioned_to_kafka scheduled__2025-06-06T02:46:00+00:00 [running]> on host 856ef77f0083
[2025-06-06T02:47:29.823+0000] {taskinstance.py:2644} INFO - Exporting env vars: AIRFLOW_CTX_DAG_OWNER='***' AIRFLOW_CTX_DAG_ID='pokemon_partitioned_to_kafka' AIRFLOW_CTX_TASK_ID='fetch_pokemon_and_send_partitioned_to_kafka' AIRFLOW_CTX_EXECUTION_DATE='2025-06-06T02:46:00+00:00' AIRFLOW_CTX_TRY_NUMBER='1' AIRFLOW_CTX_DAG_RUN_ID='scheduled__2025-06-06T02:46:00+00:00'
[2025-06-06T02:47:29.824+0000] {taskinstance.py:430} INFO - ::endgroup::
[2025-06-06T02:47:30.839+0000] {logging_mixin.py:188} INFO - Produced: bulbasaur with key=grass
[2025-06-06T02:47:31.537+0000] {logging_mixin.py:188} INFO - Produced: ivysaur with key=grass
[2025-06-06T02:47:31.997+0000] {logging_mixin.py:188} INFO - Produced: venusaur with key=grass
[2025-06-06T02:47:32.453+0000] {logging_mixin.py:188} INFO - Produced: charmander with key=fire
[2025-06-06T02:47:32.917+0000] {logging_mixin.py:188} INFO - Produced: charmeleon with key=fire
[2025-06-06T02:47:33.355+0000] {logging_mixin.py:188} INFO - Produced: charizard with key=fire
[2025-06-06T02:47:33.784+0000] {logging_mixin.py:188} INFO - Produced: squirtle with key=water
[2025-06-06T02:47:34.230+0000] {logging_mixin.py:188} INFO - Produced: wartortle with key=water
[2025-06-06T02:47:34.690+0000] {logging_mixin.py:188} INFO - Produced: blastoise with key=water
[2025-06-06T02:47:35.138+0000] {logging_mixin.py:188} INFO - Produced: caterpie with key=bug
[2025-06-06T02:47:35.586+0000] {logging_mixin.py:188} INFO - Produced: metapod with key=bug
[2025-06-06T02:47:36.053+0000] {logging_mixin.py:188} INFO - Produced: butterfree with key=bug
[2025-06-06T02:47:36.495+0000] {logging_mixin.py:188} INFO - Produced: weedle with key=bug
[2025-06-06T02:47:36.930+0000] {logging_mixin.py:188} INFO - Produced: kakuna with key=bug
[2025-06-06T02:47:37.415+0000] {logging_mixin.py:188} INFO - Produced: beedrill with key=bug
[2025-06-06T02:47:38.547+0000] {logging_mixin.py:188} INFO - Error fetching Pokémon ID 16: ('Connection aborted.', RemoteDisconnected('Remote end closed connection without response'))
[2025-06-06T02:47:38.816+0000] {logging_mixin.py:188} INFO - Produced: pidgeotto with key=normal
[2025-06-06T02:47:39.267+0000] {logging_mixin.py:188} INFO - Produced: pidgeot with key=normal
[2025-06-06T02:47:39.725+0000] {logging_mixin.py:188} INFO - Produced: rattata with key=normal
[2025-06-06T02:47:39.928+0000] {python.py:237} INFO - Done. Returned value was: None
[2025-06-06T02:47:39.929+0000] {taskinstance.py:441} INFO - ::group::Post task execution logs
[2025-06-06T02:47:39.936+0000] {taskinstance.py:1205} INFO - Marking task as SUCCESS. dag_id=pokemon_partitioned_to_kafka, task_id=fetch_pokemon_and_send_partitioned_to_kafka, execution_date=20250606T024600, start_date=20250606T024729, end_date=20250606T024739
[2025-06-06T02:47:39.980+0000] {local_task_job_runner.py:240} INFO - Task exited with return code 0
[2025-06-06T02:47:39.990+0000] {taskinstance.py:3482} INFO - 0 downstream tasks scheduled from follow-on schedule check
[2025-06-06T02:47:39.991+0000] {local_task_job_runner.py:222} INFO - ::endgroup::
