[2025-06-07T10:08:47.363+0000] {local_task_job_runner.py:120} INFO - ::group::Pre task execution logs
[2025-06-07T10:08:47.386+0000] {taskinstance.py:2073} INFO - Dependencies all met for dep_context=non-requeueable deps ti=<TaskInstance: pokemon_partitioned_to_kafka.fetch_pokemon_and_send_partitioned_to_kafka scheduled__2025-06-07T10:04:00+00:00 [queued]>
[2025-06-07T10:08:47.394+0000] {taskinstance.py:2073} INFO - Dependencies all met for dep_context=requeueable deps ti=<TaskInstance: pokemon_partitioned_to_kafka.fetch_pokemon_and_send_partitioned_to_kafka scheduled__2025-06-07T10:04:00+00:00 [queued]>
[2025-06-07T10:08:47.395+0000] {taskinstance.py:2303} INFO - Starting attempt 1 of 1
[2025-06-07T10:08:47.405+0000] {taskinstance.py:2327} INFO - Executing <Task(PythonOperator): fetch_pokemon_and_send_partitioned_to_kafka> on 2025-06-07 10:04:00+00:00
[2025-06-07T10:08:47.410+0000] {logging_mixin.py:188} WARNING - /home/***/.local/lib/python3.12/site-packages/***/task/task_runner/standard_task_runner.py:61 DeprecationWarning: This process (pid=3101) is multi-threaded, use of fork() may lead to deadlocks in the child.
[2025-06-07T10:08:47.411+0000] {standard_task_runner.py:63} INFO - Started process 3107 to run task
[2025-06-07T10:08:47.410+0000] {standard_task_runner.py:90} INFO - Running: ['***', 'tasks', 'run', 'pokemon_partitioned_to_kafka', 'fetch_pokemon_and_send_partitioned_to_kafka', 'scheduled__2025-06-07T10:04:00+00:00', '--job-id', '201', '--raw', '--subdir', 'DAGS_FOLDER/pkapi_to_kafka_dag.py', '--cfg-path', '/tmp/tmpef0m842j']
[2025-06-07T10:08:47.412+0000] {standard_task_runner.py:91} INFO - Job 201: Subtask fetch_pokemon_and_send_partitioned_to_kafka
[2025-06-07T10:08:47.427+0000] {logging_mixin.py:188} WARNING - /home/***/.local/lib/python3.12/site-packages/***/settings.py:195 DeprecationWarning: The sql_alchemy_conn option in [core] has been moved to the sql_alchemy_conn option in [database] - the old setting has been used, but please update your config.
[2025-06-07T10:08:47.461+0000] {task_command.py:426} INFO - Running <TaskInstance: pokemon_partitioned_to_kafka.fetch_pokemon_and_send_partitioned_to_kafka scheduled__2025-06-07T10:04:00+00:00 [running]> on host 856ef77f0083
[2025-06-07T10:08:47.526+0000] {taskinstance.py:2644} INFO - Exporting env vars: AIRFLOW_CTX_DAG_OWNER='***' AIRFLOW_CTX_DAG_ID='pokemon_partitioned_to_kafka' AIRFLOW_CTX_TASK_ID='fetch_pokemon_and_send_partitioned_to_kafka' AIRFLOW_CTX_EXECUTION_DATE='2025-06-07T10:04:00+00:00' AIRFLOW_CTX_TRY_NUMBER='1' AIRFLOW_CTX_DAG_RUN_ID='scheduled__2025-06-07T10:04:00+00:00'
[2025-06-07T10:08:47.527+0000] {taskinstance.py:430} INFO - ::endgroup::
[2025-06-07T10:08:48.554+0000] {logging_mixin.py:188} INFO - Produced: bulbasaur with key=grass
[2025-06-07T10:08:48.850+0000] {logging_mixin.py:188} INFO - Produced: ivysaur with key=grass
[2025-06-07T10:08:49.147+0000] {logging_mixin.py:188} INFO - Produced: venusaur with key=grass
[2025-06-07T10:08:49.438+0000] {logging_mixin.py:188} INFO - Produced: charmander with key=fire
[2025-06-07T10:08:49.733+0000] {logging_mixin.py:188} INFO - Produced: charmeleon with key=fire
[2025-06-07T10:08:50.024+0000] {logging_mixin.py:188} INFO - Produced: charizard with key=fire
[2025-06-07T10:08:50.320+0000] {logging_mixin.py:188} INFO - Produced: squirtle with key=water
[2025-06-07T10:08:50.623+0000] {logging_mixin.py:188} INFO - Produced: wartortle with key=water
[2025-06-07T10:08:50.915+0000] {logging_mixin.py:188} INFO - Produced: blastoise with key=water
[2025-06-07T10:08:51.198+0000] {logging_mixin.py:188} INFO - Produced: caterpie with key=bug
[2025-06-07T10:08:51.482+0000] {logging_mixin.py:188} INFO - Produced: metapod with key=bug
[2025-06-07T10:08:51.779+0000] {logging_mixin.py:188} INFO - Produced: butterfree with key=bug
[2025-06-07T10:08:52.074+0000] {logging_mixin.py:188} INFO - Produced: weedle with key=bug
[2025-06-07T10:08:52.361+0000] {logging_mixin.py:188} INFO - Produced: kakuna with key=bug
[2025-06-07T10:08:52.653+0000] {logging_mixin.py:188} INFO - Produced: beedrill with key=bug
[2025-06-07T10:08:52.957+0000] {logging_mixin.py:188} INFO - Produced: pidgey with key=normal
[2025-06-07T10:08:53.258+0000] {logging_mixin.py:188} INFO - Produced: pidgeotto with key=normal
[2025-06-07T10:08:53.550+0000] {logging_mixin.py:188} INFO - Produced: pidgeot with key=normal
[2025-06-07T10:08:53.844+0000] {logging_mixin.py:188} INFO - Produced: rattata with key=normal
[2025-06-07T10:08:54.054+0000] {python.py:237} INFO - Done. Returned value was: None
[2025-06-07T10:08:54.055+0000] {taskinstance.py:441} INFO - ::group::Post task execution logs
[2025-06-07T10:08:54.070+0000] {taskinstance.py:1205} INFO - Marking task as SUCCESS. dag_id=pokemon_partitioned_to_kafka, task_id=fetch_pokemon_and_send_partitioned_to_kafka, execution_date=20250607T100400, start_date=20250607T100847, end_date=20250607T100854
[2025-06-07T10:08:54.106+0000] {local_task_job_runner.py:240} INFO - Task exited with return code 0
[2025-06-07T10:08:54.117+0000] {taskinstance.py:3482} INFO - 0 downstream tasks scheduled from follow-on schedule check
[2025-06-07T10:08:54.118+0000] {local_task_job_runner.py:222} INFO - ::endgroup::
