[2025-06-06T16:46:43.883+0000] {local_task_job_runner.py:120} INFO - ::group::Pre task execution logs
[2025-06-06T16:46:43.904+0000] {taskinstance.py:2073} INFO - Dependencies all met for dep_context=non-requeueable deps ti=<TaskInstance: pokemon_partitioned_to_kafka.fetch_pokemon_and_send_partitioned_to_kafka scheduled__2025-06-06T15:57:00+00:00 [queued]>
[2025-06-06T16:46:43.910+0000] {taskinstance.py:2073} INFO - Dependencies all met for dep_context=requeueable deps ti=<TaskInstance: pokemon_partitioned_to_kafka.fetch_pokemon_and_send_partitioned_to_kafka scheduled__2025-06-06T15:57:00+00:00 [queued]>
[2025-06-06T16:46:43.910+0000] {taskinstance.py:2303} INFO - Starting attempt 1 of 1
[2025-06-06T16:46:43.919+0000] {taskinstance.py:2327} INFO - Executing <Task(PythonOperator): fetch_pokemon_and_send_partitioned_to_kafka> on 2025-06-06 15:57:00+00:00
[2025-06-06T16:46:43.925+0000] {logging_mixin.py:188} WARNING - /home/***/.local/lib/python3.12/site-packages/***/task/task_runner/standard_task_runner.py:61 DeprecationWarning: This process (pid=2163) is multi-threaded, use of fork() may lead to deadlocks in the child.
[2025-06-06T16:46:43.928+0000] {standard_task_runner.py:63} INFO - Started process 2165 to run task
[2025-06-06T16:46:43.926+0000] {standard_task_runner.py:90} INFO - Running: ['***', 'tasks', 'run', 'pokemon_partitioned_to_kafka', 'fetch_pokemon_and_send_partitioned_to_kafka', 'scheduled__2025-06-06T15:57:00+00:00', '--job-id', '118', '--raw', '--subdir', 'DAGS_FOLDER/pkapi_to_kafka_dag.py', '--cfg-path', '/tmp/tmpky_9ltvc']
[2025-06-06T16:46:43.929+0000] {standard_task_runner.py:91} INFO - Job 118: Subtask fetch_pokemon_and_send_partitioned_to_kafka
[2025-06-06T16:46:43.944+0000] {logging_mixin.py:188} WARNING - /home/***/.local/lib/python3.12/site-packages/***/settings.py:195 DeprecationWarning: The sql_alchemy_conn option in [core] has been moved to the sql_alchemy_conn option in [database] - the old setting has been used, but please update your config.
[2025-06-06T16:46:43.973+0000] {task_command.py:426} INFO - Running <TaskInstance: pokemon_partitioned_to_kafka.fetch_pokemon_and_send_partitioned_to_kafka scheduled__2025-06-06T15:57:00+00:00 [running]> on host 856ef77f0083
[2025-06-06T16:46:44.052+0000] {taskinstance.py:2644} INFO - Exporting env vars: AIRFLOW_CTX_DAG_OWNER='***' AIRFLOW_CTX_DAG_ID='pokemon_partitioned_to_kafka' AIRFLOW_CTX_TASK_ID='fetch_pokemon_and_send_partitioned_to_kafka' AIRFLOW_CTX_EXECUTION_DATE='2025-06-06T15:57:00+00:00' AIRFLOW_CTX_TRY_NUMBER='1' AIRFLOW_CTX_DAG_RUN_ID='scheduled__2025-06-06T15:57:00+00:00'
[2025-06-06T16:46:44.053+0000] {taskinstance.py:430} INFO - ::endgroup::
[2025-06-06T16:46:45.078+0000] {logging_mixin.py:188} INFO - Produced: bulbasaur with key=grass
[2025-06-06T16:46:45.534+0000] {logging_mixin.py:188} INFO - Produced: ivysaur with key=grass
[2025-06-06T16:46:45.983+0000] {logging_mixin.py:188} INFO - Produced: venusaur with key=grass
[2025-06-06T16:46:46.433+0000] {logging_mixin.py:188} INFO - Produced: charmander with key=fire
[2025-06-06T16:46:46.894+0000] {logging_mixin.py:188} INFO - Produced: charmeleon with key=fire
[2025-06-06T16:46:47.910+0000] {logging_mixin.py:188} INFO - Error fetching Pokémon ID 6: HTTPSConnectionPool(host='pokeapi.co', port=443): Max retries exceeded with url: /api/v2/pokemon/6/ (Caused by SSLError(SSLEOFError(8, '[SSL: UNEXPECTED_EOF_WHILE_READING] EOF occurred in violation of protocol (_ssl.c:1000)')))
[2025-06-06T16:46:48.208+0000] {logging_mixin.py:188} INFO - Produced: squirtle with key=water
[2025-06-06T16:46:48.653+0000] {logging_mixin.py:188} INFO - Produced: wartortle with key=water
[2025-06-06T16:46:49.110+0000] {logging_mixin.py:188} INFO - Produced: blastoise with key=water
[2025-06-06T16:46:49.570+0000] {logging_mixin.py:188} INFO - Produced: caterpie with key=bug
[2025-06-06T16:46:50.032+0000] {logging_mixin.py:188} INFO - Produced: metapod with key=bug
[2025-06-06T16:46:50.507+0000] {logging_mixin.py:188} INFO - Produced: butterfree with key=bug
[2025-06-06T16:46:50.953+0000] {logging_mixin.py:188} INFO - Produced: weedle with key=bug
[2025-06-06T16:46:51.396+0000] {logging_mixin.py:188} INFO - Produced: kakuna with key=bug
[2025-06-06T16:46:51.860+0000] {logging_mixin.py:188} INFO - Produced: beedrill with key=bug
[2025-06-06T16:46:52.325+0000] {logging_mixin.py:188} INFO - Produced: pidgey with key=normal
[2025-06-06T16:46:52.803+0000] {logging_mixin.py:188} INFO - Produced: pidgeotto with key=normal
[2025-06-06T16:46:53.276+0000] {logging_mixin.py:188} INFO - Produced: pidgeot with key=normal
[2025-06-06T16:46:53.744+0000] {logging_mixin.py:188} INFO - Produced: rattata with key=normal
[2025-06-06T16:46:53.949+0000] {python.py:237} INFO - Done. Returned value was: None
[2025-06-06T16:46:53.950+0000] {taskinstance.py:441} INFO - ::group::Post task execution logs
[2025-06-06T16:46:53.964+0000] {taskinstance.py:1205} INFO - Marking task as SUCCESS. dag_id=pokemon_partitioned_to_kafka, task_id=fetch_pokemon_and_send_partitioned_to_kafka, execution_date=20250606T155700, start_date=20250606T164643, end_date=20250606T164653
[2025-06-06T16:46:53.985+0000] {local_task_job_runner.py:240} INFO - Task exited with return code 0
[2025-06-06T16:46:53.999+0000] {taskinstance.py:3482} INFO - 0 downstream tasks scheduled from follow-on schedule check
[2025-06-06T16:46:54.000+0000] {local_task_job_runner.py:222} INFO - ::endgroup::
