[2025-06-05T22:57:51.109+0000] {processor.py:161} INFO - Started process (PID=166) to work on /opt/airflow/dags/kafka_producer_dag.py
[2025-06-05T22:57:51.110+0000] {processor.py:830} INFO - Processing file /opt/airflow/dags/kafka_producer_dag.py for tasks to queue
[2025-06-05T22:57:51.111+0000] {logging_mixin.py:188} INFO - [2025-06-05T22:57:51.111+0000] {dagbag.py:540} INFO - Filling up the DagBag from /opt/airflow/dags/kafka_producer_dag.py
[2025-06-05T22:57:51.128+0000] {processor.py:840} INFO - DAG(s) 'kafka_producer_dag' retrieved from /opt/airflow/dags/kafka_producer_dag.py
[2025-06-05T22:57:51.255+0000] {logging_mixin.py:188} INFO - [2025-06-05T22:57:51.255+0000] {override.py:1829} INFO - Created Permission View: can edit on DAG:kafka_producer_dag
[2025-06-05T22:57:51.259+0000] {logging_mixin.py:188} INFO - [2025-06-05T22:57:51.258+0000] {override.py:1829} INFO - Created Permission View: can read on DAG:kafka_producer_dag
[2025-06-05T22:57:51.261+0000] {logging_mixin.py:188} INFO - [2025-06-05T22:57:51.261+0000] {override.py:1829} INFO - Created Permission View: can delete on DAG:kafka_producer_dag
[2025-06-05T22:57:51.261+0000] {logging_mixin.py:188} INFO - [2025-06-05T22:57:51.261+0000] {dag.py:3096} INFO - Sync 1 DAGs
[2025-06-05T22:57:51.266+0000] {logging_mixin.py:188} INFO - [2025-06-05T22:57:51.266+0000] {dag.py:3118} INFO - Creating ORM DAG for kafka_producer_dag
[2025-06-05T22:57:51.266+0000] {logging_mixin.py:188} INFO - [2025-06-05T22:57:51.266+0000] {dag.py:3954} INFO - Setting next_dagrun for kafka_producer_dag to None, run_after=None
[2025-06-05T22:57:51.274+0000] {processor.py:183} INFO - Processing /opt/airflow/dags/kafka_producer_dag.py took 0.167 seconds
[2025-06-05T22:59:51.885+0000] {processor.py:161} INFO - Started process (PID=166) to work on /opt/airflow/dags/kafka_producer_dag.py
[2025-06-05T22:59:51.886+0000] {processor.py:830} INFO - Processing file /opt/airflow/dags/kafka_producer_dag.py for tasks to queue
[2025-06-05T22:59:51.887+0000] {logging_mixin.py:188} INFO - [2025-06-05T22:59:51.887+0000] {dagbag.py:540} INFO - Filling up the DagBag from /opt/airflow/dags/kafka_producer_dag.py
[2025-06-05T22:59:51.905+0000] {processor.py:840} INFO - DAG(s) 'kafka_producer_dag' retrieved from /opt/airflow/dags/kafka_producer_dag.py
[2025-06-05T22:59:52.021+0000] {logging_mixin.py:188} INFO - [2025-06-05T22:59:52.021+0000] {override.py:1829} INFO - Created Permission View: can read on DAG:kafka_producer_dag
[2025-06-05T22:59:52.024+0000] {logging_mixin.py:188} INFO - [2025-06-05T22:59:52.023+0000] {override.py:1829} INFO - Created Permission View: can edit on DAG:kafka_producer_dag
[2025-06-05T22:59:52.026+0000] {logging_mixin.py:188} INFO - [2025-06-05T22:59:52.025+0000] {override.py:1829} INFO - Created Permission View: can delete on DAG:kafka_producer_dag
[2025-06-05T22:59:52.026+0000] {logging_mixin.py:188} INFO - [2025-06-05T22:59:52.026+0000] {dag.py:3096} INFO - Sync 1 DAGs
[2025-06-05T22:59:52.030+0000] {logging_mixin.py:188} INFO - [2025-06-05T22:59:52.030+0000] {dag.py:3118} INFO - Creating ORM DAG for kafka_producer_dag
[2025-06-05T22:59:52.030+0000] {logging_mixin.py:188} INFO - [2025-06-05T22:59:52.030+0000] {dag.py:3954} INFO - Setting next_dagrun for kafka_producer_dag to None, run_after=None
[2025-06-05T22:59:52.036+0000] {processor.py:183} INFO - Processing /opt/airflow/dags/kafka_producer_dag.py took 0.154 seconds
[2025-06-05T23:00:22.199+0000] {processor.py:161} INFO - Started process (PID=171) to work on /opt/airflow/dags/kafka_producer_dag.py
[2025-06-05T23:00:22.200+0000] {processor.py:830} INFO - Processing file /opt/airflow/dags/kafka_producer_dag.py for tasks to queue
[2025-06-05T23:00:22.201+0000] {logging_mixin.py:188} INFO - [2025-06-05T23:00:22.201+0000] {dagbag.py:540} INFO - Filling up the DagBag from /opt/airflow/dags/kafka_producer_dag.py
[2025-06-05T23:00:22.216+0000] {processor.py:840} INFO - DAG(s) 'kafka_producer_dag' retrieved from /opt/airflow/dags/kafka_producer_dag.py
[2025-06-05T23:00:22.249+0000] {logging_mixin.py:188} INFO - [2025-06-05T23:00:22.248+0000] {dag.py:3096} INFO - Sync 1 DAGs
[2025-06-05T23:00:22.256+0000] {logging_mixin.py:188} INFO - [2025-06-05T23:00:22.256+0000] {dag.py:3954} INFO - Setting next_dagrun for kafka_producer_dag to None, run_after=None
[2025-06-05T23:00:22.268+0000] {processor.py:183} INFO - Processing /opt/airflow/dags/kafka_producer_dag.py took 0.076 seconds
[2025-06-05T23:00:52.477+0000] {processor.py:161} INFO - Started process (PID=176) to work on /opt/airflow/dags/kafka_producer_dag.py
[2025-06-05T23:00:52.478+0000] {processor.py:830} INFO - Processing file /opt/airflow/dags/kafka_producer_dag.py for tasks to queue
[2025-06-05T23:00:52.480+0000] {logging_mixin.py:188} INFO - [2025-06-05T23:00:52.479+0000] {dagbag.py:540} INFO - Filling up the DagBag from /opt/airflow/dags/kafka_producer_dag.py
[2025-06-05T23:00:52.494+0000] {processor.py:840} INFO - DAG(s) 'kafka_producer_dag' retrieved from /opt/airflow/dags/kafka_producer_dag.py
[2025-06-05T23:00:52.514+0000] {logging_mixin.py:188} INFO - [2025-06-05T23:00:52.514+0000] {dag.py:3096} INFO - Sync 1 DAGs
[2025-06-05T23:00:52.520+0000] {logging_mixin.py:188} INFO - [2025-06-05T23:00:52.520+0000] {dag.py:3954} INFO - Setting next_dagrun for kafka_producer_dag to None, run_after=None
[2025-06-05T23:00:52.528+0000] {processor.py:183} INFO - Processing /opt/airflow/dags/kafka_producer_dag.py took 0.057 seconds
[2025-06-05T23:01:22.719+0000] {processor.py:161} INFO - Started process (PID=187) to work on /opt/airflow/dags/kafka_producer_dag.py
[2025-06-05T23:01:22.720+0000] {processor.py:830} INFO - Processing file /opt/airflow/dags/kafka_producer_dag.py for tasks to queue
[2025-06-05T23:01:22.721+0000] {logging_mixin.py:188} INFO - [2025-06-05T23:01:22.721+0000] {dagbag.py:540} INFO - Filling up the DagBag from /opt/airflow/dags/kafka_producer_dag.py
[2025-06-05T23:01:22.738+0000] {processor.py:840} INFO - DAG(s) 'kafka_producer_dag' retrieved from /opt/airflow/dags/kafka_producer_dag.py
[2025-06-05T23:01:22.762+0000] {logging_mixin.py:188} INFO - [2025-06-05T23:01:22.761+0000] {dag.py:3096} INFO - Sync 1 DAGs
[2025-06-05T23:01:22.768+0000] {logging_mixin.py:188} INFO - [2025-06-05T23:01:22.768+0000] {dag.py:3954} INFO - Setting next_dagrun for kafka_producer_dag to None, run_after=None
[2025-06-05T23:01:22.778+0000] {processor.py:183} INFO - Processing /opt/airflow/dags/kafka_producer_dag.py took 0.065 seconds
[2025-06-05T23:01:52.967+0000] {processor.py:161} INFO - Started process (PID=192) to work on /opt/airflow/dags/kafka_producer_dag.py
[2025-06-05T23:01:52.968+0000] {processor.py:830} INFO - Processing file /opt/airflow/dags/kafka_producer_dag.py for tasks to queue
[2025-06-05T23:01:52.970+0000] {logging_mixin.py:188} INFO - [2025-06-05T23:01:52.970+0000] {dagbag.py:540} INFO - Filling up the DagBag from /opt/airflow/dags/kafka_producer_dag.py
[2025-06-05T23:01:52.989+0000] {processor.py:840} INFO - DAG(s) 'kafka_producer_dag' retrieved from /opt/airflow/dags/kafka_producer_dag.py
[2025-06-05T23:01:53.009+0000] {logging_mixin.py:188} INFO - [2025-06-05T23:01:53.009+0000] {dag.py:3096} INFO - Sync 1 DAGs
[2025-06-05T23:01:53.015+0000] {logging_mixin.py:188} INFO - [2025-06-05T23:01:53.015+0000] {dag.py:3954} INFO - Setting next_dagrun for kafka_producer_dag to None, run_after=None
[2025-06-05T23:01:53.023+0000] {processor.py:183} INFO - Processing /opt/airflow/dags/kafka_producer_dag.py took 0.062 seconds
[2025-06-05T23:02:23.195+0000] {processor.py:161} INFO - Started process (PID=197) to work on /opt/airflow/dags/kafka_producer_dag.py
[2025-06-05T23:02:23.196+0000] {processor.py:830} INFO - Processing file /opt/airflow/dags/kafka_producer_dag.py for tasks to queue
[2025-06-05T23:02:23.197+0000] {logging_mixin.py:188} INFO - [2025-06-05T23:02:23.197+0000] {dagbag.py:540} INFO - Filling up the DagBag from /opt/airflow/dags/kafka_producer_dag.py
[2025-06-05T23:02:23.208+0000] {processor.py:840} INFO - DAG(s) 'kafka_producer_dag' retrieved from /opt/airflow/dags/kafka_producer_dag.py
[2025-06-05T23:02:23.226+0000] {logging_mixin.py:188} INFO - [2025-06-05T23:02:23.225+0000] {dag.py:3096} INFO - Sync 1 DAGs
[2025-06-05T23:02:23.233+0000] {logging_mixin.py:188} INFO - [2025-06-05T23:02:23.232+0000] {dag.py:3954} INFO - Setting next_dagrun for kafka_producer_dag to None, run_after=None
[2025-06-05T23:02:23.241+0000] {processor.py:183} INFO - Processing /opt/airflow/dags/kafka_producer_dag.py took 0.049 seconds
[2025-06-05T23:02:53.446+0000] {processor.py:161} INFO - Started process (PID=202) to work on /opt/airflow/dags/kafka_producer_dag.py
[2025-06-05T23:02:53.447+0000] {processor.py:830} INFO - Processing file /opt/airflow/dags/kafka_producer_dag.py for tasks to queue
[2025-06-05T23:02:53.449+0000] {logging_mixin.py:188} INFO - [2025-06-05T23:02:53.449+0000] {dagbag.py:540} INFO - Filling up the DagBag from /opt/airflow/dags/kafka_producer_dag.py
[2025-06-05T23:02:53.462+0000] {processor.py:840} INFO - DAG(s) 'kafka_producer_dag' retrieved from /opt/airflow/dags/kafka_producer_dag.py
[2025-06-05T23:02:53.477+0000] {logging_mixin.py:188} INFO - [2025-06-05T23:02:53.477+0000] {dag.py:3096} INFO - Sync 1 DAGs
[2025-06-05T23:02:53.483+0000] {logging_mixin.py:188} INFO - [2025-06-05T23:02:53.483+0000] {dag.py:3954} INFO - Setting next_dagrun for kafka_producer_dag to None, run_after=None
[2025-06-05T23:02:53.491+0000] {processor.py:183} INFO - Processing /opt/airflow/dags/kafka_producer_dag.py took 0.052 seconds
[2025-06-05T23:03:23.652+0000] {processor.py:161} INFO - Started process (PID=207) to work on /opt/airflow/dags/kafka_producer_dag.py
[2025-06-05T23:03:23.652+0000] {processor.py:830} INFO - Processing file /opt/airflow/dags/kafka_producer_dag.py for tasks to queue
[2025-06-05T23:03:23.653+0000] {logging_mixin.py:188} INFO - [2025-06-05T23:03:23.653+0000] {dagbag.py:540} INFO - Filling up the DagBag from /opt/airflow/dags/kafka_producer_dag.py
[2025-06-05T23:03:23.662+0000] {processor.py:840} INFO - DAG(s) 'kafka_producer_dag' retrieved from /opt/airflow/dags/kafka_producer_dag.py
[2025-06-05T23:03:23.677+0000] {logging_mixin.py:188} INFO - [2025-06-05T23:03:23.677+0000] {dag.py:3096} INFO - Sync 1 DAGs
[2025-06-05T23:03:23.684+0000] {logging_mixin.py:188} INFO - [2025-06-05T23:03:23.684+0000] {dag.py:3954} INFO - Setting next_dagrun for kafka_producer_dag to None, run_after=None
[2025-06-05T23:03:23.694+0000] {processor.py:183} INFO - Processing /opt/airflow/dags/kafka_producer_dag.py took 0.045 seconds
[2025-06-05T23:03:53.910+0000] {processor.py:161} INFO - Started process (PID=212) to work on /opt/airflow/dags/kafka_producer_dag.py
[2025-06-05T23:03:53.910+0000] {processor.py:830} INFO - Processing file /opt/airflow/dags/kafka_producer_dag.py for tasks to queue
[2025-06-05T23:03:53.911+0000] {logging_mixin.py:188} INFO - [2025-06-05T23:03:53.911+0000] {dagbag.py:540} INFO - Filling up the DagBag from /opt/airflow/dags/kafka_producer_dag.py
[2025-06-05T23:03:53.920+0000] {processor.py:840} INFO - DAG(s) 'kafka_producer_dag' retrieved from /opt/airflow/dags/kafka_producer_dag.py
[2025-06-05T23:03:53.934+0000] {logging_mixin.py:188} INFO - [2025-06-05T23:03:53.934+0000] {dag.py:3096} INFO - Sync 1 DAGs
[2025-06-05T23:03:53.944+0000] {logging_mixin.py:188} INFO - [2025-06-05T23:03:53.944+0000] {dag.py:3954} INFO - Setting next_dagrun for kafka_producer_dag to None, run_after=None
[2025-06-05T23:03:53.956+0000] {processor.py:183} INFO - Processing /opt/airflow/dags/kafka_producer_dag.py took 0.048 seconds
[2025-06-05T23:04:24.125+0000] {processor.py:161} INFO - Started process (PID=217) to work on /opt/airflow/dags/kafka_producer_dag.py
[2025-06-05T23:04:24.125+0000] {processor.py:830} INFO - Processing file /opt/airflow/dags/kafka_producer_dag.py for tasks to queue
[2025-06-05T23:04:24.127+0000] {logging_mixin.py:188} INFO - [2025-06-05T23:04:24.126+0000] {dagbag.py:540} INFO - Filling up the DagBag from /opt/airflow/dags/kafka_producer_dag.py
[2025-06-05T23:04:24.139+0000] {processor.py:840} INFO - DAG(s) 'kafka_producer_dag' retrieved from /opt/airflow/dags/kafka_producer_dag.py
[2025-06-05T23:04:24.162+0000] {logging_mixin.py:188} INFO - [2025-06-05T23:04:24.162+0000] {dag.py:3096} INFO - Sync 1 DAGs
[2025-06-05T23:04:24.168+0000] {logging_mixin.py:188} INFO - [2025-06-05T23:04:24.168+0000] {dag.py:3954} INFO - Setting next_dagrun for kafka_producer_dag to None, run_after=None
[2025-06-05T23:04:24.177+0000] {processor.py:183} INFO - Processing /opt/airflow/dags/kafka_producer_dag.py took 0.057 seconds
[2025-06-05T23:04:54.337+0000] {processor.py:161} INFO - Started process (PID=222) to work on /opt/airflow/dags/kafka_producer_dag.py
[2025-06-05T23:04:54.337+0000] {processor.py:830} INFO - Processing file /opt/airflow/dags/kafka_producer_dag.py for tasks to queue
[2025-06-05T23:04:54.338+0000] {logging_mixin.py:188} INFO - [2025-06-05T23:04:54.338+0000] {dagbag.py:540} INFO - Filling up the DagBag from /opt/airflow/dags/kafka_producer_dag.py
[2025-06-05T23:04:54.347+0000] {processor.py:840} INFO - DAG(s) 'kafka_producer_dag' retrieved from /opt/airflow/dags/kafka_producer_dag.py
[2025-06-05T23:04:54.361+0000] {logging_mixin.py:188} INFO - [2025-06-05T23:04:54.361+0000] {dag.py:3096} INFO - Sync 1 DAGs
[2025-06-05T23:04:54.367+0000] {logging_mixin.py:188} INFO - [2025-06-05T23:04:54.366+0000] {dag.py:3954} INFO - Setting next_dagrun for kafka_producer_dag to None, run_after=None
[2025-06-05T23:04:54.375+0000] {processor.py:183} INFO - Processing /opt/airflow/dags/kafka_producer_dag.py took 0.041 seconds
[2025-06-05T23:05:09.538+0000] {processor.py:161} INFO - Started process (PID=166) to work on /opt/airflow/dags/kafka_producer_dag.py
[2025-06-05T23:05:09.539+0000] {processor.py:830} INFO - Processing file /opt/airflow/dags/kafka_producer_dag.py for tasks to queue
[2025-06-05T23:05:09.540+0000] {logging_mixin.py:188} INFO - [2025-06-05T23:05:09.540+0000] {dagbag.py:540} INFO - Filling up the DagBag from /opt/airflow/dags/kafka_producer_dag.py
[2025-06-05T23:05:09.557+0000] {processor.py:840} INFO - DAG(s) 'kafka_producer_dag' retrieved from /opt/airflow/dags/kafka_producer_dag.py
[2025-06-05T23:05:09.593+0000] {logging_mixin.py:188} INFO - [2025-06-05T23:05:09.592+0000] {dag.py:3096} INFO - Sync 1 DAGs
[2025-06-05T23:05:09.599+0000] {logging_mixin.py:188} INFO - [2025-06-05T23:05:09.599+0000] {dag.py:3954} INFO - Setting next_dagrun for kafka_producer_dag to None, run_after=None
[2025-06-05T23:05:09.609+0000] {processor.py:183} INFO - Processing /opt/airflow/dags/kafka_producer_dag.py took 0.074 seconds
[2025-06-05T23:05:39.717+0000] {processor.py:161} INFO - Started process (PID=171) to work on /opt/airflow/dags/kafka_producer_dag.py
[2025-06-05T23:05:39.718+0000] {processor.py:830} INFO - Processing file /opt/airflow/dags/kafka_producer_dag.py for tasks to queue
[2025-06-05T23:05:39.720+0000] {logging_mixin.py:188} INFO - [2025-06-05T23:05:39.719+0000] {dagbag.py:540} INFO - Filling up the DagBag from /opt/airflow/dags/kafka_producer_dag.py
[2025-06-05T23:05:39.731+0000] {processor.py:840} INFO - DAG(s) 'kafka_producer_dag' retrieved from /opt/airflow/dags/kafka_producer_dag.py
[2025-06-05T23:05:39.738+0000] {logging_mixin.py:188} INFO - [2025-06-05T23:05:39.738+0000] {dag.py:3096} INFO - Sync 1 DAGs
[2025-06-05T23:05:39.745+0000] {logging_mixin.py:188} INFO - [2025-06-05T23:05:39.745+0000] {dag.py:3954} INFO - Setting next_dagrun for kafka_producer_dag to None, run_after=None
[2025-06-05T23:05:39.753+0000] {processor.py:183} INFO - Processing /opt/airflow/dags/kafka_producer_dag.py took 0.041 seconds
[2025-06-05T23:06:09.922+0000] {processor.py:161} INFO - Started process (PID=176) to work on /opt/airflow/dags/kafka_producer_dag.py
[2025-06-05T23:06:09.923+0000] {processor.py:830} INFO - Processing file /opt/airflow/dags/kafka_producer_dag.py for tasks to queue
[2025-06-05T23:06:09.923+0000] {logging_mixin.py:188} INFO - [2025-06-05T23:06:09.923+0000] {dagbag.py:540} INFO - Filling up the DagBag from /opt/airflow/dags/kafka_producer_dag.py
[2025-06-05T23:06:09.931+0000] {processor.py:840} INFO - DAG(s) 'kafka_producer_dag' retrieved from /opt/airflow/dags/kafka_producer_dag.py
[2025-06-05T23:06:10.053+0000] {logging_mixin.py:188} INFO - [2025-06-05T23:06:10.052+0000] {dag.py:3096} INFO - Sync 1 DAGs
[2025-06-05T23:06:10.060+0000] {logging_mixin.py:188} INFO - [2025-06-05T23:06:10.060+0000] {dag.py:3954} INFO - Setting next_dagrun for kafka_producer_dag to None, run_after=None
[2025-06-05T23:06:10.070+0000] {processor.py:183} INFO - Processing /opt/airflow/dags/kafka_producer_dag.py took 0.151 seconds
[2025-06-05T23:06:40.112+0000] {processor.py:161} INFO - Started process (PID=181) to work on /opt/airflow/dags/kafka_producer_dag.py
[2025-06-05T23:06:40.112+0000] {processor.py:830} INFO - Processing file /opt/airflow/dags/kafka_producer_dag.py for tasks to queue
[2025-06-05T23:06:40.114+0000] {logging_mixin.py:188} INFO - [2025-06-05T23:06:40.114+0000] {dagbag.py:540} INFO - Filling up the DagBag from /opt/airflow/dags/kafka_producer_dag.py
[2025-06-05T23:06:40.124+0000] {processor.py:840} INFO - DAG(s) 'kafka_producer_dag' retrieved from /opt/airflow/dags/kafka_producer_dag.py
[2025-06-05T23:06:40.139+0000] {logging_mixin.py:188} INFO - [2025-06-05T23:06:40.139+0000] {dag.py:3096} INFO - Sync 1 DAGs
[2025-06-05T23:06:40.146+0000] {logging_mixin.py:188} INFO - [2025-06-05T23:06:40.146+0000] {dag.py:3954} INFO - Setting next_dagrun for kafka_producer_dag to None, run_after=None
[2025-06-05T23:06:40.154+0000] {processor.py:183} INFO - Processing /opt/airflow/dags/kafka_producer_dag.py took 0.047 seconds
[2025-06-05T23:07:10.348+0000] {processor.py:161} INFO - Started process (PID=186) to work on /opt/airflow/dags/kafka_producer_dag.py
[2025-06-05T23:07:10.348+0000] {processor.py:830} INFO - Processing file /opt/airflow/dags/kafka_producer_dag.py for tasks to queue
[2025-06-05T23:07:10.350+0000] {logging_mixin.py:188} INFO - [2025-06-05T23:07:10.350+0000] {dagbag.py:540} INFO - Filling up the DagBag from /opt/airflow/dags/kafka_producer_dag.py
[2025-06-05T23:07:10.363+0000] {processor.py:840} INFO - DAG(s) 'kafka_producer_dag' retrieved from /opt/airflow/dags/kafka_producer_dag.py
[2025-06-05T23:07:10.383+0000] {logging_mixin.py:188} INFO - [2025-06-05T23:07:10.382+0000] {dag.py:3096} INFO - Sync 1 DAGs
[2025-06-05T23:07:10.389+0000] {logging_mixin.py:188} INFO - [2025-06-05T23:07:10.389+0000] {dag.py:3954} INFO - Setting next_dagrun for kafka_producer_dag to None, run_after=None
[2025-06-05T23:07:10.397+0000] {processor.py:183} INFO - Processing /opt/airflow/dags/kafka_producer_dag.py took 0.055 seconds
[2025-06-05T23:07:40.581+0000] {processor.py:161} INFO - Started process (PID=191) to work on /opt/airflow/dags/kafka_producer_dag.py
[2025-06-05T23:07:40.582+0000] {processor.py:830} INFO - Processing file /opt/airflow/dags/kafka_producer_dag.py for tasks to queue
[2025-06-05T23:07:40.584+0000] {logging_mixin.py:188} INFO - [2025-06-05T23:07:40.583+0000] {dagbag.py:540} INFO - Filling up the DagBag from /opt/airflow/dags/kafka_producer_dag.py
[2025-06-05T23:07:40.597+0000] {processor.py:840} INFO - DAG(s) 'kafka_producer_dag' retrieved from /opt/airflow/dags/kafka_producer_dag.py
[2025-06-05T23:07:40.616+0000] {logging_mixin.py:188} INFO - [2025-06-05T23:07:40.616+0000] {dag.py:3096} INFO - Sync 1 DAGs
[2025-06-05T23:07:40.623+0000] {logging_mixin.py:188} INFO - [2025-06-05T23:07:40.623+0000] {dag.py:3954} INFO - Setting next_dagrun for kafka_producer_dag to None, run_after=None
[2025-06-05T23:07:40.631+0000] {processor.py:183} INFO - Processing /opt/airflow/dags/kafka_producer_dag.py took 0.054 seconds
[2025-06-05T23:08:10.822+0000] {processor.py:161} INFO - Started process (PID=196) to work on /opt/airflow/dags/kafka_producer_dag.py
[2025-06-05T23:08:10.823+0000] {processor.py:830} INFO - Processing file /opt/airflow/dags/kafka_producer_dag.py for tasks to queue
[2025-06-05T23:08:10.824+0000] {logging_mixin.py:188} INFO - [2025-06-05T23:08:10.824+0000] {dagbag.py:540} INFO - Filling up the DagBag from /opt/airflow/dags/kafka_producer_dag.py
[2025-06-05T23:08:10.834+0000] {processor.py:840} INFO - DAG(s) 'kafka_producer_dag' retrieved from /opt/airflow/dags/kafka_producer_dag.py
[2025-06-05T23:08:10.850+0000] {logging_mixin.py:188} INFO - [2025-06-05T23:08:10.850+0000] {dag.py:3096} INFO - Sync 1 DAGs
[2025-06-05T23:08:10.856+0000] {logging_mixin.py:188} INFO - [2025-06-05T23:08:10.856+0000] {dag.py:3954} INFO - Setting next_dagrun for kafka_producer_dag to None, run_after=None
[2025-06-05T23:08:10.865+0000] {processor.py:183} INFO - Processing /opt/airflow/dags/kafka_producer_dag.py took 0.047 seconds
[2025-06-05T23:08:41.077+0000] {processor.py:161} INFO - Started process (PID=201) to work on /opt/airflow/dags/kafka_producer_dag.py
[2025-06-05T23:08:41.078+0000] {processor.py:830} INFO - Processing file /opt/airflow/dags/kafka_producer_dag.py for tasks to queue
[2025-06-05T23:08:41.079+0000] {logging_mixin.py:188} INFO - [2025-06-05T23:08:41.079+0000] {dagbag.py:540} INFO - Filling up the DagBag from /opt/airflow/dags/kafka_producer_dag.py
[2025-06-05T23:08:41.090+0000] {processor.py:840} INFO - DAG(s) 'kafka_producer_dag' retrieved from /opt/airflow/dags/kafka_producer_dag.py
[2025-06-05T23:08:41.105+0000] {logging_mixin.py:188} INFO - [2025-06-05T23:08:41.105+0000] {dag.py:3096} INFO - Sync 1 DAGs
[2025-06-05T23:08:41.111+0000] {logging_mixin.py:188} INFO - [2025-06-05T23:08:41.111+0000] {dag.py:3954} INFO - Setting next_dagrun for kafka_producer_dag to None, run_after=None
[2025-06-05T23:08:41.119+0000] {processor.py:183} INFO - Processing /opt/airflow/dags/kafka_producer_dag.py took 0.047 seconds
[2025-06-05T23:09:11.303+0000] {processor.py:161} INFO - Started process (PID=206) to work on /opt/airflow/dags/kafka_producer_dag.py
[2025-06-05T23:09:11.303+0000] {processor.py:830} INFO - Processing file /opt/airflow/dags/kafka_producer_dag.py for tasks to queue
[2025-06-05T23:09:11.304+0000] {logging_mixin.py:188} INFO - [2025-06-05T23:09:11.304+0000] {dagbag.py:540} INFO - Filling up the DagBag from /opt/airflow/dags/kafka_producer_dag.py
[2025-06-05T23:09:11.314+0000] {processor.py:840} INFO - DAG(s) 'kafka_producer_dag' retrieved from /opt/airflow/dags/kafka_producer_dag.py
[2025-06-05T23:09:11.329+0000] {logging_mixin.py:188} INFO - [2025-06-05T23:09:11.329+0000] {dag.py:3096} INFO - Sync 1 DAGs
[2025-06-05T23:09:11.335+0000] {logging_mixin.py:188} INFO - [2025-06-05T23:09:11.335+0000] {dag.py:3954} INFO - Setting next_dagrun for kafka_producer_dag to None, run_after=None
[2025-06-05T23:09:11.343+0000] {processor.py:183} INFO - Processing /opt/airflow/dags/kafka_producer_dag.py took 0.045 seconds
[2025-06-05T23:09:41.502+0000] {processor.py:161} INFO - Started process (PID=211) to work on /opt/airflow/dags/kafka_producer_dag.py
[2025-06-05T23:09:41.503+0000] {processor.py:830} INFO - Processing file /opt/airflow/dags/kafka_producer_dag.py for tasks to queue
[2025-06-05T23:09:41.504+0000] {logging_mixin.py:188} INFO - [2025-06-05T23:09:41.504+0000] {dagbag.py:540} INFO - Filling up the DagBag from /opt/airflow/dags/kafka_producer_dag.py
[2025-06-05T23:09:41.511+0000] {processor.py:840} INFO - DAG(s) 'kafka_producer_dag' retrieved from /opt/airflow/dags/kafka_producer_dag.py
[2025-06-05T23:09:41.526+0000] {logging_mixin.py:188} INFO - [2025-06-05T23:09:41.526+0000] {dag.py:3096} INFO - Sync 1 DAGs
[2025-06-05T23:09:41.533+0000] {logging_mixin.py:188} INFO - [2025-06-05T23:09:41.533+0000] {dag.py:3954} INFO - Setting next_dagrun for kafka_producer_dag to None, run_after=None
[2025-06-05T23:09:41.541+0000] {processor.py:183} INFO - Processing /opt/airflow/dags/kafka_producer_dag.py took 0.041 seconds
[2025-06-05T23:11:17.987+0000] {processor.py:161} INFO - Started process (PID=169) to work on /opt/airflow/dags/kafka_producer_dag.py
[2025-06-05T23:11:17.989+0000] {processor.py:830} INFO - Processing file /opt/airflow/dags/kafka_producer_dag.py for tasks to queue
[2025-06-05T23:11:17.989+0000] {logging_mixin.py:188} INFO - [2025-06-05T23:11:17.989+0000] {dagbag.py:540} INFO - Filling up the DagBag from /opt/airflow/dags/kafka_producer_dag.py
[2025-06-05T23:11:18.011+0000] {processor.py:840} INFO - DAG(s) 'kafka_producer_dag' retrieved from /opt/airflow/dags/kafka_producer_dag.py
[2025-06-05T23:11:18.157+0000] {logging_mixin.py:188} INFO - [2025-06-05T23:11:18.157+0000] {override.py:1829} INFO - Created Permission View: can read on DAG:kafka_producer_dag
[2025-06-05T23:11:18.162+0000] {logging_mixin.py:188} INFO - [2025-06-05T23:11:18.162+0000] {override.py:1829} INFO - Created Permission View: can edit on DAG:kafka_producer_dag
[2025-06-05T23:11:18.165+0000] {logging_mixin.py:188} INFO - [2025-06-05T23:11:18.165+0000] {override.py:1829} INFO - Created Permission View: can delete on DAG:kafka_producer_dag
[2025-06-05T23:11:18.165+0000] {logging_mixin.py:188} INFO - [2025-06-05T23:11:18.165+0000] {dag.py:3096} INFO - Sync 1 DAGs
[2025-06-05T23:11:18.173+0000] {logging_mixin.py:188} INFO - [2025-06-05T23:11:18.173+0000] {dag.py:3118} INFO - Creating ORM DAG for kafka_producer_dag
[2025-06-05T23:11:18.173+0000] {logging_mixin.py:188} INFO - [2025-06-05T23:11:18.173+0000] {dag.py:3954} INFO - Setting next_dagrun for kafka_producer_dag to None, run_after=None
[2025-06-05T23:11:18.186+0000] {processor.py:183} INFO - Processing /opt/airflow/dags/kafka_producer_dag.py took 0.202 seconds
[2025-06-05T23:11:48.429+0000] {processor.py:161} INFO - Started process (PID=179) to work on /opt/airflow/dags/kafka_producer_dag.py
[2025-06-05T23:11:48.430+0000] {processor.py:830} INFO - Processing file /opt/airflow/dags/kafka_producer_dag.py for tasks to queue
[2025-06-05T23:11:48.431+0000] {logging_mixin.py:188} INFO - [2025-06-05T23:11:48.431+0000] {dagbag.py:540} INFO - Filling up the DagBag from /opt/airflow/dags/kafka_producer_dag.py
[2025-06-05T23:11:48.442+0000] {processor.py:840} INFO - DAG(s) 'kafka_producer_dag' retrieved from /opt/airflow/dags/kafka_producer_dag.py
[2025-06-05T23:11:48.463+0000] {logging_mixin.py:188} INFO - [2025-06-05T23:11:48.462+0000] {dag.py:3096} INFO - Sync 1 DAGs
[2025-06-05T23:11:48.470+0000] {logging_mixin.py:188} INFO - [2025-06-05T23:11:48.470+0000] {dag.py:3954} INFO - Setting next_dagrun for kafka_producer_dag to None, run_after=None
[2025-06-05T23:11:48.484+0000] {processor.py:183} INFO - Processing /opt/airflow/dags/kafka_producer_dag.py took 0.058 seconds
[2025-06-05T23:12:18.750+0000] {processor.py:161} INFO - Started process (PID=195) to work on /opt/airflow/dags/kafka_producer_dag.py
[2025-06-05T23:12:18.751+0000] {processor.py:830} INFO - Processing file /opt/airflow/dags/kafka_producer_dag.py for tasks to queue
[2025-06-05T23:12:18.752+0000] {logging_mixin.py:188} INFO - [2025-06-05T23:12:18.751+0000] {dagbag.py:540} INFO - Filling up the DagBag from /opt/airflow/dags/kafka_producer_dag.py
[2025-06-05T23:12:18.762+0000] {processor.py:840} INFO - DAG(s) 'kafka_producer_dag' retrieved from /opt/airflow/dags/kafka_producer_dag.py
[2025-06-05T23:12:18.781+0000] {logging_mixin.py:188} INFO - [2025-06-05T23:12:18.781+0000] {dag.py:3096} INFO - Sync 1 DAGs
[2025-06-05T23:12:18.788+0000] {logging_mixin.py:188} INFO - [2025-06-05T23:12:18.788+0000] {dag.py:3954} INFO - Setting next_dagrun for kafka_producer_dag to None, run_after=None
[2025-06-05T23:12:18.803+0000] {processor.py:183} INFO - Processing /opt/airflow/dags/kafka_producer_dag.py took 0.057 seconds
[2025-06-05T23:12:49.094+0000] {processor.py:161} INFO - Started process (PID=205) to work on /opt/airflow/dags/kafka_producer_dag.py
[2025-06-05T23:12:49.096+0000] {processor.py:830} INFO - Processing file /opt/airflow/dags/kafka_producer_dag.py for tasks to queue
[2025-06-05T23:12:49.097+0000] {logging_mixin.py:188} INFO - [2025-06-05T23:12:49.097+0000] {dagbag.py:540} INFO - Filling up the DagBag from /opt/airflow/dags/kafka_producer_dag.py
[2025-06-05T23:12:49.108+0000] {processor.py:840} INFO - DAG(s) 'kafka_producer_dag' retrieved from /opt/airflow/dags/kafka_producer_dag.py
[2025-06-05T23:12:49.128+0000] {logging_mixin.py:188} INFO - [2025-06-05T23:12:49.128+0000] {dag.py:3096} INFO - Sync 1 DAGs
[2025-06-05T23:12:49.135+0000] {logging_mixin.py:188} INFO - [2025-06-05T23:12:49.135+0000] {dag.py:3954} INFO - Setting next_dagrun for kafka_producer_dag to None, run_after=None
[2025-06-05T23:12:49.146+0000] {processor.py:183} INFO - Processing /opt/airflow/dags/kafka_producer_dag.py took 0.056 seconds
[2025-06-05T23:13:19.383+0000] {processor.py:161} INFO - Started process (PID=215) to work on /opt/airflow/dags/kafka_producer_dag.py
[2025-06-05T23:13:19.384+0000] {processor.py:830} INFO - Processing file /opt/airflow/dags/kafka_producer_dag.py for tasks to queue
[2025-06-05T23:13:19.385+0000] {logging_mixin.py:188} INFO - [2025-06-05T23:13:19.385+0000] {dagbag.py:540} INFO - Filling up the DagBag from /opt/airflow/dags/kafka_producer_dag.py
[2025-06-05T23:13:19.396+0000] {processor.py:840} INFO - DAG(s) 'kafka_producer_dag' retrieved from /opt/airflow/dags/kafka_producer_dag.py
[2025-06-05T23:13:19.414+0000] {logging_mixin.py:188} INFO - [2025-06-05T23:13:19.414+0000] {dag.py:3096} INFO - Sync 1 DAGs
[2025-06-05T23:13:19.420+0000] {logging_mixin.py:188} INFO - [2025-06-05T23:13:19.420+0000] {dag.py:3954} INFO - Setting next_dagrun for kafka_producer_dag to None, run_after=None
[2025-06-05T23:13:19.432+0000] {processor.py:183} INFO - Processing /opt/airflow/dags/kafka_producer_dag.py took 0.054 seconds
[2025-06-05T23:13:49.764+0000] {processor.py:161} INFO - Started process (PID=235) to work on /opt/airflow/dags/kafka_producer_dag.py
[2025-06-05T23:13:49.765+0000] {processor.py:830} INFO - Processing file /opt/airflow/dags/kafka_producer_dag.py for tasks to queue
[2025-06-05T23:13:49.766+0000] {logging_mixin.py:188} INFO - [2025-06-05T23:13:49.766+0000] {dagbag.py:540} INFO - Filling up the DagBag from /opt/airflow/dags/kafka_producer_dag.py
[2025-06-05T23:13:49.780+0000] {processor.py:840} INFO - DAG(s) 'kafka_producer_dag' retrieved from /opt/airflow/dags/kafka_producer_dag.py
[2025-06-05T23:13:49.801+0000] {logging_mixin.py:188} INFO - [2025-06-05T23:13:49.801+0000] {dag.py:3096} INFO - Sync 1 DAGs
[2025-06-05T23:13:49.809+0000] {logging_mixin.py:188} INFO - [2025-06-05T23:13:49.808+0000] {dag.py:3954} INFO - Setting next_dagrun for kafka_producer_dag to None, run_after=None
[2025-06-05T23:13:49.822+0000] {processor.py:183} INFO - Processing /opt/airflow/dags/kafka_producer_dag.py took 0.062 seconds
[2025-06-05T23:14:20.065+0000] {processor.py:161} INFO - Started process (PID=253) to work on /opt/airflow/dags/kafka_producer_dag.py
[2025-06-05T23:14:20.065+0000] {processor.py:830} INFO - Processing file /opt/airflow/dags/kafka_producer_dag.py for tasks to queue
[2025-06-05T23:14:20.066+0000] {logging_mixin.py:188} INFO - [2025-06-05T23:14:20.066+0000] {dagbag.py:540} INFO - Filling up the DagBag from /opt/airflow/dags/kafka_producer_dag.py
[2025-06-05T23:14:20.078+0000] {processor.py:840} INFO - DAG(s) 'kafka_producer_dag' retrieved from /opt/airflow/dags/kafka_producer_dag.py
[2025-06-05T23:14:20.104+0000] {logging_mixin.py:188} INFO - [2025-06-05T23:14:20.104+0000] {dag.py:3096} INFO - Sync 1 DAGs
[2025-06-05T23:14:20.111+0000] {logging_mixin.py:188} INFO - [2025-06-05T23:14:20.111+0000] {dag.py:3954} INFO - Setting next_dagrun for kafka_producer_dag to None, run_after=None
[2025-06-05T23:14:20.120+0000] {processor.py:183} INFO - Processing /opt/airflow/dags/kafka_producer_dag.py took 0.059 seconds
[2025-06-05T23:14:54.355+0000] {processor.py:161} INFO - Started process (PID=169) to work on /opt/airflow/dags/kafka_producer_dag.py
[2025-06-05T23:14:54.355+0000] {processor.py:830} INFO - Processing file /opt/airflow/dags/kafka_producer_dag.py for tasks to queue
[2025-06-05T23:14:54.357+0000] {logging_mixin.py:188} INFO - [2025-06-05T23:14:54.357+0000] {dagbag.py:540} INFO - Filling up the DagBag from /opt/airflow/dags/kafka_producer_dag.py
[2025-06-05T23:14:54.383+0000] {processor.py:840} INFO - DAG(s) 'kafka_producer_dag' retrieved from /opt/airflow/dags/kafka_producer_dag.py
[2025-06-05T23:14:54.516+0000] {logging_mixin.py:188} INFO - [2025-06-05T23:14:54.516+0000] {override.py:1829} INFO - Created Permission View: can edit on DAG:kafka_producer_dag
[2025-06-05T23:14:54.521+0000] {logging_mixin.py:188} INFO - [2025-06-05T23:14:54.521+0000] {override.py:1829} INFO - Created Permission View: can delete on DAG:kafka_producer_dag
[2025-06-05T23:14:54.525+0000] {logging_mixin.py:188} INFO - [2025-06-05T23:14:54.524+0000] {override.py:1829} INFO - Created Permission View: can read on DAG:kafka_producer_dag
[2025-06-05T23:14:54.525+0000] {logging_mixin.py:188} INFO - [2025-06-05T23:14:54.525+0000] {dag.py:3096} INFO - Sync 1 DAGs
[2025-06-05T23:14:54.531+0000] {logging_mixin.py:188} INFO - [2025-06-05T23:14:54.531+0000] {dag.py:3118} INFO - Creating ORM DAG for kafka_producer_dag
[2025-06-05T23:14:54.531+0000] {logging_mixin.py:188} INFO - [2025-06-05T23:14:54.531+0000] {dag.py:3954} INFO - Setting next_dagrun for kafka_producer_dag to None, run_after=None
[2025-06-05T23:14:54.545+0000] {processor.py:183} INFO - Processing /opt/airflow/dags/kafka_producer_dag.py took 0.193 seconds
[2025-06-05T23:15:24.749+0000] {processor.py:161} INFO - Started process (PID=179) to work on /opt/airflow/dags/kafka_producer_dag.py
[2025-06-05T23:15:24.749+0000] {processor.py:830} INFO - Processing file /opt/airflow/dags/kafka_producer_dag.py for tasks to queue
[2025-06-05T23:15:24.750+0000] {logging_mixin.py:188} INFO - [2025-06-05T23:15:24.750+0000] {dagbag.py:540} INFO - Filling up the DagBag from /opt/airflow/dags/kafka_producer_dag.py
[2025-06-05T23:15:24.760+0000] {processor.py:840} INFO - DAG(s) 'kafka_producer_dag' retrieved from /opt/airflow/dags/kafka_producer_dag.py
[2025-06-05T23:15:24.779+0000] {logging_mixin.py:188} INFO - [2025-06-05T23:15:24.779+0000] {dag.py:3096} INFO - Sync 1 DAGs
[2025-06-05T23:15:24.787+0000] {logging_mixin.py:188} INFO - [2025-06-05T23:15:24.787+0000] {dag.py:3954} INFO - Setting next_dagrun for kafka_producer_dag to None, run_after=None
[2025-06-05T23:15:24.804+0000] {processor.py:183} INFO - Processing /opt/airflow/dags/kafka_producer_dag.py took 0.058 seconds
[2025-06-05T23:15:55.030+0000] {processor.py:161} INFO - Started process (PID=189) to work on /opt/airflow/dags/kafka_producer_dag.py
[2025-06-05T23:15:55.031+0000] {processor.py:830} INFO - Processing file /opt/airflow/dags/kafka_producer_dag.py for tasks to queue
[2025-06-05T23:15:55.033+0000] {logging_mixin.py:188} INFO - [2025-06-05T23:15:55.032+0000] {dagbag.py:540} INFO - Filling up the DagBag from /opt/airflow/dags/kafka_producer_dag.py
[2025-06-05T23:15:55.048+0000] {processor.py:840} INFO - DAG(s) 'kafka_producer_dag' retrieved from /opt/airflow/dags/kafka_producer_dag.py
[2025-06-05T23:15:55.060+0000] {logging_mixin.py:188} INFO - [2025-06-05T23:15:55.059+0000] {dag.py:3096} INFO - Sync 1 DAGs
[2025-06-05T23:15:55.068+0000] {logging_mixin.py:188} INFO - [2025-06-05T23:15:55.067+0000] {dag.py:3954} INFO - Setting next_dagrun for kafka_producer_dag to None, run_after=None
[2025-06-05T23:15:55.084+0000] {processor.py:183} INFO - Processing /opt/airflow/dags/kafka_producer_dag.py took 0.058 seconds
[2025-06-05T23:16:25.274+0000] {processor.py:161} INFO - Started process (PID=201) to work on /opt/airflow/dags/kafka_producer_dag.py
[2025-06-05T23:16:25.275+0000] {processor.py:830} INFO - Processing file /opt/airflow/dags/kafka_producer_dag.py for tasks to queue
[2025-06-05T23:16:25.276+0000] {logging_mixin.py:188} INFO - [2025-06-05T23:16:25.276+0000] {dagbag.py:540} INFO - Filling up the DagBag from /opt/airflow/dags/kafka_producer_dag.py
[2025-06-05T23:16:25.283+0000] {processor.py:840} INFO - DAG(s) 'kafka_producer_dag' retrieved from /opt/airflow/dags/kafka_producer_dag.py
[2025-06-05T23:16:25.292+0000] {logging_mixin.py:188} INFO - [2025-06-05T23:16:25.292+0000] {dag.py:3096} INFO - Sync 1 DAGs
[2025-06-05T23:16:25.298+0000] {logging_mixin.py:188} INFO - [2025-06-05T23:16:25.298+0000] {dag.py:3954} INFO - Setting next_dagrun for kafka_producer_dag to None, run_after=None
[2025-06-05T23:16:25.308+0000] {processor.py:183} INFO - Processing /opt/airflow/dags/kafka_producer_dag.py took 0.036 seconds
[2025-06-05T23:16:55.575+0000] {processor.py:161} INFO - Started process (PID=223) to work on /opt/airflow/dags/kafka_producer_dag.py
[2025-06-05T23:16:55.576+0000] {processor.py:830} INFO - Processing file /opt/airflow/dags/kafka_producer_dag.py for tasks to queue
[2025-06-05T23:16:55.578+0000] {logging_mixin.py:188} INFO - [2025-06-05T23:16:55.578+0000] {dagbag.py:540} INFO - Filling up the DagBag from /opt/airflow/dags/kafka_producer_dag.py
[2025-06-05T23:16:55.597+0000] {processor.py:840} INFO - DAG(s) 'kafka_producer_dag' retrieved from /opt/airflow/dags/kafka_producer_dag.py
[2025-06-05T23:16:55.650+0000] {logging_mixin.py:188} INFO - [2025-06-05T23:16:55.650+0000] {dag.py:3096} INFO - Sync 1 DAGs
[2025-06-05T23:16:55.655+0000] {logging_mixin.py:188} INFO - [2025-06-05T23:16:55.655+0000] {dag.py:3954} INFO - Setting next_dagrun for kafka_producer_dag to None, run_after=None
[2025-06-05T23:16:55.663+0000] {processor.py:183} INFO - Processing /opt/airflow/dags/kafka_producer_dag.py took 0.094 seconds
[2025-06-05T23:17:25.895+0000] {processor.py:161} INFO - Started process (PID=233) to work on /opt/airflow/dags/kafka_producer_dag.py
[2025-06-05T23:17:25.896+0000] {processor.py:830} INFO - Processing file /opt/airflow/dags/kafka_producer_dag.py for tasks to queue
[2025-06-05T23:17:25.898+0000] {logging_mixin.py:188} INFO - [2025-06-05T23:17:25.898+0000] {dagbag.py:540} INFO - Filling up the DagBag from /opt/airflow/dags/kafka_producer_dag.py
[2025-06-05T23:17:25.916+0000] {processor.py:840} INFO - DAG(s) 'kafka_producer_dag' retrieved from /opt/airflow/dags/kafka_producer_dag.py
[2025-06-05T23:17:25.938+0000] {logging_mixin.py:188} INFO - [2025-06-05T23:17:25.937+0000] {dag.py:3096} INFO - Sync 1 DAGs
[2025-06-05T23:17:25.944+0000] {logging_mixin.py:188} INFO - [2025-06-05T23:17:25.943+0000] {dag.py:3954} INFO - Setting next_dagrun for kafka_producer_dag to None, run_after=None
[2025-06-05T23:17:25.952+0000] {processor.py:183} INFO - Processing /opt/airflow/dags/kafka_producer_dag.py took 0.063 seconds
[2025-06-05T23:17:56.188+0000] {processor.py:161} INFO - Started process (PID=243) to work on /opt/airflow/dags/kafka_producer_dag.py
[2025-06-05T23:17:56.188+0000] {processor.py:830} INFO - Processing file /opt/airflow/dags/kafka_producer_dag.py for tasks to queue
[2025-06-05T23:17:56.189+0000] {logging_mixin.py:188} INFO - [2025-06-05T23:17:56.189+0000] {dagbag.py:540} INFO - Filling up the DagBag from /opt/airflow/dags/kafka_producer_dag.py
[2025-06-05T23:17:56.200+0000] {processor.py:840} INFO - DAG(s) 'kafka_producer_dag' retrieved from /opt/airflow/dags/kafka_producer_dag.py
[2025-06-05T23:17:56.216+0000] {logging_mixin.py:188} INFO - [2025-06-05T23:17:56.216+0000] {dag.py:3096} INFO - Sync 1 DAGs
[2025-06-05T23:17:56.222+0000] {logging_mixin.py:188} INFO - [2025-06-05T23:17:56.222+0000] {dag.py:3954} INFO - Setting next_dagrun for kafka_producer_dag to None, run_after=None
[2025-06-05T23:17:56.231+0000] {processor.py:183} INFO - Processing /opt/airflow/dags/kafka_producer_dag.py took 0.046 seconds
[2025-06-05T23:18:26.492+0000] {processor.py:161} INFO - Started process (PID=259) to work on /opt/airflow/dags/kafka_producer_dag.py
[2025-06-05T23:18:26.493+0000] {processor.py:830} INFO - Processing file /opt/airflow/dags/kafka_producer_dag.py for tasks to queue
[2025-06-05T23:18:26.494+0000] {logging_mixin.py:188} INFO - [2025-06-05T23:18:26.493+0000] {dagbag.py:540} INFO - Filling up the DagBag from /opt/airflow/dags/kafka_producer_dag.py
[2025-06-05T23:18:26.509+0000] {processor.py:840} INFO - DAG(s) 'kafka_producer_dag' retrieved from /opt/airflow/dags/kafka_producer_dag.py
[2025-06-05T23:18:26.530+0000] {logging_mixin.py:188} INFO - [2025-06-05T23:18:26.530+0000] {dag.py:3096} INFO - Sync 1 DAGs
[2025-06-05T23:18:26.536+0000] {logging_mixin.py:188} INFO - [2025-06-05T23:18:26.536+0000] {dag.py:3954} INFO - Setting next_dagrun for kafka_producer_dag to None, run_after=None
[2025-06-05T23:18:26.544+0000] {processor.py:183} INFO - Processing /opt/airflow/dags/kafka_producer_dag.py took 0.058 seconds
[2025-06-05T23:18:56.792+0000] {processor.py:161} INFO - Started process (PID=269) to work on /opt/airflow/dags/kafka_producer_dag.py
[2025-06-05T23:18:56.793+0000] {processor.py:830} INFO - Processing file /opt/airflow/dags/kafka_producer_dag.py for tasks to queue
[2025-06-05T23:18:56.793+0000] {logging_mixin.py:188} INFO - [2025-06-05T23:18:56.793+0000] {dagbag.py:540} INFO - Filling up the DagBag from /opt/airflow/dags/kafka_producer_dag.py
[2025-06-05T23:18:56.804+0000] {processor.py:840} INFO - DAG(s) 'kafka_producer_dag' retrieved from /opt/airflow/dags/kafka_producer_dag.py
[2025-06-05T23:18:56.821+0000] {logging_mixin.py:188} INFO - [2025-06-05T23:18:56.821+0000] {dag.py:3096} INFO - Sync 1 DAGs
[2025-06-05T23:18:56.828+0000] {logging_mixin.py:188} INFO - [2025-06-05T23:18:56.828+0000] {dag.py:3954} INFO - Setting next_dagrun for kafka_producer_dag to None, run_after=None
[2025-06-05T23:18:56.837+0000] {processor.py:183} INFO - Processing /opt/airflow/dags/kafka_producer_dag.py took 0.049 seconds
[2025-06-05T23:19:27.067+0000] {processor.py:161} INFO - Started process (PID=279) to work on /opt/airflow/dags/kafka_producer_dag.py
[2025-06-05T23:19:27.067+0000] {processor.py:830} INFO - Processing file /opt/airflow/dags/kafka_producer_dag.py for tasks to queue
[2025-06-05T23:19:27.068+0000] {logging_mixin.py:188} INFO - [2025-06-05T23:19:27.068+0000] {dagbag.py:540} INFO - Filling up the DagBag from /opt/airflow/dags/kafka_producer_dag.py
[2025-06-05T23:19:27.077+0000] {processor.py:840} INFO - DAG(s) 'kafka_producer_dag' retrieved from /opt/airflow/dags/kafka_producer_dag.py
[2025-06-05T23:19:27.092+0000] {logging_mixin.py:188} INFO - [2025-06-05T23:19:27.092+0000] {dag.py:3096} INFO - Sync 1 DAGs
[2025-06-05T23:19:27.099+0000] {logging_mixin.py:188} INFO - [2025-06-05T23:19:27.099+0000] {dag.py:3954} INFO - Setting next_dagrun for kafka_producer_dag to None, run_after=None
[2025-06-05T23:19:27.108+0000] {processor.py:183} INFO - Processing /opt/airflow/dags/kafka_producer_dag.py took 0.046 seconds
[2025-06-05T23:19:57.325+0000] {processor.py:161} INFO - Started process (PID=289) to work on /opt/airflow/dags/kafka_producer_dag.py
[2025-06-05T23:19:57.326+0000] {processor.py:830} INFO - Processing file /opt/airflow/dags/kafka_producer_dag.py for tasks to queue
[2025-06-05T23:19:57.327+0000] {logging_mixin.py:188} INFO - [2025-06-05T23:19:57.326+0000] {dagbag.py:540} INFO - Filling up the DagBag from /opt/airflow/dags/kafka_producer_dag.py
[2025-06-05T23:19:57.344+0000] {processor.py:840} INFO - DAG(s) 'kafka_producer_dag' retrieved from /opt/airflow/dags/kafka_producer_dag.py
[2025-06-05T23:19:57.369+0000] {logging_mixin.py:188} INFO - [2025-06-05T23:19:57.369+0000] {dag.py:3096} INFO - Sync 1 DAGs
[2025-06-05T23:19:57.375+0000] {logging_mixin.py:188} INFO - [2025-06-05T23:19:57.375+0000] {dag.py:3954} INFO - Setting next_dagrun for kafka_producer_dag to None, run_after=None
[2025-06-05T23:19:57.384+0000] {processor.py:183} INFO - Processing /opt/airflow/dags/kafka_producer_dag.py took 0.067 seconds
[2025-06-05T23:20:27.630+0000] {processor.py:161} INFO - Started process (PID=305) to work on /opt/airflow/dags/kafka_producer_dag.py
[2025-06-05T23:20:27.630+0000] {processor.py:830} INFO - Processing file /opt/airflow/dags/kafka_producer_dag.py for tasks to queue
[2025-06-05T23:20:27.631+0000] {logging_mixin.py:188} INFO - [2025-06-05T23:20:27.631+0000] {dagbag.py:540} INFO - Filling up the DagBag from /opt/airflow/dags/kafka_producer_dag.py
[2025-06-05T23:20:27.646+0000] {processor.py:840} INFO - DAG(s) 'kafka_producer_dag' retrieved from /opt/airflow/dags/kafka_producer_dag.py
[2025-06-05T23:20:27.664+0000] {logging_mixin.py:188} INFO - [2025-06-05T23:20:27.664+0000] {dag.py:3096} INFO - Sync 1 DAGs
[2025-06-05T23:20:27.670+0000] {logging_mixin.py:188} INFO - [2025-06-05T23:20:27.669+0000] {dag.py:3954} INFO - Setting next_dagrun for kafka_producer_dag to None, run_after=None
[2025-06-05T23:20:27.678+0000] {processor.py:183} INFO - Processing /opt/airflow/dags/kafka_producer_dag.py took 0.055 seconds
[2025-06-05T23:20:57.879+0000] {processor.py:161} INFO - Started process (PID=323) to work on /opt/airflow/dags/kafka_producer_dag.py
[2025-06-05T23:20:57.880+0000] {processor.py:830} INFO - Processing file /opt/airflow/dags/kafka_producer_dag.py for tasks to queue
[2025-06-05T23:20:57.881+0000] {logging_mixin.py:188} INFO - [2025-06-05T23:20:57.881+0000] {dagbag.py:540} INFO - Filling up the DagBag from /opt/airflow/dags/kafka_producer_dag.py
[2025-06-05T23:20:57.893+0000] {processor.py:840} INFO - DAG(s) 'kafka_producer_dag' retrieved from /opt/airflow/dags/kafka_producer_dag.py
[2025-06-05T23:20:57.913+0000] {logging_mixin.py:188} INFO - [2025-06-05T23:20:57.913+0000] {dag.py:3096} INFO - Sync 1 DAGs
[2025-06-05T23:20:57.920+0000] {logging_mixin.py:188} INFO - [2025-06-05T23:20:57.920+0000] {dag.py:3954} INFO - Setting next_dagrun for kafka_producer_dag to None, run_after=None
[2025-06-05T23:20:57.931+0000] {processor.py:183} INFO - Processing /opt/airflow/dags/kafka_producer_dag.py took 0.056 seconds
[2025-06-05T23:21:28.159+0000] {processor.py:161} INFO - Started process (PID=333) to work on /opt/airflow/dags/kafka_producer_dag.py
[2025-06-05T23:21:28.159+0000] {processor.py:830} INFO - Processing file /opt/airflow/dags/kafka_producer_dag.py for tasks to queue
[2025-06-05T23:21:28.160+0000] {logging_mixin.py:188} INFO - [2025-06-05T23:21:28.160+0000] {dagbag.py:540} INFO - Filling up the DagBag from /opt/airflow/dags/kafka_producer_dag.py
[2025-06-05T23:21:28.171+0000] {processor.py:840} INFO - DAG(s) 'kafka_producer_dag' retrieved from /opt/airflow/dags/kafka_producer_dag.py
[2025-06-05T23:21:28.187+0000] {logging_mixin.py:188} INFO - [2025-06-05T23:21:28.187+0000] {dag.py:3096} INFO - Sync 1 DAGs
[2025-06-05T23:21:28.195+0000] {logging_mixin.py:188} INFO - [2025-06-05T23:21:28.194+0000] {dag.py:3954} INFO - Setting next_dagrun for kafka_producer_dag to None, run_after=None
[2025-06-05T23:21:28.204+0000] {processor.py:183} INFO - Processing /opt/airflow/dags/kafka_producer_dag.py took 0.050 seconds
[2025-06-05T23:21:58.433+0000] {processor.py:161} INFO - Started process (PID=343) to work on /opt/airflow/dags/kafka_producer_dag.py
[2025-06-05T23:21:58.433+0000] {processor.py:830} INFO - Processing file /opt/airflow/dags/kafka_producer_dag.py for tasks to queue
[2025-06-05T23:21:58.434+0000] {logging_mixin.py:188} INFO - [2025-06-05T23:21:58.434+0000] {dagbag.py:540} INFO - Filling up the DagBag from /opt/airflow/dags/kafka_producer_dag.py
[2025-06-05T23:21:58.448+0000] {processor.py:840} INFO - DAG(s) 'kafka_producer_dag' retrieved from /opt/airflow/dags/kafka_producer_dag.py
[2025-06-05T23:21:58.465+0000] {logging_mixin.py:188} INFO - [2025-06-05T23:21:58.465+0000] {dag.py:3096} INFO - Sync 1 DAGs
[2025-06-05T23:21:58.471+0000] {logging_mixin.py:188} INFO - [2025-06-05T23:21:58.471+0000] {dag.py:3954} INFO - Setting next_dagrun for kafka_producer_dag to None, run_after=None
[2025-06-05T23:21:58.482+0000] {processor.py:183} INFO - Processing /opt/airflow/dags/kafka_producer_dag.py took 0.052 seconds
[2025-06-05T23:22:28.714+0000] {processor.py:161} INFO - Started process (PID=359) to work on /opt/airflow/dags/kafka_producer_dag.py
[2025-06-05T23:22:28.714+0000] {processor.py:830} INFO - Processing file /opt/airflow/dags/kafka_producer_dag.py for tasks to queue
[2025-06-05T23:22:28.715+0000] {logging_mixin.py:188} INFO - [2025-06-05T23:22:28.715+0000] {dagbag.py:540} INFO - Filling up the DagBag from /opt/airflow/dags/kafka_producer_dag.py
[2025-06-05T23:22:28.726+0000] {processor.py:840} INFO - DAG(s) 'kafka_producer_dag' retrieved from /opt/airflow/dags/kafka_producer_dag.py
[2025-06-05T23:22:28.743+0000] {logging_mixin.py:188} INFO - [2025-06-05T23:22:28.743+0000] {dag.py:3096} INFO - Sync 1 DAGs
[2025-06-05T23:22:28.750+0000] {logging_mixin.py:188} INFO - [2025-06-05T23:22:28.750+0000] {dag.py:3954} INFO - Setting next_dagrun for kafka_producer_dag to None, run_after=None
[2025-06-05T23:22:28.761+0000] {processor.py:183} INFO - Processing /opt/airflow/dags/kafka_producer_dag.py took 0.050 seconds
[2025-06-05T23:22:58.971+0000] {processor.py:161} INFO - Started process (PID=369) to work on /opt/airflow/dags/kafka_producer_dag.py
[2025-06-05T23:22:58.972+0000] {processor.py:830} INFO - Processing file /opt/airflow/dags/kafka_producer_dag.py for tasks to queue
[2025-06-05T23:22:58.973+0000] {logging_mixin.py:188} INFO - [2025-06-05T23:22:58.972+0000] {dagbag.py:540} INFO - Filling up the DagBag from /opt/airflow/dags/kafka_producer_dag.py
[2025-06-05T23:22:58.982+0000] {processor.py:840} INFO - DAG(s) 'kafka_producer_dag' retrieved from /opt/airflow/dags/kafka_producer_dag.py
[2025-06-05T23:22:58.998+0000] {logging_mixin.py:188} INFO - [2025-06-05T23:22:58.998+0000] {dag.py:3096} INFO - Sync 1 DAGs
[2025-06-05T23:22:59.004+0000] {logging_mixin.py:188} INFO - [2025-06-05T23:22:59.004+0000] {dag.py:3954} INFO - Setting next_dagrun for kafka_producer_dag to None, run_after=None
[2025-06-05T23:22:59.015+0000] {processor.py:183} INFO - Processing /opt/airflow/dags/kafka_producer_dag.py took 0.047 seconds
[2025-06-05T23:23:29.297+0000] {processor.py:161} INFO - Started process (PID=379) to work on /opt/airflow/dags/kafka_producer_dag.py
[2025-06-05T23:23:29.298+0000] {processor.py:830} INFO - Processing file /opt/airflow/dags/kafka_producer_dag.py for tasks to queue
[2025-06-05T23:23:29.299+0000] {logging_mixin.py:188} INFO - [2025-06-05T23:23:29.298+0000] {dagbag.py:540} INFO - Filling up the DagBag from /opt/airflow/dags/kafka_producer_dag.py
[2025-06-05T23:23:29.315+0000] {processor.py:840} INFO - DAG(s) 'kafka_producer_dag' retrieved from /opt/airflow/dags/kafka_producer_dag.py
[2025-06-05T23:23:29.330+0000] {logging_mixin.py:188} INFO - [2025-06-05T23:23:29.330+0000] {dag.py:3096} INFO - Sync 1 DAGs
[2025-06-05T23:23:29.337+0000] {logging_mixin.py:188} INFO - [2025-06-05T23:23:29.337+0000] {dag.py:3954} INFO - Setting next_dagrun for kafka_producer_dag to None, run_after=None
[2025-06-05T23:23:29.350+0000] {processor.py:183} INFO - Processing /opt/airflow/dags/kafka_producer_dag.py took 0.057 seconds
[2025-06-05T23:23:59.633+0000] {processor.py:161} INFO - Started process (PID=389) to work on /opt/airflow/dags/kafka_producer_dag.py
[2025-06-05T23:23:59.633+0000] {processor.py:830} INFO - Processing file /opt/airflow/dags/kafka_producer_dag.py for tasks to queue
[2025-06-05T23:23:59.634+0000] {logging_mixin.py:188} INFO - [2025-06-05T23:23:59.633+0000] {dagbag.py:540} INFO - Filling up the DagBag from /opt/airflow/dags/kafka_producer_dag.py
[2025-06-05T23:23:59.649+0000] {processor.py:840} INFO - DAG(s) 'kafka_producer_dag' retrieved from /opt/airflow/dags/kafka_producer_dag.py
[2025-06-05T23:23:59.668+0000] {logging_mixin.py:188} INFO - [2025-06-05T23:23:59.668+0000] {dag.py:3096} INFO - Sync 1 DAGs
[2025-06-05T23:23:59.673+0000] {logging_mixin.py:188} INFO - [2025-06-05T23:23:59.673+0000] {dag.py:3954} INFO - Setting next_dagrun for kafka_producer_dag to None, run_after=None
[2025-06-05T23:23:59.687+0000] {processor.py:183} INFO - Processing /opt/airflow/dags/kafka_producer_dag.py took 0.059 seconds
[2025-06-05T23:24:29.901+0000] {processor.py:161} INFO - Started process (PID=405) to work on /opt/airflow/dags/kafka_producer_dag.py
[2025-06-05T23:24:29.901+0000] {processor.py:830} INFO - Processing file /opt/airflow/dags/kafka_producer_dag.py for tasks to queue
[2025-06-05T23:24:29.902+0000] {logging_mixin.py:188} INFO - [2025-06-05T23:24:29.902+0000] {dagbag.py:540} INFO - Filling up the DagBag from /opt/airflow/dags/kafka_producer_dag.py
[2025-06-05T23:24:29.913+0000] {processor.py:840} INFO - DAG(s) 'kafka_producer_dag' retrieved from /opt/airflow/dags/kafka_producer_dag.py
[2025-06-05T23:24:29.930+0000] {logging_mixin.py:188} INFO - [2025-06-05T23:24:29.930+0000] {dag.py:3096} INFO - Sync 1 DAGs
[2025-06-05T23:24:29.937+0000] {logging_mixin.py:188} INFO - [2025-06-05T23:24:29.937+0000] {dag.py:3954} INFO - Setting next_dagrun for kafka_producer_dag to None, run_after=None
[2025-06-05T23:24:29.947+0000] {processor.py:183} INFO - Processing /opt/airflow/dags/kafka_producer_dag.py took 0.051 seconds
[2025-06-05T23:25:00.255+0000] {processor.py:161} INFO - Started process (PID=415) to work on /opt/airflow/dags/kafka_producer_dag.py
[2025-06-05T23:25:00.256+0000] {processor.py:830} INFO - Processing file /opt/airflow/dags/kafka_producer_dag.py for tasks to queue
[2025-06-05T23:25:00.257+0000] {logging_mixin.py:188} INFO - [2025-06-05T23:25:00.257+0000] {dagbag.py:540} INFO - Filling up the DagBag from /opt/airflow/dags/kafka_producer_dag.py
[2025-06-05T23:25:00.267+0000] {processor.py:840} INFO - DAG(s) 'kafka_producer_dag' retrieved from /opt/airflow/dags/kafka_producer_dag.py
[2025-06-05T23:25:00.282+0000] {logging_mixin.py:188} INFO - [2025-06-05T23:25:00.282+0000] {dag.py:3096} INFO - Sync 1 DAGs
[2025-06-05T23:25:00.291+0000] {logging_mixin.py:188} INFO - [2025-06-05T23:25:00.290+0000] {dag.py:3954} INFO - Setting next_dagrun for kafka_producer_dag to None, run_after=None
[2025-06-05T23:25:00.305+0000] {processor.py:183} INFO - Processing /opt/airflow/dags/kafka_producer_dag.py took 0.053 seconds
[2025-06-05T23:25:30.516+0000] {processor.py:161} INFO - Started process (PID=425) to work on /opt/airflow/dags/kafka_producer_dag.py
[2025-06-05T23:25:30.517+0000] {processor.py:830} INFO - Processing file /opt/airflow/dags/kafka_producer_dag.py for tasks to queue
[2025-06-05T23:25:30.517+0000] {logging_mixin.py:188} INFO - [2025-06-05T23:25:30.517+0000] {dagbag.py:540} INFO - Filling up the DagBag from /opt/airflow/dags/kafka_producer_dag.py
[2025-06-05T23:25:30.527+0000] {processor.py:840} INFO - DAG(s) 'kafka_producer_dag' retrieved from /opt/airflow/dags/kafka_producer_dag.py
[2025-06-05T23:25:30.544+0000] {logging_mixin.py:188} INFO - [2025-06-05T23:25:30.544+0000] {dag.py:3096} INFO - Sync 1 DAGs
[2025-06-05T23:25:30.549+0000] {logging_mixin.py:188} INFO - [2025-06-05T23:25:30.549+0000] {dag.py:3954} INFO - Setting next_dagrun for kafka_producer_dag to None, run_after=None
[2025-06-05T23:25:30.561+0000] {processor.py:183} INFO - Processing /opt/airflow/dags/kafka_producer_dag.py took 0.047 seconds
[2025-06-05T23:26:00.831+0000] {processor.py:161} INFO - Started process (PID=437) to work on /opt/airflow/dags/kafka_producer_dag.py
[2025-06-05T23:26:00.833+0000] {processor.py:830} INFO - Processing file /opt/airflow/dags/kafka_producer_dag.py for tasks to queue
[2025-06-05T23:26:00.833+0000] {logging_mixin.py:188} INFO - [2025-06-05T23:26:00.833+0000] {dagbag.py:540} INFO - Filling up the DagBag from /opt/airflow/dags/kafka_producer_dag.py
[2025-06-05T23:26:00.841+0000] {processor.py:840} INFO - DAG(s) 'kafka_producer_dag' retrieved from /opt/airflow/dags/kafka_producer_dag.py
[2025-06-05T23:26:00.855+0000] {logging_mixin.py:188} INFO - [2025-06-05T23:26:00.855+0000] {dag.py:3096} INFO - Sync 1 DAGs
[2025-06-05T23:26:00.861+0000] {logging_mixin.py:188} INFO - [2025-06-05T23:26:00.861+0000] {dag.py:3954} INFO - Setting next_dagrun for kafka_producer_dag to None, run_after=None
[2025-06-05T23:26:00.871+0000] {processor.py:183} INFO - Processing /opt/airflow/dags/kafka_producer_dag.py took 0.043 seconds
[2025-06-05T23:26:31.110+0000] {processor.py:161} INFO - Started process (PID=451) to work on /opt/airflow/dags/kafka_producer_dag.py
[2025-06-05T23:26:31.110+0000] {processor.py:830} INFO - Processing file /opt/airflow/dags/kafka_producer_dag.py for tasks to queue
[2025-06-05T23:26:31.111+0000] {logging_mixin.py:188} INFO - [2025-06-05T23:26:31.111+0000] {dagbag.py:540} INFO - Filling up the DagBag from /opt/airflow/dags/kafka_producer_dag.py
[2025-06-05T23:26:31.121+0000] {processor.py:840} INFO - DAG(s) 'kafka_producer_dag' retrieved from /opt/airflow/dags/kafka_producer_dag.py
[2025-06-05T23:26:31.137+0000] {logging_mixin.py:188} INFO - [2025-06-05T23:26:31.137+0000] {dag.py:3096} INFO - Sync 1 DAGs
[2025-06-05T23:26:31.145+0000] {logging_mixin.py:188} INFO - [2025-06-05T23:26:31.145+0000] {dag.py:3954} INFO - Setting next_dagrun for kafka_producer_dag to None, run_after=None
[2025-06-05T23:26:31.157+0000] {processor.py:183} INFO - Processing /opt/airflow/dags/kafka_producer_dag.py took 0.050 seconds
[2025-06-05T23:27:01.440+0000] {processor.py:161} INFO - Started process (PID=461) to work on /opt/airflow/dags/kafka_producer_dag.py
[2025-06-05T23:27:01.441+0000] {processor.py:830} INFO - Processing file /opt/airflow/dags/kafka_producer_dag.py for tasks to queue
[2025-06-05T23:27:01.442+0000] {logging_mixin.py:188} INFO - [2025-06-05T23:27:01.442+0000] {dagbag.py:540} INFO - Filling up the DagBag from /opt/airflow/dags/kafka_producer_dag.py
[2025-06-05T23:27:01.452+0000] {processor.py:840} INFO - DAG(s) 'kafka_producer_dag' retrieved from /opt/airflow/dags/kafka_producer_dag.py
[2025-06-05T23:27:01.473+0000] {logging_mixin.py:188} INFO - [2025-06-05T23:27:01.473+0000] {dag.py:3096} INFO - Sync 1 DAGs
[2025-06-05T23:27:01.479+0000] {logging_mixin.py:188} INFO - [2025-06-05T23:27:01.479+0000] {dag.py:3954} INFO - Setting next_dagrun for kafka_producer_dag to None, run_after=None
[2025-06-05T23:27:01.490+0000] {processor.py:183} INFO - Processing /opt/airflow/dags/kafka_producer_dag.py took 0.053 seconds
[2025-06-05T23:27:31.867+0000] {processor.py:161} INFO - Started process (PID=478) to work on /opt/airflow/dags/kafka_producer_dag.py
[2025-06-05T23:27:31.868+0000] {processor.py:830} INFO - Processing file /opt/airflow/dags/kafka_producer_dag.py for tasks to queue
[2025-06-05T23:27:31.868+0000] {logging_mixin.py:188} INFO - [2025-06-05T23:27:31.868+0000] {dagbag.py:540} INFO - Filling up the DagBag from /opt/airflow/dags/kafka_producer_dag.py
[2025-06-05T23:27:31.884+0000] {processor.py:840} INFO - DAG(s) 'kafka_producer_dag' retrieved from /opt/airflow/dags/kafka_producer_dag.py
[2025-06-05T23:27:31.904+0000] {logging_mixin.py:188} INFO - [2025-06-05T23:27:31.903+0000] {dag.py:3096} INFO - Sync 1 DAGs
[2025-06-05T23:27:31.910+0000] {logging_mixin.py:188} INFO - [2025-06-05T23:27:31.910+0000] {dag.py:3954} INFO - Setting next_dagrun for kafka_producer_dag to None, run_after=None
[2025-06-05T23:27:31.919+0000] {processor.py:183} INFO - Processing /opt/airflow/dags/kafka_producer_dag.py took 0.058 seconds
[2025-06-05T23:28:02.205+0000] {processor.py:161} INFO - Started process (PID=499) to work on /opt/airflow/dags/kafka_producer_dag.py
[2025-06-05T23:28:02.206+0000] {processor.py:830} INFO - Processing file /opt/airflow/dags/kafka_producer_dag.py for tasks to queue
[2025-06-05T23:28:02.206+0000] {logging_mixin.py:188} INFO - [2025-06-05T23:28:02.206+0000] {dagbag.py:540} INFO - Filling up the DagBag from /opt/airflow/dags/kafka_producer_dag.py
[2025-06-05T23:28:02.218+0000] {processor.py:840} INFO - DAG(s) 'kafka_producer_dag' retrieved from /opt/airflow/dags/kafka_producer_dag.py
[2025-06-05T23:28:02.234+0000] {logging_mixin.py:188} INFO - [2025-06-05T23:28:02.233+0000] {dag.py:3096} INFO - Sync 1 DAGs
[2025-06-05T23:28:02.240+0000] {logging_mixin.py:188} INFO - [2025-06-05T23:28:02.240+0000] {dag.py:3954} INFO - Setting next_dagrun for kafka_producer_dag to None, run_after=None
[2025-06-05T23:28:02.248+0000] {processor.py:183} INFO - Processing /opt/airflow/dags/kafka_producer_dag.py took 0.048 seconds
[2025-06-05T23:28:32.395+0000] {processor.py:161} INFO - Started process (PID=515) to work on /opt/airflow/dags/kafka_producer_dag.py
[2025-06-05T23:28:32.395+0000] {processor.py:830} INFO - Processing file /opt/airflow/dags/kafka_producer_dag.py for tasks to queue
[2025-06-05T23:28:32.396+0000] {logging_mixin.py:188} INFO - [2025-06-05T23:28:32.396+0000] {dagbag.py:540} INFO - Filling up the DagBag from /opt/airflow/dags/kafka_producer_dag.py
[2025-06-05T23:28:32.405+0000] {processor.py:840} INFO - DAG(s) 'kafka_producer_dag' retrieved from /opt/airflow/dags/kafka_producer_dag.py
[2025-06-05T23:28:32.413+0000] {logging_mixin.py:188} INFO - [2025-06-05T23:28:32.413+0000] {dag.py:3096} INFO - Sync 1 DAGs
[2025-06-05T23:28:32.419+0000] {logging_mixin.py:188} INFO - [2025-06-05T23:28:32.419+0000] {dag.py:3954} INFO - Setting next_dagrun for kafka_producer_dag to None, run_after=None
[2025-06-05T23:28:32.426+0000] {processor.py:183} INFO - Processing /opt/airflow/dags/kafka_producer_dag.py took 0.035 seconds
[2025-06-05T23:29:02.606+0000] {processor.py:161} INFO - Started process (PID=531) to work on /opt/airflow/dags/kafka_producer_dag.py
[2025-06-05T23:29:02.606+0000] {processor.py:830} INFO - Processing file /opt/airflow/dags/kafka_producer_dag.py for tasks to queue
[2025-06-05T23:29:02.607+0000] {logging_mixin.py:188} INFO - [2025-06-05T23:29:02.607+0000] {dagbag.py:540} INFO - Filling up the DagBag from /opt/airflow/dags/kafka_producer_dag.py
[2025-06-05T23:29:02.615+0000] {processor.py:840} INFO - DAG(s) 'kafka_producer_dag' retrieved from /opt/airflow/dags/kafka_producer_dag.py
[2025-06-05T23:29:02.672+0000] {logging_mixin.py:188} INFO - [2025-06-05T23:29:02.672+0000] {dag.py:3096} INFO - Sync 1 DAGs
[2025-06-05T23:29:02.678+0000] {logging_mixin.py:188} INFO - [2025-06-05T23:29:02.677+0000] {dag.py:3954} INFO - Setting next_dagrun for kafka_producer_dag to None, run_after=None
[2025-06-05T23:29:02.687+0000] {processor.py:183} INFO - Processing /opt/airflow/dags/kafka_producer_dag.py took 0.085 seconds
[2025-06-05T23:29:32.915+0000] {processor.py:161} INFO - Started process (PID=541) to work on /opt/airflow/dags/kafka_producer_dag.py
[2025-06-05T23:29:32.916+0000] {processor.py:830} INFO - Processing file /opt/airflow/dags/kafka_producer_dag.py for tasks to queue
[2025-06-05T23:29:32.916+0000] {logging_mixin.py:188} INFO - [2025-06-05T23:29:32.916+0000] {dagbag.py:540} INFO - Filling up the DagBag from /opt/airflow/dags/kafka_producer_dag.py
[2025-06-05T23:29:32.924+0000] {processor.py:840} INFO - DAG(s) 'kafka_producer_dag' retrieved from /opt/airflow/dags/kafka_producer_dag.py
[2025-06-05T23:29:32.940+0000] {logging_mixin.py:188} INFO - [2025-06-05T23:29:32.940+0000] {dag.py:3096} INFO - Sync 1 DAGs
[2025-06-05T23:29:32.949+0000] {logging_mixin.py:188} INFO - [2025-06-05T23:29:32.949+0000] {dag.py:3954} INFO - Setting next_dagrun for kafka_producer_dag to None, run_after=None
[2025-06-05T23:29:32.957+0000] {processor.py:183} INFO - Processing /opt/airflow/dags/kafka_producer_dag.py took 0.044 seconds
[2025-06-05T23:30:03.175+0000] {processor.py:161} INFO - Started process (PID=557) to work on /opt/airflow/dags/kafka_producer_dag.py
[2025-06-05T23:30:03.176+0000] {processor.py:830} INFO - Processing file /opt/airflow/dags/kafka_producer_dag.py for tasks to queue
[2025-06-05T23:30:03.176+0000] {logging_mixin.py:188} INFO - [2025-06-05T23:30:03.176+0000] {dagbag.py:540} INFO - Filling up the DagBag from /opt/airflow/dags/kafka_producer_dag.py
[2025-06-05T23:30:03.185+0000] {processor.py:840} INFO - DAG(s) 'kafka_producer_dag' retrieved from /opt/airflow/dags/kafka_producer_dag.py
[2025-06-05T23:30:03.203+0000] {logging_mixin.py:188} INFO - [2025-06-05T23:30:03.203+0000] {dag.py:3096} INFO - Sync 1 DAGs
[2025-06-05T23:30:03.208+0000] {logging_mixin.py:188} INFO - [2025-06-05T23:30:03.208+0000] {dag.py:3954} INFO - Setting next_dagrun for kafka_producer_dag to None, run_after=None
[2025-06-05T23:30:03.218+0000] {processor.py:183} INFO - Processing /opt/airflow/dags/kafka_producer_dag.py took 0.046 seconds
[2025-06-05T23:30:33.430+0000] {processor.py:161} INFO - Started process (PID=567) to work on /opt/airflow/dags/kafka_producer_dag.py
[2025-06-05T23:30:33.430+0000] {processor.py:830} INFO - Processing file /opt/airflow/dags/kafka_producer_dag.py for tasks to queue
[2025-06-05T23:30:33.431+0000] {logging_mixin.py:188} INFO - [2025-06-05T23:30:33.430+0000] {dagbag.py:540} INFO - Filling up the DagBag from /opt/airflow/dags/kafka_producer_dag.py
[2025-06-05T23:30:33.439+0000] {processor.py:840} INFO - DAG(s) 'kafka_producer_dag' retrieved from /opt/airflow/dags/kafka_producer_dag.py
[2025-06-05T23:30:33.453+0000] {logging_mixin.py:188} INFO - [2025-06-05T23:30:33.453+0000] {dag.py:3096} INFO - Sync 1 DAGs
[2025-06-05T23:30:33.460+0000] {logging_mixin.py:188} INFO - [2025-06-05T23:30:33.460+0000] {dag.py:3954} INFO - Setting next_dagrun for kafka_producer_dag to None, run_after=None
[2025-06-05T23:30:33.470+0000] {processor.py:183} INFO - Processing /opt/airflow/dags/kafka_producer_dag.py took 0.043 seconds
[2025-06-05T23:31:03.685+0000] {processor.py:161} INFO - Started process (PID=583) to work on /opt/airflow/dags/kafka_producer_dag.py
[2025-06-05T23:31:03.686+0000] {processor.py:830} INFO - Processing file /opt/airflow/dags/kafka_producer_dag.py for tasks to queue
[2025-06-05T23:31:03.687+0000] {logging_mixin.py:188} INFO - [2025-06-05T23:31:03.686+0000] {dagbag.py:540} INFO - Filling up the DagBag from /opt/airflow/dags/kafka_producer_dag.py
[2025-06-05T23:31:03.703+0000] {processor.py:840} INFO - DAG(s) 'kafka_producer_dag' retrieved from /opt/airflow/dags/kafka_producer_dag.py
[2025-06-05T23:31:03.721+0000] {logging_mixin.py:188} INFO - [2025-06-05T23:31:03.721+0000] {dag.py:3096} INFO - Sync 1 DAGs
[2025-06-05T23:31:03.730+0000] {logging_mixin.py:188} INFO - [2025-06-05T23:31:03.729+0000] {dag.py:3954} INFO - Setting next_dagrun for kafka_producer_dag to None, run_after=None
[2025-06-05T23:31:03.738+0000] {processor.py:183} INFO - Processing /opt/airflow/dags/kafka_producer_dag.py took 0.059 seconds
[2025-06-05T23:31:33.994+0000] {processor.py:161} INFO - Started process (PID=593) to work on /opt/airflow/dags/kafka_producer_dag.py
[2025-06-05T23:31:33.995+0000] {processor.py:830} INFO - Processing file /opt/airflow/dags/kafka_producer_dag.py for tasks to queue
[2025-06-05T23:31:33.996+0000] {logging_mixin.py:188} INFO - [2025-06-05T23:31:33.996+0000] {dagbag.py:540} INFO - Filling up the DagBag from /opt/airflow/dags/kafka_producer_dag.py
[2025-06-05T23:31:34.011+0000] {processor.py:840} INFO - DAG(s) 'kafka_producer_dag' retrieved from /opt/airflow/dags/kafka_producer_dag.py
[2025-06-05T23:31:34.028+0000] {logging_mixin.py:188} INFO - [2025-06-05T23:31:34.028+0000] {dag.py:3096} INFO - Sync 1 DAGs
[2025-06-05T23:31:34.034+0000] {logging_mixin.py:188} INFO - [2025-06-05T23:31:34.034+0000] {dag.py:3954} INFO - Setting next_dagrun for kafka_producer_dag to None, run_after=None
[2025-06-05T23:31:34.045+0000] {processor.py:183} INFO - Processing /opt/airflow/dags/kafka_producer_dag.py took 0.056 seconds
[2025-06-05T23:32:04.311+0000] {processor.py:161} INFO - Started process (PID=609) to work on /opt/airflow/dags/kafka_producer_dag.py
[2025-06-05T23:32:04.312+0000] {processor.py:830} INFO - Processing file /opt/airflow/dags/kafka_producer_dag.py for tasks to queue
[2025-06-05T23:32:04.313+0000] {logging_mixin.py:188} INFO - [2025-06-05T23:32:04.313+0000] {dagbag.py:540} INFO - Filling up the DagBag from /opt/airflow/dags/kafka_producer_dag.py
[2025-06-05T23:32:04.328+0000] {processor.py:840} INFO - DAG(s) 'kafka_producer_dag' retrieved from /opt/airflow/dags/kafka_producer_dag.py
[2025-06-05T23:32:04.345+0000] {logging_mixin.py:188} INFO - [2025-06-05T23:32:04.345+0000] {dag.py:3096} INFO - Sync 1 DAGs
[2025-06-05T23:32:04.351+0000] {logging_mixin.py:188} INFO - [2025-06-05T23:32:04.351+0000] {dag.py:3954} INFO - Setting next_dagrun for kafka_producer_dag to None, run_after=None
[2025-06-05T23:32:04.360+0000] {processor.py:183} INFO - Processing /opt/airflow/dags/kafka_producer_dag.py took 0.055 seconds
[2025-06-05T23:32:34.614+0000] {processor.py:161} INFO - Started process (PID=619) to work on /opt/airflow/dags/kafka_producer_dag.py
[2025-06-05T23:32:34.615+0000] {processor.py:830} INFO - Processing file /opt/airflow/dags/kafka_producer_dag.py for tasks to queue
[2025-06-05T23:32:34.616+0000] {logging_mixin.py:188} INFO - [2025-06-05T23:32:34.615+0000] {dagbag.py:540} INFO - Filling up the DagBag from /opt/airflow/dags/kafka_producer_dag.py
[2025-06-05T23:32:34.632+0000] {processor.py:840} INFO - DAG(s) 'kafka_producer_dag' retrieved from /opt/airflow/dags/kafka_producer_dag.py
[2025-06-05T23:32:34.647+0000] {logging_mixin.py:188} INFO - [2025-06-05T23:32:34.647+0000] {dag.py:3096} INFO - Sync 1 DAGs
[2025-06-05T23:32:34.653+0000] {logging_mixin.py:188} INFO - [2025-06-05T23:32:34.653+0000] {dag.py:3954} INFO - Setting next_dagrun for kafka_producer_dag to None, run_after=None
[2025-06-05T23:32:34.662+0000] {processor.py:183} INFO - Processing /opt/airflow/dags/kafka_producer_dag.py took 0.054 seconds
[2025-06-05T23:33:04.918+0000] {processor.py:161} INFO - Started process (PID=635) to work on /opt/airflow/dags/kafka_producer_dag.py
[2025-06-05T23:33:04.919+0000] {processor.py:830} INFO - Processing file /opt/airflow/dags/kafka_producer_dag.py for tasks to queue
[2025-06-05T23:33:04.919+0000] {logging_mixin.py:188} INFO - [2025-06-05T23:33:04.919+0000] {dagbag.py:540} INFO - Filling up the DagBag from /opt/airflow/dags/kafka_producer_dag.py
[2025-06-05T23:33:04.930+0000] {processor.py:840} INFO - DAG(s) 'kafka_producer_dag' retrieved from /opt/airflow/dags/kafka_producer_dag.py
[2025-06-05T23:33:04.946+0000] {logging_mixin.py:188} INFO - [2025-06-05T23:33:04.945+0000] {dag.py:3096} INFO - Sync 1 DAGs
[2025-06-05T23:33:04.952+0000] {logging_mixin.py:188} INFO - [2025-06-05T23:33:04.952+0000] {dag.py:3954} INFO - Setting next_dagrun for kafka_producer_dag to None, run_after=None
[2025-06-05T23:33:04.961+0000] {processor.py:183} INFO - Processing /opt/airflow/dags/kafka_producer_dag.py took 0.047 seconds
[2025-06-05T23:33:35.202+0000] {processor.py:161} INFO - Started process (PID=645) to work on /opt/airflow/dags/kafka_producer_dag.py
[2025-06-05T23:33:35.203+0000] {processor.py:830} INFO - Processing file /opt/airflow/dags/kafka_producer_dag.py for tasks to queue
[2025-06-05T23:33:35.204+0000] {logging_mixin.py:188} INFO - [2025-06-05T23:33:35.203+0000] {dagbag.py:540} INFO - Filling up the DagBag from /opt/airflow/dags/kafka_producer_dag.py
[2025-06-05T23:33:35.222+0000] {processor.py:840} INFO - DAG(s) 'kafka_producer_dag' retrieved from /opt/airflow/dags/kafka_producer_dag.py
[2025-06-05T23:33:35.237+0000] {logging_mixin.py:188} INFO - [2025-06-05T23:33:35.237+0000] {dag.py:3096} INFO - Sync 1 DAGs
[2025-06-05T23:33:35.244+0000] {logging_mixin.py:188} INFO - [2025-06-05T23:33:35.244+0000] {dag.py:3954} INFO - Setting next_dagrun for kafka_producer_dag to None, run_after=None
[2025-06-05T23:33:35.252+0000] {processor.py:183} INFO - Processing /opt/airflow/dags/kafka_producer_dag.py took 0.056 seconds
[2025-06-05T23:34:05.494+0000] {processor.py:161} INFO - Started process (PID=661) to work on /opt/airflow/dags/kafka_producer_dag.py
[2025-06-05T23:34:05.495+0000] {processor.py:830} INFO - Processing file /opt/airflow/dags/kafka_producer_dag.py for tasks to queue
[2025-06-05T23:34:05.495+0000] {logging_mixin.py:188} INFO - [2025-06-05T23:34:05.495+0000] {dagbag.py:540} INFO - Filling up the DagBag from /opt/airflow/dags/kafka_producer_dag.py
[2025-06-05T23:34:05.505+0000] {processor.py:840} INFO - DAG(s) 'kafka_producer_dag' retrieved from /opt/airflow/dags/kafka_producer_dag.py
[2025-06-05T23:34:05.522+0000] {logging_mixin.py:188} INFO - [2025-06-05T23:34:05.522+0000] {dag.py:3096} INFO - Sync 1 DAGs
[2025-06-05T23:34:05.528+0000] {logging_mixin.py:188} INFO - [2025-06-05T23:34:05.528+0000] {dag.py:3954} INFO - Setting next_dagrun for kafka_producer_dag to None, run_after=None
[2025-06-05T23:34:05.537+0000] {processor.py:183} INFO - Processing /opt/airflow/dags/kafka_producer_dag.py took 0.046 seconds
[2025-06-05T23:34:35.809+0000] {processor.py:161} INFO - Started process (PID=671) to work on /opt/airflow/dags/kafka_producer_dag.py
[2025-06-05T23:34:35.809+0000] {processor.py:830} INFO - Processing file /opt/airflow/dags/kafka_producer_dag.py for tasks to queue
[2025-06-05T23:34:35.810+0000] {logging_mixin.py:188} INFO - [2025-06-05T23:34:35.810+0000] {dagbag.py:540} INFO - Filling up the DagBag from /opt/airflow/dags/kafka_producer_dag.py
[2025-06-05T23:34:35.824+0000] {processor.py:840} INFO - DAG(s) 'kafka_producer_dag' retrieved from /opt/airflow/dags/kafka_producer_dag.py
[2025-06-05T23:34:35.838+0000] {logging_mixin.py:188} INFO - [2025-06-05T23:34:35.838+0000] {dag.py:3096} INFO - Sync 1 DAGs
[2025-06-05T23:34:35.844+0000] {logging_mixin.py:188} INFO - [2025-06-05T23:34:35.844+0000] {dag.py:3954} INFO - Setting next_dagrun for kafka_producer_dag to None, run_after=None
[2025-06-05T23:34:35.853+0000] {processor.py:183} INFO - Processing /opt/airflow/dags/kafka_producer_dag.py took 0.050 seconds
[2025-06-05T23:35:06.071+0000] {processor.py:161} INFO - Started process (PID=687) to work on /opt/airflow/dags/kafka_producer_dag.py
[2025-06-05T23:35:06.072+0000] {processor.py:830} INFO - Processing file /opt/airflow/dags/kafka_producer_dag.py for tasks to queue
[2025-06-05T23:35:06.072+0000] {logging_mixin.py:188} INFO - [2025-06-05T23:35:06.072+0000] {dagbag.py:540} INFO - Filling up the DagBag from /opt/airflow/dags/kafka_producer_dag.py
[2025-06-05T23:35:06.081+0000] {processor.py:840} INFO - DAG(s) 'kafka_producer_dag' retrieved from /opt/airflow/dags/kafka_producer_dag.py
[2025-06-05T23:35:06.095+0000] {logging_mixin.py:188} INFO - [2025-06-05T23:35:06.095+0000] {dag.py:3096} INFO - Sync 1 DAGs
[2025-06-05T23:35:06.101+0000] {logging_mixin.py:188} INFO - [2025-06-05T23:35:06.101+0000] {dag.py:3954} INFO - Setting next_dagrun for kafka_producer_dag to None, run_after=None
[2025-06-05T23:35:06.109+0000] {processor.py:183} INFO - Processing /opt/airflow/dags/kafka_producer_dag.py took 0.041 seconds
[2025-06-05T23:35:36.396+0000] {processor.py:161} INFO - Started process (PID=697) to work on /opt/airflow/dags/kafka_producer_dag.py
[2025-06-05T23:35:36.396+0000] {processor.py:830} INFO - Processing file /opt/airflow/dags/kafka_producer_dag.py for tasks to queue
[2025-06-05T23:35:36.397+0000] {logging_mixin.py:188} INFO - [2025-06-05T23:35:36.397+0000] {dagbag.py:540} INFO - Filling up the DagBag from /opt/airflow/dags/kafka_producer_dag.py
[2025-06-05T23:35:36.405+0000] {processor.py:840} INFO - DAG(s) 'kafka_producer_dag' retrieved from /opt/airflow/dags/kafka_producer_dag.py
[2025-06-05T23:35:36.420+0000] {logging_mixin.py:188} INFO - [2025-06-05T23:35:36.419+0000] {dag.py:3096} INFO - Sync 1 DAGs
[2025-06-05T23:35:36.427+0000] {logging_mixin.py:188} INFO - [2025-06-05T23:35:36.427+0000] {dag.py:3954} INFO - Setting next_dagrun for kafka_producer_dag to None, run_after=None
[2025-06-05T23:35:36.437+0000] {processor.py:183} INFO - Processing /opt/airflow/dags/kafka_producer_dag.py took 0.044 seconds
[2025-06-05T23:36:06.726+0000] {processor.py:161} INFO - Started process (PID=713) to work on /opt/airflow/dags/kafka_producer_dag.py
[2025-06-05T23:36:06.727+0000] {processor.py:830} INFO - Processing file /opt/airflow/dags/kafka_producer_dag.py for tasks to queue
[2025-06-05T23:36:06.728+0000] {logging_mixin.py:188} INFO - [2025-06-05T23:36:06.728+0000] {dagbag.py:540} INFO - Filling up the DagBag from /opt/airflow/dags/kafka_producer_dag.py
[2025-06-05T23:36:06.744+0000] {processor.py:840} INFO - DAG(s) 'kafka_producer_dag' retrieved from /opt/airflow/dags/kafka_producer_dag.py
[2025-06-05T23:36:06.769+0000] {logging_mixin.py:188} INFO - [2025-06-05T23:36:06.769+0000] {dag.py:3096} INFO - Sync 1 DAGs
[2025-06-05T23:36:06.775+0000] {logging_mixin.py:188} INFO - [2025-06-05T23:36:06.775+0000] {dag.py:3954} INFO - Setting next_dagrun for kafka_producer_dag to None, run_after=None
[2025-06-05T23:36:06.784+0000] {processor.py:183} INFO - Processing /opt/airflow/dags/kafka_producer_dag.py took 0.063 seconds
[2025-06-05T23:36:37.026+0000] {processor.py:161} INFO - Started process (PID=723) to work on /opt/airflow/dags/kafka_producer_dag.py
[2025-06-05T23:36:37.026+0000] {processor.py:830} INFO - Processing file /opt/airflow/dags/kafka_producer_dag.py for tasks to queue
[2025-06-05T23:36:37.028+0000] {logging_mixin.py:188} INFO - [2025-06-05T23:36:37.028+0000] {dagbag.py:540} INFO - Filling up the DagBag from /opt/airflow/dags/kafka_producer_dag.py
[2025-06-05T23:36:37.043+0000] {processor.py:840} INFO - DAG(s) 'kafka_producer_dag' retrieved from /opt/airflow/dags/kafka_producer_dag.py
[2025-06-05T23:36:37.058+0000] {logging_mixin.py:188} INFO - [2025-06-05T23:36:37.058+0000] {dag.py:3096} INFO - Sync 1 DAGs
[2025-06-05T23:36:37.064+0000] {logging_mixin.py:188} INFO - [2025-06-05T23:36:37.064+0000] {dag.py:3954} INFO - Setting next_dagrun for kafka_producer_dag to None, run_after=None
[2025-06-05T23:36:37.072+0000] {processor.py:183} INFO - Processing /opt/airflow/dags/kafka_producer_dag.py took 0.053 seconds
[2025-06-05T23:37:07.315+0000] {processor.py:161} INFO - Started process (PID=739) to work on /opt/airflow/dags/kafka_producer_dag.py
[2025-06-05T23:37:07.316+0000] {processor.py:830} INFO - Processing file /opt/airflow/dags/kafka_producer_dag.py for tasks to queue
[2025-06-05T23:37:07.317+0000] {logging_mixin.py:188} INFO - [2025-06-05T23:37:07.317+0000] {dagbag.py:540} INFO - Filling up the DagBag from /opt/airflow/dags/kafka_producer_dag.py
[2025-06-05T23:37:07.328+0000] {processor.py:840} INFO - DAG(s) 'kafka_producer_dag' retrieved from /opt/airflow/dags/kafka_producer_dag.py
[2025-06-05T23:37:07.344+0000] {logging_mixin.py:188} INFO - [2025-06-05T23:37:07.344+0000] {dag.py:3096} INFO - Sync 1 DAGs
[2025-06-05T23:37:07.350+0000] {logging_mixin.py:188} INFO - [2025-06-05T23:37:07.350+0000] {dag.py:3954} INFO - Setting next_dagrun for kafka_producer_dag to None, run_after=None
[2025-06-05T23:37:07.358+0000] {processor.py:183} INFO - Processing /opt/airflow/dags/kafka_producer_dag.py took 0.049 seconds
[2025-06-05T23:37:37.624+0000] {processor.py:161} INFO - Started process (PID=749) to work on /opt/airflow/dags/kafka_producer_dag.py
[2025-06-05T23:37:37.625+0000] {processor.py:830} INFO - Processing file /opt/airflow/dags/kafka_producer_dag.py for tasks to queue
[2025-06-05T23:37:37.626+0000] {logging_mixin.py:188} INFO - [2025-06-05T23:37:37.626+0000] {dagbag.py:540} INFO - Filling up the DagBag from /opt/airflow/dags/kafka_producer_dag.py
[2025-06-05T23:37:37.641+0000] {processor.py:840} INFO - DAG(s) 'kafka_producer_dag' retrieved from /opt/airflow/dags/kafka_producer_dag.py
[2025-06-05T23:37:37.657+0000] {logging_mixin.py:188} INFO - [2025-06-05T23:37:37.657+0000] {dag.py:3096} INFO - Sync 1 DAGs
[2025-06-05T23:37:37.663+0000] {logging_mixin.py:188} INFO - [2025-06-05T23:37:37.663+0000] {dag.py:3954} INFO - Setting next_dagrun for kafka_producer_dag to None, run_after=None
[2025-06-05T23:37:37.670+0000] {processor.py:183} INFO - Processing /opt/airflow/dags/kafka_producer_dag.py took 0.053 seconds
[2025-06-05T23:38:07.906+0000] {processor.py:161} INFO - Started process (PID=765) to work on /opt/airflow/dags/kafka_producer_dag.py
[2025-06-05T23:38:07.907+0000] {processor.py:830} INFO - Processing file /opt/airflow/dags/kafka_producer_dag.py for tasks to queue
[2025-06-05T23:38:07.908+0000] {logging_mixin.py:188} INFO - [2025-06-05T23:38:07.907+0000] {dagbag.py:540} INFO - Filling up the DagBag from /opt/airflow/dags/kafka_producer_dag.py
[2025-06-05T23:38:07.922+0000] {processor.py:840} INFO - DAG(s) 'kafka_producer_dag' retrieved from /opt/airflow/dags/kafka_producer_dag.py
[2025-06-05T23:38:07.938+0000] {logging_mixin.py:188} INFO - [2025-06-05T23:38:07.938+0000] {dag.py:3096} INFO - Sync 1 DAGs
[2025-06-05T23:38:07.944+0000] {logging_mixin.py:188} INFO - [2025-06-05T23:38:07.944+0000] {dag.py:3954} INFO - Setting next_dagrun for kafka_producer_dag to None, run_after=None
[2025-06-05T23:38:07.952+0000] {processor.py:183} INFO - Processing /opt/airflow/dags/kafka_producer_dag.py took 0.054 seconds
[2025-06-05T23:38:38.164+0000] {processor.py:161} INFO - Started process (PID=775) to work on /opt/airflow/dags/kafka_producer_dag.py
[2025-06-05T23:38:38.165+0000] {processor.py:830} INFO - Processing file /opt/airflow/dags/kafka_producer_dag.py for tasks to queue
[2025-06-05T23:38:38.166+0000] {logging_mixin.py:188} INFO - [2025-06-05T23:38:38.166+0000] {dagbag.py:540} INFO - Filling up the DagBag from /opt/airflow/dags/kafka_producer_dag.py
[2025-06-05T23:38:38.179+0000] {processor.py:840} INFO - DAG(s) 'kafka_producer_dag' retrieved from /opt/airflow/dags/kafka_producer_dag.py
[2025-06-05T23:38:38.201+0000] {logging_mixin.py:188} INFO - [2025-06-05T23:38:38.201+0000] {dag.py:3096} INFO - Sync 1 DAGs
[2025-06-05T23:38:38.207+0000] {logging_mixin.py:188} INFO - [2025-06-05T23:38:38.207+0000] {dag.py:3954} INFO - Setting next_dagrun for kafka_producer_dag to None, run_after=None
[2025-06-05T23:38:38.215+0000] {processor.py:183} INFO - Processing /opt/airflow/dags/kafka_producer_dag.py took 0.056 seconds
[2025-06-05T23:39:08.424+0000] {processor.py:161} INFO - Started process (PID=791) to work on /opt/airflow/dags/kafka_producer_dag.py
[2025-06-05T23:39:08.425+0000] {processor.py:830} INFO - Processing file /opt/airflow/dags/kafka_producer_dag.py for tasks to queue
[2025-06-05T23:39:08.425+0000] {logging_mixin.py:188} INFO - [2025-06-05T23:39:08.425+0000] {dagbag.py:540} INFO - Filling up the DagBag from /opt/airflow/dags/kafka_producer_dag.py
[2025-06-05T23:39:08.436+0000] {processor.py:840} INFO - DAG(s) 'kafka_producer_dag' retrieved from /opt/airflow/dags/kafka_producer_dag.py
[2025-06-05T23:39:08.451+0000] {logging_mixin.py:188} INFO - [2025-06-05T23:39:08.451+0000] {dag.py:3096} INFO - Sync 1 DAGs
[2025-06-05T23:39:08.457+0000] {logging_mixin.py:188} INFO - [2025-06-05T23:39:08.457+0000] {dag.py:3954} INFO - Setting next_dagrun for kafka_producer_dag to None, run_after=None
[2025-06-05T23:39:08.466+0000] {processor.py:183} INFO - Processing /opt/airflow/dags/kafka_producer_dag.py took 0.048 seconds
[2025-06-05T23:39:38.726+0000] {processor.py:161} INFO - Started process (PID=801) to work on /opt/airflow/dags/kafka_producer_dag.py
[2025-06-05T23:39:38.727+0000] {processor.py:830} INFO - Processing file /opt/airflow/dags/kafka_producer_dag.py for tasks to queue
[2025-06-05T23:39:38.727+0000] {logging_mixin.py:188} INFO - [2025-06-05T23:39:38.727+0000] {dagbag.py:540} INFO - Filling up the DagBag from /opt/airflow/dags/kafka_producer_dag.py
[2025-06-05T23:39:38.742+0000] {processor.py:840} INFO - DAG(s) 'kafka_producer_dag' retrieved from /opt/airflow/dags/kafka_producer_dag.py
[2025-06-05T23:39:38.759+0000] {logging_mixin.py:188} INFO - [2025-06-05T23:39:38.759+0000] {dag.py:3096} INFO - Sync 1 DAGs
[2025-06-05T23:39:38.765+0000] {logging_mixin.py:188} INFO - [2025-06-05T23:39:38.765+0000] {dag.py:3954} INFO - Setting next_dagrun for kafka_producer_dag to None, run_after=None
[2025-06-05T23:39:38.774+0000] {processor.py:183} INFO - Processing /opt/airflow/dags/kafka_producer_dag.py took 0.053 seconds
[2025-06-05T23:40:09.031+0000] {processor.py:161} INFO - Started process (PID=817) to work on /opt/airflow/dags/kafka_producer_dag.py
[2025-06-05T23:40:09.032+0000] {processor.py:830} INFO - Processing file /opt/airflow/dags/kafka_producer_dag.py for tasks to queue
[2025-06-05T23:40:09.032+0000] {logging_mixin.py:188} INFO - [2025-06-05T23:40:09.032+0000] {dagbag.py:540} INFO - Filling up the DagBag from /opt/airflow/dags/kafka_producer_dag.py
[2025-06-05T23:40:09.043+0000] {processor.py:840} INFO - DAG(s) 'kafka_producer_dag' retrieved from /opt/airflow/dags/kafka_producer_dag.py
[2025-06-05T23:40:09.059+0000] {logging_mixin.py:188} INFO - [2025-06-05T23:40:09.059+0000] {dag.py:3096} INFO - Sync 1 DAGs
[2025-06-05T23:40:09.065+0000] {logging_mixin.py:188} INFO - [2025-06-05T23:40:09.065+0000] {dag.py:3954} INFO - Setting next_dagrun for kafka_producer_dag to None, run_after=None
[2025-06-05T23:40:09.074+0000] {processor.py:183} INFO - Processing /opt/airflow/dags/kafka_producer_dag.py took 0.046 seconds
[2025-06-05T23:40:39.325+0000] {processor.py:161} INFO - Started process (PID=827) to work on /opt/airflow/dags/kafka_producer_dag.py
[2025-06-05T23:40:39.326+0000] {processor.py:830} INFO - Processing file /opt/airflow/dags/kafka_producer_dag.py for tasks to queue
[2025-06-05T23:40:39.327+0000] {logging_mixin.py:188} INFO - [2025-06-05T23:40:39.326+0000] {dagbag.py:540} INFO - Filling up the DagBag from /opt/airflow/dags/kafka_producer_dag.py
[2025-06-05T23:40:39.343+0000] {processor.py:840} INFO - DAG(s) 'kafka_producer_dag' retrieved from /opt/airflow/dags/kafka_producer_dag.py
[2025-06-05T23:40:39.363+0000] {logging_mixin.py:188} INFO - [2025-06-05T23:40:39.363+0000] {dag.py:3096} INFO - Sync 1 DAGs
[2025-06-05T23:40:39.369+0000] {logging_mixin.py:188} INFO - [2025-06-05T23:40:39.369+0000] {dag.py:3954} INFO - Setting next_dagrun for kafka_producer_dag to None, run_after=None
[2025-06-05T23:40:39.376+0000] {processor.py:183} INFO - Processing /opt/airflow/dags/kafka_producer_dag.py took 0.057 seconds
[2025-06-05T23:56:03.619+0000] {processor.py:161} INFO - Started process (PID=837) to work on /opt/airflow/dags/kafka_producer_dag.py
[2025-06-05T23:56:03.620+0000] {processor.py:830} INFO - Processing file /opt/airflow/dags/kafka_producer_dag.py for tasks to queue
[2025-06-05T23:56:03.621+0000] {logging_mixin.py:188} INFO - [2025-06-05T23:56:03.621+0000] {dagbag.py:540} INFO - Filling up the DagBag from /opt/airflow/dags/kafka_producer_dag.py
[2025-06-05T23:56:03.631+0000] {processor.py:840} INFO - DAG(s) 'kafka_producer_dag' retrieved from /opt/airflow/dags/kafka_producer_dag.py
[2025-06-05T23:56:03.650+0000] {logging_mixin.py:188} INFO - [2025-06-05T23:56:03.649+0000] {dag.py:3096} INFO - Sync 1 DAGs
[2025-06-05T23:56:03.656+0000] {logging_mixin.py:188} INFO - [2025-06-05T23:56:03.656+0000] {dag.py:3954} INFO - Setting next_dagrun for kafka_producer_dag to None, run_after=None
[2025-06-05T23:56:03.670+0000] {processor.py:183} INFO - Processing /opt/airflow/dags/kafka_producer_dag.py took 0.054 seconds
[2025-06-05T23:56:33.910+0000] {processor.py:161} INFO - Started process (PID=853) to work on /opt/airflow/dags/kafka_producer_dag.py
[2025-06-05T23:56:33.911+0000] {processor.py:830} INFO - Processing file /opt/airflow/dags/kafka_producer_dag.py for tasks to queue
[2025-06-05T23:56:33.913+0000] {logging_mixin.py:188} INFO - [2025-06-05T23:56:33.912+0000] {dagbag.py:540} INFO - Filling up the DagBag from /opt/airflow/dags/kafka_producer_dag.py
[2025-06-05T23:56:33.924+0000] {processor.py:840} INFO - DAG(s) 'kafka_producer_dag' retrieved from /opt/airflow/dags/kafka_producer_dag.py
[2025-06-05T23:56:33.943+0000] {logging_mixin.py:188} INFO - [2025-06-05T23:56:33.942+0000] {dag.py:3096} INFO - Sync 1 DAGs
[2025-06-05T23:56:33.950+0000] {logging_mixin.py:188} INFO - [2025-06-05T23:56:33.949+0000] {dag.py:3954} INFO - Setting next_dagrun for kafka_producer_dag to None, run_after=None
[2025-06-05T23:56:33.961+0000] {processor.py:183} INFO - Processing /opt/airflow/dags/kafka_producer_dag.py took 0.054 seconds
[2025-06-05T23:57:04.229+0000] {processor.py:161} INFO - Started process (PID=869) to work on /opt/airflow/dags/kafka_producer_dag.py
[2025-06-05T23:57:04.230+0000] {processor.py:830} INFO - Processing file /opt/airflow/dags/kafka_producer_dag.py for tasks to queue
[2025-06-05T23:57:04.230+0000] {logging_mixin.py:188} INFO - [2025-06-05T23:57:04.230+0000] {dagbag.py:540} INFO - Filling up the DagBag from /opt/airflow/dags/kafka_producer_dag.py
[2025-06-05T23:57:04.241+0000] {processor.py:840} INFO - DAG(s) 'kafka_producer_dag' retrieved from /opt/airflow/dags/kafka_producer_dag.py
[2025-06-05T23:57:04.258+0000] {logging_mixin.py:188} INFO - [2025-06-05T23:57:04.258+0000] {dag.py:3096} INFO - Sync 1 DAGs
[2025-06-05T23:57:04.264+0000] {logging_mixin.py:188} INFO - [2025-06-05T23:57:04.264+0000] {dag.py:3954} INFO - Setting next_dagrun for kafka_producer_dag to None, run_after=None
[2025-06-05T23:57:04.275+0000] {processor.py:183} INFO - Processing /opt/airflow/dags/kafka_producer_dag.py took 0.050 seconds
[2025-06-05T23:57:34.599+0000] {processor.py:161} INFO - Started process (PID=879) to work on /opt/airflow/dags/kafka_producer_dag.py
[2025-06-05T23:57:34.600+0000] {processor.py:830} INFO - Processing file /opt/airflow/dags/kafka_producer_dag.py for tasks to queue
[2025-06-05T23:57:34.601+0000] {logging_mixin.py:188} INFO - [2025-06-05T23:57:34.600+0000] {dagbag.py:540} INFO - Filling up the DagBag from /opt/airflow/dags/kafka_producer_dag.py
[2025-06-05T23:57:34.612+0000] {processor.py:840} INFO - DAG(s) 'kafka_producer_dag' retrieved from /opt/airflow/dags/kafka_producer_dag.py
[2025-06-05T23:57:34.629+0000] {logging_mixin.py:188} INFO - [2025-06-05T23:57:34.629+0000] {dag.py:3096} INFO - Sync 1 DAGs
[2025-06-05T23:57:34.635+0000] {logging_mixin.py:188} INFO - [2025-06-05T23:57:34.635+0000] {dag.py:3954} INFO - Setting next_dagrun for kafka_producer_dag to None, run_after=None
[2025-06-05T23:57:34.644+0000] {processor.py:183} INFO - Processing /opt/airflow/dags/kafka_producer_dag.py took 0.050 seconds
[2025-06-05T23:58:04.968+0000] {processor.py:161} INFO - Started process (PID=895) to work on /opt/airflow/dags/kafka_producer_dag.py
[2025-06-05T23:58:04.968+0000] {processor.py:830} INFO - Processing file /opt/airflow/dags/kafka_producer_dag.py for tasks to queue
[2025-06-05T23:58:04.969+0000] {logging_mixin.py:188} INFO - [2025-06-05T23:58:04.969+0000] {dagbag.py:540} INFO - Filling up the DagBag from /opt/airflow/dags/kafka_producer_dag.py
[2025-06-05T23:58:04.978+0000] {processor.py:840} INFO - DAG(s) 'kafka_producer_dag' retrieved from /opt/airflow/dags/kafka_producer_dag.py
[2025-06-05T23:58:04.992+0000] {logging_mixin.py:188} INFO - [2025-06-05T23:58:04.992+0000] {dag.py:3096} INFO - Sync 1 DAGs
[2025-06-05T23:58:04.998+0000] {logging_mixin.py:188} INFO - [2025-06-05T23:58:04.998+0000] {dag.py:3954} INFO - Setting next_dagrun for kafka_producer_dag to None, run_after=None
[2025-06-05T23:58:05.007+0000] {processor.py:183} INFO - Processing /opt/airflow/dags/kafka_producer_dag.py took 0.043 seconds
[2025-06-05T23:58:35.309+0000] {processor.py:161} INFO - Started process (PID=905) to work on /opt/airflow/dags/kafka_producer_dag.py
[2025-06-05T23:58:35.310+0000] {processor.py:830} INFO - Processing file /opt/airflow/dags/kafka_producer_dag.py for tasks to queue
[2025-06-05T23:58:35.311+0000] {logging_mixin.py:188} INFO - [2025-06-05T23:58:35.311+0000] {dagbag.py:540} INFO - Filling up the DagBag from /opt/airflow/dags/kafka_producer_dag.py
[2025-06-05T23:58:35.323+0000] {processor.py:840} INFO - DAG(s) 'kafka_producer_dag' retrieved from /opt/airflow/dags/kafka_producer_dag.py
[2025-06-05T23:58:35.340+0000] {logging_mixin.py:188} INFO - [2025-06-05T23:58:35.340+0000] {dag.py:3096} INFO - Sync 1 DAGs
[2025-06-05T23:58:35.346+0000] {logging_mixin.py:188} INFO - [2025-06-05T23:58:35.346+0000] {dag.py:3954} INFO - Setting next_dagrun for kafka_producer_dag to None, run_after=None
[2025-06-05T23:58:35.359+0000] {processor.py:183} INFO - Processing /opt/airflow/dags/kafka_producer_dag.py took 0.054 seconds
[2025-06-05T23:59:05.661+0000] {processor.py:161} INFO - Started process (PID=921) to work on /opt/airflow/dags/kafka_producer_dag.py
[2025-06-05T23:59:05.661+0000] {processor.py:830} INFO - Processing file /opt/airflow/dags/kafka_producer_dag.py for tasks to queue
[2025-06-05T23:59:05.662+0000] {logging_mixin.py:188} INFO - [2025-06-05T23:59:05.662+0000] {dagbag.py:540} INFO - Filling up the DagBag from /opt/airflow/dags/kafka_producer_dag.py
[2025-06-05T23:59:05.672+0000] {processor.py:840} INFO - DAG(s) 'kafka_producer_dag' retrieved from /opt/airflow/dags/kafka_producer_dag.py
[2025-06-05T23:59:05.688+0000] {logging_mixin.py:188} INFO - [2025-06-05T23:59:05.688+0000] {dag.py:3096} INFO - Sync 1 DAGs
[2025-06-05T23:59:05.695+0000] {logging_mixin.py:188} INFO - [2025-06-05T23:59:05.695+0000] {dag.py:3954} INFO - Setting next_dagrun for kafka_producer_dag to None, run_after=None
[2025-06-05T23:59:05.703+0000] {processor.py:183} INFO - Processing /opt/airflow/dags/kafka_producer_dag.py took 0.048 seconds
[2025-06-05T23:59:35.982+0000] {processor.py:161} INFO - Started process (PID=931) to work on /opt/airflow/dags/kafka_producer_dag.py
[2025-06-05T23:59:35.984+0000] {processor.py:830} INFO - Processing file /opt/airflow/dags/kafka_producer_dag.py for tasks to queue
[2025-06-05T23:59:35.984+0000] {logging_mixin.py:188} INFO - [2025-06-05T23:59:35.984+0000] {dagbag.py:540} INFO - Filling up the DagBag from /opt/airflow/dags/kafka_producer_dag.py
[2025-06-05T23:59:35.996+0000] {processor.py:840} INFO - DAG(s) 'kafka_producer_dag' retrieved from /opt/airflow/dags/kafka_producer_dag.py
[2025-06-05T23:59:36.013+0000] {logging_mixin.py:188} INFO - [2025-06-05T23:59:36.013+0000] {dag.py:3096} INFO - Sync 1 DAGs
[2025-06-05T23:59:36.020+0000] {logging_mixin.py:188} INFO - [2025-06-05T23:59:36.020+0000] {dag.py:3954} INFO - Setting next_dagrun for kafka_producer_dag to None, run_after=None
[2025-06-05T23:59:36.031+0000] {processor.py:183} INFO - Processing /opt/airflow/dags/kafka_producer_dag.py took 0.053 seconds
