[2025-06-05T23:11:17.987+0000] {processor.py:161} INFO - Started process (PID=166) to work on /opt/airflow/dags/swapi_to_kafka_dag.py
[2025-06-05T23:11:17.988+0000] {processor.py:830} INFO - Processing file /opt/airflow/dags/swapi_to_kafka_dag.py for tasks to queue
[2025-06-05T23:11:17.990+0000] {logging_mixin.py:188} INFO - [2025-06-05T23:11:17.990+0000] {dagbag.py:540} INFO - Filling up the DagBag from /opt/airflow/dags/swapi_to_kafka_dag.py
[2025-06-05T23:11:18.011+0000] {processor.py:840} INFO - DAG(s) 'swapi_to_kafka_dag' retrieved from /opt/airflow/dags/swapi_to_kafka_dag.py
[2025-06-05T23:11:18.157+0000] {logging_mixin.py:188} INFO - [2025-06-05T23:11:18.157+0000] {override.py:1829} INFO - Created Permission View: can read on DAG:swapi_to_kafka_dag
[2025-06-05T23:11:18.162+0000] {logging_mixin.py:188} INFO - [2025-06-05T23:11:18.162+0000] {override.py:1829} INFO - Created Permission View: can edit on DAG:swapi_to_kafka_dag
[2025-06-05T23:11:18.165+0000] {logging_mixin.py:188} INFO - [2025-06-05T23:11:18.164+0000] {override.py:1829} INFO - Created Permission View: can delete on DAG:swapi_to_kafka_dag
[2025-06-05T23:11:18.165+0000] {logging_mixin.py:188} INFO - [2025-06-05T23:11:18.165+0000] {dag.py:3096} INFO - Sync 1 DAGs
[2025-06-05T23:11:18.170+0000] {logging_mixin.py:188} INFO - [2025-06-05T23:11:18.170+0000] {dag.py:3118} INFO - Creating ORM DAG for swapi_to_kafka_dag
[2025-06-05T23:11:18.177+0000] {logging_mixin.py:188} INFO - [2025-06-05T23:11:18.177+0000] {dag.py:3954} INFO - Setting next_dagrun for swapi_to_kafka_dag to 2025-06-05 23:08:00+00:00, run_after=2025-06-05 23:10:00+00:00
[2025-06-05T23:11:18.189+0000] {processor.py:183} INFO - Processing /opt/airflow/dags/swapi_to_kafka_dag.py took 0.205 seconds
[2025-06-05T23:11:48.426+0000] {processor.py:161} INFO - Started process (PID=176) to work on /opt/airflow/dags/swapi_to_kafka_dag.py
[2025-06-05T23:11:48.427+0000] {processor.py:830} INFO - Processing file /opt/airflow/dags/swapi_to_kafka_dag.py for tasks to queue
[2025-06-05T23:11:48.429+0000] {logging_mixin.py:188} INFO - [2025-06-05T23:11:48.429+0000] {dagbag.py:540} INFO - Filling up the DagBag from /opt/airflow/dags/swapi_to_kafka_dag.py
[2025-06-05T23:11:48.444+0000] {processor.py:840} INFO - DAG(s) 'swapi_to_kafka_dag' retrieved from /opt/airflow/dags/swapi_to_kafka_dag.py
[2025-06-05T23:11:48.461+0000] {logging_mixin.py:188} INFO - [2025-06-05T23:11:48.460+0000] {dag.py:3096} INFO - Sync 1 DAGs
[2025-06-05T23:11:48.475+0000] {logging_mixin.py:188} INFO - [2025-06-05T23:11:48.475+0000] {dag.py:3954} INFO - Setting next_dagrun for swapi_to_kafka_dag to 2025-06-05 23:08:00+00:00, run_after=2025-06-05 23:10:00+00:00
[2025-06-05T23:11:48.489+0000] {processor.py:183} INFO - Processing /opt/airflow/dags/swapi_to_kafka_dag.py took 0.067 seconds
[2025-06-05T23:12:18.750+0000] {processor.py:161} INFO - Started process (PID=192) to work on /opt/airflow/dags/swapi_to_kafka_dag.py
[2025-06-05T23:12:18.751+0000] {processor.py:830} INFO - Processing file /opt/airflow/dags/swapi_to_kafka_dag.py for tasks to queue
[2025-06-05T23:12:18.753+0000] {logging_mixin.py:188} INFO - [2025-06-05T23:12:18.752+0000] {dagbag.py:540} INFO - Filling up the DagBag from /opt/airflow/dags/swapi_to_kafka_dag.py
[2025-06-05T23:12:18.764+0000] {processor.py:840} INFO - DAG(s) 'swapi_to_kafka_dag' retrieved from /opt/airflow/dags/swapi_to_kafka_dag.py
[2025-06-05T23:12:18.784+0000] {logging_mixin.py:188} INFO - [2025-06-05T23:12:18.784+0000] {dag.py:3096} INFO - Sync 1 DAGs
[2025-06-05T23:12:18.799+0000] {logging_mixin.py:188} INFO - [2025-06-05T23:12:18.799+0000] {dag.py:3954} INFO - Setting next_dagrun for swapi_to_kafka_dag to 2025-06-05 23:12:00+00:00, run_after=2025-06-05 23:14:00+00:00
[2025-06-05T23:12:18.809+0000] {processor.py:183} INFO - Processing /opt/airflow/dags/swapi_to_kafka_dag.py took 0.064 seconds
[2025-06-05T23:12:49.092+0000] {processor.py:161} INFO - Started process (PID=202) to work on /opt/airflow/dags/swapi_to_kafka_dag.py
[2025-06-05T23:12:49.093+0000] {processor.py:830} INFO - Processing file /opt/airflow/dags/swapi_to_kafka_dag.py for tasks to queue
[2025-06-05T23:12:49.094+0000] {logging_mixin.py:188} INFO - [2025-06-05T23:12:49.094+0000] {dagbag.py:540} INFO - Filling up the DagBag from /opt/airflow/dags/swapi_to_kafka_dag.py
[2025-06-05T23:12:49.108+0000] {processor.py:840} INFO - DAG(s) 'swapi_to_kafka_dag' retrieved from /opt/airflow/dags/swapi_to_kafka_dag.py
[2025-06-05T23:12:49.128+0000] {logging_mixin.py:188} INFO - [2025-06-05T23:12:49.128+0000] {dag.py:3096} INFO - Sync 1 DAGs
[2025-06-05T23:12:49.140+0000] {logging_mixin.py:188} INFO - [2025-06-05T23:12:49.140+0000] {dag.py:3954} INFO - Setting next_dagrun for swapi_to_kafka_dag to 2025-06-05 23:12:00+00:00, run_after=2025-06-05 23:14:00+00:00
[2025-06-05T23:12:49.151+0000] {processor.py:183} INFO - Processing /opt/airflow/dags/swapi_to_kafka_dag.py took 0.065 seconds
[2025-06-05T23:13:19.383+0000] {processor.py:161} INFO - Started process (PID=212) to work on /opt/airflow/dags/swapi_to_kafka_dag.py
[2025-06-05T23:13:19.384+0000] {processor.py:830} INFO - Processing file /opt/airflow/dags/swapi_to_kafka_dag.py for tasks to queue
[2025-06-05T23:13:19.385+0000] {logging_mixin.py:188} INFO - [2025-06-05T23:13:19.385+0000] {dagbag.py:540} INFO - Filling up the DagBag from /opt/airflow/dags/swapi_to_kafka_dag.py
[2025-06-05T23:13:19.397+0000] {processor.py:840} INFO - DAG(s) 'swapi_to_kafka_dag' retrieved from /opt/airflow/dags/swapi_to_kafka_dag.py
[2025-06-05T23:13:19.414+0000] {logging_mixin.py:188} INFO - [2025-06-05T23:13:19.414+0000] {dag.py:3096} INFO - Sync 1 DAGs
[2025-06-05T23:13:19.427+0000] {logging_mixin.py:188} INFO - [2025-06-05T23:13:19.427+0000] {dag.py:3954} INFO - Setting next_dagrun for swapi_to_kafka_dag to 2025-06-05 23:12:00+00:00, run_after=2025-06-05 23:14:00+00:00
[2025-06-05T23:13:19.439+0000] {processor.py:183} INFO - Processing /opt/airflow/dags/swapi_to_kafka_dag.py took 0.062 seconds
[2025-06-05T23:13:38.612+0000] {processor.py:161} INFO - Started process (PID=222) to work on /opt/airflow/dags/swapi_to_kafka_dag.py
[2025-06-05T23:13:38.613+0000] {processor.py:830} INFO - Processing file /opt/airflow/dags/swapi_to_kafka_dag.py for tasks to queue
[2025-06-05T23:13:38.614+0000] {logging_mixin.py:188} INFO - [2025-06-05T23:13:38.614+0000] {dagbag.py:540} INFO - Filling up the DagBag from /opt/airflow/dags/swapi_to_kafka_dag.py
[2025-06-05T23:13:38.627+0000] {processor.py:840} INFO - DAG(s) 'swapi_to_kafka_dag' retrieved from /opt/airflow/dags/swapi_to_kafka_dag.py
[2025-06-05T23:13:38.645+0000] {logging_mixin.py:188} INFO - [2025-06-05T23:13:38.645+0000] {dag.py:3096} INFO - Sync 1 DAGs
[2025-06-05T23:13:38.657+0000] {logging_mixin.py:188} INFO - [2025-06-05T23:13:38.657+0000] {dag.py:3954} INFO - Setting next_dagrun for swapi_to_kafka_dag to 2025-06-05 23:12:00+00:00, run_after=2025-06-05 23:14:00+00:00
[2025-06-05T23:13:38.666+0000] {processor.py:183} INFO - Processing /opt/airflow/dags/swapi_to_kafka_dag.py took 0.058 seconds
[2025-06-05T23:13:48.711+0000] {processor.py:161} INFO - Started process (PID=227) to work on /opt/airflow/dags/swapi_to_kafka_dag.py
[2025-06-05T23:13:48.712+0000] {processor.py:830} INFO - Processing file /opt/airflow/dags/swapi_to_kafka_dag.py for tasks to queue
[2025-06-05T23:13:48.713+0000] {logging_mixin.py:188} INFO - [2025-06-05T23:13:48.713+0000] {dagbag.py:540} INFO - Filling up the DagBag from /opt/airflow/dags/swapi_to_kafka_dag.py
[2025-06-05T23:13:48.729+0000] {processor.py:840} INFO - DAG(s) 'swapi_to_kafka_dag' retrieved from /opt/airflow/dags/swapi_to_kafka_dag.py
[2025-06-05T23:13:48.751+0000] {logging_mixin.py:188} INFO - [2025-06-05T23:13:48.750+0000] {dag.py:3096} INFO - Sync 1 DAGs
[2025-06-05T23:13:48.765+0000] {logging_mixin.py:188} INFO - [2025-06-05T23:13:48.765+0000] {dag.py:3954} INFO - Setting next_dagrun for swapi_to_kafka_dag to 2025-06-05 23:12:00+00:00, run_after=2025-06-05 23:14:00+00:00
[2025-06-05T23:13:48.776+0000] {processor.py:183} INFO - Processing /opt/airflow/dags/swapi_to_kafka_dag.py took 0.070 seconds
[2025-06-05T23:13:49.761+0000] {processor.py:161} INFO - Started process (PID=232) to work on /opt/airflow/dags/swapi_to_kafka_dag.py
[2025-06-05T23:13:49.762+0000] {processor.py:830} INFO - Processing file /opt/airflow/dags/swapi_to_kafka_dag.py for tasks to queue
[2025-06-05T23:13:49.764+0000] {logging_mixin.py:188} INFO - [2025-06-05T23:13:49.763+0000] {dagbag.py:540} INFO - Filling up the DagBag from /opt/airflow/dags/swapi_to_kafka_dag.py
[2025-06-05T23:13:49.784+0000] {processor.py:840} INFO - DAG(s) 'swapi_to_kafka_dag' retrieved from /opt/airflow/dags/swapi_to_kafka_dag.py
[2025-06-05T23:13:49.805+0000] {logging_mixin.py:188} INFO - [2025-06-05T23:13:49.805+0000] {dag.py:3096} INFO - Sync 1 DAGs
[2025-06-05T23:13:49.818+0000] {logging_mixin.py:188} INFO - [2025-06-05T23:13:49.818+0000] {dag.py:3954} INFO - Setting next_dagrun for swapi_to_kafka_dag to 2025-06-05 23:12:00+00:00, run_after=2025-06-05 23:14:00+00:00
[2025-06-05T23:13:49.831+0000] {processor.py:183} INFO - Processing /opt/airflow/dags/swapi_to_kafka_dag.py took 0.075 seconds
[2025-06-05T23:13:52.868+0000] {processor.py:161} INFO - Started process (PID=242) to work on /opt/airflow/dags/swapi_to_kafka_dag.py
[2025-06-05T23:13:52.869+0000] {processor.py:830} INFO - Processing file /opt/airflow/dags/swapi_to_kafka_dag.py for tasks to queue
[2025-06-05T23:13:52.871+0000] {logging_mixin.py:188} INFO - [2025-06-05T23:13:52.871+0000] {dagbag.py:540} INFO - Filling up the DagBag from /opt/airflow/dags/swapi_to_kafka_dag.py
[2025-06-05T23:13:52.890+0000] {processor.py:840} INFO - DAG(s) 'swapi_to_kafka_dag' retrieved from /opt/airflow/dags/swapi_to_kafka_dag.py
[2025-06-05T23:13:52.907+0000] {logging_mixin.py:188} INFO - [2025-06-05T23:13:52.907+0000] {dag.py:3096} INFO - Sync 1 DAGs
[2025-06-05T23:13:52.919+0000] {logging_mixin.py:188} INFO - [2025-06-05T23:13:52.919+0000] {dag.py:3954} INFO - Setting next_dagrun for swapi_to_kafka_dag to 2025-06-05 23:12:00+00:00, run_after=2025-06-05 23:14:00+00:00
[2025-06-05T23:13:52.927+0000] {processor.py:183} INFO - Processing /opt/airflow/dags/swapi_to_kafka_dag.py took 0.065 seconds
