[2025-06-06T03:16:56.804+0000] {local_task_job_runner.py:120} INFO - ::group::Pre task execution logs
[2025-06-06T03:16:56.821+0000] {taskinstance.py:2073} INFO - Dependencies all met for dep_context=non-requeueable deps ti=<TaskInstance: pokemon_partitioned_to_kafka.fetch_pokemon_and_send_partitioned_to_kafka scheduled__2025-06-06T03:15:00+00:00 [queued]>
[2025-06-06T03:16:56.825+0000] {taskinstance.py:2073} INFO - Dependencies all met for dep_context=requeueable deps ti=<TaskInstance: pokemon_partitioned_to_kafka.fetch_pokemon_and_send_partitioned_to_kafka scheduled__2025-06-06T03:15:00+00:00 [queued]>
[2025-06-06T03:16:56.826+0000] {taskinstance.py:2303} INFO - Starting attempt 1 of 1
[2025-06-06T03:16:56.833+0000] {taskinstance.py:2327} INFO - Executing <Task(PythonOperator): fetch_pokemon_and_send_partitioned_to_kafka> on 2025-06-06 03:15:00+00:00
[2025-06-06T03:16:56.837+0000] {logging_mixin.py:188} WARNING - /home/***/.local/lib/python3.12/site-packages/***/task/task_runner/standard_task_runner.py:61 DeprecationWarning: This process (pid=1569) is multi-threaded, use of fork() may lead to deadlocks in the child.
[2025-06-06T03:16:56.837+0000] {standard_task_runner.py:63} INFO - Started process 1571 to run task
[2025-06-06T03:16:56.837+0000] {standard_task_runner.py:90} INFO - Running: ['***', 'tasks', 'run', 'pokemon_partitioned_to_kafka', 'fetch_pokemon_and_send_partitioned_to_kafka', 'scheduled__2025-06-06T03:15:00+00:00', '--job-id', '68', '--raw', '--subdir', 'DAGS_FOLDER/pkapi_to_kafka_dag.py', '--cfg-path', '/tmp/tmpgh6dqt0h']
[2025-06-06T03:16:56.838+0000] {standard_task_runner.py:91} INFO - Job 68: Subtask fetch_pokemon_and_send_partitioned_to_kafka
[2025-06-06T03:16:56.847+0000] {logging_mixin.py:188} WARNING - /home/***/.local/lib/python3.12/site-packages/***/settings.py:195 DeprecationWarning: The sql_alchemy_conn option in [core] has been moved to the sql_alchemy_conn option in [database] - the old setting has been used, but please update your config.
[2025-06-06T03:16:56.867+0000] {task_command.py:426} INFO - Running <TaskInstance: pokemon_partitioned_to_kafka.fetch_pokemon_and_send_partitioned_to_kafka scheduled__2025-06-06T03:15:00+00:00 [running]> on host 856ef77f0083
[2025-06-06T03:16:56.910+0000] {taskinstance.py:2644} INFO - Exporting env vars: AIRFLOW_CTX_DAG_OWNER='***' AIRFLOW_CTX_DAG_ID='pokemon_partitioned_to_kafka' AIRFLOW_CTX_TASK_ID='fetch_pokemon_and_send_partitioned_to_kafka' AIRFLOW_CTX_EXECUTION_DATE='2025-06-06T03:15:00+00:00' AIRFLOW_CTX_TRY_NUMBER='1' AIRFLOW_CTX_DAG_RUN_ID='scheduled__2025-06-06T03:15:00+00:00'
[2025-06-06T03:16:56.910+0000] {taskinstance.py:430} INFO - ::endgroup::
[2025-06-06T03:17:02.193+0000] {logging_mixin.py:188} INFO - Error fetching Pokémon ID 1: HTTPSConnectionPool(host='pokeapi.co', port=443): Read timed out. (read timeout=5)
[2025-06-06T03:17:02.940+0000] {logging_mixin.py:188} INFO - Produced: ivysaur with key=grass
[2025-06-06T03:17:03.389+0000] {logging_mixin.py:188} INFO - Produced: venusaur with key=grass
[2025-06-06T03:17:03.834+0000] {logging_mixin.py:188} INFO - Produced: charmander with key=fire
[2025-06-06T03:17:04.297+0000] {logging_mixin.py:188} INFO - Produced: charmeleon with key=fire
[2025-06-06T03:17:05.333+0000] {logging_mixin.py:188} INFO - Error fetching Pokémon ID 6: HTTPSConnectionPool(host='pokeapi.co', port=443): Max retries exceeded with url: /api/v2/pokemon/6/ (Caused by SSLError(SSLEOFError(8, '[SSL: UNEXPECTED_EOF_WHILE_READING] EOF occurred in violation of protocol (_ssl.c:1000)')))
[2025-06-06T03:17:05.591+0000] {logging_mixin.py:188} INFO - Produced: squirtle with key=water
[2025-06-06T03:17:06.021+0000] {logging_mixin.py:188} INFO - Produced: wartortle with key=water
[2025-06-06T03:17:06.456+0000] {logging_mixin.py:188} INFO - Produced: blastoise with key=water
[2025-06-06T03:17:06.890+0000] {logging_mixin.py:188} INFO - Produced: caterpie with key=bug
[2025-06-06T03:17:07.338+0000] {logging_mixin.py:188} INFO - Produced: metapod with key=bug
[2025-06-06T03:17:07.774+0000] {logging_mixin.py:188} INFO - Produced: butterfree with key=bug
[2025-06-06T03:17:08.201+0000] {logging_mixin.py:188} INFO - Produced: weedle with key=bug
[2025-06-06T03:17:08.634+0000] {logging_mixin.py:188} INFO - Produced: kakuna with key=bug
[2025-06-06T03:17:09.079+0000] {logging_mixin.py:188} INFO - Produced: beedrill with key=bug
[2025-06-06T03:17:09.515+0000] {logging_mixin.py:188} INFO - Produced: pidgey with key=normal
[2025-06-06T03:17:09.959+0000] {logging_mixin.py:188} INFO - Produced: pidgeotto with key=normal
[2025-06-06T03:17:10.395+0000] {logging_mixin.py:188} INFO - Produced: pidgeot with key=normal
[2025-06-06T03:17:10.832+0000] {logging_mixin.py:188} INFO - Produced: rattata with key=normal
[2025-06-06T03:17:11.036+0000] {python.py:237} INFO - Done. Returned value was: None
[2025-06-06T03:17:11.036+0000] {taskinstance.py:441} INFO - ::group::Post task execution logs
[2025-06-06T03:17:11.044+0000] {taskinstance.py:1205} INFO - Marking task as SUCCESS. dag_id=pokemon_partitioned_to_kafka, task_id=fetch_pokemon_and_send_partitioned_to_kafka, execution_date=20250606T031500, start_date=20250606T031656, end_date=20250606T031711
[2025-06-06T03:17:11.080+0000] {local_task_job_runner.py:240} INFO - Task exited with return code 0
[2025-06-06T03:17:11.089+0000] {taskinstance.py:3482} INFO - 0 downstream tasks scheduled from follow-on schedule check
[2025-06-06T03:17:11.090+0000] {local_task_job_runner.py:222} INFO - ::endgroup::
