[2025-06-07T14:09:05.021+0000] {local_task_job_runner.py:120} INFO - ::group::Pre task execution logs
[2025-06-07T14:09:05.036+0000] {taskinstance.py:2073} INFO - Dependencies all met for dep_context=non-requeueable deps ti=<TaskInstance: pokemon_partitioned_to_kafka_v2.fetch_pokemon_and_send_partitioned_to_kafka manual__2025-06-07T14:09:03.862104+00:00 [queued]>
[2025-06-07T14:09:05.039+0000] {taskinstance.py:2073} INFO - Dependencies all met for dep_context=requeueable deps ti=<TaskInstance: pokemon_partitioned_to_kafka_v2.fetch_pokemon_and_send_partitioned_to_kafka manual__2025-06-07T14:09:03.862104+00:00 [queued]>
[2025-06-07T14:09:05.040+0000] {taskinstance.py:2303} INFO - Starting attempt 1 of 1
[2025-06-07T14:09:05.046+0000] {taskinstance.py:2327} INFO - Executing <Task(PythonOperator): fetch_pokemon_and_send_partitioned_to_kafka> on 2025-06-07 14:09:03.862104+00:00
[2025-06-07T14:09:05.049+0000] {logging_mixin.py:188} WARNING - /home/***/.local/lib/python3.12/site-packages/***/task/task_runner/standard_task_runner.py:61 DeprecationWarning: This process (pid=3820) is multi-threaded, use of fork() may lead to deadlocks in the child.
[2025-06-07T14:09:05.050+0000] {standard_task_runner.py:63} INFO - Started process 3821 to run task
[2025-06-07T14:09:05.050+0000] {standard_task_runner.py:90} INFO - Running: ['***', 'tasks', 'run', 'pokemon_partitioned_to_kafka_v2', 'fetch_pokemon_and_send_partitioned_to_kafka', 'manual__2025-06-07T14:09:03.862104+00:00', '--job-id', '243', '--raw', '--subdir', 'DAGS_FOLDER/pkapi_to_kafka_dag.py', '--cfg-path', '/tmp/tmp8ca0ya06']
[2025-06-07T14:09:05.051+0000] {standard_task_runner.py:91} INFO - Job 243: Subtask fetch_pokemon_and_send_partitioned_to_kafka
[2025-06-07T14:09:05.059+0000] {logging_mixin.py:188} WARNING - /home/***/.local/lib/python3.12/site-packages/***/settings.py:195 DeprecationWarning: The sql_alchemy_conn option in [core] has been moved to the sql_alchemy_conn option in [database] - the old setting has been used, but please update your config.
[2025-06-07T14:09:05.077+0000] {task_command.py:426} INFO - Running <TaskInstance: pokemon_partitioned_to_kafka_v2.fetch_pokemon_and_send_partitioned_to_kafka manual__2025-06-07T14:09:03.862104+00:00 [running]> on host 856ef77f0083
[2025-06-07T14:09:05.121+0000] {taskinstance.py:2644} INFO - Exporting env vars: AIRFLOW_CTX_DAG_OWNER='***' AIRFLOW_CTX_DAG_ID='pokemon_partitioned_to_kafka_v2' AIRFLOW_CTX_TASK_ID='fetch_pokemon_and_send_partitioned_to_kafka' AIRFLOW_CTX_EXECUTION_DATE='2025-06-07T14:09:03.862104+00:00' AIRFLOW_CTX_TRY_NUMBER='1' AIRFLOW_CTX_DAG_RUN_ID='manual__2025-06-07T14:09:03.862104+00:00'
[2025-06-07T14:09:05.121+0000] {taskinstance.py:430} INFO - ::endgroup::
[2025-06-07T14:09:06.136+0000] {logging_mixin.py:188} INFO - Produced: bulbasaur with key=grass
[2025-06-07T14:09:06.433+0000] {logging_mixin.py:188} INFO - Produced: ivysaur with key=grass
[2025-06-07T14:09:06.751+0000] {logging_mixin.py:188} INFO - Produced: venusaur with key=grass
[2025-06-07T14:09:07.062+0000] {logging_mixin.py:188} INFO - Produced: charmander with key=fire
[2025-06-07T14:09:07.361+0000] {logging_mixin.py:188} INFO - Produced: charmeleon with key=fire
[2025-06-07T14:09:07.694+0000] {logging_mixin.py:188} INFO - Produced: charizard with key=fire
[2025-06-07T14:09:07.996+0000] {logging_mixin.py:188} INFO - Produced: squirtle with key=water
[2025-06-07T14:09:08.284+0000] {logging_mixin.py:188} INFO - Produced: wartortle with key=water
[2025-06-07T14:09:08.600+0000] {logging_mixin.py:188} INFO - Produced: blastoise with key=water
[2025-06-07T14:09:08.914+0000] {logging_mixin.py:188} INFO - Produced: caterpie with key=bug
[2025-06-07T14:09:09.215+0000] {logging_mixin.py:188} INFO - Produced: metapod with key=bug
[2025-06-07T14:09:09.530+0000] {logging_mixin.py:188} INFO - Produced: butterfree with key=bug
[2025-06-07T14:09:09.847+0000] {logging_mixin.py:188} INFO - Produced: weedle with key=bug
[2025-06-07T14:09:10.165+0000] {logging_mixin.py:188} INFO - Produced: kakuna with key=bug
[2025-06-07T14:09:10.452+0000] {logging_mixin.py:188} INFO - Produced: beedrill with key=bug
[2025-06-07T14:09:10.794+0000] {logging_mixin.py:188} INFO - Produced: pidgey with key=normal
[2025-06-07T14:09:11.095+0000] {logging_mixin.py:188} INFO - Produced: pidgeotto with key=normal
[2025-06-07T14:09:11.412+0000] {logging_mixin.py:188} INFO - Produced: pidgeot with key=normal
[2025-06-07T14:09:11.720+0000] {logging_mixin.py:188} INFO - Produced: rattata with key=normal
[2025-06-07T14:09:11.923+0000] {python.py:237} INFO - Done. Returned value was: None
[2025-06-07T14:09:11.924+0000] {taskinstance.py:441} INFO - ::group::Post task execution logs
[2025-06-07T14:09:11.934+0000] {taskinstance.py:1205} INFO - Marking task as SUCCESS. dag_id=pokemon_partitioned_to_kafka_v2, task_id=fetch_pokemon_and_send_partitioned_to_kafka, execution_date=20250607T140903, start_date=20250607T140905, end_date=20250607T140911
[2025-06-07T14:09:11.953+0000] {local_task_job_runner.py:240} INFO - Task exited with return code 0
[2025-06-07T14:09:11.964+0000] {taskinstance.py:3482} INFO - 0 downstream tasks scheduled from follow-on schedule check
[2025-06-07T14:09:11.964+0000] {local_task_job_runner.py:222} INFO - ::endgroup::
