[2025-06-06T06:11:31.077+0000] {local_task_job_runner.py:120} INFO - ::group::Pre task execution logs
[2025-06-06T06:11:31.094+0000] {taskinstance.py:2073} INFO - Dependencies all met for dep_context=non-requeueable deps ti=<TaskInstance: pokemon_partitioned_to_kafka.fetch_pokemon_and_send_partitioned_to_kafka scheduled__2025-06-06T05:06:00+00:00 [queued]>
[2025-06-06T06:11:31.098+0000] {taskinstance.py:2073} INFO - Dependencies all met for dep_context=requeueable deps ti=<TaskInstance: pokemon_partitioned_to_kafka.fetch_pokemon_and_send_partitioned_to_kafka scheduled__2025-06-06T05:06:00+00:00 [queued]>
[2025-06-06T06:11:31.098+0000] {taskinstance.py:2303} INFO - Starting attempt 1 of 1
[2025-06-06T06:11:31.105+0000] {taskinstance.py:2327} INFO - Executing <Task(PythonOperator): fetch_pokemon_and_send_partitioned_to_kafka> on 2025-06-06 05:06:00+00:00
[2025-06-06T06:11:31.108+0000] {logging_mixin.py:188} WARNING - /home/***/.local/lib/python3.12/site-packages/***/task/task_runner/standard_task_runner.py:61 DeprecationWarning: This process (pid=1731) is multi-threaded, use of fork() may lead to deadlocks in the child.
[2025-06-06T06:11:31.109+0000] {standard_task_runner.py:63} INFO - Started process 1733 to run task
[2025-06-06T06:11:31.109+0000] {standard_task_runner.py:90} INFO - Running: ['***', 'tasks', 'run', 'pokemon_partitioned_to_kafka', 'fetch_pokemon_and_send_partitioned_to_kafka', 'scheduled__2025-06-06T05:06:00+00:00', '--job-id', '81', '--raw', '--subdir', 'DAGS_FOLDER/pkapi_to_kafka_dag.py', '--cfg-path', '/tmp/tmpc3gn0491']
[2025-06-06T06:11:31.110+0000] {standard_task_runner.py:91} INFO - Job 81: Subtask fetch_pokemon_and_send_partitioned_to_kafka
[2025-06-06T06:11:31.118+0000] {logging_mixin.py:188} WARNING - /home/***/.local/lib/python3.12/site-packages/***/settings.py:195 DeprecationWarning: The sql_alchemy_conn option in [core] has been moved to the sql_alchemy_conn option in [database] - the old setting has been used, but please update your config.
[2025-06-06T06:11:31.137+0000] {task_command.py:426} INFO - Running <TaskInstance: pokemon_partitioned_to_kafka.fetch_pokemon_and_send_partitioned_to_kafka scheduled__2025-06-06T05:06:00+00:00 [running]> on host 856ef77f0083
[2025-06-06T06:11:31.184+0000] {taskinstance.py:2644} INFO - Exporting env vars: AIRFLOW_CTX_DAG_OWNER='***' AIRFLOW_CTX_DAG_ID='pokemon_partitioned_to_kafka' AIRFLOW_CTX_TASK_ID='fetch_pokemon_and_send_partitioned_to_kafka' AIRFLOW_CTX_EXECUTION_DATE='2025-06-06T05:06:00+00:00' AIRFLOW_CTX_TRY_NUMBER='1' AIRFLOW_CTX_DAG_RUN_ID='scheduled__2025-06-06T05:06:00+00:00'
[2025-06-06T06:11:31.185+0000] {taskinstance.py:430} INFO - ::endgroup::
[2025-06-06T06:11:32.197+0000] {logging_mixin.py:188} INFO - Produced: bulbasaur with key=grass
[2025-06-06T06:11:32.621+0000] {logging_mixin.py:188} INFO - Produced: ivysaur with key=grass
[2025-06-06T06:11:33.046+0000] {logging_mixin.py:188} INFO - Produced: venusaur with key=grass
[2025-06-06T06:11:33.475+0000] {logging_mixin.py:188} INFO - Produced: charmander with key=fire
[2025-06-06T06:11:33.915+0000] {logging_mixin.py:188} INFO - Produced: charmeleon with key=fire
[2025-06-06T06:11:34.341+0000] {logging_mixin.py:188} INFO - Produced: charizard with key=fire
[2025-06-06T06:11:34.780+0000] {logging_mixin.py:188} INFO - Produced: squirtle with key=water
[2025-06-06T06:11:35.214+0000] {logging_mixin.py:188} INFO - Produced: wartortle with key=water
[2025-06-06T06:11:35.653+0000] {logging_mixin.py:188} INFO - Produced: blastoise with key=water
[2025-06-06T06:11:36.576+0000] {logging_mixin.py:188} INFO - Produced: caterpie with key=bug
[2025-06-06T06:11:37.027+0000] {logging_mixin.py:188} INFO - Produced: metapod with key=bug
[2025-06-06T06:11:37.463+0000] {logging_mixin.py:188} INFO - Produced: butterfree with key=bug
[2025-06-06T06:11:37.888+0000] {logging_mixin.py:188} INFO - Produced: weedle with key=bug
[2025-06-06T06:11:38.314+0000] {logging_mixin.py:188} INFO - Produced: kakuna with key=bug
[2025-06-06T06:11:38.751+0000] {logging_mixin.py:188} INFO - Produced: beedrill with key=bug
[2025-06-06T06:11:39.179+0000] {logging_mixin.py:188} INFO - Produced: pidgey with key=normal
[2025-06-06T06:11:39.608+0000] {logging_mixin.py:188} INFO - Produced: pidgeotto with key=normal
[2025-06-06T06:11:40.053+0000] {logging_mixin.py:188} INFO - Produced: pidgeot with key=normal
[2025-06-06T06:11:40.507+0000] {logging_mixin.py:188} INFO - Produced: rattata with key=normal
[2025-06-06T06:11:40.710+0000] {python.py:237} INFO - Done. Returned value was: None
[2025-06-06T06:11:40.711+0000] {taskinstance.py:441} INFO - ::group::Post task execution logs
[2025-06-06T06:11:40.721+0000] {taskinstance.py:1205} INFO - Marking task as SUCCESS. dag_id=pokemon_partitioned_to_kafka, task_id=fetch_pokemon_and_send_partitioned_to_kafka, execution_date=20250606T050600, start_date=20250606T061131, end_date=20250606T061140
[2025-06-06T06:11:40.743+0000] {local_task_job_runner.py:240} INFO - Task exited with return code 0
[2025-06-06T06:11:40.751+0000] {taskinstance.py:3482} INFO - 0 downstream tasks scheduled from follow-on schedule check
[2025-06-06T06:11:40.752+0000] {local_task_job_runner.py:222} INFO - ::endgroup::
