[2025-06-06T22:39:49.117+0000] {local_task_job_runner.py:120} INFO - ::group::Pre task execution logs
[2025-06-06T22:39:49.133+0000] {taskinstance.py:2073} INFO - Dependencies all met for dep_context=non-requeueable deps ti=<TaskInstance: pokemon_partitioned_to_kafka.fetch_pokemon_and_send_partitioned_to_kafka scheduled__2025-06-06T22:02:00+00:00 [queued]>
[2025-06-06T22:39:49.137+0000] {taskinstance.py:2073} INFO - Dependencies all met for dep_context=requeueable deps ti=<TaskInstance: pokemon_partitioned_to_kafka.fetch_pokemon_and_send_partitioned_to_kafka scheduled__2025-06-06T22:02:00+00:00 [queued]>
[2025-06-06T22:39:49.138+0000] {taskinstance.py:2303} INFO - Starting attempt 1 of 1
[2025-06-06T22:39:49.146+0000] {taskinstance.py:2327} INFO - Executing <Task(PythonOperator): fetch_pokemon_and_send_partitioned_to_kafka> on 2025-06-06 22:02:00+00:00
[2025-06-06T22:39:49.151+0000] {logging_mixin.py:188} WARNING - /home/***/.local/lib/python3.12/site-packages/***/task/task_runner/standard_task_runner.py:61 DeprecationWarning: This process (pid=2427) is multi-threaded, use of fork() may lead to deadlocks in the child.
[2025-06-06T22:39:49.151+0000] {standard_task_runner.py:63} INFO - Started process 2429 to run task
[2025-06-06T22:39:49.151+0000] {standard_task_runner.py:90} INFO - Running: ['***', 'tasks', 'run', 'pokemon_partitioned_to_kafka', 'fetch_pokemon_and_send_partitioned_to_kafka', 'scheduled__2025-06-06T22:02:00+00:00', '--job-id', '141', '--raw', '--subdir', 'DAGS_FOLDER/pkapi_to_kafka_dag.py', '--cfg-path', '/tmp/tmpnpdaex9x']
[2025-06-06T22:39:49.152+0000] {standard_task_runner.py:91} INFO - Job 141: Subtask fetch_pokemon_and_send_partitioned_to_kafka
[2025-06-06T22:39:49.162+0000] {logging_mixin.py:188} WARNING - /home/***/.local/lib/python3.12/site-packages/***/settings.py:195 DeprecationWarning: The sql_alchemy_conn option in [core] has been moved to the sql_alchemy_conn option in [database] - the old setting has been used, but please update your config.
[2025-06-06T22:39:49.187+0000] {task_command.py:426} INFO - Running <TaskInstance: pokemon_partitioned_to_kafka.fetch_pokemon_and_send_partitioned_to_kafka scheduled__2025-06-06T22:02:00+00:00 [running]> on host 856ef77f0083
[2025-06-06T22:39:49.239+0000] {taskinstance.py:2644} INFO - Exporting env vars: AIRFLOW_CTX_DAG_OWNER='***' AIRFLOW_CTX_DAG_ID='pokemon_partitioned_to_kafka' AIRFLOW_CTX_TASK_ID='fetch_pokemon_and_send_partitioned_to_kafka' AIRFLOW_CTX_EXECUTION_DATE='2025-06-06T22:02:00+00:00' AIRFLOW_CTX_TRY_NUMBER='1' AIRFLOW_CTX_DAG_RUN_ID='scheduled__2025-06-06T22:02:00+00:00'
[2025-06-06T22:39:49.240+0000] {taskinstance.py:430} INFO - ::endgroup::
[2025-06-06T22:39:50.254+0000] {logging_mixin.py:188} INFO - Produced: bulbasaur with key=grass
[2025-06-06T22:39:50.688+0000] {logging_mixin.py:188} INFO - Produced: ivysaur with key=grass
[2025-06-06T22:39:51.141+0000] {logging_mixin.py:188} INFO - Produced: venusaur with key=grass
[2025-06-06T22:39:51.601+0000] {logging_mixin.py:188} INFO - Produced: charmander with key=fire
[2025-06-06T22:39:52.078+0000] {logging_mixin.py:188} INFO - Produced: charmeleon with key=fire
[2025-06-06T22:39:52.540+0000] {logging_mixin.py:188} INFO - Produced: charizard with key=fire
[2025-06-06T22:39:53.005+0000] {logging_mixin.py:188} INFO - Produced: squirtle with key=water
[2025-06-06T22:39:53.437+0000] {logging_mixin.py:188} INFO - Produced: wartortle with key=water
[2025-06-06T22:39:53.905+0000] {logging_mixin.py:188} INFO - Produced: blastoise with key=water
[2025-06-06T22:39:59.262+0000] {logging_mixin.py:188} INFO - Error fetching Pokémon ID 10: HTTPSConnectionPool(host='pokeapi.co', port=443): Read timed out. (read timeout=5)
[2025-06-06T22:39:59.497+0000] {logging_mixin.py:188} INFO - Produced: metapod with key=bug
[2025-06-06T22:39:59.958+0000] {logging_mixin.py:188} INFO - Produced: butterfree with key=bug
[2025-06-06T22:40:00.381+0000] {logging_mixin.py:188} INFO - Produced: weedle with key=bug
[2025-06-06T22:40:00.828+0000] {logging_mixin.py:188} INFO - Produced: kakuna with key=bug
[2025-06-06T22:40:01.306+0000] {logging_mixin.py:188} INFO - Produced: beedrill with key=bug
[2025-06-06T22:40:02.671+0000] {logging_mixin.py:188} INFO - Produced: pidgey with key=normal
[2025-06-06T22:40:03.118+0000] {logging_mixin.py:188} INFO - Produced: pidgeotto with key=normal
[2025-06-06T22:40:03.556+0000] {logging_mixin.py:188} INFO - Produced: pidgeot with key=normal
[2025-06-06T22:40:03.998+0000] {logging_mixin.py:188} INFO - Produced: rattata with key=normal
[2025-06-06T22:40:04.202+0000] {python.py:237} INFO - Done. Returned value was: None
[2025-06-06T22:40:04.202+0000] {taskinstance.py:441} INFO - ::group::Post task execution logs
[2025-06-06T22:40:04.209+0000] {taskinstance.py:1205} INFO - Marking task as SUCCESS. dag_id=pokemon_partitioned_to_kafka, task_id=fetch_pokemon_and_send_partitioned_to_kafka, execution_date=20250606T220200, start_date=20250606T223949, end_date=20250606T224004
[2025-06-06T22:40:04.229+0000] {local_task_job_runner.py:240} INFO - Task exited with return code 0
[2025-06-06T22:40:04.238+0000] {taskinstance.py:3482} INFO - 0 downstream tasks scheduled from follow-on schedule check
[2025-06-06T22:40:04.239+0000] {local_task_job_runner.py:222} INFO - ::endgroup::
