[2025-06-07T00:05:43.794+0000] {processor.py:161} INFO - Started process (PID=2615) to work on /opt/airflow/dags/kafka_producer_dag.py
[2025-06-07T00:05:43.794+0000] {processor.py:830} INFO - Processing file /opt/airflow/dags/kafka_producer_dag.py for tasks to queue
[2025-06-07T00:05:43.795+0000] {logging_mixin.py:188} INFO - [2025-06-07T00:05:43.795+0000] {dagbag.py:540} INFO - Filling up the DagBag from /opt/airflow/dags/kafka_producer_dag.py
[2025-06-07T00:05:43.819+0000] {processor.py:840} INFO - DAG(s) 'kafka_producer_dag' retrieved from /opt/airflow/dags/kafka_producer_dag.py
[2025-06-07T00:05:43.843+0000] {logging_mixin.py:188} INFO - [2025-06-07T00:05:43.843+0000] {dag.py:3096} INFO - Sync 1 DAGs
[2025-06-07T00:05:43.852+0000] {logging_mixin.py:188} INFO - [2025-06-07T00:05:43.852+0000] {dag.py:3954} INFO - Setting next_dagrun for kafka_producer_dag to None, run_after=None
[2025-06-07T00:05:43.866+0000] {processor.py:183} INFO - Processing /opt/airflow/dags/kafka_producer_dag.py took 0.079 seconds
[2025-06-07T00:15:53.170+0000] {processor.py:161} INFO - Started process (PID=2640) to work on /opt/airflow/dags/kafka_producer_dag.py
[2025-06-07T00:15:53.171+0000] {processor.py:830} INFO - Processing file /opt/airflow/dags/kafka_producer_dag.py for tasks to queue
[2025-06-07T00:15:53.172+0000] {logging_mixin.py:188} INFO - [2025-06-07T00:15:53.171+0000] {dagbag.py:540} INFO - Filling up the DagBag from /opt/airflow/dags/kafka_producer_dag.py
[2025-06-07T00:15:53.181+0000] {processor.py:840} INFO - DAG(s) 'kafka_producer_dag' retrieved from /opt/airflow/dags/kafka_producer_dag.py
[2025-06-07T00:15:53.194+0000] {logging_mixin.py:188} INFO - [2025-06-07T00:15:53.194+0000] {dag.py:3096} INFO - Sync 1 DAGs
[2025-06-07T00:15:53.200+0000] {logging_mixin.py:188} INFO - [2025-06-07T00:15:53.199+0000] {dag.py:3954} INFO - Setting next_dagrun for kafka_producer_dag to None, run_after=None
[2025-06-07T00:15:53.209+0000] {processor.py:183} INFO - Processing /opt/airflow/dags/kafka_producer_dag.py took 0.042 seconds
[2025-06-07T00:22:34.731+0000] {processor.py:161} INFO - Started process (PID=2674) to work on /opt/airflow/dags/kafka_producer_dag.py
[2025-06-07T00:22:34.731+0000] {processor.py:830} INFO - Processing file /opt/airflow/dags/kafka_producer_dag.py for tasks to queue
[2025-06-07T00:22:34.732+0000] {logging_mixin.py:188} INFO - [2025-06-07T00:22:34.731+0000] {dagbag.py:540} INFO - Filling up the DagBag from /opt/airflow/dags/kafka_producer_dag.py
[2025-06-07T00:22:34.740+0000] {processor.py:840} INFO - DAG(s) 'kafka_producer_dag' retrieved from /opt/airflow/dags/kafka_producer_dag.py
[2025-06-07T00:22:34.753+0000] {logging_mixin.py:188} INFO - [2025-06-07T00:22:34.753+0000] {dag.py:3096} INFO - Sync 1 DAGs
[2025-06-07T00:22:34.758+0000] {logging_mixin.py:188} INFO - [2025-06-07T00:22:34.758+0000] {dag.py:3954} INFO - Setting next_dagrun for kafka_producer_dag to None, run_after=None
[2025-06-07T00:22:34.767+0000] {processor.py:183} INFO - Processing /opt/airflow/dags/kafka_producer_dag.py took 0.040 seconds
[2025-06-07T01:10:19.128+0000] {processor.py:161} INFO - Started process (PID=2704) to work on /opt/airflow/dags/kafka_producer_dag.py
[2025-06-07T01:10:19.129+0000] {processor.py:830} INFO - Processing file /opt/airflow/dags/kafka_producer_dag.py for tasks to queue
[2025-06-07T01:10:19.129+0000] {logging_mixin.py:188} INFO - [2025-06-07T01:10:19.129+0000] {dagbag.py:540} INFO - Filling up the DagBag from /opt/airflow/dags/kafka_producer_dag.py
[2025-06-07T01:10:19.141+0000] {processor.py:840} INFO - DAG(s) 'kafka_producer_dag' retrieved from /opt/airflow/dags/kafka_producer_dag.py
[2025-06-07T01:10:19.158+0000] {logging_mixin.py:188} INFO - [2025-06-07T01:10:19.158+0000] {dag.py:3096} INFO - Sync 1 DAGs
[2025-06-07T01:10:19.168+0000] {logging_mixin.py:188} INFO - [2025-06-07T01:10:19.168+0000] {dag.py:3954} INFO - Setting next_dagrun for kafka_producer_dag to None, run_after=None
[2025-06-07T01:10:19.181+0000] {processor.py:183} INFO - Processing /opt/airflow/dags/kafka_producer_dag.py took 0.058 seconds
[2025-06-07T01:24:52.421+0000] {processor.py:161} INFO - Started process (PID=2714) to work on /opt/airflow/dags/kafka_producer_dag.py
[2025-06-07T01:24:52.425+0000] {processor.py:830} INFO - Processing file /opt/airflow/dags/kafka_producer_dag.py for tasks to queue
[2025-06-07T01:24:52.428+0000] {logging_mixin.py:188} INFO - [2025-06-07T01:24:52.427+0000] {dagbag.py:540} INFO - Filling up the DagBag from /opt/airflow/dags/kafka_producer_dag.py
[2025-06-07T01:24:52.438+0000] {processor.py:840} INFO - DAG(s) 'kafka_producer_dag' retrieved from /opt/airflow/dags/kafka_producer_dag.py
[2025-06-07T01:24:52.462+0000] {logging_mixin.py:188} INFO - [2025-06-07T01:24:52.462+0000] {dag.py:3096} INFO - Sync 1 DAGs
[2025-06-07T01:24:52.471+0000] {logging_mixin.py:188} INFO - [2025-06-07T01:24:52.470+0000] {dag.py:3954} INFO - Setting next_dagrun for kafka_producer_dag to None, run_after=None
[2025-06-07T01:24:52.489+0000] {processor.py:183} INFO - Processing /opt/airflow/dags/kafka_producer_dag.py took 0.071 seconds
[2025-06-07T01:51:03.793+0000] {processor.py:161} INFO - Started process (PID=2736) to work on /opt/airflow/dags/kafka_producer_dag.py
[2025-06-07T01:51:03.793+0000] {processor.py:830} INFO - Processing file /opt/airflow/dags/kafka_producer_dag.py for tasks to queue
[2025-06-07T01:51:03.794+0000] {logging_mixin.py:188} INFO - [2025-06-07T01:51:03.794+0000] {dagbag.py:540} INFO - Filling up the DagBag from /opt/airflow/dags/kafka_producer_dag.py
[2025-06-07T01:51:03.815+0000] {processor.py:840} INFO - DAG(s) 'kafka_producer_dag' retrieved from /opt/airflow/dags/kafka_producer_dag.py
[2025-06-07T01:51:03.839+0000] {logging_mixin.py:188} INFO - [2025-06-07T01:51:03.839+0000] {dag.py:3096} INFO - Sync 1 DAGs
[2025-06-07T01:51:03.850+0000] {logging_mixin.py:188} INFO - [2025-06-07T01:51:03.850+0000] {dag.py:3954} INFO - Setting next_dagrun for kafka_producer_dag to None, run_after=None
[2025-06-07T01:51:03.872+0000] {processor.py:183} INFO - Processing /opt/airflow/dags/kafka_producer_dag.py took 0.083 seconds
[2025-06-07T02:15:21.609+0000] {processor.py:161} INFO - Started process (PID=2758) to work on /opt/airflow/dags/kafka_producer_dag.py
[2025-06-07T02:15:21.612+0000] {processor.py:830} INFO - Processing file /opt/airflow/dags/kafka_producer_dag.py for tasks to queue
[2025-06-07T02:15:21.615+0000] {logging_mixin.py:188} INFO - [2025-06-07T02:15:21.614+0000] {dagbag.py:540} INFO - Filling up the DagBag from /opt/airflow/dags/kafka_producer_dag.py
[2025-06-07T02:15:21.632+0000] {processor.py:840} INFO - DAG(s) 'kafka_producer_dag' retrieved from /opt/airflow/dags/kafka_producer_dag.py
[2025-06-07T02:15:21.657+0000] {logging_mixin.py:188} INFO - [2025-06-07T02:15:21.656+0000] {dag.py:3096} INFO - Sync 1 DAGs
[2025-06-07T02:15:21.666+0000] {logging_mixin.py:188} INFO - [2025-06-07T02:15:21.665+0000] {dag.py:3954} INFO - Setting next_dagrun for kafka_producer_dag to None, run_after=None
[2025-06-07T02:15:21.681+0000] {processor.py:183} INFO - Processing /opt/airflow/dags/kafka_producer_dag.py took 0.076 seconds
[2025-06-07T02:19:18.547+0000] {processor.py:161} INFO - Started process (PID=2786) to work on /opt/airflow/dags/kafka_producer_dag.py
[2025-06-07T02:19:18.549+0000] {processor.py:830} INFO - Processing file /opt/airflow/dags/kafka_producer_dag.py for tasks to queue
[2025-06-07T02:19:18.550+0000] {logging_mixin.py:188} INFO - [2025-06-07T02:19:18.550+0000] {dagbag.py:540} INFO - Filling up the DagBag from /opt/airflow/dags/kafka_producer_dag.py
[2025-06-07T02:19:18.579+0000] {processor.py:840} INFO - DAG(s) 'kafka_producer_dag' retrieved from /opt/airflow/dags/kafka_producer_dag.py
[2025-06-07T02:19:18.599+0000] {logging_mixin.py:188} INFO - [2025-06-07T02:19:18.599+0000] {dag.py:3096} INFO - Sync 1 DAGs
[2025-06-07T02:19:18.606+0000] {logging_mixin.py:188} INFO - [2025-06-07T02:19:18.606+0000] {dag.py:3954} INFO - Setting next_dagrun for kafka_producer_dag to None, run_after=None
[2025-06-07T02:19:18.620+0000] {processor.py:183} INFO - Processing /opt/airflow/dags/kafka_producer_dag.py took 0.076 seconds
[2025-06-07T02:36:41.938+0000] {processor.py:161} INFO - Started process (PID=2810) to work on /opt/airflow/dags/kafka_producer_dag.py
[2025-06-07T02:36:41.939+0000] {processor.py:830} INFO - Processing file /opt/airflow/dags/kafka_producer_dag.py for tasks to queue
[2025-06-07T02:36:41.939+0000] {logging_mixin.py:188} INFO - [2025-06-07T02:36:41.939+0000] {dagbag.py:540} INFO - Filling up the DagBag from /opt/airflow/dags/kafka_producer_dag.py
[2025-06-07T02:36:41.948+0000] {processor.py:840} INFO - DAG(s) 'kafka_producer_dag' retrieved from /opt/airflow/dags/kafka_producer_dag.py
[2025-06-07T02:36:41.965+0000] {logging_mixin.py:188} INFO - [2025-06-07T02:36:41.964+0000] {dag.py:3096} INFO - Sync 1 DAGs
[2025-06-07T02:36:41.972+0000] {logging_mixin.py:188} INFO - [2025-06-07T02:36:41.971+0000] {dag.py:3954} INFO - Setting next_dagrun for kafka_producer_dag to None, run_after=None
[2025-06-07T02:36:41.984+0000] {processor.py:183} INFO - Processing /opt/airflow/dags/kafka_producer_dag.py took 0.049 seconds
[2025-06-07T03:11:13.387+0000] {processor.py:161} INFO - Started process (PID=2828) to work on /opt/airflow/dags/kafka_producer_dag.py
[2025-06-07T03:11:13.388+0000] {processor.py:830} INFO - Processing file /opt/airflow/dags/kafka_producer_dag.py for tasks to queue
[2025-06-07T03:11:13.389+0000] {logging_mixin.py:188} INFO - [2025-06-07T03:11:13.389+0000] {dagbag.py:540} INFO - Filling up the DagBag from /opt/airflow/dags/kafka_producer_dag.py
[2025-06-07T03:11:13.400+0000] {processor.py:840} INFO - DAG(s) 'kafka_producer_dag' retrieved from /opt/airflow/dags/kafka_producer_dag.py
[2025-06-07T03:11:13.420+0000] {logging_mixin.py:188} INFO - [2025-06-07T03:11:13.420+0000] {dag.py:3096} INFO - Sync 1 DAGs
[2025-06-07T03:11:13.432+0000] {logging_mixin.py:188} INFO - [2025-06-07T03:11:13.431+0000] {dag.py:3954} INFO - Setting next_dagrun for kafka_producer_dag to None, run_after=None
[2025-06-07T03:11:13.450+0000] {processor.py:183} INFO - Processing /opt/airflow/dags/kafka_producer_dag.py took 0.065 seconds
[2025-06-07T03:30:18.451+0000] {processor.py:161} INFO - Started process (PID=2856) to work on /opt/airflow/dags/kafka_producer_dag.py
[2025-06-07T03:30:18.451+0000] {processor.py:830} INFO - Processing file /opt/airflow/dags/kafka_producer_dag.py for tasks to queue
[2025-06-07T03:30:18.452+0000] {logging_mixin.py:188} INFO - [2025-06-07T03:30:18.452+0000] {dagbag.py:540} INFO - Filling up the DagBag from /opt/airflow/dags/kafka_producer_dag.py
[2025-06-07T03:30:18.461+0000] {processor.py:840} INFO - DAG(s) 'kafka_producer_dag' retrieved from /opt/airflow/dags/kafka_producer_dag.py
[2025-06-07T03:30:18.478+0000] {logging_mixin.py:188} INFO - [2025-06-07T03:30:18.477+0000] {dag.py:3096} INFO - Sync 1 DAGs
[2025-06-07T03:30:18.485+0000] {logging_mixin.py:188} INFO - [2025-06-07T03:30:18.485+0000] {dag.py:3954} INFO - Setting next_dagrun for kafka_producer_dag to None, run_after=None
[2025-06-07T03:30:18.495+0000] {processor.py:183} INFO - Processing /opt/airflow/dags/kafka_producer_dag.py took 0.048 seconds
[2025-06-07T04:30:32.086+0000] {processor.py:161} INFO - Started process (PID=2868) to work on /opt/airflow/dags/kafka_producer_dag.py
[2025-06-07T04:30:32.090+0000] {processor.py:830} INFO - Processing file /opt/airflow/dags/kafka_producer_dag.py for tasks to queue
[2025-06-07T04:30:32.091+0000] {logging_mixin.py:188} INFO - [2025-06-07T04:30:32.091+0000] {dagbag.py:540} INFO - Filling up the DagBag from /opt/airflow/dags/kafka_producer_dag.py
[2025-06-07T04:30:32.105+0000] {processor.py:840} INFO - DAG(s) 'kafka_producer_dag' retrieved from /opt/airflow/dags/kafka_producer_dag.py
[2025-06-07T04:30:32.136+0000] {logging_mixin.py:188} INFO - [2025-06-07T04:30:32.136+0000] {dag.py:3096} INFO - Sync 1 DAGs
[2025-06-07T04:30:32.145+0000] {logging_mixin.py:188} INFO - [2025-06-07T04:30:32.144+0000] {dag.py:3954} INFO - Setting next_dagrun for kafka_producer_dag to None, run_after=None
[2025-06-07T04:30:32.159+0000] {processor.py:183} INFO - Processing /opt/airflow/dags/kafka_producer_dag.py took 0.078 seconds
[2025-06-07T05:24:18.378+0000] {processor.py:161} INFO - Started process (PID=2894) to work on /opt/airflow/dags/kafka_producer_dag.py
[2025-06-07T05:24:18.379+0000] {processor.py:830} INFO - Processing file /opt/airflow/dags/kafka_producer_dag.py for tasks to queue
[2025-06-07T05:24:18.379+0000] {logging_mixin.py:188} INFO - [2025-06-07T05:24:18.379+0000] {dagbag.py:540} INFO - Filling up the DagBag from /opt/airflow/dags/kafka_producer_dag.py
[2025-06-07T05:24:18.387+0000] {processor.py:840} INFO - DAG(s) 'kafka_producer_dag' retrieved from /opt/airflow/dags/kafka_producer_dag.py
[2025-06-07T05:24:18.402+0000] {logging_mixin.py:188} INFO - [2025-06-07T05:24:18.402+0000] {dag.py:3096} INFO - Sync 1 DAGs
[2025-06-07T05:24:18.408+0000] {logging_mixin.py:188} INFO - [2025-06-07T05:24:18.407+0000] {dag.py:3954} INFO - Setting next_dagrun for kafka_producer_dag to None, run_after=None
[2025-06-07T05:24:18.416+0000] {processor.py:183} INFO - Processing /opt/airflow/dags/kafka_producer_dag.py took 0.041 seconds
[2025-06-07T05:55:37.290+0000] {processor.py:161} INFO - Started process (PID=2912) to work on /opt/airflow/dags/kafka_producer_dag.py
[2025-06-07T05:55:37.295+0000] {processor.py:830} INFO - Processing file /opt/airflow/dags/kafka_producer_dag.py for tasks to queue
[2025-06-07T05:55:37.296+0000] {logging_mixin.py:188} INFO - [2025-06-07T05:55:37.295+0000] {dagbag.py:540} INFO - Filling up the DagBag from /opt/airflow/dags/kafka_producer_dag.py
[2025-06-07T05:55:37.316+0000] {processor.py:840} INFO - DAG(s) 'kafka_producer_dag' retrieved from /opt/airflow/dags/kafka_producer_dag.py
[2025-06-07T05:55:37.396+0000] {logging_mixin.py:188} INFO - [2025-06-07T05:55:37.396+0000] {dag.py:3096} INFO - Sync 1 DAGs
[2025-06-07T05:55:37.405+0000] {logging_mixin.py:188} INFO - [2025-06-07T05:55:37.405+0000] {dag.py:3954} INFO - Setting next_dagrun for kafka_producer_dag to None, run_after=None
[2025-06-07T05:55:37.466+0000] {processor.py:183} INFO - Processing /opt/airflow/dags/kafka_producer_dag.py took 0.182 seconds
[2025-06-07T06:29:35.661+0000] {processor.py:161} INFO - Started process (PID=2938) to work on /opt/airflow/dags/kafka_producer_dag.py
[2025-06-07T06:29:35.662+0000] {processor.py:830} INFO - Processing file /opt/airflow/dags/kafka_producer_dag.py for tasks to queue
[2025-06-07T06:29:35.663+0000] {logging_mixin.py:188} INFO - [2025-06-07T06:29:35.662+0000] {dagbag.py:540} INFO - Filling up the DagBag from /opt/airflow/dags/kafka_producer_dag.py
[2025-06-07T06:29:35.679+0000] {processor.py:840} INFO - DAG(s) 'kafka_producer_dag' retrieved from /opt/airflow/dags/kafka_producer_dag.py
[2025-06-07T06:29:35.696+0000] {logging_mixin.py:188} INFO - [2025-06-07T06:29:35.696+0000] {dag.py:3096} INFO - Sync 1 DAGs
[2025-06-07T06:29:35.704+0000] {logging_mixin.py:188} INFO - [2025-06-07T06:29:35.704+0000] {dag.py:3954} INFO - Setting next_dagrun for kafka_producer_dag to None, run_after=None
[2025-06-07T06:29:35.715+0000] {processor.py:183} INFO - Processing /opt/airflow/dags/kafka_producer_dag.py took 0.065 seconds
[2025-06-07T07:20:54.864+0000] {processor.py:161} INFO - Started process (PID=2962) to work on /opt/airflow/dags/kafka_producer_dag.py
[2025-06-07T07:20:54.866+0000] {processor.py:830} INFO - Processing file /opt/airflow/dags/kafka_producer_dag.py for tasks to queue
[2025-06-07T07:20:54.867+0000] {logging_mixin.py:188} INFO - [2025-06-07T07:20:54.866+0000] {dagbag.py:540} INFO - Filling up the DagBag from /opt/airflow/dags/kafka_producer_dag.py
[2025-06-07T07:20:54.878+0000] {processor.py:840} INFO - DAG(s) 'kafka_producer_dag' retrieved from /opt/airflow/dags/kafka_producer_dag.py
[2025-06-07T07:20:54.900+0000] {logging_mixin.py:188} INFO - [2025-06-07T07:20:54.899+0000] {dag.py:3096} INFO - Sync 1 DAGs
[2025-06-07T07:20:54.908+0000] {logging_mixin.py:188} INFO - [2025-06-07T07:20:54.908+0000] {dag.py:3954} INFO - Setting next_dagrun for kafka_producer_dag to None, run_after=None
[2025-06-07T07:20:54.922+0000] {processor.py:183} INFO - Processing /opt/airflow/dags/kafka_producer_dag.py took 0.062 seconds
[2025-06-07T07:51:11.535+0000] {processor.py:161} INFO - Started process (PID=2988) to work on /opt/airflow/dags/kafka_producer_dag.py
[2025-06-07T07:51:11.536+0000] {processor.py:830} INFO - Processing file /opt/airflow/dags/kafka_producer_dag.py for tasks to queue
[2025-06-07T07:51:11.537+0000] {logging_mixin.py:188} INFO - [2025-06-07T07:51:11.537+0000] {dagbag.py:540} INFO - Filling up the DagBag from /opt/airflow/dags/kafka_producer_dag.py
[2025-06-07T07:51:11.553+0000] {processor.py:840} INFO - DAG(s) 'kafka_producer_dag' retrieved from /opt/airflow/dags/kafka_producer_dag.py
[2025-06-07T07:51:11.574+0000] {logging_mixin.py:188} INFO - [2025-06-07T07:51:11.574+0000] {dag.py:3096} INFO - Sync 1 DAGs
[2025-06-07T07:51:11.585+0000] {logging_mixin.py:188} INFO - [2025-06-07T07:51:11.585+0000] {dag.py:3954} INFO - Setting next_dagrun for kafka_producer_dag to None, run_after=None
[2025-06-07T07:51:11.606+0000] {processor.py:183} INFO - Processing /opt/airflow/dags/kafka_producer_dag.py took 0.076 seconds
[2025-06-07T08:00:37.402+0000] {processor.py:161} INFO - Started process (PID=3004) to work on /opt/airflow/dags/kafka_producer_dag.py
[2025-06-07T08:00:37.402+0000] {processor.py:830} INFO - Processing file /opt/airflow/dags/kafka_producer_dag.py for tasks to queue
[2025-06-07T08:00:37.403+0000] {logging_mixin.py:188} INFO - [2025-06-07T08:00:37.403+0000] {dagbag.py:540} INFO - Filling up the DagBag from /opt/airflow/dags/kafka_producer_dag.py
[2025-06-07T08:00:37.418+0000] {processor.py:840} INFO - DAG(s) 'kafka_producer_dag' retrieved from /opt/airflow/dags/kafka_producer_dag.py
[2025-06-07T08:00:37.438+0000] {logging_mixin.py:188} INFO - [2025-06-07T08:00:37.438+0000] {dag.py:3096} INFO - Sync 1 DAGs
[2025-06-07T08:00:37.449+0000] {logging_mixin.py:188} INFO - [2025-06-07T08:00:37.448+0000] {dag.py:3954} INFO - Setting next_dagrun for kafka_producer_dag to None, run_after=None
[2025-06-07T08:00:37.467+0000] {processor.py:183} INFO - Processing /opt/airflow/dags/kafka_producer_dag.py took 0.069 seconds
[2025-06-07T08:19:26.297+0000] {processor.py:161} INFO - Started process (PID=3038) to work on /opt/airflow/dags/kafka_producer_dag.py
[2025-06-07T08:19:26.297+0000] {processor.py:830} INFO - Processing file /opt/airflow/dags/kafka_producer_dag.py for tasks to queue
[2025-06-07T08:19:26.298+0000] {logging_mixin.py:188} INFO - [2025-06-07T08:19:26.298+0000] {dagbag.py:540} INFO - Filling up the DagBag from /opt/airflow/dags/kafka_producer_dag.py
[2025-06-07T08:19:26.309+0000] {processor.py:840} INFO - DAG(s) 'kafka_producer_dag' retrieved from /opt/airflow/dags/kafka_producer_dag.py
[2025-06-07T08:19:26.327+0000] {logging_mixin.py:188} INFO - [2025-06-07T08:19:26.327+0000] {dag.py:3096} INFO - Sync 1 DAGs
[2025-06-07T08:19:26.335+0000] {logging_mixin.py:188} INFO - [2025-06-07T08:19:26.335+0000] {dag.py:3954} INFO - Setting next_dagrun for kafka_producer_dag to None, run_after=None
[2025-06-07T08:19:26.348+0000] {processor.py:183} INFO - Processing /opt/airflow/dags/kafka_producer_dag.py took 0.055 seconds
[2025-06-07T08:58:01.394+0000] {processor.py:161} INFO - Started process (PID=3060) to work on /opt/airflow/dags/kafka_producer_dag.py
[2025-06-07T08:58:01.395+0000] {processor.py:830} INFO - Processing file /opt/airflow/dags/kafka_producer_dag.py for tasks to queue
[2025-06-07T08:58:01.397+0000] {logging_mixin.py:188} INFO - [2025-06-07T08:58:01.397+0000] {dagbag.py:540} INFO - Filling up the DagBag from /opt/airflow/dags/kafka_producer_dag.py
[2025-06-07T08:58:01.411+0000] {processor.py:840} INFO - DAG(s) 'kafka_producer_dag' retrieved from /opt/airflow/dags/kafka_producer_dag.py
[2025-06-07T08:58:01.432+0000] {logging_mixin.py:188} INFO - [2025-06-07T08:58:01.432+0000] {dag.py:3096} INFO - Sync 1 DAGs
[2025-06-07T08:58:01.443+0000] {logging_mixin.py:188} INFO - [2025-06-07T08:58:01.443+0000] {dag.py:3954} INFO - Setting next_dagrun for kafka_producer_dag to None, run_after=None
[2025-06-07T08:58:01.461+0000] {processor.py:183} INFO - Processing /opt/airflow/dags/kafka_producer_dag.py took 0.070 seconds
[2025-06-07T10:03:33.315+0000] {processor.py:161} INFO - Started process (PID=3082) to work on /opt/airflow/dags/kafka_producer_dag.py
[2025-06-07T10:03:33.316+0000] {processor.py:830} INFO - Processing file /opt/airflow/dags/kafka_producer_dag.py for tasks to queue
[2025-06-07T10:03:33.317+0000] {logging_mixin.py:188} INFO - [2025-06-07T10:03:33.316+0000] {dagbag.py:540} INFO - Filling up the DagBag from /opt/airflow/dags/kafka_producer_dag.py
[2025-06-07T10:03:33.333+0000] {processor.py:840} INFO - DAG(s) 'kafka_producer_dag' retrieved from /opt/airflow/dags/kafka_producer_dag.py
[2025-06-07T10:03:33.360+0000] {logging_mixin.py:188} INFO - [2025-06-07T10:03:33.360+0000] {dag.py:3096} INFO - Sync 1 DAGs
[2025-06-07T10:03:33.368+0000] {logging_mixin.py:188} INFO - [2025-06-07T10:03:33.367+0000] {dag.py:3954} INFO - Setting next_dagrun for kafka_producer_dag to None, run_after=None
[2025-06-07T10:03:33.384+0000] {processor.py:183} INFO - Processing /opt/airflow/dags/kafka_producer_dag.py took 0.072 seconds
[2025-06-07T10:08:47.187+0000] {processor.py:161} INFO - Started process (PID=3098) to work on /opt/airflow/dags/kafka_producer_dag.py
[2025-06-07T10:08:47.193+0000] {processor.py:830} INFO - Processing file /opt/airflow/dags/kafka_producer_dag.py for tasks to queue
[2025-06-07T10:08:47.196+0000] {logging_mixin.py:188} INFO - [2025-06-07T10:08:47.195+0000] {dagbag.py:540} INFO - Filling up the DagBag from /opt/airflow/dags/kafka_producer_dag.py
[2025-06-07T10:08:47.215+0000] {processor.py:840} INFO - DAG(s) 'kafka_producer_dag' retrieved from /opt/airflow/dags/kafka_producer_dag.py
[2025-06-07T10:08:47.249+0000] {logging_mixin.py:188} INFO - [2025-06-07T10:08:47.248+0000] {dag.py:3096} INFO - Sync 1 DAGs
[2025-06-07T10:08:47.257+0000] {logging_mixin.py:188} INFO - [2025-06-07T10:08:47.257+0000] {dag.py:3954} INFO - Setting next_dagrun for kafka_producer_dag to None, run_after=None
[2025-06-07T10:08:47.271+0000] {processor.py:183} INFO - Processing /opt/airflow/dags/kafka_producer_dag.py took 0.089 seconds
[2025-06-07T10:09:17.395+0000] {processor.py:161} INFO - Started process (PID=3126) to work on /opt/airflow/dags/kafka_producer_dag.py
[2025-06-07T10:09:17.396+0000] {processor.py:830} INFO - Processing file /opt/airflow/dags/kafka_producer_dag.py for tasks to queue
[2025-06-07T10:09:17.396+0000] {logging_mixin.py:188} INFO - [2025-06-07T10:09:17.396+0000] {dagbag.py:540} INFO - Filling up the DagBag from /opt/airflow/dags/kafka_producer_dag.py
[2025-06-07T10:09:17.411+0000] {processor.py:840} INFO - DAG(s) 'kafka_producer_dag' retrieved from /opt/airflow/dags/kafka_producer_dag.py
[2025-06-07T10:09:17.432+0000] {logging_mixin.py:188} INFO - [2025-06-07T10:09:17.432+0000] {dag.py:3096} INFO - Sync 1 DAGs
[2025-06-07T10:09:17.438+0000] {logging_mixin.py:188} INFO - [2025-06-07T10:09:17.438+0000] {dag.py:3954} INFO - Setting next_dagrun for kafka_producer_dag to None, run_after=None
[2025-06-07T10:09:17.451+0000] {processor.py:183} INFO - Processing /opt/airflow/dags/kafka_producer_dag.py took 0.060 seconds
[2025-06-07T10:09:47.711+0000] {processor.py:161} INFO - Started process (PID=3136) to work on /opt/airflow/dags/kafka_producer_dag.py
[2025-06-07T10:09:47.711+0000] {processor.py:830} INFO - Processing file /opt/airflow/dags/kafka_producer_dag.py for tasks to queue
[2025-06-07T10:09:47.712+0000] {logging_mixin.py:188} INFO - [2025-06-07T10:09:47.712+0000] {dagbag.py:540} INFO - Filling up the DagBag from /opt/airflow/dags/kafka_producer_dag.py
[2025-06-07T10:09:47.725+0000] {processor.py:840} INFO - DAG(s) 'kafka_producer_dag' retrieved from /opt/airflow/dags/kafka_producer_dag.py
[2025-06-07T10:09:47.742+0000] {logging_mixin.py:188} INFO - [2025-06-07T10:09:47.741+0000] {dag.py:3096} INFO - Sync 1 DAGs
[2025-06-07T10:09:47.748+0000] {logging_mixin.py:188} INFO - [2025-06-07T10:09:47.748+0000] {dag.py:3954} INFO - Setting next_dagrun for kafka_producer_dag to None, run_after=None
[2025-06-07T10:09:47.757+0000] {processor.py:183} INFO - Processing /opt/airflow/dags/kafka_producer_dag.py took 0.052 seconds
[2025-06-07T10:10:18.035+0000] {processor.py:161} INFO - Started process (PID=3152) to work on /opt/airflow/dags/kafka_producer_dag.py
[2025-06-07T10:10:18.036+0000] {processor.py:830} INFO - Processing file /opt/airflow/dags/kafka_producer_dag.py for tasks to queue
[2025-06-07T10:10:18.037+0000] {logging_mixin.py:188} INFO - [2025-06-07T10:10:18.037+0000] {dagbag.py:540} INFO - Filling up the DagBag from /opt/airflow/dags/kafka_producer_dag.py
[2025-06-07T10:10:18.048+0000] {processor.py:840} INFO - DAG(s) 'kafka_producer_dag' retrieved from /opt/airflow/dags/kafka_producer_dag.py
[2025-06-07T10:10:18.066+0000] {logging_mixin.py:188} INFO - [2025-06-07T10:10:18.066+0000] {dag.py:3096} INFO - Sync 1 DAGs
[2025-06-07T10:10:18.075+0000] {logging_mixin.py:188} INFO - [2025-06-07T10:10:18.074+0000] {dag.py:3954} INFO - Setting next_dagrun for kafka_producer_dag to None, run_after=None
[2025-06-07T10:10:18.085+0000] {processor.py:183} INFO - Processing /opt/airflow/dags/kafka_producer_dag.py took 0.055 seconds
[2025-06-07T11:17:43.614+0000] {processor.py:161} INFO - Started process (PID=3166) to work on /opt/airflow/dags/kafka_producer_dag.py
[2025-06-07T11:17:43.619+0000] {processor.py:830} INFO - Processing file /opt/airflow/dags/kafka_producer_dag.py for tasks to queue
[2025-06-07T11:17:43.621+0000] {logging_mixin.py:188} INFO - [2025-06-07T11:17:43.620+0000] {dagbag.py:540} INFO - Filling up the DagBag from /opt/airflow/dags/kafka_producer_dag.py
[2025-06-07T11:17:43.638+0000] {processor.py:840} INFO - DAG(s) 'kafka_producer_dag' retrieved from /opt/airflow/dags/kafka_producer_dag.py
[2025-06-07T11:17:43.665+0000] {logging_mixin.py:188} INFO - [2025-06-07T11:17:43.664+0000] {dag.py:3096} INFO - Sync 1 DAGs
[2025-06-07T11:17:43.674+0000] {logging_mixin.py:188} INFO - [2025-06-07T11:17:43.673+0000] {dag.py:3954} INFO - Setting next_dagrun for kafka_producer_dag to None, run_after=None
[2025-06-07T11:17:43.689+0000] {processor.py:183} INFO - Processing /opt/airflow/dags/kafka_producer_dag.py took 0.079 seconds
[2025-06-07T12:03:26.238+0000] {processor.py:161} INFO - Started process (PID=3190) to work on /opt/airflow/dags/kafka_producer_dag.py
[2025-06-07T12:03:26.240+0000] {processor.py:830} INFO - Processing file /opt/airflow/dags/kafka_producer_dag.py for tasks to queue
[2025-06-07T12:03:26.242+0000] {logging_mixin.py:188} INFO - [2025-06-07T12:03:26.241+0000] {dagbag.py:540} INFO - Filling up the DagBag from /opt/airflow/dags/kafka_producer_dag.py
[2025-06-07T12:03:26.265+0000] {processor.py:840} INFO - DAG(s) 'kafka_producer_dag' retrieved from /opt/airflow/dags/kafka_producer_dag.py
[2025-06-07T12:03:26.290+0000] {logging_mixin.py:188} INFO - [2025-06-07T12:03:26.290+0000] {dag.py:3096} INFO - Sync 1 DAGs
[2025-06-07T12:03:26.301+0000] {logging_mixin.py:188} INFO - [2025-06-07T12:03:26.301+0000] {dag.py:3954} INFO - Setting next_dagrun for kafka_producer_dag to None, run_after=None
[2025-06-07T12:03:26.319+0000] {processor.py:183} INFO - Processing /opt/airflow/dags/kafka_producer_dag.py took 0.087 seconds
[2025-06-07T12:31:28.006+0000] {processor.py:161} INFO - Started process (PID=3206) to work on /opt/airflow/dags/kafka_producer_dag.py
[2025-06-07T12:31:28.007+0000] {processor.py:830} INFO - Processing file /opt/airflow/dags/kafka_producer_dag.py for tasks to queue
[2025-06-07T12:31:28.007+0000] {logging_mixin.py:188} INFO - [2025-06-07T12:31:28.007+0000] {dagbag.py:540} INFO - Filling up the DagBag from /opt/airflow/dags/kafka_producer_dag.py
[2025-06-07T12:31:28.016+0000] {processor.py:840} INFO - DAG(s) 'kafka_producer_dag' retrieved from /opt/airflow/dags/kafka_producer_dag.py
[2025-06-07T12:31:28.032+0000] {logging_mixin.py:188} INFO - [2025-06-07T12:31:28.032+0000] {dag.py:3096} INFO - Sync 1 DAGs
[2025-06-07T12:31:28.040+0000] {logging_mixin.py:188} INFO - [2025-06-07T12:31:28.040+0000] {dag.py:3954} INFO - Setting next_dagrun for kafka_producer_dag to None, run_after=None
[2025-06-07T12:31:28.052+0000] {processor.py:183} INFO - Processing /opt/airflow/dags/kafka_producer_dag.py took 0.049 seconds
[2025-06-07T12:33:49.519+0000] {processor.py:161} INFO - Started process (PID=3222) to work on /opt/airflow/dags/kafka_producer_dag.py
[2025-06-07T12:33:49.520+0000] {processor.py:830} INFO - Processing file /opt/airflow/dags/kafka_producer_dag.py for tasks to queue
[2025-06-07T12:33:49.520+0000] {logging_mixin.py:188} INFO - [2025-06-07T12:33:49.520+0000] {dagbag.py:540} INFO - Filling up the DagBag from /opt/airflow/dags/kafka_producer_dag.py
[2025-06-07T12:33:49.530+0000] {processor.py:840} INFO - DAG(s) 'kafka_producer_dag' retrieved from /opt/airflow/dags/kafka_producer_dag.py
[2025-06-07T12:33:49.549+0000] {logging_mixin.py:188} INFO - [2025-06-07T12:33:49.549+0000] {dag.py:3096} INFO - Sync 1 DAGs
[2025-06-07T12:33:49.556+0000] {logging_mixin.py:188} INFO - [2025-06-07T12:33:49.556+0000] {dag.py:3954} INFO - Setting next_dagrun for kafka_producer_dag to None, run_after=None
[2025-06-07T12:33:49.568+0000] {processor.py:183} INFO - Processing /opt/airflow/dags/kafka_producer_dag.py took 0.052 seconds
[2025-06-07T12:47:51.434+0000] {processor.py:161} INFO - Started process (PID=3246) to work on /opt/airflow/dags/kafka_producer_dag.py
[2025-06-07T12:47:51.435+0000] {processor.py:830} INFO - Processing file /opt/airflow/dags/kafka_producer_dag.py for tasks to queue
[2025-06-07T12:47:51.436+0000] {logging_mixin.py:188} INFO - [2025-06-07T12:47:51.436+0000] {dagbag.py:540} INFO - Filling up the DagBag from /opt/airflow/dags/kafka_producer_dag.py
[2025-06-07T12:47:51.447+0000] {processor.py:840} INFO - DAG(s) 'kafka_producer_dag' retrieved from /opt/airflow/dags/kafka_producer_dag.py
[2025-06-07T12:47:51.463+0000] {logging_mixin.py:188} INFO - [2025-06-07T12:47:51.463+0000] {dag.py:3096} INFO - Sync 1 DAGs
[2025-06-07T12:47:51.469+0000] {logging_mixin.py:188} INFO - [2025-06-07T12:47:51.469+0000] {dag.py:3954} INFO - Setting next_dagrun for kafka_producer_dag to None, run_after=None
[2025-06-07T12:47:51.482+0000] {processor.py:183} INFO - Processing /opt/airflow/dags/kafka_producer_dag.py took 0.051 seconds
[2025-06-07T13:12:13.896+0000] {processor.py:161} INFO - Started process (PID=3284) to work on /opt/airflow/dags/kafka_producer_dag.py
[2025-06-07T13:12:13.897+0000] {processor.py:830} INFO - Processing file /opt/airflow/dags/kafka_producer_dag.py for tasks to queue
[2025-06-07T13:12:13.897+0000] {logging_mixin.py:188} INFO - [2025-06-07T13:12:13.897+0000] {dagbag.py:540} INFO - Filling up the DagBag from /opt/airflow/dags/kafka_producer_dag.py
[2025-06-07T13:12:13.905+0000] {processor.py:840} INFO - DAG(s) 'kafka_producer_dag' retrieved from /opt/airflow/dags/kafka_producer_dag.py
[2025-06-07T13:12:13.920+0000] {logging_mixin.py:188} INFO - [2025-06-07T13:12:13.920+0000] {dag.py:3096} INFO - Sync 1 DAGs
[2025-06-07T13:12:13.926+0000] {logging_mixin.py:188} INFO - [2025-06-07T13:12:13.926+0000] {dag.py:3954} INFO - Setting next_dagrun for kafka_producer_dag to None, run_after=None
[2025-06-07T13:12:13.936+0000] {processor.py:183} INFO - Processing /opt/airflow/dags/kafka_producer_dag.py took 0.042 seconds
[2025-06-07T13:20:38.567+0000] {processor.py:161} INFO - Started process (PID=3296) to work on /opt/airflow/dags/kafka_producer_dag.py
[2025-06-07T13:20:38.568+0000] {processor.py:830} INFO - Processing file /opt/airflow/dags/kafka_producer_dag.py for tasks to queue
[2025-06-07T13:20:38.568+0000] {logging_mixin.py:188} INFO - [2025-06-07T13:20:38.568+0000] {dagbag.py:540} INFO - Filling up the DagBag from /opt/airflow/dags/kafka_producer_dag.py
[2025-06-07T13:20:38.582+0000] {processor.py:840} INFO - DAG(s) 'kafka_producer_dag' retrieved from /opt/airflow/dags/kafka_producer_dag.py
[2025-06-07T13:20:38.601+0000] {logging_mixin.py:188} INFO - [2025-06-07T13:20:38.601+0000] {dag.py:3096} INFO - Sync 1 DAGs
[2025-06-07T13:20:38.611+0000] {logging_mixin.py:188} INFO - [2025-06-07T13:20:38.611+0000] {dag.py:3954} INFO - Setting next_dagrun for kafka_producer_dag to None, run_after=None
[2025-06-07T13:20:38.625+0000] {processor.py:183} INFO - Processing /opt/airflow/dags/kafka_producer_dag.py took 0.062 seconds
[2025-06-07T13:38:30.502+0000] {processor.py:161} INFO - Started process (PID=3330) to work on /opt/airflow/dags/kafka_producer_dag.py
[2025-06-07T13:38:30.510+0000] {processor.py:830} INFO - Processing file /opt/airflow/dags/kafka_producer_dag.py for tasks to queue
[2025-06-07T13:38:30.511+0000] {logging_mixin.py:188} INFO - [2025-06-07T13:38:30.510+0000] {dagbag.py:540} INFO - Filling up the DagBag from /opt/airflow/dags/kafka_producer_dag.py
[2025-06-07T13:38:30.519+0000] {processor.py:840} INFO - DAG(s) 'kafka_producer_dag' retrieved from /opt/airflow/dags/kafka_producer_dag.py
[2025-06-07T13:38:30.538+0000] {logging_mixin.py:188} INFO - [2025-06-07T13:38:30.538+0000] {dag.py:3096} INFO - Sync 1 DAGs
[2025-06-07T13:38:30.545+0000] {logging_mixin.py:188} INFO - [2025-06-07T13:38:30.545+0000] {dag.py:3954} INFO - Setting next_dagrun for kafka_producer_dag to None, run_after=None
[2025-06-07T13:38:30.558+0000] {processor.py:183} INFO - Processing /opt/airflow/dags/kafka_producer_dag.py took 0.058 seconds
[2025-06-07T13:53:15.637+0000] {processor.py:161} INFO - Started process (PID=3348) to work on /opt/airflow/dags/kafka_producer_dag.py
[2025-06-07T13:53:15.638+0000] {processor.py:830} INFO - Processing file /opt/airflow/dags/kafka_producer_dag.py for tasks to queue
[2025-06-07T13:53:15.639+0000] {logging_mixin.py:188} INFO - [2025-06-07T13:53:15.639+0000] {dagbag.py:540} INFO - Filling up the DagBag from /opt/airflow/dags/kafka_producer_dag.py
[2025-06-07T13:53:15.652+0000] {processor.py:840} INFO - DAG(s) 'kafka_producer_dag' retrieved from /opt/airflow/dags/kafka_producer_dag.py
[2025-06-07T13:53:15.674+0000] {logging_mixin.py:188} INFO - [2025-06-07T13:53:15.674+0000] {dag.py:3096} INFO - Sync 1 DAGs
[2025-06-07T13:53:15.684+0000] {logging_mixin.py:188} INFO - [2025-06-07T13:53:15.684+0000] {dag.py:3954} INFO - Setting next_dagrun for kafka_producer_dag to None, run_after=None
[2025-06-07T13:53:15.699+0000] {processor.py:183} INFO - Processing /opt/airflow/dags/kafka_producer_dag.py took 0.065 seconds
[2025-06-07T13:53:45.957+0000] {processor.py:161} INFO - Started process (PID=3362) to work on /opt/airflow/dags/kafka_producer_dag.py
[2025-06-07T13:53:45.958+0000] {processor.py:830} INFO - Processing file /opt/airflow/dags/kafka_producer_dag.py for tasks to queue
[2025-06-07T13:53:45.959+0000] {logging_mixin.py:188} INFO - [2025-06-07T13:53:45.958+0000] {dagbag.py:540} INFO - Filling up the DagBag from /opt/airflow/dags/kafka_producer_dag.py
[2025-06-07T13:53:45.971+0000] {processor.py:840} INFO - DAG(s) 'kafka_producer_dag' retrieved from /opt/airflow/dags/kafka_producer_dag.py
[2025-06-07T13:53:45.988+0000] {logging_mixin.py:188} INFO - [2025-06-07T13:53:45.988+0000] {dag.py:3096} INFO - Sync 1 DAGs
[2025-06-07T13:53:45.995+0000] {logging_mixin.py:188} INFO - [2025-06-07T13:53:45.994+0000] {dag.py:3954} INFO - Setting next_dagrun for kafka_producer_dag to None, run_after=None
[2025-06-07T13:53:46.006+0000] {processor.py:183} INFO - Processing /opt/airflow/dags/kafka_producer_dag.py took 0.053 seconds
[2025-06-07T13:54:16.249+0000] {processor.py:161} INFO - Started process (PID=3378) to work on /opt/airflow/dags/kafka_producer_dag.py
[2025-06-07T13:54:16.250+0000] {processor.py:830} INFO - Processing file /opt/airflow/dags/kafka_producer_dag.py for tasks to queue
[2025-06-07T13:54:16.251+0000] {logging_mixin.py:188} INFO - [2025-06-07T13:54:16.250+0000] {dagbag.py:540} INFO - Filling up the DagBag from /opt/airflow/dags/kafka_producer_dag.py
[2025-06-07T13:54:16.262+0000] {processor.py:840} INFO - DAG(s) 'kafka_producer_dag' retrieved from /opt/airflow/dags/kafka_producer_dag.py
[2025-06-07T13:54:16.280+0000] {logging_mixin.py:188} INFO - [2025-06-07T13:54:16.280+0000] {dag.py:3096} INFO - Sync 1 DAGs
[2025-06-07T13:54:16.294+0000] {logging_mixin.py:188} INFO - [2025-06-07T13:54:16.294+0000] {dag.py:3954} INFO - Setting next_dagrun for kafka_producer_dag to None, run_after=None
[2025-06-07T13:54:16.307+0000] {processor.py:183} INFO - Processing /opt/airflow/dags/kafka_producer_dag.py took 0.062 seconds
[2025-06-07T13:54:46.607+0000] {processor.py:161} INFO - Started process (PID=3388) to work on /opt/airflow/dags/kafka_producer_dag.py
[2025-06-07T13:54:46.609+0000] {processor.py:830} INFO - Processing file /opt/airflow/dags/kafka_producer_dag.py for tasks to queue
[2025-06-07T13:54:46.610+0000] {logging_mixin.py:188} INFO - [2025-06-07T13:54:46.610+0000] {dagbag.py:540} INFO - Filling up the DagBag from /opt/airflow/dags/kafka_producer_dag.py
[2025-06-07T13:54:46.627+0000] {processor.py:840} INFO - DAG(s) 'kafka_producer_dag' retrieved from /opt/airflow/dags/kafka_producer_dag.py
[2025-06-07T13:54:46.645+0000] {logging_mixin.py:188} INFO - [2025-06-07T13:54:46.645+0000] {dag.py:3096} INFO - Sync 1 DAGs
[2025-06-07T13:54:46.652+0000] {logging_mixin.py:188} INFO - [2025-06-07T13:54:46.652+0000] {dag.py:3954} INFO - Setting next_dagrun for kafka_producer_dag to None, run_after=None
[2025-06-07T13:54:46.664+0000] {processor.py:183} INFO - Processing /opt/airflow/dags/kafka_producer_dag.py took 0.061 seconds
[2025-06-07T13:55:16.889+0000] {processor.py:161} INFO - Started process (PID=3404) to work on /opt/airflow/dags/kafka_producer_dag.py
[2025-06-07T13:55:16.890+0000] {processor.py:830} INFO - Processing file /opt/airflow/dags/kafka_producer_dag.py for tasks to queue
[2025-06-07T13:55:16.890+0000] {logging_mixin.py:188} INFO - [2025-06-07T13:55:16.890+0000] {dagbag.py:540} INFO - Filling up the DagBag from /opt/airflow/dags/kafka_producer_dag.py
[2025-06-07T13:55:16.904+0000] {processor.py:840} INFO - DAG(s) 'kafka_producer_dag' retrieved from /opt/airflow/dags/kafka_producer_dag.py
[2025-06-07T13:55:16.920+0000] {logging_mixin.py:188} INFO - [2025-06-07T13:55:16.920+0000] {dag.py:3096} INFO - Sync 1 DAGs
[2025-06-07T13:55:16.928+0000] {logging_mixin.py:188} INFO - [2025-06-07T13:55:16.928+0000] {dag.py:3954} INFO - Setting next_dagrun for kafka_producer_dag to None, run_after=None
[2025-06-07T13:55:16.939+0000] {processor.py:183} INFO - Processing /opt/airflow/dags/kafka_producer_dag.py took 0.054 seconds
[2025-06-07T13:55:47.177+0000] {processor.py:161} INFO - Started process (PID=3414) to work on /opt/airflow/dags/kafka_producer_dag.py
[2025-06-07T13:55:47.178+0000] {processor.py:830} INFO - Processing file /opt/airflow/dags/kafka_producer_dag.py for tasks to queue
[2025-06-07T13:55:47.179+0000] {logging_mixin.py:188} INFO - [2025-06-07T13:55:47.178+0000] {dagbag.py:540} INFO - Filling up the DagBag from /opt/airflow/dags/kafka_producer_dag.py
[2025-06-07T13:55:47.190+0000] {processor.py:840} INFO - DAG(s) 'kafka_producer_dag' retrieved from /opt/airflow/dags/kafka_producer_dag.py
[2025-06-07T13:55:47.208+0000] {logging_mixin.py:188} INFO - [2025-06-07T13:55:47.208+0000] {dag.py:3096} INFO - Sync 1 DAGs
[2025-06-07T13:55:47.214+0000] {logging_mixin.py:188} INFO - [2025-06-07T13:55:47.214+0000] {dag.py:3954} INFO - Setting next_dagrun for kafka_producer_dag to None, run_after=None
[2025-06-07T13:55:47.225+0000] {processor.py:183} INFO - Processing /opt/airflow/dags/kafka_producer_dag.py took 0.052 seconds
[2025-06-07T13:56:17.481+0000] {processor.py:161} INFO - Started process (PID=3430) to work on /opt/airflow/dags/kafka_producer_dag.py
[2025-06-07T13:56:17.482+0000] {processor.py:830} INFO - Processing file /opt/airflow/dags/kafka_producer_dag.py for tasks to queue
[2025-06-07T13:56:17.482+0000] {logging_mixin.py:188} INFO - [2025-06-07T13:56:17.482+0000] {dagbag.py:540} INFO - Filling up the DagBag from /opt/airflow/dags/kafka_producer_dag.py
[2025-06-07T13:56:17.495+0000] {processor.py:840} INFO - DAG(s) 'kafka_producer_dag' retrieved from /opt/airflow/dags/kafka_producer_dag.py
[2025-06-07T13:56:17.517+0000] {logging_mixin.py:188} INFO - [2025-06-07T13:56:17.517+0000] {dag.py:3096} INFO - Sync 1 DAGs
[2025-06-07T13:56:17.526+0000] {logging_mixin.py:188} INFO - [2025-06-07T13:56:17.526+0000] {dag.py:3954} INFO - Setting next_dagrun for kafka_producer_dag to None, run_after=None
[2025-06-07T13:56:17.540+0000] {processor.py:183} INFO - Processing /opt/airflow/dags/kafka_producer_dag.py took 0.063 seconds
[2025-06-07T13:56:47.799+0000] {processor.py:161} INFO - Started process (PID=3440) to work on /opt/airflow/dags/kafka_producer_dag.py
[2025-06-07T13:56:47.804+0000] {processor.py:830} INFO - Processing file /opt/airflow/dags/kafka_producer_dag.py for tasks to queue
[2025-06-07T13:56:47.807+0000] {logging_mixin.py:188} INFO - [2025-06-07T13:56:47.807+0000] {dagbag.py:540} INFO - Filling up the DagBag from /opt/airflow/dags/kafka_producer_dag.py
[2025-06-07T13:56:47.820+0000] {processor.py:840} INFO - DAG(s) 'kafka_producer_dag' retrieved from /opt/airflow/dags/kafka_producer_dag.py
[2025-06-07T13:56:47.838+0000] {logging_mixin.py:188} INFO - [2025-06-07T13:56:47.838+0000] {dag.py:3096} INFO - Sync 1 DAGs
[2025-06-07T13:56:47.845+0000] {logging_mixin.py:188} INFO - [2025-06-07T13:56:47.845+0000] {dag.py:3954} INFO - Setting next_dagrun for kafka_producer_dag to None, run_after=None
[2025-06-07T13:56:47.857+0000] {processor.py:183} INFO - Processing /opt/airflow/dags/kafka_producer_dag.py took 0.063 seconds
[2025-06-07T13:57:18.098+0000] {processor.py:161} INFO - Started process (PID=3456) to work on /opt/airflow/dags/kafka_producer_dag.py
[2025-06-07T13:57:18.099+0000] {processor.py:830} INFO - Processing file /opt/airflow/dags/kafka_producer_dag.py for tasks to queue
[2025-06-07T13:57:18.100+0000] {logging_mixin.py:188} INFO - [2025-06-07T13:57:18.100+0000] {dagbag.py:540} INFO - Filling up the DagBag from /opt/airflow/dags/kafka_producer_dag.py
[2025-06-07T13:57:18.111+0000] {processor.py:840} INFO - DAG(s) 'kafka_producer_dag' retrieved from /opt/airflow/dags/kafka_producer_dag.py
[2025-06-07T13:57:18.129+0000] {logging_mixin.py:188} INFO - [2025-06-07T13:57:18.129+0000] {dag.py:3096} INFO - Sync 1 DAGs
[2025-06-07T13:57:18.136+0000] {logging_mixin.py:188} INFO - [2025-06-07T13:57:18.136+0000] {dag.py:3954} INFO - Setting next_dagrun for kafka_producer_dag to None, run_after=None
[2025-06-07T13:57:18.153+0000] {processor.py:183} INFO - Processing /opt/airflow/dags/kafka_producer_dag.py took 0.059 seconds
[2025-06-07T13:57:48.356+0000] {processor.py:161} INFO - Started process (PID=3480) to work on /opt/airflow/dags/kafka_producer_dag.py
[2025-06-07T13:57:48.357+0000] {processor.py:830} INFO - Processing file /opt/airflow/dags/kafka_producer_dag.py for tasks to queue
[2025-06-07T13:57:48.357+0000] {logging_mixin.py:188} INFO - [2025-06-07T13:57:48.357+0000] {dagbag.py:540} INFO - Filling up the DagBag from /opt/airflow/dags/kafka_producer_dag.py
[2025-06-07T13:57:48.366+0000] {processor.py:840} INFO - DAG(s) 'kafka_producer_dag' retrieved from /opt/airflow/dags/kafka_producer_dag.py
[2025-06-07T13:57:48.381+0000] {logging_mixin.py:188} INFO - [2025-06-07T13:57:48.381+0000] {dag.py:3096} INFO - Sync 1 DAGs
[2025-06-07T13:57:48.388+0000] {logging_mixin.py:188} INFO - [2025-06-07T13:57:48.388+0000] {dag.py:3954} INFO - Setting next_dagrun for kafka_producer_dag to None, run_after=None
[2025-06-07T13:57:48.398+0000] {processor.py:183} INFO - Processing /opt/airflow/dags/kafka_producer_dag.py took 0.045 seconds
[2025-06-07T13:58:18.585+0000] {processor.py:161} INFO - Started process (PID=3496) to work on /opt/airflow/dags/kafka_producer_dag.py
[2025-06-07T13:58:18.586+0000] {processor.py:830} INFO - Processing file /opt/airflow/dags/kafka_producer_dag.py for tasks to queue
[2025-06-07T13:58:18.587+0000] {logging_mixin.py:188} INFO - [2025-06-07T13:58:18.586+0000] {dagbag.py:540} INFO - Filling up the DagBag from /opt/airflow/dags/kafka_producer_dag.py
[2025-06-07T13:58:18.597+0000] {processor.py:840} INFO - DAG(s) 'kafka_producer_dag' retrieved from /opt/airflow/dags/kafka_producer_dag.py
[2025-06-07T13:58:18.613+0000] {logging_mixin.py:188} INFO - [2025-06-07T13:58:18.612+0000] {dag.py:3096} INFO - Sync 1 DAGs
[2025-06-07T13:58:18.619+0000] {logging_mixin.py:188} INFO - [2025-06-07T13:58:18.619+0000] {dag.py:3954} INFO - Setting next_dagrun for kafka_producer_dag to None, run_after=None
[2025-06-07T13:58:18.627+0000] {processor.py:183} INFO - Processing /opt/airflow/dags/kafka_producer_dag.py took 0.048 seconds
[2025-06-07T13:58:48.849+0000] {processor.py:161} INFO - Started process (PID=3506) to work on /opt/airflow/dags/kafka_producer_dag.py
[2025-06-07T13:58:48.850+0000] {processor.py:830} INFO - Processing file /opt/airflow/dags/kafka_producer_dag.py for tasks to queue
[2025-06-07T13:58:48.851+0000] {logging_mixin.py:188} INFO - [2025-06-07T13:58:48.850+0000] {dagbag.py:540} INFO - Filling up the DagBag from /opt/airflow/dags/kafka_producer_dag.py
[2025-06-07T13:58:48.862+0000] {processor.py:840} INFO - DAG(s) 'kafka_producer_dag' retrieved from /opt/airflow/dags/kafka_producer_dag.py
[2025-06-07T13:58:48.878+0000] {logging_mixin.py:188} INFO - [2025-06-07T13:58:48.878+0000] {dag.py:3096} INFO - Sync 1 DAGs
[2025-06-07T13:58:48.885+0000] {logging_mixin.py:188} INFO - [2025-06-07T13:58:48.885+0000] {dag.py:3954} INFO - Setting next_dagrun for kafka_producer_dag to None, run_after=None
[2025-06-07T13:58:48.894+0000] {processor.py:183} INFO - Processing /opt/airflow/dags/kafka_producer_dag.py took 0.050 seconds
[2025-06-07T13:59:19.065+0000] {processor.py:161} INFO - Started process (PID=3522) to work on /opt/airflow/dags/kafka_producer_dag.py
[2025-06-07T13:59:19.065+0000] {processor.py:830} INFO - Processing file /opt/airflow/dags/kafka_producer_dag.py for tasks to queue
[2025-06-07T13:59:19.066+0000] {logging_mixin.py:188} INFO - [2025-06-07T13:59:19.066+0000] {dagbag.py:540} INFO - Filling up the DagBag from /opt/airflow/dags/kafka_producer_dag.py
[2025-06-07T13:59:19.075+0000] {processor.py:840} INFO - DAG(s) 'kafka_producer_dag' retrieved from /opt/airflow/dags/kafka_producer_dag.py
[2025-06-07T13:59:19.091+0000] {logging_mixin.py:188} INFO - [2025-06-07T13:59:19.091+0000] {dag.py:3096} INFO - Sync 1 DAGs
[2025-06-07T13:59:19.097+0000] {logging_mixin.py:188} INFO - [2025-06-07T13:59:19.097+0000] {dag.py:3954} INFO - Setting next_dagrun for kafka_producer_dag to None, run_after=None
[2025-06-07T13:59:19.107+0000] {processor.py:183} INFO - Processing /opt/airflow/dags/kafka_producer_dag.py took 0.046 seconds
[2025-06-07T13:59:49.284+0000] {processor.py:161} INFO - Started process (PID=3532) to work on /opt/airflow/dags/kafka_producer_dag.py
[2025-06-07T13:59:49.284+0000] {processor.py:830} INFO - Processing file /opt/airflow/dags/kafka_producer_dag.py for tasks to queue
[2025-06-07T13:59:49.285+0000] {logging_mixin.py:188} INFO - [2025-06-07T13:59:49.285+0000] {dagbag.py:540} INFO - Filling up the DagBag from /opt/airflow/dags/kafka_producer_dag.py
[2025-06-07T13:59:49.294+0000] {processor.py:840} INFO - DAG(s) 'kafka_producer_dag' retrieved from /opt/airflow/dags/kafka_producer_dag.py
[2025-06-07T13:59:49.311+0000] {logging_mixin.py:188} INFO - [2025-06-07T13:59:49.311+0000] {dag.py:3096} INFO - Sync 1 DAGs
[2025-06-07T13:59:49.318+0000] {logging_mixin.py:188} INFO - [2025-06-07T13:59:49.318+0000] {dag.py:3954} INFO - Setting next_dagrun for kafka_producer_dag to None, run_after=None
[2025-06-07T13:59:49.328+0000] {processor.py:183} INFO - Processing /opt/airflow/dags/kafka_producer_dag.py took 0.048 seconds
[2025-06-07T14:00:19.524+0000] {processor.py:161} INFO - Started process (PID=3548) to work on /opt/airflow/dags/kafka_producer_dag.py
[2025-06-07T14:00:19.524+0000] {processor.py:830} INFO - Processing file /opt/airflow/dags/kafka_producer_dag.py for tasks to queue
[2025-06-07T14:00:19.525+0000] {logging_mixin.py:188} INFO - [2025-06-07T14:00:19.525+0000] {dagbag.py:540} INFO - Filling up the DagBag from /opt/airflow/dags/kafka_producer_dag.py
[2025-06-07T14:00:19.536+0000] {processor.py:840} INFO - DAG(s) 'kafka_producer_dag' retrieved from /opt/airflow/dags/kafka_producer_dag.py
[2025-06-07T14:00:19.553+0000] {logging_mixin.py:188} INFO - [2025-06-07T14:00:19.552+0000] {dag.py:3096} INFO - Sync 1 DAGs
[2025-06-07T14:00:19.559+0000] {logging_mixin.py:188} INFO - [2025-06-07T14:00:19.559+0000] {dag.py:3954} INFO - Setting next_dagrun for kafka_producer_dag to None, run_after=None
[2025-06-07T14:00:19.567+0000] {processor.py:183} INFO - Processing /opt/airflow/dags/kafka_producer_dag.py took 0.049 seconds
[2025-06-07T14:00:49.755+0000] {processor.py:161} INFO - Started process (PID=3558) to work on /opt/airflow/dags/kafka_producer_dag.py
[2025-06-07T14:00:49.755+0000] {processor.py:830} INFO - Processing file /opt/airflow/dags/kafka_producer_dag.py for tasks to queue
[2025-06-07T14:00:49.757+0000] {logging_mixin.py:188} INFO - [2025-06-07T14:00:49.756+0000] {dagbag.py:540} INFO - Filling up the DagBag from /opt/airflow/dags/kafka_producer_dag.py
[2025-06-07T14:00:49.774+0000] {processor.py:840} INFO - DAG(s) 'kafka_producer_dag' retrieved from /opt/airflow/dags/kafka_producer_dag.py
[2025-06-07T14:00:49.795+0000] {logging_mixin.py:188} INFO - [2025-06-07T14:00:49.795+0000] {dag.py:3096} INFO - Sync 1 DAGs
[2025-06-07T14:00:49.804+0000] {logging_mixin.py:188} INFO - [2025-06-07T14:00:49.803+0000] {dag.py:3954} INFO - Setting next_dagrun for kafka_producer_dag to None, run_after=None
[2025-06-07T14:00:49.822+0000] {processor.py:183} INFO - Processing /opt/airflow/dags/kafka_producer_dag.py took 0.072 seconds
[2025-06-07T14:01:19.972+0000] {processor.py:161} INFO - Started process (PID=3574) to work on /opt/airflow/dags/kafka_producer_dag.py
[2025-06-07T14:01:19.973+0000] {processor.py:830} INFO - Processing file /opt/airflow/dags/kafka_producer_dag.py for tasks to queue
[2025-06-07T14:01:19.973+0000] {logging_mixin.py:188} INFO - [2025-06-07T14:01:19.973+0000] {dagbag.py:540} INFO - Filling up the DagBag from /opt/airflow/dags/kafka_producer_dag.py
[2025-06-07T14:01:19.981+0000] {processor.py:840} INFO - DAG(s) 'kafka_producer_dag' retrieved from /opt/airflow/dags/kafka_producer_dag.py
[2025-06-07T14:01:19.997+0000] {logging_mixin.py:188} INFO - [2025-06-07T14:01:19.996+0000] {dag.py:3096} INFO - Sync 1 DAGs
[2025-06-07T14:01:20.006+0000] {logging_mixin.py:188} INFO - [2025-06-07T14:01:20.006+0000] {dag.py:3954} INFO - Setting next_dagrun for kafka_producer_dag to None, run_after=None
[2025-06-07T14:01:20.018+0000] {processor.py:183} INFO - Processing /opt/airflow/dags/kafka_producer_dag.py took 0.049 seconds
[2025-06-07T14:01:50.201+0000] {processor.py:161} INFO - Started process (PID=3584) to work on /opt/airflow/dags/kafka_producer_dag.py
[2025-06-07T14:01:50.202+0000] {processor.py:830} INFO - Processing file /opt/airflow/dags/kafka_producer_dag.py for tasks to queue
[2025-06-07T14:01:50.202+0000] {logging_mixin.py:188} INFO - [2025-06-07T14:01:50.202+0000] {dagbag.py:540} INFO - Filling up the DagBag from /opt/airflow/dags/kafka_producer_dag.py
[2025-06-07T14:01:50.212+0000] {processor.py:840} INFO - DAG(s) 'kafka_producer_dag' retrieved from /opt/airflow/dags/kafka_producer_dag.py
[2025-06-07T14:01:50.228+0000] {logging_mixin.py:188} INFO - [2025-06-07T14:01:50.228+0000] {dag.py:3096} INFO - Sync 1 DAGs
[2025-06-07T14:01:50.234+0000] {logging_mixin.py:188} INFO - [2025-06-07T14:01:50.234+0000] {dag.py:3954} INFO - Setting next_dagrun for kafka_producer_dag to None, run_after=None
[2025-06-07T14:01:50.242+0000] {processor.py:183} INFO - Processing /opt/airflow/dags/kafka_producer_dag.py took 0.046 seconds
[2025-06-07T14:02:20.436+0000] {processor.py:161} INFO - Started process (PID=3600) to work on /opt/airflow/dags/kafka_producer_dag.py
[2025-06-07T14:02:20.437+0000] {processor.py:830} INFO - Processing file /opt/airflow/dags/kafka_producer_dag.py for tasks to queue
[2025-06-07T14:02:20.437+0000] {logging_mixin.py:188} INFO - [2025-06-07T14:02:20.437+0000] {dagbag.py:540} INFO - Filling up the DagBag from /opt/airflow/dags/kafka_producer_dag.py
[2025-06-07T14:02:20.449+0000] {processor.py:840} INFO - DAG(s) 'kafka_producer_dag' retrieved from /opt/airflow/dags/kafka_producer_dag.py
[2025-06-07T14:02:20.467+0000] {logging_mixin.py:188} INFO - [2025-06-07T14:02:20.467+0000] {dag.py:3096} INFO - Sync 1 DAGs
[2025-06-07T14:02:20.474+0000] {logging_mixin.py:188} INFO - [2025-06-07T14:02:20.474+0000] {dag.py:3954} INFO - Setting next_dagrun for kafka_producer_dag to None, run_after=None
[2025-06-07T14:02:20.483+0000] {processor.py:183} INFO - Processing /opt/airflow/dags/kafka_producer_dag.py took 0.052 seconds
[2025-06-07T14:02:50.705+0000] {processor.py:161} INFO - Started process (PID=3610) to work on /opt/airflow/dags/kafka_producer_dag.py
[2025-06-07T14:02:50.705+0000] {processor.py:830} INFO - Processing file /opt/airflow/dags/kafka_producer_dag.py for tasks to queue
[2025-06-07T14:02:50.706+0000] {logging_mixin.py:188} INFO - [2025-06-07T14:02:50.706+0000] {dagbag.py:540} INFO - Filling up the DagBag from /opt/airflow/dags/kafka_producer_dag.py
[2025-06-07T14:02:50.717+0000] {processor.py:840} INFO - DAG(s) 'kafka_producer_dag' retrieved from /opt/airflow/dags/kafka_producer_dag.py
[2025-06-07T14:02:50.735+0000] {logging_mixin.py:188} INFO - [2025-06-07T14:02:50.735+0000] {dag.py:3096} INFO - Sync 1 DAGs
[2025-06-07T14:02:50.742+0000] {logging_mixin.py:188} INFO - [2025-06-07T14:02:50.742+0000] {dag.py:3954} INFO - Setting next_dagrun for kafka_producer_dag to None, run_after=None
[2025-06-07T14:02:50.752+0000] {processor.py:183} INFO - Processing /opt/airflow/dags/kafka_producer_dag.py took 0.053 seconds
[2025-06-07T14:03:20.988+0000] {processor.py:161} INFO - Started process (PID=3626) to work on /opt/airflow/dags/kafka_producer_dag.py
[2025-06-07T14:03:20.989+0000] {processor.py:830} INFO - Processing file /opt/airflow/dags/kafka_producer_dag.py for tasks to queue
[2025-06-07T14:03:20.989+0000] {logging_mixin.py:188} INFO - [2025-06-07T14:03:20.989+0000] {dagbag.py:540} INFO - Filling up the DagBag from /opt/airflow/dags/kafka_producer_dag.py
[2025-06-07T14:03:21.001+0000] {processor.py:840} INFO - DAG(s) 'kafka_producer_dag' retrieved from /opt/airflow/dags/kafka_producer_dag.py
[2025-06-07T14:03:21.019+0000] {logging_mixin.py:188} INFO - [2025-06-07T14:03:21.019+0000] {dag.py:3096} INFO - Sync 1 DAGs
[2025-06-07T14:03:21.025+0000] {logging_mixin.py:188} INFO - [2025-06-07T14:03:21.025+0000] {dag.py:3954} INFO - Setting next_dagrun for kafka_producer_dag to None, run_after=None
[2025-06-07T14:03:21.035+0000] {processor.py:183} INFO - Processing /opt/airflow/dags/kafka_producer_dag.py took 0.052 seconds
[2025-06-07T14:03:51.230+0000] {processor.py:161} INFO - Started process (PID=3636) to work on /opt/airflow/dags/kafka_producer_dag.py
[2025-06-07T14:03:51.230+0000] {processor.py:830} INFO - Processing file /opt/airflow/dags/kafka_producer_dag.py for tasks to queue
[2025-06-07T14:03:51.231+0000] {logging_mixin.py:188} INFO - [2025-06-07T14:03:51.231+0000] {dagbag.py:540} INFO - Filling up the DagBag from /opt/airflow/dags/kafka_producer_dag.py
[2025-06-07T14:03:51.239+0000] {processor.py:840} INFO - DAG(s) 'kafka_producer_dag' retrieved from /opt/airflow/dags/kafka_producer_dag.py
[2025-06-07T14:03:51.254+0000] {logging_mixin.py:188} INFO - [2025-06-07T14:03:51.254+0000] {dag.py:3096} INFO - Sync 1 DAGs
[2025-06-07T14:03:51.260+0000] {logging_mixin.py:188} INFO - [2025-06-07T14:03:51.260+0000] {dag.py:3954} INFO - Setting next_dagrun for kafka_producer_dag to None, run_after=None
[2025-06-07T14:03:51.270+0000] {processor.py:183} INFO - Processing /opt/airflow/dags/kafka_producer_dag.py took 0.042 seconds
[2025-06-07T14:04:21.464+0000] {processor.py:161} INFO - Started process (PID=3652) to work on /opt/airflow/dags/kafka_producer_dag.py
[2025-06-07T14:04:21.464+0000] {processor.py:830} INFO - Processing file /opt/airflow/dags/kafka_producer_dag.py for tasks to queue
[2025-06-07T14:04:21.465+0000] {logging_mixin.py:188} INFO - [2025-06-07T14:04:21.465+0000] {dagbag.py:540} INFO - Filling up the DagBag from /opt/airflow/dags/kafka_producer_dag.py
[2025-06-07T14:04:21.475+0000] {processor.py:840} INFO - DAG(s) 'kafka_producer_dag' retrieved from /opt/airflow/dags/kafka_producer_dag.py
[2025-06-07T14:04:21.490+0000] {logging_mixin.py:188} INFO - [2025-06-07T14:04:21.489+0000] {dag.py:3096} INFO - Sync 1 DAGs
[2025-06-07T14:04:21.496+0000] {logging_mixin.py:188} INFO - [2025-06-07T14:04:21.495+0000] {dag.py:3954} INFO - Setting next_dagrun for kafka_producer_dag to None, run_after=None
[2025-06-07T14:04:21.505+0000] {processor.py:183} INFO - Processing /opt/airflow/dags/kafka_producer_dag.py took 0.044 seconds
[2025-06-07T14:04:51.711+0000] {processor.py:161} INFO - Started process (PID=3662) to work on /opt/airflow/dags/kafka_producer_dag.py
[2025-06-07T14:04:51.712+0000] {processor.py:830} INFO - Processing file /opt/airflow/dags/kafka_producer_dag.py for tasks to queue
[2025-06-07T14:04:51.712+0000] {logging_mixin.py:188} INFO - [2025-06-07T14:04:51.712+0000] {dagbag.py:540} INFO - Filling up the DagBag from /opt/airflow/dags/kafka_producer_dag.py
[2025-06-07T14:04:51.726+0000] {processor.py:840} INFO - DAG(s) 'kafka_producer_dag' retrieved from /opt/airflow/dags/kafka_producer_dag.py
[2025-06-07T14:04:51.748+0000] {logging_mixin.py:188} INFO - [2025-06-07T14:04:51.747+0000] {dag.py:3096} INFO - Sync 1 DAGs
[2025-06-07T14:04:51.755+0000] {logging_mixin.py:188} INFO - [2025-06-07T14:04:51.755+0000] {dag.py:3954} INFO - Setting next_dagrun for kafka_producer_dag to None, run_after=None
[2025-06-07T14:04:51.767+0000] {processor.py:183} INFO - Processing /opt/airflow/dags/kafka_producer_dag.py took 0.060 seconds
[2025-06-07T14:05:21.944+0000] {processor.py:161} INFO - Started process (PID=3678) to work on /opt/airflow/dags/kafka_producer_dag.py
[2025-06-07T14:05:21.945+0000] {processor.py:830} INFO - Processing file /opt/airflow/dags/kafka_producer_dag.py for tasks to queue
[2025-06-07T14:05:21.945+0000] {logging_mixin.py:188} INFO - [2025-06-07T14:05:21.945+0000] {dagbag.py:540} INFO - Filling up the DagBag from /opt/airflow/dags/kafka_producer_dag.py
[2025-06-07T14:05:21.956+0000] {processor.py:840} INFO - DAG(s) 'kafka_producer_dag' retrieved from /opt/airflow/dags/kafka_producer_dag.py
[2025-06-07T14:05:21.973+0000] {logging_mixin.py:188} INFO - [2025-06-07T14:05:21.973+0000] {dag.py:3096} INFO - Sync 1 DAGs
[2025-06-07T14:05:21.980+0000] {logging_mixin.py:188} INFO - [2025-06-07T14:05:21.980+0000] {dag.py:3954} INFO - Setting next_dagrun for kafka_producer_dag to None, run_after=None
[2025-06-07T14:05:21.988+0000] {processor.py:183} INFO - Processing /opt/airflow/dags/kafka_producer_dag.py took 0.049 seconds
[2025-06-07T14:05:52.154+0000] {processor.py:161} INFO - Started process (PID=3688) to work on /opt/airflow/dags/kafka_producer_dag.py
[2025-06-07T14:05:52.155+0000] {processor.py:830} INFO - Processing file /opt/airflow/dags/kafka_producer_dag.py for tasks to queue
[2025-06-07T14:05:52.155+0000] {logging_mixin.py:188} INFO - [2025-06-07T14:05:52.155+0000] {dagbag.py:540} INFO - Filling up the DagBag from /opt/airflow/dags/kafka_producer_dag.py
[2025-06-07T14:05:52.166+0000] {processor.py:840} INFO - DAG(s) 'kafka_producer_dag' retrieved from /opt/airflow/dags/kafka_producer_dag.py
[2025-06-07T14:05:52.186+0000] {logging_mixin.py:188} INFO - [2025-06-07T14:05:52.186+0000] {dag.py:3096} INFO - Sync 1 DAGs
[2025-06-07T14:05:52.193+0000] {logging_mixin.py:188} INFO - [2025-06-07T14:05:52.193+0000] {dag.py:3954} INFO - Setting next_dagrun for kafka_producer_dag to None, run_after=None
[2025-06-07T14:05:52.202+0000] {processor.py:183} INFO - Processing /opt/airflow/dags/kafka_producer_dag.py took 0.053 seconds
[2025-06-07T14:06:22.417+0000] {processor.py:161} INFO - Started process (PID=3704) to work on /opt/airflow/dags/kafka_producer_dag.py
[2025-06-07T14:06:22.418+0000] {processor.py:830} INFO - Processing file /opt/airflow/dags/kafka_producer_dag.py for tasks to queue
[2025-06-07T14:06:22.418+0000] {logging_mixin.py:188} INFO - [2025-06-07T14:06:22.418+0000] {dagbag.py:540} INFO - Filling up the DagBag from /opt/airflow/dags/kafka_producer_dag.py
[2025-06-07T14:06:22.428+0000] {processor.py:840} INFO - DAG(s) 'kafka_producer_dag' retrieved from /opt/airflow/dags/kafka_producer_dag.py
[2025-06-07T14:06:22.445+0000] {logging_mixin.py:188} INFO - [2025-06-07T14:06:22.444+0000] {dag.py:3096} INFO - Sync 1 DAGs
[2025-06-07T14:06:22.451+0000] {logging_mixin.py:188} INFO - [2025-06-07T14:06:22.451+0000] {dag.py:3954} INFO - Setting next_dagrun for kafka_producer_dag to None, run_after=None
[2025-06-07T14:06:22.461+0000] {processor.py:183} INFO - Processing /opt/airflow/dags/kafka_producer_dag.py took 0.048 seconds
[2025-06-07T14:06:52.687+0000] {processor.py:161} INFO - Started process (PID=3736) to work on /opt/airflow/dags/kafka_producer_dag.py
[2025-06-07T14:06:52.688+0000] {processor.py:830} INFO - Processing file /opt/airflow/dags/kafka_producer_dag.py for tasks to queue
[2025-06-07T14:06:52.689+0000] {logging_mixin.py:188} INFO - [2025-06-07T14:06:52.689+0000] {dagbag.py:540} INFO - Filling up the DagBag from /opt/airflow/dags/kafka_producer_dag.py
[2025-06-07T14:06:52.700+0000] {processor.py:840} INFO - DAG(s) 'kafka_producer_dag' retrieved from /opt/airflow/dags/kafka_producer_dag.py
[2025-06-07T14:06:52.716+0000] {logging_mixin.py:188} INFO - [2025-06-07T14:06:52.716+0000] {dag.py:3096} INFO - Sync 1 DAGs
[2025-06-07T14:06:52.722+0000] {logging_mixin.py:188} INFO - [2025-06-07T14:06:52.722+0000] {dag.py:3954} INFO - Setting next_dagrun for kafka_producer_dag to None, run_after=None
[2025-06-07T14:06:52.731+0000] {processor.py:183} INFO - Processing /opt/airflow/dags/kafka_producer_dag.py took 0.048 seconds
[2025-06-07T14:07:22.945+0000] {processor.py:161} INFO - Started process (PID=3753) to work on /opt/airflow/dags/kafka_producer_dag.py
[2025-06-07T14:07:22.945+0000] {processor.py:830} INFO - Processing file /opt/airflow/dags/kafka_producer_dag.py for tasks to queue
[2025-06-07T14:07:22.945+0000] {logging_mixin.py:188} INFO - [2025-06-07T14:07:22.945+0000] {dagbag.py:540} INFO - Filling up the DagBag from /opt/airflow/dags/kafka_producer_dag.py
[2025-06-07T14:07:22.953+0000] {processor.py:840} INFO - DAG(s) 'kafka_producer_dag' retrieved from /opt/airflow/dags/kafka_producer_dag.py
[2025-06-07T14:07:22.966+0000] {logging_mixin.py:188} INFO - [2025-06-07T14:07:22.966+0000] {dag.py:3096} INFO - Sync 1 DAGs
[2025-06-07T14:07:22.972+0000] {logging_mixin.py:188} INFO - [2025-06-07T14:07:22.972+0000] {dag.py:3954} INFO - Setting next_dagrun for kafka_producer_dag to None, run_after=None
[2025-06-07T14:07:22.979+0000] {processor.py:183} INFO - Processing /opt/airflow/dags/kafka_producer_dag.py took 0.038 seconds
[2025-06-07T14:07:53.196+0000] {processor.py:161} INFO - Started process (PID=3763) to work on /opt/airflow/dags/kafka_producer_dag.py
[2025-06-07T14:07:53.197+0000] {processor.py:830} INFO - Processing file /opt/airflow/dags/kafka_producer_dag.py for tasks to queue
[2025-06-07T14:07:53.198+0000] {logging_mixin.py:188} INFO - [2025-06-07T14:07:53.197+0000] {dagbag.py:540} INFO - Filling up the DagBag from /opt/airflow/dags/kafka_producer_dag.py
[2025-06-07T14:07:53.207+0000] {processor.py:840} INFO - DAG(s) 'kafka_producer_dag' retrieved from /opt/airflow/dags/kafka_producer_dag.py
[2025-06-07T14:07:53.223+0000] {logging_mixin.py:188} INFO - [2025-06-07T14:07:53.223+0000] {dag.py:3096} INFO - Sync 1 DAGs
[2025-06-07T14:07:53.229+0000] {logging_mixin.py:188} INFO - [2025-06-07T14:07:53.229+0000] {dag.py:3954} INFO - Setting next_dagrun for kafka_producer_dag to None, run_after=None
[2025-06-07T14:07:53.237+0000] {processor.py:183} INFO - Processing /opt/airflow/dags/kafka_producer_dag.py took 0.044 seconds
[2025-06-07T14:08:23.543+0000] {processor.py:161} INFO - Started process (PID=3789) to work on /opt/airflow/dags/kafka_producer_dag.py
[2025-06-07T14:08:23.543+0000] {processor.py:830} INFO - Processing file /opt/airflow/dags/kafka_producer_dag.py for tasks to queue
[2025-06-07T14:08:23.544+0000] {logging_mixin.py:188} INFO - [2025-06-07T14:08:23.544+0000] {dagbag.py:540} INFO - Filling up the DagBag from /opt/airflow/dags/kafka_producer_dag.py
[2025-06-07T14:08:23.553+0000] {processor.py:840} INFO - DAG(s) 'kafka_producer_dag' retrieved from /opt/airflow/dags/kafka_producer_dag.py
[2025-06-07T14:08:23.568+0000] {logging_mixin.py:188} INFO - [2025-06-07T14:08:23.568+0000] {dag.py:3096} INFO - Sync 1 DAGs
[2025-06-07T14:08:23.574+0000] {logging_mixin.py:188} INFO - [2025-06-07T14:08:23.574+0000] {dag.py:3954} INFO - Setting next_dagrun for kafka_producer_dag to None, run_after=None
[2025-06-07T14:08:23.583+0000] {processor.py:183} INFO - Processing /opt/airflow/dags/kafka_producer_dag.py took 0.043 seconds
[2025-06-07T14:08:53.819+0000] {processor.py:161} INFO - Started process (PID=3799) to work on /opt/airflow/dags/kafka_producer_dag.py
[2025-06-07T14:08:53.819+0000] {processor.py:830} INFO - Processing file /opt/airflow/dags/kafka_producer_dag.py for tasks to queue
[2025-06-07T14:08:53.820+0000] {logging_mixin.py:188} INFO - [2025-06-07T14:08:53.820+0000] {dagbag.py:540} INFO - Filling up the DagBag from /opt/airflow/dags/kafka_producer_dag.py
[2025-06-07T14:08:53.828+0000] {processor.py:840} INFO - DAG(s) 'kafka_producer_dag' retrieved from /opt/airflow/dags/kafka_producer_dag.py
[2025-06-07T14:08:53.844+0000] {logging_mixin.py:188} INFO - [2025-06-07T14:08:53.844+0000] {dag.py:3096} INFO - Sync 1 DAGs
[2025-06-07T14:08:53.850+0000] {logging_mixin.py:188} INFO - [2025-06-07T14:08:53.850+0000] {dag.py:3954} INFO - Setting next_dagrun for kafka_producer_dag to None, run_after=None
[2025-06-07T14:08:53.858+0000] {processor.py:183} INFO - Processing /opt/airflow/dags/kafka_producer_dag.py took 0.043 seconds
[2025-06-07T14:09:24.054+0000] {processor.py:161} INFO - Started process (PID=3826) to work on /opt/airflow/dags/kafka_producer_dag.py
[2025-06-07T14:09:24.055+0000] {processor.py:830} INFO - Processing file /opt/airflow/dags/kafka_producer_dag.py for tasks to queue
[2025-06-07T14:09:24.055+0000] {logging_mixin.py:188} INFO - [2025-06-07T14:09:24.055+0000] {dagbag.py:540} INFO - Filling up the DagBag from /opt/airflow/dags/kafka_producer_dag.py
[2025-06-07T14:09:24.064+0000] {processor.py:840} INFO - DAG(s) 'kafka_producer_dag' retrieved from /opt/airflow/dags/kafka_producer_dag.py
[2025-06-07T14:09:24.079+0000] {logging_mixin.py:188} INFO - [2025-06-07T14:09:24.079+0000] {dag.py:3096} INFO - Sync 1 DAGs
[2025-06-07T14:09:24.084+0000] {logging_mixin.py:188} INFO - [2025-06-07T14:09:24.084+0000] {dag.py:3954} INFO - Setting next_dagrun for kafka_producer_dag to None, run_after=None
[2025-06-07T14:09:24.094+0000] {processor.py:183} INFO - Processing /opt/airflow/dags/kafka_producer_dag.py took 0.043 seconds
[2025-06-07T14:09:54.259+0000] {processor.py:161} INFO - Started process (PID=3836) to work on /opt/airflow/dags/kafka_producer_dag.py
[2025-06-07T14:09:54.259+0000] {processor.py:830} INFO - Processing file /opt/airflow/dags/kafka_producer_dag.py for tasks to queue
[2025-06-07T14:09:54.259+0000] {logging_mixin.py:188} INFO - [2025-06-07T14:09:54.259+0000] {dagbag.py:540} INFO - Filling up the DagBag from /opt/airflow/dags/kafka_producer_dag.py
[2025-06-07T14:09:54.268+0000] {processor.py:840} INFO - DAG(s) 'kafka_producer_dag' retrieved from /opt/airflow/dags/kafka_producer_dag.py
[2025-06-07T14:09:54.282+0000] {logging_mixin.py:188} INFO - [2025-06-07T14:09:54.282+0000] {dag.py:3096} INFO - Sync 1 DAGs
[2025-06-07T14:09:54.288+0000] {logging_mixin.py:188} INFO - [2025-06-07T14:09:54.288+0000] {dag.py:3954} INFO - Setting next_dagrun for kafka_producer_dag to None, run_after=None
[2025-06-07T14:09:54.297+0000] {processor.py:183} INFO - Processing /opt/airflow/dags/kafka_producer_dag.py took 0.041 seconds
[2025-06-07T14:10:24.464+0000] {processor.py:161} INFO - Started process (PID=3852) to work on /opt/airflow/dags/kafka_producer_dag.py
[2025-06-07T14:10:24.464+0000] {processor.py:830} INFO - Processing file /opt/airflow/dags/kafka_producer_dag.py for tasks to queue
[2025-06-07T14:10:24.465+0000] {logging_mixin.py:188} INFO - [2025-06-07T14:10:24.465+0000] {dagbag.py:540} INFO - Filling up the DagBag from /opt/airflow/dags/kafka_producer_dag.py
[2025-06-07T14:10:24.473+0000] {processor.py:840} INFO - DAG(s) 'kafka_producer_dag' retrieved from /opt/airflow/dags/kafka_producer_dag.py
[2025-06-07T14:10:24.490+0000] {logging_mixin.py:188} INFO - [2025-06-07T14:10:24.489+0000] {dag.py:3096} INFO - Sync 1 DAGs
[2025-06-07T14:10:24.495+0000] {logging_mixin.py:188} INFO - [2025-06-07T14:10:24.495+0000] {dag.py:3954} INFO - Setting next_dagrun for kafka_producer_dag to None, run_after=None
[2025-06-07T14:10:24.508+0000] {processor.py:183} INFO - Processing /opt/airflow/dags/kafka_producer_dag.py took 0.047 seconds
[2025-06-07T14:10:54.719+0000] {processor.py:161} INFO - Started process (PID=3862) to work on /opt/airflow/dags/kafka_producer_dag.py
[2025-06-07T14:10:54.720+0000] {processor.py:830} INFO - Processing file /opt/airflow/dags/kafka_producer_dag.py for tasks to queue
[2025-06-07T14:10:54.720+0000] {logging_mixin.py:188} INFO - [2025-06-07T14:10:54.720+0000] {dagbag.py:540} INFO - Filling up the DagBag from /opt/airflow/dags/kafka_producer_dag.py
[2025-06-07T14:10:54.728+0000] {processor.py:840} INFO - DAG(s) 'kafka_producer_dag' retrieved from /opt/airflow/dags/kafka_producer_dag.py
[2025-06-07T14:10:54.741+0000] {logging_mixin.py:188} INFO - [2025-06-07T14:10:54.741+0000] {dag.py:3096} INFO - Sync 1 DAGs
[2025-06-07T14:10:54.746+0000] {logging_mixin.py:188} INFO - [2025-06-07T14:10:54.746+0000] {dag.py:3954} INFO - Setting next_dagrun for kafka_producer_dag to None, run_after=None
[2025-06-07T14:10:54.754+0000] {processor.py:183} INFO - Processing /opt/airflow/dags/kafka_producer_dag.py took 0.038 seconds
[2025-06-07T14:11:24.913+0000] {processor.py:161} INFO - Started process (PID=3878) to work on /opt/airflow/dags/kafka_producer_dag.py
[2025-06-07T14:11:24.913+0000] {processor.py:830} INFO - Processing file /opt/airflow/dags/kafka_producer_dag.py for tasks to queue
[2025-06-07T14:11:24.914+0000] {logging_mixin.py:188} INFO - [2025-06-07T14:11:24.914+0000] {dagbag.py:540} INFO - Filling up the DagBag from /opt/airflow/dags/kafka_producer_dag.py
[2025-06-07T14:11:24.923+0000] {processor.py:840} INFO - DAG(s) 'kafka_producer_dag' retrieved from /opt/airflow/dags/kafka_producer_dag.py
[2025-06-07T14:11:24.938+0000] {logging_mixin.py:188} INFO - [2025-06-07T14:11:24.938+0000] {dag.py:3096} INFO - Sync 1 DAGs
[2025-06-07T14:11:24.944+0000] {logging_mixin.py:188} INFO - [2025-06-07T14:11:24.944+0000] {dag.py:3954} INFO - Setting next_dagrun for kafka_producer_dag to None, run_after=None
[2025-06-07T14:11:24.953+0000] {processor.py:183} INFO - Processing /opt/airflow/dags/kafka_producer_dag.py took 0.043 seconds
[2025-06-07T14:11:55.107+0000] {processor.py:161} INFO - Started process (PID=3888) to work on /opt/airflow/dags/kafka_producer_dag.py
[2025-06-07T14:11:55.108+0000] {processor.py:830} INFO - Processing file /opt/airflow/dags/kafka_producer_dag.py for tasks to queue
[2025-06-07T14:11:55.108+0000] {logging_mixin.py:188} INFO - [2025-06-07T14:11:55.108+0000] {dagbag.py:540} INFO - Filling up the DagBag from /opt/airflow/dags/kafka_producer_dag.py
[2025-06-07T14:11:55.116+0000] {processor.py:840} INFO - DAG(s) 'kafka_producer_dag' retrieved from /opt/airflow/dags/kafka_producer_dag.py
[2025-06-07T14:11:55.134+0000] {logging_mixin.py:188} INFO - [2025-06-07T14:11:55.134+0000] {dag.py:3096} INFO - Sync 1 DAGs
[2025-06-07T14:11:55.140+0000] {logging_mixin.py:188} INFO - [2025-06-07T14:11:55.140+0000] {dag.py:3954} INFO - Setting next_dagrun for kafka_producer_dag to None, run_after=None
[2025-06-07T14:11:55.149+0000] {processor.py:183} INFO - Processing /opt/airflow/dags/kafka_producer_dag.py took 0.046 seconds
[2025-06-07T14:12:25.324+0000] {processor.py:161} INFO - Started process (PID=3904) to work on /opt/airflow/dags/kafka_producer_dag.py
[2025-06-07T14:12:25.325+0000] {processor.py:830} INFO - Processing file /opt/airflow/dags/kafka_producer_dag.py for tasks to queue
[2025-06-07T14:12:25.325+0000] {logging_mixin.py:188} INFO - [2025-06-07T14:12:25.325+0000] {dagbag.py:540} INFO - Filling up the DagBag from /opt/airflow/dags/kafka_producer_dag.py
[2025-06-07T14:12:25.336+0000] {processor.py:840} INFO - DAG(s) 'kafka_producer_dag' retrieved from /opt/airflow/dags/kafka_producer_dag.py
[2025-06-07T14:12:25.354+0000] {logging_mixin.py:188} INFO - [2025-06-07T14:12:25.354+0000] {dag.py:3096} INFO - Sync 1 DAGs
[2025-06-07T14:12:25.361+0000] {logging_mixin.py:188} INFO - [2025-06-07T14:12:25.361+0000] {dag.py:3954} INFO - Setting next_dagrun for kafka_producer_dag to None, run_after=None
[2025-06-07T14:12:25.369+0000] {processor.py:183} INFO - Processing /opt/airflow/dags/kafka_producer_dag.py took 0.049 seconds
[2025-06-07T14:12:55.565+0000] {processor.py:161} INFO - Started process (PID=3914) to work on /opt/airflow/dags/kafka_producer_dag.py
[2025-06-07T14:12:55.566+0000] {processor.py:830} INFO - Processing file /opt/airflow/dags/kafka_producer_dag.py for tasks to queue
[2025-06-07T14:12:55.566+0000] {logging_mixin.py:188} INFO - [2025-06-07T14:12:55.566+0000] {dagbag.py:540} INFO - Filling up the DagBag from /opt/airflow/dags/kafka_producer_dag.py
[2025-06-07T14:12:55.576+0000] {processor.py:840} INFO - DAG(s) 'kafka_producer_dag' retrieved from /opt/airflow/dags/kafka_producer_dag.py
[2025-06-07T14:12:55.595+0000] {logging_mixin.py:188} INFO - [2025-06-07T14:12:55.595+0000] {dag.py:3096} INFO - Sync 1 DAGs
[2025-06-07T14:12:55.601+0000] {logging_mixin.py:188} INFO - [2025-06-07T14:12:55.601+0000] {dag.py:3954} INFO - Setting next_dagrun for kafka_producer_dag to None, run_after=None
[2025-06-07T14:12:55.609+0000] {processor.py:183} INFO - Processing /opt/airflow/dags/kafka_producer_dag.py took 0.047 seconds
[2025-06-07T14:13:25.806+0000] {processor.py:161} INFO - Started process (PID=3930) to work on /opt/airflow/dags/kafka_producer_dag.py
[2025-06-07T14:13:25.806+0000] {processor.py:830} INFO - Processing file /opt/airflow/dags/kafka_producer_dag.py for tasks to queue
[2025-06-07T14:13:25.807+0000] {logging_mixin.py:188} INFO - [2025-06-07T14:13:25.807+0000] {dagbag.py:540} INFO - Filling up the DagBag from /opt/airflow/dags/kafka_producer_dag.py
[2025-06-07T14:13:25.816+0000] {processor.py:840} INFO - DAG(s) 'kafka_producer_dag' retrieved from /opt/airflow/dags/kafka_producer_dag.py
[2025-06-07T14:13:25.830+0000] {logging_mixin.py:188} INFO - [2025-06-07T14:13:25.830+0000] {dag.py:3096} INFO - Sync 1 DAGs
[2025-06-07T14:13:25.836+0000] {logging_mixin.py:188} INFO - [2025-06-07T14:13:25.836+0000] {dag.py:3954} INFO - Setting next_dagrun for kafka_producer_dag to None, run_after=None
[2025-06-07T14:13:25.844+0000] {processor.py:183} INFO - Processing /opt/airflow/dags/kafka_producer_dag.py took 0.041 seconds
[2025-06-07T14:13:56.038+0000] {processor.py:161} INFO - Started process (PID=3940) to work on /opt/airflow/dags/kafka_producer_dag.py
[2025-06-07T14:13:56.039+0000] {processor.py:830} INFO - Processing file /opt/airflow/dags/kafka_producer_dag.py for tasks to queue
[2025-06-07T14:13:56.040+0000] {logging_mixin.py:188} INFO - [2025-06-07T14:13:56.040+0000] {dagbag.py:540} INFO - Filling up the DagBag from /opt/airflow/dags/kafka_producer_dag.py
[2025-06-07T14:13:56.049+0000] {processor.py:840} INFO - DAG(s) 'kafka_producer_dag' retrieved from /opt/airflow/dags/kafka_producer_dag.py
[2025-06-07T14:13:56.064+0000] {logging_mixin.py:188} INFO - [2025-06-07T14:13:56.063+0000] {dag.py:3096} INFO - Sync 1 DAGs
[2025-06-07T14:13:56.070+0000] {logging_mixin.py:188} INFO - [2025-06-07T14:13:56.069+0000] {dag.py:3954} INFO - Setting next_dagrun for kafka_producer_dag to None, run_after=None
[2025-06-07T14:13:56.081+0000] {processor.py:183} INFO - Processing /opt/airflow/dags/kafka_producer_dag.py took 0.047 seconds
[2025-06-07T14:14:26.279+0000] {processor.py:161} INFO - Started process (PID=3956) to work on /opt/airflow/dags/kafka_producer_dag.py
[2025-06-07T14:14:26.280+0000] {processor.py:830} INFO - Processing file /opt/airflow/dags/kafka_producer_dag.py for tasks to queue
[2025-06-07T14:14:26.280+0000] {logging_mixin.py:188} INFO - [2025-06-07T14:14:26.280+0000] {dagbag.py:540} INFO - Filling up the DagBag from /opt/airflow/dags/kafka_producer_dag.py
[2025-06-07T14:14:26.288+0000] {processor.py:840} INFO - DAG(s) 'kafka_producer_dag' retrieved from /opt/airflow/dags/kafka_producer_dag.py
[2025-06-07T14:14:26.301+0000] {logging_mixin.py:188} INFO - [2025-06-07T14:14:26.301+0000] {dag.py:3096} INFO - Sync 1 DAGs
[2025-06-07T14:14:26.307+0000] {logging_mixin.py:188} INFO - [2025-06-07T14:14:26.307+0000] {dag.py:3954} INFO - Setting next_dagrun for kafka_producer_dag to None, run_after=None
[2025-06-07T14:14:26.316+0000] {processor.py:183} INFO - Processing /opt/airflow/dags/kafka_producer_dag.py took 0.039 seconds
[2025-06-07T14:14:56.482+0000] {processor.py:161} INFO - Started process (PID=3966) to work on /opt/airflow/dags/kafka_producer_dag.py
[2025-06-07T14:14:56.482+0000] {processor.py:830} INFO - Processing file /opt/airflow/dags/kafka_producer_dag.py for tasks to queue
[2025-06-07T14:14:56.483+0000] {logging_mixin.py:188} INFO - [2025-06-07T14:14:56.483+0000] {dagbag.py:540} INFO - Filling up the DagBag from /opt/airflow/dags/kafka_producer_dag.py
[2025-06-07T14:14:56.492+0000] {processor.py:840} INFO - DAG(s) 'kafka_producer_dag' retrieved from /opt/airflow/dags/kafka_producer_dag.py
[2025-06-07T14:14:56.506+0000] {logging_mixin.py:188} INFO - [2025-06-07T14:14:56.506+0000] {dag.py:3096} INFO - Sync 1 DAGs
[2025-06-07T14:14:56.511+0000] {logging_mixin.py:188} INFO - [2025-06-07T14:14:56.511+0000] {dag.py:3954} INFO - Setting next_dagrun for kafka_producer_dag to None, run_after=None
[2025-06-07T14:14:56.520+0000] {processor.py:183} INFO - Processing /opt/airflow/dags/kafka_producer_dag.py took 0.041 seconds
[2025-06-07T14:15:26.670+0000] {processor.py:161} INFO - Started process (PID=3982) to work on /opt/airflow/dags/kafka_producer_dag.py
[2025-06-07T14:15:26.670+0000] {processor.py:830} INFO - Processing file /opt/airflow/dags/kafka_producer_dag.py for tasks to queue
[2025-06-07T14:15:26.671+0000] {logging_mixin.py:188} INFO - [2025-06-07T14:15:26.671+0000] {dagbag.py:540} INFO - Filling up the DagBag from /opt/airflow/dags/kafka_producer_dag.py
[2025-06-07T14:15:26.679+0000] {processor.py:840} INFO - DAG(s) 'kafka_producer_dag' retrieved from /opt/airflow/dags/kafka_producer_dag.py
[2025-06-07T14:15:26.694+0000] {logging_mixin.py:188} INFO - [2025-06-07T14:15:26.694+0000] {dag.py:3096} INFO - Sync 1 DAGs
[2025-06-07T14:15:26.700+0000] {logging_mixin.py:188} INFO - [2025-06-07T14:15:26.700+0000] {dag.py:3954} INFO - Setting next_dagrun for kafka_producer_dag to None, run_after=None
[2025-06-07T14:15:26.710+0000] {processor.py:183} INFO - Processing /opt/airflow/dags/kafka_producer_dag.py took 0.044 seconds
[2025-06-07T14:15:56.869+0000] {processor.py:161} INFO - Started process (PID=3992) to work on /opt/airflow/dags/kafka_producer_dag.py
[2025-06-07T14:15:56.870+0000] {processor.py:830} INFO - Processing file /opt/airflow/dags/kafka_producer_dag.py for tasks to queue
[2025-06-07T14:15:56.870+0000] {logging_mixin.py:188} INFO - [2025-06-07T14:15:56.870+0000] {dagbag.py:540} INFO - Filling up the DagBag from /opt/airflow/dags/kafka_producer_dag.py
[2025-06-07T14:15:56.881+0000] {processor.py:840} INFO - DAG(s) 'kafka_producer_dag' retrieved from /opt/airflow/dags/kafka_producer_dag.py
[2025-06-07T14:15:56.898+0000] {logging_mixin.py:188} INFO - [2025-06-07T14:15:56.898+0000] {dag.py:3096} INFO - Sync 1 DAGs
[2025-06-07T14:15:56.905+0000] {logging_mixin.py:188} INFO - [2025-06-07T14:15:56.905+0000] {dag.py:3954} INFO - Setting next_dagrun for kafka_producer_dag to None, run_after=None
[2025-06-07T14:15:56.914+0000] {processor.py:183} INFO - Processing /opt/airflow/dags/kafka_producer_dag.py took 0.049 seconds
[2025-06-07T14:16:27.106+0000] {processor.py:161} INFO - Started process (PID=4008) to work on /opt/airflow/dags/kafka_producer_dag.py
[2025-06-07T14:16:27.107+0000] {processor.py:830} INFO - Processing file /opt/airflow/dags/kafka_producer_dag.py for tasks to queue
[2025-06-07T14:16:27.108+0000] {logging_mixin.py:188} INFO - [2025-06-07T14:16:27.107+0000] {dagbag.py:540} INFO - Filling up the DagBag from /opt/airflow/dags/kafka_producer_dag.py
[2025-06-07T14:16:27.120+0000] {processor.py:840} INFO - DAG(s) 'kafka_producer_dag' retrieved from /opt/airflow/dags/kafka_producer_dag.py
[2025-06-07T14:16:27.139+0000] {logging_mixin.py:188} INFO - [2025-06-07T14:16:27.138+0000] {dag.py:3096} INFO - Sync 1 DAGs
[2025-06-07T14:16:27.146+0000] {logging_mixin.py:188} INFO - [2025-06-07T14:16:27.145+0000] {dag.py:3954} INFO - Setting next_dagrun for kafka_producer_dag to None, run_after=None
[2025-06-07T14:16:27.156+0000] {processor.py:183} INFO - Processing /opt/airflow/dags/kafka_producer_dag.py took 0.054 seconds
[2025-06-07T14:16:57.333+0000] {processor.py:161} INFO - Started process (PID=4018) to work on /opt/airflow/dags/kafka_producer_dag.py
[2025-06-07T14:16:57.333+0000] {processor.py:830} INFO - Processing file /opt/airflow/dags/kafka_producer_dag.py for tasks to queue
[2025-06-07T14:16:57.334+0000] {logging_mixin.py:188} INFO - [2025-06-07T14:16:57.334+0000] {dagbag.py:540} INFO - Filling up the DagBag from /opt/airflow/dags/kafka_producer_dag.py
[2025-06-07T14:16:57.346+0000] {processor.py:840} INFO - DAG(s) 'kafka_producer_dag' retrieved from /opt/airflow/dags/kafka_producer_dag.py
[2025-06-07T14:16:57.362+0000] {logging_mixin.py:188} INFO - [2025-06-07T14:16:57.362+0000] {dag.py:3096} INFO - Sync 1 DAGs
[2025-06-07T14:16:57.368+0000] {logging_mixin.py:188} INFO - [2025-06-07T14:16:57.368+0000] {dag.py:3954} INFO - Setting next_dagrun for kafka_producer_dag to None, run_after=None
[2025-06-07T14:16:57.378+0000] {processor.py:183} INFO - Processing /opt/airflow/dags/kafka_producer_dag.py took 0.049 seconds
[2025-06-07T14:17:27.558+0000] {processor.py:161} INFO - Started process (PID=4034) to work on /opt/airflow/dags/kafka_producer_dag.py
[2025-06-07T14:17:27.559+0000] {processor.py:830} INFO - Processing file /opt/airflow/dags/kafka_producer_dag.py for tasks to queue
[2025-06-07T14:17:27.559+0000] {logging_mixin.py:188} INFO - [2025-06-07T14:17:27.559+0000] {dagbag.py:540} INFO - Filling up the DagBag from /opt/airflow/dags/kafka_producer_dag.py
[2025-06-07T14:17:27.570+0000] {processor.py:840} INFO - DAG(s) 'kafka_producer_dag' retrieved from /opt/airflow/dags/kafka_producer_dag.py
[2025-06-07T14:17:27.586+0000] {logging_mixin.py:188} INFO - [2025-06-07T14:17:27.586+0000] {dag.py:3096} INFO - Sync 1 DAGs
[2025-06-07T14:17:27.593+0000] {logging_mixin.py:188} INFO - [2025-06-07T14:17:27.593+0000] {dag.py:3954} INFO - Setting next_dagrun for kafka_producer_dag to None, run_after=None
[2025-06-07T14:17:27.601+0000] {processor.py:183} INFO - Processing /opt/airflow/dags/kafka_producer_dag.py took 0.048 seconds
[2025-06-07T14:17:57.784+0000] {processor.py:161} INFO - Started process (PID=4044) to work on /opt/airflow/dags/kafka_producer_dag.py
[2025-06-07T14:17:57.784+0000] {processor.py:830} INFO - Processing file /opt/airflow/dags/kafka_producer_dag.py for tasks to queue
[2025-06-07T14:17:57.785+0000] {logging_mixin.py:188} INFO - [2025-06-07T14:17:57.784+0000] {dagbag.py:540} INFO - Filling up the DagBag from /opt/airflow/dags/kafka_producer_dag.py
[2025-06-07T14:17:57.794+0000] {processor.py:840} INFO - DAG(s) 'kafka_producer_dag' retrieved from /opt/airflow/dags/kafka_producer_dag.py
[2025-06-07T14:17:57.824+0000] {logging_mixin.py:188} INFO - [2025-06-07T14:17:57.824+0000] {dag.py:3096} INFO - Sync 1 DAGs
[2025-06-07T14:17:57.842+0000] {logging_mixin.py:188} INFO - [2025-06-07T14:17:57.841+0000] {dag.py:3954} INFO - Setting next_dagrun for kafka_producer_dag to None, run_after=None
[2025-06-07T14:17:57.859+0000] {processor.py:183} INFO - Processing /opt/airflow/dags/kafka_producer_dag.py took 0.079 seconds
[2025-06-07T14:18:27.995+0000] {processor.py:161} INFO - Started process (PID=4060) to work on /opt/airflow/dags/kafka_producer_dag.py
[2025-06-07T14:18:27.995+0000] {processor.py:830} INFO - Processing file /opt/airflow/dags/kafka_producer_dag.py for tasks to queue
[2025-06-07T14:18:27.995+0000] {logging_mixin.py:188} INFO - [2025-06-07T14:18:27.995+0000] {dagbag.py:540} INFO - Filling up the DagBag from /opt/airflow/dags/kafka_producer_dag.py
[2025-06-07T14:18:28.004+0000] {processor.py:840} INFO - DAG(s) 'kafka_producer_dag' retrieved from /opt/airflow/dags/kafka_producer_dag.py
[2025-06-07T14:18:28.021+0000] {logging_mixin.py:188} INFO - [2025-06-07T14:18:28.021+0000] {dag.py:3096} INFO - Sync 1 DAGs
[2025-06-07T14:18:28.028+0000] {logging_mixin.py:188} INFO - [2025-06-07T14:18:28.028+0000] {dag.py:3954} INFO - Setting next_dagrun for kafka_producer_dag to None, run_after=None
[2025-06-07T14:18:28.037+0000] {processor.py:183} INFO - Processing /opt/airflow/dags/kafka_producer_dag.py took 0.046 seconds
[2025-06-07T14:18:58.234+0000] {processor.py:161} INFO - Started process (PID=4070) to work on /opt/airflow/dags/kafka_producer_dag.py
[2025-06-07T14:18:58.235+0000] {processor.py:830} INFO - Processing file /opt/airflow/dags/kafka_producer_dag.py for tasks to queue
[2025-06-07T14:18:58.236+0000] {logging_mixin.py:188} INFO - [2025-06-07T14:18:58.235+0000] {dagbag.py:540} INFO - Filling up the DagBag from /opt/airflow/dags/kafka_producer_dag.py
[2025-06-07T14:18:58.245+0000] {processor.py:840} INFO - DAG(s) 'kafka_producer_dag' retrieved from /opt/airflow/dags/kafka_producer_dag.py
[2025-06-07T14:18:58.262+0000] {logging_mixin.py:188} INFO - [2025-06-07T14:18:58.261+0000] {dag.py:3096} INFO - Sync 1 DAGs
[2025-06-07T14:18:58.268+0000] {logging_mixin.py:188} INFO - [2025-06-07T14:18:58.268+0000] {dag.py:3954} INFO - Setting next_dagrun for kafka_producer_dag to None, run_after=None
[2025-06-07T14:18:58.276+0000] {processor.py:183} INFO - Processing /opt/airflow/dags/kafka_producer_dag.py took 0.046 seconds
[2025-06-07T14:19:28.475+0000] {processor.py:161} INFO - Started process (PID=4086) to work on /opt/airflow/dags/kafka_producer_dag.py
[2025-06-07T14:19:28.476+0000] {processor.py:830} INFO - Processing file /opt/airflow/dags/kafka_producer_dag.py for tasks to queue
[2025-06-07T14:19:28.477+0000] {logging_mixin.py:188} INFO - [2025-06-07T14:19:28.477+0000] {dagbag.py:540} INFO - Filling up the DagBag from /opt/airflow/dags/kafka_producer_dag.py
[2025-06-07T14:19:28.487+0000] {processor.py:840} INFO - DAG(s) 'kafka_producer_dag' retrieved from /opt/airflow/dags/kafka_producer_dag.py
[2025-06-07T14:19:28.503+0000] {logging_mixin.py:188} INFO - [2025-06-07T14:19:28.503+0000] {dag.py:3096} INFO - Sync 1 DAGs
[2025-06-07T14:19:28.510+0000] {logging_mixin.py:188} INFO - [2025-06-07T14:19:28.510+0000] {dag.py:3954} INFO - Setting next_dagrun for kafka_producer_dag to None, run_after=None
[2025-06-07T14:19:28.518+0000] {processor.py:183} INFO - Processing /opt/airflow/dags/kafka_producer_dag.py took 0.048 seconds
[2025-06-07T14:19:58.724+0000] {processor.py:161} INFO - Started process (PID=4096) to work on /opt/airflow/dags/kafka_producer_dag.py
[2025-06-07T14:19:58.725+0000] {processor.py:830} INFO - Processing file /opt/airflow/dags/kafka_producer_dag.py for tasks to queue
[2025-06-07T14:19:58.726+0000] {logging_mixin.py:188} INFO - [2025-06-07T14:19:58.726+0000] {dagbag.py:540} INFO - Filling up the DagBag from /opt/airflow/dags/kafka_producer_dag.py
[2025-06-07T14:19:58.735+0000] {processor.py:840} INFO - DAG(s) 'kafka_producer_dag' retrieved from /opt/airflow/dags/kafka_producer_dag.py
[2025-06-07T14:19:58.750+0000] {logging_mixin.py:188} INFO - [2025-06-07T14:19:58.750+0000] {dag.py:3096} INFO - Sync 1 DAGs
[2025-06-07T14:19:58.756+0000] {logging_mixin.py:188} INFO - [2025-06-07T14:19:58.756+0000] {dag.py:3954} INFO - Setting next_dagrun for kafka_producer_dag to None, run_after=None
[2025-06-07T14:19:58.764+0000] {processor.py:183} INFO - Processing /opt/airflow/dags/kafka_producer_dag.py took 0.044 seconds
[2025-06-07T14:20:28.938+0000] {processor.py:161} INFO - Started process (PID=4112) to work on /opt/airflow/dags/kafka_producer_dag.py
[2025-06-07T14:20:28.938+0000] {processor.py:830} INFO - Processing file /opt/airflow/dags/kafka_producer_dag.py for tasks to queue
[2025-06-07T14:20:28.939+0000] {logging_mixin.py:188} INFO - [2025-06-07T14:20:28.939+0000] {dagbag.py:540} INFO - Filling up the DagBag from /opt/airflow/dags/kafka_producer_dag.py
[2025-06-07T14:20:28.947+0000] {processor.py:840} INFO - DAG(s) 'kafka_producer_dag' retrieved from /opt/airflow/dags/kafka_producer_dag.py
[2025-06-07T14:20:28.960+0000] {logging_mixin.py:188} INFO - [2025-06-07T14:20:28.960+0000] {dag.py:3096} INFO - Sync 1 DAGs
[2025-06-07T14:20:28.966+0000] {logging_mixin.py:188} INFO - [2025-06-07T14:20:28.965+0000] {dag.py:3954} INFO - Setting next_dagrun for kafka_producer_dag to None, run_after=None
[2025-06-07T14:20:28.974+0000] {processor.py:183} INFO - Processing /opt/airflow/dags/kafka_producer_dag.py took 0.039 seconds
[2025-06-07T14:20:59.158+0000] {processor.py:161} INFO - Started process (PID=4122) to work on /opt/airflow/dags/kafka_producer_dag.py
[2025-06-07T14:20:59.158+0000] {processor.py:830} INFO - Processing file /opt/airflow/dags/kafka_producer_dag.py for tasks to queue
[2025-06-07T14:20:59.159+0000] {logging_mixin.py:188} INFO - [2025-06-07T14:20:59.159+0000] {dagbag.py:540} INFO - Filling up the DagBag from /opt/airflow/dags/kafka_producer_dag.py
[2025-06-07T14:20:59.168+0000] {processor.py:840} INFO - DAG(s) 'kafka_producer_dag' retrieved from /opt/airflow/dags/kafka_producer_dag.py
[2025-06-07T14:20:59.183+0000] {logging_mixin.py:188} INFO - [2025-06-07T14:20:59.183+0000] {dag.py:3096} INFO - Sync 1 DAGs
[2025-06-07T14:20:59.189+0000] {logging_mixin.py:188} INFO - [2025-06-07T14:20:59.189+0000] {dag.py:3954} INFO - Setting next_dagrun for kafka_producer_dag to None, run_after=None
[2025-06-07T14:20:59.197+0000] {processor.py:183} INFO - Processing /opt/airflow/dags/kafka_producer_dag.py took 0.042 seconds
[2025-06-07T14:21:29.401+0000] {processor.py:161} INFO - Started process (PID=4138) to work on /opt/airflow/dags/kafka_producer_dag.py
[2025-06-07T14:21:29.402+0000] {processor.py:830} INFO - Processing file /opt/airflow/dags/kafka_producer_dag.py for tasks to queue
[2025-06-07T14:21:29.404+0000] {logging_mixin.py:188} INFO - [2025-06-07T14:21:29.403+0000] {dagbag.py:540} INFO - Filling up the DagBag from /opt/airflow/dags/kafka_producer_dag.py
[2025-06-07T14:21:29.415+0000] {processor.py:840} INFO - DAG(s) 'kafka_producer_dag' retrieved from /opt/airflow/dags/kafka_producer_dag.py
[2025-06-07T14:21:29.438+0000] {logging_mixin.py:188} INFO - [2025-06-07T14:21:29.438+0000] {dag.py:3096} INFO - Sync 1 DAGs
[2025-06-07T14:21:29.446+0000] {logging_mixin.py:188} INFO - [2025-06-07T14:21:29.446+0000] {dag.py:3954} INFO - Setting next_dagrun for kafka_producer_dag to None, run_after=None
[2025-06-07T14:21:29.457+0000] {processor.py:183} INFO - Processing /opt/airflow/dags/kafka_producer_dag.py took 0.065 seconds
[2025-06-07T14:21:59.655+0000] {processor.py:161} INFO - Started process (PID=4148) to work on /opt/airflow/dags/kafka_producer_dag.py
[2025-06-07T14:21:59.655+0000] {processor.py:830} INFO - Processing file /opt/airflow/dags/kafka_producer_dag.py for tasks to queue
[2025-06-07T14:21:59.656+0000] {logging_mixin.py:188} INFO - [2025-06-07T14:21:59.656+0000] {dagbag.py:540} INFO - Filling up the DagBag from /opt/airflow/dags/kafka_producer_dag.py
[2025-06-07T14:21:59.664+0000] {processor.py:840} INFO - DAG(s) 'kafka_producer_dag' retrieved from /opt/airflow/dags/kafka_producer_dag.py
[2025-06-07T14:21:59.679+0000] {logging_mixin.py:188} INFO - [2025-06-07T14:21:59.679+0000] {dag.py:3096} INFO - Sync 1 DAGs
[2025-06-07T14:21:59.685+0000] {logging_mixin.py:188} INFO - [2025-06-07T14:21:59.685+0000] {dag.py:3954} INFO - Setting next_dagrun for kafka_producer_dag to None, run_after=None
[2025-06-07T14:21:59.694+0000] {processor.py:183} INFO - Processing /opt/airflow/dags/kafka_producer_dag.py took 0.043 seconds
[2025-06-07T14:22:29.889+0000] {processor.py:161} INFO - Started process (PID=4164) to work on /opt/airflow/dags/kafka_producer_dag.py
[2025-06-07T14:22:29.889+0000] {processor.py:830} INFO - Processing file /opt/airflow/dags/kafka_producer_dag.py for tasks to queue
[2025-06-07T14:22:29.890+0000] {logging_mixin.py:188} INFO - [2025-06-07T14:22:29.890+0000] {dagbag.py:540} INFO - Filling up the DagBag from /opt/airflow/dags/kafka_producer_dag.py
[2025-06-07T14:22:29.900+0000] {processor.py:840} INFO - DAG(s) 'kafka_producer_dag' retrieved from /opt/airflow/dags/kafka_producer_dag.py
[2025-06-07T14:22:29.916+0000] {logging_mixin.py:188} INFO - [2025-06-07T14:22:29.915+0000] {dag.py:3096} INFO - Sync 1 DAGs
[2025-06-07T14:22:29.922+0000] {logging_mixin.py:188} INFO - [2025-06-07T14:22:29.922+0000] {dag.py:3954} INFO - Setting next_dagrun for kafka_producer_dag to None, run_after=None
[2025-06-07T14:22:29.932+0000] {processor.py:183} INFO - Processing /opt/airflow/dags/kafka_producer_dag.py took 0.046 seconds
[2025-06-07T14:23:00.134+0000] {processor.py:161} INFO - Started process (PID=4175) to work on /opt/airflow/dags/kafka_producer_dag.py
[2025-06-07T14:23:00.134+0000] {processor.py:830} INFO - Processing file /opt/airflow/dags/kafka_producer_dag.py for tasks to queue
[2025-06-07T14:23:00.135+0000] {logging_mixin.py:188} INFO - [2025-06-07T14:23:00.135+0000] {dagbag.py:540} INFO - Filling up the DagBag from /opt/airflow/dags/kafka_producer_dag.py
[2025-06-07T14:23:00.149+0000] {processor.py:840} INFO - DAG(s) 'kafka_producer_dag' retrieved from /opt/airflow/dags/kafka_producer_dag.py
[2025-06-07T14:23:00.171+0000] {logging_mixin.py:188} INFO - [2025-06-07T14:23:00.171+0000] {dag.py:3096} INFO - Sync 1 DAGs
[2025-06-07T14:23:00.181+0000] {logging_mixin.py:188} INFO - [2025-06-07T14:23:00.180+0000] {dag.py:3954} INFO - Setting next_dagrun for kafka_producer_dag to None, run_after=None
[2025-06-07T14:23:00.191+0000] {processor.py:183} INFO - Processing /opt/airflow/dags/kafka_producer_dag.py took 0.061 seconds
[2025-06-07T14:23:30.400+0000] {processor.py:161} INFO - Started process (PID=4190) to work on /opt/airflow/dags/kafka_producer_dag.py
[2025-06-07T14:23:30.401+0000] {processor.py:830} INFO - Processing file /opt/airflow/dags/kafka_producer_dag.py for tasks to queue
[2025-06-07T14:23:30.401+0000] {logging_mixin.py:188} INFO - [2025-06-07T14:23:30.401+0000] {dagbag.py:540} INFO - Filling up the DagBag from /opt/airflow/dags/kafka_producer_dag.py
[2025-06-07T14:23:30.410+0000] {processor.py:840} INFO - DAG(s) 'kafka_producer_dag' retrieved from /opt/airflow/dags/kafka_producer_dag.py
[2025-06-07T14:23:30.425+0000] {logging_mixin.py:188} INFO - [2025-06-07T14:23:30.425+0000] {dag.py:3096} INFO - Sync 1 DAGs
[2025-06-07T14:23:30.431+0000] {logging_mixin.py:188} INFO - [2025-06-07T14:23:30.431+0000] {dag.py:3954} INFO - Setting next_dagrun for kafka_producer_dag to None, run_after=None
[2025-06-07T14:23:30.440+0000] {processor.py:183} INFO - Processing /opt/airflow/dags/kafka_producer_dag.py took 0.044 seconds
