[2025-06-06T01:18:11.417+0000] {local_task_job_runner.py:120} INFO - ::group::Pre task execution logs
[2025-06-06T01:18:11.431+0000] {taskinstance.py:2073} INFO - Dependencies all met for dep_context=non-requeueable deps ti=<TaskInstance: pokemon_partitioned_to_kafka.fetch_pokemon_and_send_partitioned_to_kafka scheduled__2025-06-06T01:17:00+00:00 [queued]>
[2025-06-06T01:18:11.435+0000] {taskinstance.py:2073} INFO - Dependencies all met for dep_context=requeueable deps ti=<TaskInstance: pokemon_partitioned_to_kafka.fetch_pokemon_and_send_partitioned_to_kafka scheduled__2025-06-06T01:17:00+00:00 [queued]>
[2025-06-06T01:18:11.435+0000] {taskinstance.py:2303} INFO - Starting attempt 1 of 1
[2025-06-06T01:18:11.441+0000] {taskinstance.py:2327} INFO - Executing <Task(PythonOperator): fetch_pokemon_and_send_partitioned_to_kafka> on 2025-06-06 01:17:00+00:00
[2025-06-06T01:18:11.445+0000] {logging_mixin.py:188} WARNING - /home/***/.local/lib/python3.12/site-packages/***/task/task_runner/standard_task_runner.py:61 DeprecationWarning: This process (pid=1395) is multi-threaded, use of fork() may lead to deadlocks in the child.
[2025-06-06T01:18:11.445+0000] {standard_task_runner.py:63} INFO - Started process 1396 to run task
[2025-06-06T01:18:11.445+0000] {standard_task_runner.py:90} INFO - Running: ['***', 'tasks', 'run', 'pokemon_partitioned_to_kafka', 'fetch_pokemon_and_send_partitioned_to_kafka', 'scheduled__2025-06-06T01:17:00+00:00', '--job-id', '53', '--raw', '--subdir', 'DAGS_FOLDER/pkapi_to_kafka_dag.py', '--cfg-path', '/tmp/tmp1nlyw8mv']
[2025-06-06T01:18:11.446+0000] {standard_task_runner.py:91} INFO - Job 53: Subtask fetch_pokemon_and_send_partitioned_to_kafka
[2025-06-06T01:18:11.454+0000] {logging_mixin.py:188} WARNING - /home/***/.local/lib/python3.12/site-packages/***/settings.py:195 DeprecationWarning: The sql_alchemy_conn option in [core] has been moved to the sql_alchemy_conn option in [database] - the old setting has been used, but please update your config.
[2025-06-06T01:18:11.474+0000] {task_command.py:426} INFO - Running <TaskInstance: pokemon_partitioned_to_kafka.fetch_pokemon_and_send_partitioned_to_kafka scheduled__2025-06-06T01:17:00+00:00 [running]> on host 856ef77f0083
[2025-06-06T01:18:11.532+0000] {taskinstance.py:2644} INFO - Exporting env vars: AIRFLOW_CTX_DAG_OWNER='***' AIRFLOW_CTX_DAG_ID='pokemon_partitioned_to_kafka' AIRFLOW_CTX_TASK_ID='fetch_pokemon_and_send_partitioned_to_kafka' AIRFLOW_CTX_EXECUTION_DATE='2025-06-06T01:17:00+00:00' AIRFLOW_CTX_TRY_NUMBER='1' AIRFLOW_CTX_DAG_RUN_ID='scheduled__2025-06-06T01:17:00+00:00'
[2025-06-06T01:18:11.533+0000] {taskinstance.py:430} INFO - ::endgroup::
[2025-06-06T01:18:12.547+0000] {logging_mixin.py:188} INFO - Produced: bulbasaur with key=grass
[2025-06-06T01:18:13.082+0000] {logging_mixin.py:188} INFO - Produced: ivysaur with key=grass
[2025-06-06T01:18:13.624+0000] {logging_mixin.py:188} INFO - Produced: venusaur with key=grass
[2025-06-06T01:18:14.161+0000] {logging_mixin.py:188} INFO - Produced: charmander with key=fire
[2025-06-06T01:18:14.684+0000] {logging_mixin.py:188} INFO - Produced: charmeleon with key=fire
[2025-06-06T01:18:15.214+0000] {logging_mixin.py:188} INFO - Produced: charizard with key=fire
[2025-06-06T01:18:15.756+0000] {logging_mixin.py:188} INFO - Produced: squirtle with key=water
[2025-06-06T01:18:16.274+0000] {logging_mixin.py:188} INFO - Produced: wartortle with key=water
[2025-06-06T01:18:16.804+0000] {logging_mixin.py:188} INFO - Produced: blastoise with key=water
[2025-06-06T01:18:17.326+0000] {logging_mixin.py:188} INFO - Produced: caterpie with key=bug
[2025-06-06T01:18:17.854+0000] {logging_mixin.py:188} INFO - Produced: metapod with key=bug
[2025-06-06T01:18:18.391+0000] {logging_mixin.py:188} INFO - Produced: butterfree with key=bug
[2025-06-06T01:18:18.914+0000] {logging_mixin.py:188} INFO - Produced: weedle with key=bug
[2025-06-06T01:18:19.454+0000] {logging_mixin.py:188} INFO - Produced: kakuna with key=bug
[2025-06-06T01:18:19.964+0000] {logging_mixin.py:188} INFO - Produced: beedrill with key=bug
[2025-06-06T01:18:20.513+0000] {logging_mixin.py:188} INFO - Produced: pidgey with key=normal
[2025-06-06T01:18:21.040+0000] {logging_mixin.py:188} INFO - Produced: pidgeotto with key=normal
[2025-06-06T01:18:21.554+0000] {logging_mixin.py:188} INFO - Produced: pidgeot with key=normal
[2025-06-06T01:18:22.070+0000] {logging_mixin.py:188} INFO - Produced: rattata with key=normal
[2025-06-06T01:18:22.280+0000] {python.py:237} INFO - Done. Returned value was: None
[2025-06-06T01:18:22.281+0000] {taskinstance.py:441} INFO - ::group::Post task execution logs
[2025-06-06T01:18:22.294+0000] {taskinstance.py:1205} INFO - Marking task as SUCCESS. dag_id=pokemon_partitioned_to_kafka, task_id=fetch_pokemon_and_send_partitioned_to_kafka, execution_date=20250606T011700, start_date=20250606T011811, end_date=20250606T011822
[2025-06-06T01:18:22.317+0000] {local_task_job_runner.py:240} INFO - Task exited with return code 0
[2025-06-06T01:18:22.328+0000] {taskinstance.py:3482} INFO - 0 downstream tasks scheduled from follow-on schedule check
[2025-06-06T01:18:22.329+0000] {local_task_job_runner.py:222} INFO - ::endgroup::
