[2025-06-06T00:55:00.698+0000] {local_task_job_runner.py:120} INFO - ::group::Pre task execution logs
[2025-06-06T00:55:00.711+0000] {taskinstance.py:2073} INFO - Dependencies all met for dep_context=non-requeueable deps ti=<TaskInstance: pokemon_partitioned_to_kafka.fetch_pokemon_and_send_partitioned_to_kafka scheduled__2025-06-06T00:54:00+00:00 [queued]>
[2025-06-06T00:55:00.714+0000] {taskinstance.py:2073} INFO - Dependencies all met for dep_context=requeueable deps ti=<TaskInstance: pokemon_partitioned_to_kafka.fetch_pokemon_and_send_partitioned_to_kafka scheduled__2025-06-06T00:54:00+00:00 [queued]>
[2025-06-06T00:55:00.714+0000] {taskinstance.py:2303} INFO - Starting attempt 1 of 1
[2025-06-06T00:55:00.720+0000] {taskinstance.py:2327} INFO - Executing <Task(PythonOperator): fetch_pokemon_and_send_partitioned_to_kafka> on 2025-06-06 00:54:00+00:00
[2025-06-06T00:55:00.723+0000] {logging_mixin.py:188} WARNING - /home/***/.local/lib/python3.12/site-packages/***/task/task_runner/standard_task_runner.py:61 DeprecationWarning: This process (pid=1331) is multi-threaded, use of fork() may lead to deadlocks in the child.
[2025-06-06T00:55:00.724+0000] {standard_task_runner.py:63} INFO - Started process 1332 to run task
[2025-06-06T00:55:00.723+0000] {standard_task_runner.py:90} INFO - Running: ['***', 'tasks', 'run', 'pokemon_partitioned_to_kafka', 'fetch_pokemon_and_send_partitioned_to_kafka', 'scheduled__2025-06-06T00:54:00+00:00', '--job-id', '49', '--raw', '--subdir', 'DAGS_FOLDER/pkapi_to_kafka_dag.py', '--cfg-path', '/tmp/tmp83yng_hh']
[2025-06-06T00:55:00.725+0000] {standard_task_runner.py:91} INFO - Job 49: Subtask fetch_pokemon_and_send_partitioned_to_kafka
[2025-06-06T00:55:00.732+0000] {logging_mixin.py:188} WARNING - /home/***/.local/lib/python3.12/site-packages/***/settings.py:195 DeprecationWarning: The sql_alchemy_conn option in [core] has been moved to the sql_alchemy_conn option in [database] - the old setting has been used, but please update your config.
[2025-06-06T00:55:00.750+0000] {task_command.py:426} INFO - Running <TaskInstance: pokemon_partitioned_to_kafka.fetch_pokemon_and_send_partitioned_to_kafka scheduled__2025-06-06T00:54:00+00:00 [running]> on host 856ef77f0083
[2025-06-06T00:55:00.791+0000] {taskinstance.py:2644} INFO - Exporting env vars: AIRFLOW_CTX_DAG_OWNER='***' AIRFLOW_CTX_DAG_ID='pokemon_partitioned_to_kafka' AIRFLOW_CTX_TASK_ID='fetch_pokemon_and_send_partitioned_to_kafka' AIRFLOW_CTX_EXECUTION_DATE='2025-06-06T00:54:00+00:00' AIRFLOW_CTX_TRY_NUMBER='1' AIRFLOW_CTX_DAG_RUN_ID='scheduled__2025-06-06T00:54:00+00:00'
[2025-06-06T00:55:00.792+0000] {taskinstance.py:430} INFO - ::endgroup::
[2025-06-06T00:55:01.813+0000] {logging_mixin.py:188} INFO - Produced: bulbasaur with key=grass
[2025-06-06T00:55:02.360+0000] {logging_mixin.py:188} INFO - Produced: ivysaur with key=grass
[2025-06-06T00:55:02.893+0000] {logging_mixin.py:188} INFO - Produced: venusaur with key=grass
[2025-06-06T00:55:03.454+0000] {logging_mixin.py:188} INFO - Produced: charmander with key=fire
[2025-06-06T00:55:03.973+0000] {logging_mixin.py:188} INFO - Produced: charmeleon with key=fire
[2025-06-06T00:55:04.517+0000] {logging_mixin.py:188} INFO - Produced: charizard with key=fire
[2025-06-06T00:55:05.032+0000] {logging_mixin.py:188} INFO - Produced: squirtle with key=water
[2025-06-06T00:55:05.552+0000] {logging_mixin.py:188} INFO - Produced: wartortle with key=water
[2025-06-06T00:55:06.069+0000] {logging_mixin.py:188} INFO - Produced: blastoise with key=water
[2025-06-06T00:55:06.597+0000] {logging_mixin.py:188} INFO - Produced: caterpie with key=bug
[2025-06-06T00:55:07.120+0000] {logging_mixin.py:188} INFO - Produced: metapod with key=bug
[2025-06-06T00:55:07.651+0000] {logging_mixin.py:188} INFO - Produced: butterfree with key=bug
[2025-06-06T00:55:08.195+0000] {logging_mixin.py:188} INFO - Produced: weedle with key=bug
[2025-06-06T00:55:08.753+0000] {logging_mixin.py:188} INFO - Produced: kakuna with key=bug
[2025-06-06T00:55:09.286+0000] {logging_mixin.py:188} INFO - Produced: beedrill with key=bug
[2025-06-06T00:55:09.819+0000] {logging_mixin.py:188} INFO - Produced: pidgey with key=normal
[2025-06-06T00:55:10.357+0000] {logging_mixin.py:188} INFO - Produced: pidgeotto with key=normal
[2025-06-06T00:55:10.899+0000] {logging_mixin.py:188} INFO - Produced: pidgeot with key=normal
[2025-06-06T00:55:11.444+0000] {logging_mixin.py:188} INFO - Produced: rattata with key=normal
[2025-06-06T00:55:11.653+0000] {python.py:237} INFO - Done. Returned value was: None
[2025-06-06T00:55:11.655+0000] {taskinstance.py:441} INFO - ::group::Post task execution logs
[2025-06-06T00:55:11.670+0000] {taskinstance.py:1205} INFO - Marking task as SUCCESS. dag_id=pokemon_partitioned_to_kafka, task_id=fetch_pokemon_and_send_partitioned_to_kafka, execution_date=20250606T005400, start_date=20250606T005500, end_date=20250606T005511
[2025-06-06T00:55:11.694+0000] {local_task_job_runner.py:240} INFO - Task exited with return code 0
[2025-06-06T00:55:11.708+0000] {taskinstance.py:3482} INFO - 0 downstream tasks scheduled from follow-on schedule check
[2025-06-06T00:55:11.708+0000] {local_task_job_runner.py:222} INFO - ::endgroup::
