[2025-06-07T15:38:00.163+0000] {local_task_job_runner.py:120} INFO - ::group::Pre task execution logs
[2025-06-07T15:38:00.177+0000] {taskinstance.py:2073} INFO - Dependencies all met for dep_context=non-requeueable deps ti=<TaskInstance: pokemon_partitioned_to_kafka_v2.fetch_pokemon_and_send_partitioned_to_kafka scheduled__2025-06-07T15:37:00+00:00 [queued]>
[2025-06-07T15:38:00.181+0000] {taskinstance.py:2073} INFO - Dependencies all met for dep_context=requeueable deps ti=<TaskInstance: pokemon_partitioned_to_kafka_v2.fetch_pokemon_and_send_partitioned_to_kafka scheduled__2025-06-07T15:37:00+00:00 [queued]>
[2025-06-07T15:38:00.181+0000] {taskinstance.py:2303} INFO - Starting attempt 1 of 1
[2025-06-07T15:38:00.186+0000] {taskinstance.py:2327} INFO - Executing <Task(PythonOperator): fetch_pokemon_and_send_partitioned_to_kafka> on 2025-06-07 15:37:00+00:00
[2025-06-07T15:38:00.189+0000] {logging_mixin.py:188} WARNING - /home/***/.local/lib/python3.12/site-packages/***/task/task_runner/standard_task_runner.py:61 DeprecationWarning: This process (pid=295) is multi-threaded, use of fork() may lead to deadlocks in the child.
[2025-06-07T15:38:00.190+0000] {standard_task_runner.py:63} INFO - Started process 296 to run task
[2025-06-07T15:38:00.190+0000] {standard_task_runner.py:90} INFO - Running: ['***', 'tasks', 'run', 'pokemon_partitioned_to_kafka_v2', 'fetch_pokemon_and_send_partitioned_to_kafka', 'scheduled__2025-06-07T15:37:00+00:00', '--job-id', '7', '--raw', '--subdir', 'DAGS_FOLDER/pkapi_to_kafka_dag.py', '--cfg-path', '/tmp/tmp1ih70jmh']
[2025-06-07T15:38:00.191+0000] {standard_task_runner.py:91} INFO - Job 7: Subtask fetch_pokemon_and_send_partitioned_to_kafka
[2025-06-07T15:38:00.198+0000] {logging_mixin.py:188} WARNING - /home/***/.local/lib/python3.12/site-packages/***/settings.py:195 DeprecationWarning: The sql_alchemy_conn option in [core] has been moved to the sql_alchemy_conn option in [database] - the old setting has been used, but please update your config.
[2025-06-07T15:38:00.216+0000] {task_command.py:426} INFO - Running <TaskInstance: pokemon_partitioned_to_kafka_v2.fetch_pokemon_and_send_partitioned_to_kafka scheduled__2025-06-07T15:37:00+00:00 [running]> on host 6f16b7f24720
[2025-06-07T15:38:00.257+0000] {taskinstance.py:2644} INFO - Exporting env vars: AIRFLOW_CTX_DAG_OWNER='***' AIRFLOW_CTX_DAG_ID='pokemon_partitioned_to_kafka_v2' AIRFLOW_CTX_TASK_ID='fetch_pokemon_and_send_partitioned_to_kafka' AIRFLOW_CTX_EXECUTION_DATE='2025-06-07T15:37:00+00:00' AIRFLOW_CTX_TRY_NUMBER='1' AIRFLOW_CTX_DAG_RUN_ID='scheduled__2025-06-07T15:37:00+00:00'
[2025-06-07T15:38:00.258+0000] {taskinstance.py:430} INFO - ::endgroup::
[2025-06-07T15:38:01.273+0000] {logging_mixin.py:188} INFO - Produced: bulbasaur with key=grass
[2025-06-07T15:38:01.587+0000] {logging_mixin.py:188} INFO - Produced: ivysaur with key=grass
[2025-06-07T15:38:01.907+0000] {logging_mixin.py:188} INFO - Produced: venusaur with key=grass
[2025-06-07T15:38:02.230+0000] {logging_mixin.py:188} INFO - Produced: charmander with key=fire
[2025-06-07T15:38:02.550+0000] {logging_mixin.py:188} INFO - Produced: charmeleon with key=fire
[2025-06-07T15:38:02.877+0000] {logging_mixin.py:188} INFO - Produced: charizard with key=fire
[2025-06-07T15:38:03.204+0000] {logging_mixin.py:188} INFO - Produced: squirtle with key=water
[2025-06-07T15:38:03.496+0000] {logging_mixin.py:188} INFO - Produced: wartortle with key=water
[2025-06-07T15:38:03.819+0000] {logging_mixin.py:188} INFO - Produced: blastoise with key=water
[2025-06-07T15:38:04.134+0000] {logging_mixin.py:188} INFO - Produced: caterpie with key=bug
[2025-06-07T15:38:04.452+0000] {logging_mixin.py:188} INFO - Produced: metapod with key=bug
[2025-06-07T15:38:04.770+0000] {logging_mixin.py:188} INFO - Produced: butterfree with key=bug
[2025-06-07T15:38:05.057+0000] {logging_mixin.py:188} INFO - Produced: weedle with key=bug
[2025-06-07T15:38:05.351+0000] {logging_mixin.py:188} INFO - Produced: kakuna with key=bug
[2025-06-07T15:38:05.668+0000] {logging_mixin.py:188} INFO - Produced: beedrill with key=bug
[2025-06-07T15:38:05.986+0000] {logging_mixin.py:188} INFO - Produced: pidgey with key=normal
[2025-06-07T15:38:06.281+0000] {logging_mixin.py:188} INFO - Produced: pidgeotto with key=normal
[2025-06-07T15:38:06.603+0000] {logging_mixin.py:188} INFO - Produced: pidgeot with key=normal
[2025-06-07T15:38:06.924+0000] {logging_mixin.py:188} INFO - Produced: rattata with key=normal
[2025-06-07T15:38:07.133+0000] {python.py:237} INFO - Done. Returned value was: None
[2025-06-07T15:38:07.135+0000] {taskinstance.py:441} INFO - ::group::Post task execution logs
[2025-06-07T15:38:07.148+0000] {taskinstance.py:1205} INFO - Marking task as SUCCESS. dag_id=pokemon_partitioned_to_kafka_v2, task_id=fetch_pokemon_and_send_partitioned_to_kafka, execution_date=20250607T153700, start_date=20250607T153800, end_date=20250607T153807
[2025-06-07T15:38:07.181+0000] {local_task_job_runner.py:240} INFO - Task exited with return code 0
[2025-06-07T15:38:07.194+0000] {taskinstance.py:3482} INFO - 0 downstream tasks scheduled from follow-on schedule check
[2025-06-07T15:38:07.195+0000] {local_task_job_runner.py:222} INFO - ::endgroup::
