[2025-06-07T07:21:01.761+0000] {local_task_job_runner.py:120} INFO - ::group::Pre task execution logs
[2025-06-07T07:21:01.777+0000] {taskinstance.py:2073} INFO - Dependencies all met for dep_context=non-requeueable deps ti=<TaskInstance: pokemon_partitioned_to_kafka.fetch_pokemon_and_send_partitioned_to_kafka scheduled__2025-06-07T07:20:00+00:00 [queued]>
[2025-06-07T07:21:01.781+0000] {taskinstance.py:2073} INFO - Dependencies all met for dep_context=requeueable deps ti=<TaskInstance: pokemon_partitioned_to_kafka.fetch_pokemon_and_send_partitioned_to_kafka scheduled__2025-06-07T07:20:00+00:00 [queued]>
[2025-06-07T07:21:01.781+0000] {taskinstance.py:2303} INFO - Starting attempt 1 of 1
[2025-06-07T07:21:01.788+0000] {taskinstance.py:2327} INFO - Executing <Task(PythonOperator): fetch_pokemon_and_send_partitioned_to_kafka> on 2025-06-07 07:20:00+00:00
[2025-06-07T07:21:01.791+0000] {logging_mixin.py:188} WARNING - /home/***/.local/lib/python3.12/site-packages/***/task/task_runner/standard_task_runner.py:61 DeprecationWarning: This process (pid=2979) is multi-threaded, use of fork() may lead to deadlocks in the child.
[2025-06-07T07:21:01.792+0000] {standard_task_runner.py:63} INFO - Started process 2980 to run task
[2025-06-07T07:21:01.792+0000] {standard_task_runner.py:90} INFO - Running: ['***', 'tasks', 'run', 'pokemon_partitioned_to_kafka', 'fetch_pokemon_and_send_partitioned_to_kafka', 'scheduled__2025-06-07T07:20:00+00:00', '--job-id', '190', '--raw', '--subdir', 'DAGS_FOLDER/pkapi_to_kafka_dag.py', '--cfg-path', '/tmp/tmprtnvfl2n']
[2025-06-07T07:21:01.793+0000] {standard_task_runner.py:91} INFO - Job 190: Subtask fetch_pokemon_and_send_partitioned_to_kafka
[2025-06-07T07:21:01.802+0000] {logging_mixin.py:188} WARNING - /home/***/.local/lib/python3.12/site-packages/***/settings.py:195 DeprecationWarning: The sql_alchemy_conn option in [core] has been moved to the sql_alchemy_conn option in [database] - the old setting has been used, but please update your config.
[2025-06-07T07:21:01.822+0000] {task_command.py:426} INFO - Running <TaskInstance: pokemon_partitioned_to_kafka.fetch_pokemon_and_send_partitioned_to_kafka scheduled__2025-06-07T07:20:00+00:00 [running]> on host 856ef77f0083
[2025-06-07T07:21:01.869+0000] {taskinstance.py:2644} INFO - Exporting env vars: AIRFLOW_CTX_DAG_OWNER='***' AIRFLOW_CTX_DAG_ID='pokemon_partitioned_to_kafka' AIRFLOW_CTX_TASK_ID='fetch_pokemon_and_send_partitioned_to_kafka' AIRFLOW_CTX_EXECUTION_DATE='2025-06-07T07:20:00+00:00' AIRFLOW_CTX_TRY_NUMBER='1' AIRFLOW_CTX_DAG_RUN_ID='scheduled__2025-06-07T07:20:00+00:00'
[2025-06-07T07:21:01.870+0000] {taskinstance.py:430} INFO - ::endgroup::
[2025-06-07T07:21:02.885+0000] {logging_mixin.py:188} INFO - Produced: bulbasaur with key=grass
[2025-06-07T07:21:03.369+0000] {logging_mixin.py:188} INFO - Produced: ivysaur with key=grass
[2025-06-07T07:21:08.648+0000] {logging_mixin.py:188} INFO - Error fetching Pokémon ID 3: HTTPSConnectionPool(host='pokeapi.co', port=443): Read timed out. (read timeout=5)
[2025-06-07T07:21:08.772+0000] {logging_mixin.py:188} INFO - Produced: charmander with key=fire
[2025-06-07T07:21:09.185+0000] {logging_mixin.py:188} INFO - Produced: charmeleon with key=fire
[2025-06-07T07:21:09.706+0000] {logging_mixin.py:188} INFO - Produced: charizard with key=fire
[2025-06-07T07:21:10.361+0000] {logging_mixin.py:188} INFO - Produced: squirtle with key=water
[2025-06-07T07:21:11.089+0000] {logging_mixin.py:188} INFO - Produced: wartortle with key=water
[2025-06-07T07:21:12.779+0000] {logging_mixin.py:188} INFO - Error fetching Pokémon ID 9: HTTPSConnectionPool(host='pokeapi.co', port=443): Max retries exceeded with url: /api/v2/pokemon/9/ (Caused by SSLError(SSLEOFError(8, '[SSL: UNEXPECTED_EOF_WHILE_READING] EOF occurred in violation of protocol (_ssl.c:1000)')))
[2025-06-07T07:21:13.034+0000] {logging_mixin.py:188} INFO - Produced: caterpie with key=bug
[2025-06-07T07:21:13.413+0000] {logging_mixin.py:188} INFO - Produced: metapod with key=bug
[2025-06-07T07:21:13.711+0000] {logging_mixin.py:188} INFO - Produced: butterfree with key=bug
[2025-06-07T07:21:14.111+0000] {logging_mixin.py:188} INFO - Produced: weedle with key=bug
[2025-06-07T07:21:14.528+0000] {logging_mixin.py:188} INFO - Produced: kakuna with key=bug
[2025-06-07T07:21:15.013+0000] {logging_mixin.py:188} INFO - Produced: beedrill with key=bug
[2025-06-07T07:21:15.602+0000] {logging_mixin.py:188} INFO - Produced: pidgey with key=normal
[2025-06-07T07:21:16.265+0000] {logging_mixin.py:188} INFO - Produced: pidgeotto with key=normal
[2025-06-07T07:21:16.653+0000] {logging_mixin.py:188} INFO - Produced: pidgeot with key=normal
[2025-06-07T07:21:17.037+0000] {logging_mixin.py:188} INFO - Produced: rattata with key=normal
[2025-06-07T07:21:17.246+0000] {python.py:237} INFO - Done. Returned value was: None
[2025-06-07T07:21:17.247+0000] {taskinstance.py:441} INFO - ::group::Post task execution logs
[2025-06-07T07:21:17.263+0000] {taskinstance.py:1205} INFO - Marking task as SUCCESS. dag_id=pokemon_partitioned_to_kafka, task_id=fetch_pokemon_and_send_partitioned_to_kafka, execution_date=20250607T072000, start_date=20250607T072101, end_date=20250607T072117
[2025-06-07T07:21:17.279+0000] {local_task_job_runner.py:240} INFO - Task exited with return code 0
[2025-06-07T07:21:17.290+0000] {taskinstance.py:3482} INFO - 0 downstream tasks scheduled from follow-on schedule check
[2025-06-07T07:21:17.291+0000] {local_task_job_runner.py:222} INFO - ::endgroup::
