[2025-06-06T22:43:19.055+0000] {local_task_job_runner.py:120} INFO - ::group::Pre task execution logs
[2025-06-06T22:43:19.072+0000] {taskinstance.py:2073} INFO - Dependencies all met for dep_context=non-requeueable deps ti=<TaskInstance: pokemon_partitioned_to_kafka.fetch_pokemon_and_send_partitioned_to_kafka scheduled__2025-06-06T22:40:00+00:00 [queued]>
[2025-06-06T22:43:19.077+0000] {taskinstance.py:2073} INFO - Dependencies all met for dep_context=requeueable deps ti=<TaskInstance: pokemon_partitioned_to_kafka.fetch_pokemon_and_send_partitioned_to_kafka scheduled__2025-06-06T22:40:00+00:00 [queued]>
[2025-06-06T22:43:19.077+0000] {taskinstance.py:2303} INFO - Starting attempt 1 of 1
[2025-06-06T22:43:19.088+0000] {taskinstance.py:2327} INFO - Executing <Task(PythonOperator): fetch_pokemon_and_send_partitioned_to_kafka> on 2025-06-06 22:40:00+00:00
[2025-06-06T22:43:19.092+0000] {logging_mixin.py:188} WARNING - /home/***/.local/lib/python3.12/site-packages/***/task/task_runner/standard_task_runner.py:61 DeprecationWarning: This process (pid=2457) is multi-threaded, use of fork() may lead to deadlocks in the child.
[2025-06-06T22:43:19.093+0000] {standard_task_runner.py:63} INFO - Started process 2462 to run task
[2025-06-06T22:43:19.092+0000] {standard_task_runner.py:90} INFO - Running: ['***', 'tasks', 'run', 'pokemon_partitioned_to_kafka', 'fetch_pokemon_and_send_partitioned_to_kafka', 'scheduled__2025-06-06T22:40:00+00:00', '--job-id', '144', '--raw', '--subdir', 'DAGS_FOLDER/pkapi_to_kafka_dag.py', '--cfg-path', '/tmp/tmpkj3_2xfy']
[2025-06-06T22:43:19.094+0000] {standard_task_runner.py:91} INFO - Job 144: Subtask fetch_pokemon_and_send_partitioned_to_kafka
[2025-06-06T22:43:19.104+0000] {logging_mixin.py:188} WARNING - /home/***/.local/lib/python3.12/site-packages/***/settings.py:195 DeprecationWarning: The sql_alchemy_conn option in [core] has been moved to the sql_alchemy_conn option in [database] - the old setting has been used, but please update your config.
[2025-06-06T22:43:19.130+0000] {task_command.py:426} INFO - Running <TaskInstance: pokemon_partitioned_to_kafka.fetch_pokemon_and_send_partitioned_to_kafka scheduled__2025-06-06T22:40:00+00:00 [running]> on host 856ef77f0083
[2025-06-06T22:43:19.181+0000] {taskinstance.py:2644} INFO - Exporting env vars: AIRFLOW_CTX_DAG_OWNER='***' AIRFLOW_CTX_DAG_ID='pokemon_partitioned_to_kafka' AIRFLOW_CTX_TASK_ID='fetch_pokemon_and_send_partitioned_to_kafka' AIRFLOW_CTX_EXECUTION_DATE='2025-06-06T22:40:00+00:00' AIRFLOW_CTX_TRY_NUMBER='1' AIRFLOW_CTX_DAG_RUN_ID='scheduled__2025-06-06T22:40:00+00:00'
[2025-06-06T22:43:19.181+0000] {taskinstance.py:430} INFO - ::endgroup::
[2025-06-06T22:43:20.194+0000] {logging_mixin.py:188} INFO - Produced: bulbasaur with key=grass
[2025-06-06T22:43:20.618+0000] {logging_mixin.py:188} INFO - Produced: ivysaur with key=grass
[2025-06-06T22:43:21.061+0000] {logging_mixin.py:188} INFO - Produced: venusaur with key=grass
[2025-06-06T22:43:21.503+0000] {logging_mixin.py:188} INFO - Produced: charmander with key=fire
[2025-06-06T22:43:21.960+0000] {logging_mixin.py:188} INFO - Produced: charmeleon with key=fire
[2025-06-06T22:43:22.423+0000] {logging_mixin.py:188} INFO - Produced: charizard with key=fire
[2025-06-06T22:43:22.886+0000] {logging_mixin.py:188} INFO - Produced: squirtle with key=water
[2025-06-06T22:43:23.340+0000] {logging_mixin.py:188} INFO - Produced: wartortle with key=water
[2025-06-06T22:43:24.487+0000] {logging_mixin.py:188} INFO - Error fetching Pokémon ID 9: HTTPSConnectionPool(host='pokeapi.co', port=443): Max retries exceeded with url: /api/v2/pokemon/9/ (Caused by SSLError(SSLEOFError(8, '[SSL: UNEXPECTED_EOF_WHILE_READING] EOF occurred in violation of protocol (_ssl.c:1000)')))
[2025-06-06T22:43:24.777+0000] {logging_mixin.py:188} INFO - Produced: caterpie with key=bug
[2025-06-06T22:43:25.218+0000] {logging_mixin.py:188} INFO - Produced: metapod with key=bug
[2025-06-06T22:43:25.680+0000] {logging_mixin.py:188} INFO - Produced: butterfree with key=bug
[2025-06-06T22:43:26.139+0000] {logging_mixin.py:188} INFO - Produced: weedle with key=bug
[2025-06-06T22:43:26.587+0000] {logging_mixin.py:188} INFO - Produced: kakuna with key=bug
[2025-06-06T22:43:27.047+0000] {logging_mixin.py:188} INFO - Produced: beedrill with key=bug
[2025-06-06T22:43:27.503+0000] {logging_mixin.py:188} INFO - Produced: pidgey with key=normal
[2025-06-06T22:43:27.942+0000] {logging_mixin.py:188} INFO - Produced: pidgeotto with key=normal
[2025-06-06T22:43:28.409+0000] {logging_mixin.py:188} INFO - Produced: pidgeot with key=normal
[2025-06-06T22:43:28.879+0000] {logging_mixin.py:188} INFO - Produced: rattata with key=normal
[2025-06-06T22:43:29.085+0000] {python.py:237} INFO - Done. Returned value was: None
[2025-06-06T22:43:29.086+0000] {taskinstance.py:441} INFO - ::group::Post task execution logs
[2025-06-06T22:43:29.097+0000] {taskinstance.py:1205} INFO - Marking task as SUCCESS. dag_id=pokemon_partitioned_to_kafka, task_id=fetch_pokemon_and_send_partitioned_to_kafka, execution_date=20250606T224000, start_date=20250606T224319, end_date=20250606T224329
[2025-06-06T22:43:29.121+0000] {local_task_job_runner.py:240} INFO - Task exited with return code 0
[2025-06-06T22:43:29.133+0000] {taskinstance.py:3482} INFO - 0 downstream tasks scheduled from follow-on schedule check
[2025-06-06T22:43:29.135+0000] {local_task_job_runner.py:222} INFO - ::endgroup::
