[2025-06-06T00:24:40.780+0000] {local_task_job_runner.py:120} INFO - ::group::Pre task execution logs
[2025-06-06T00:24:40.807+0000] {taskinstance.py:2073} INFO - Dependencies all met for dep_context=non-requeueable deps ti=<TaskInstance: pokemon_partitioned_to_kafka.fetch_pokemon_and_send_partitioned_to_kafka scheduled__2025-06-06T00:07:00+00:00 [queued]>
[2025-06-06T00:24:40.815+0000] {taskinstance.py:2073} INFO - Dependencies all met for dep_context=requeueable deps ti=<TaskInstance: pokemon_partitioned_to_kafka.fetch_pokemon_and_send_partitioned_to_kafka scheduled__2025-06-06T00:07:00+00:00 [queued]>
[2025-06-06T00:24:40.815+0000] {taskinstance.py:2303} INFO - Starting attempt 1 of 1
[2025-06-06T00:24:40.826+0000] {taskinstance.py:2327} INFO - Executing <Task(PythonOperator): fetch_pokemon_and_send_partitioned_to_kafka> on 2025-06-06 00:07:00+00:00
[2025-06-06T00:24:40.836+0000] {logging_mixin.py:188} WARNING - /home/***/.local/lib/python3.12/site-packages/***/task/task_runner/standard_task_runner.py:61 DeprecationWarning: This process (pid=998) is multi-threaded, use of fork() may lead to deadlocks in the child.
[2025-06-06T00:24:40.838+0000] {standard_task_runner.py:63} INFO - Started process 1000 to run task
[2025-06-06T00:24:40.837+0000] {standard_task_runner.py:90} INFO - Running: ['***', 'tasks', 'run', 'pokemon_partitioned_to_kafka', 'fetch_pokemon_and_send_partitioned_to_kafka', 'scheduled__2025-06-06T00:07:00+00:00', '--job-id', '29', '--raw', '--subdir', 'DAGS_FOLDER/pkapi_to_kafka_dag.py', '--cfg-path', '/tmp/tmpywqciq8a']
[2025-06-06T00:24:40.840+0000] {standard_task_runner.py:91} INFO - Job 29: Subtask fetch_pokemon_and_send_partitioned_to_kafka
[2025-06-06T00:24:40.853+0000] {logging_mixin.py:188} WARNING - /home/***/.local/lib/python3.12/site-packages/***/settings.py:195 DeprecationWarning: The sql_alchemy_conn option in [core] has been moved to the sql_alchemy_conn option in [database] - the old setting has been used, but please update your config.
[2025-06-06T00:24:40.885+0000] {task_command.py:426} INFO - Running <TaskInstance: pokemon_partitioned_to_kafka.fetch_pokemon_and_send_partitioned_to_kafka scheduled__2025-06-06T00:07:00+00:00 [running]> on host 856ef77f0083
[2025-06-06T00:24:40.946+0000] {taskinstance.py:2644} INFO - Exporting env vars: AIRFLOW_CTX_DAG_OWNER='***' AIRFLOW_CTX_DAG_ID='pokemon_partitioned_to_kafka' AIRFLOW_CTX_TASK_ID='fetch_pokemon_and_send_partitioned_to_kafka' AIRFLOW_CTX_EXECUTION_DATE='2025-06-06T00:07:00+00:00' AIRFLOW_CTX_TRY_NUMBER='1' AIRFLOW_CTX_DAG_RUN_ID='scheduled__2025-06-06T00:07:00+00:00'
[2025-06-06T00:24:40.947+0000] {taskinstance.py:430} INFO - ::endgroup::
[2025-06-06T00:24:41.962+0000] {logging_mixin.py:188} INFO - Produced: bulbasaur with key=grass
[2025-06-06T00:24:42.506+0000] {logging_mixin.py:188} INFO - Produced: ivysaur with key=grass
[2025-06-06T00:24:43.050+0000] {logging_mixin.py:188} INFO - Produced: venusaur with key=grass
[2025-06-06T00:24:43.589+0000] {logging_mixin.py:188} INFO - Produced: charmander with key=fire
[2025-06-06T00:24:44.122+0000] {logging_mixin.py:188} INFO - Produced: charmeleon with key=fire
[2025-06-06T00:24:44.654+0000] {logging_mixin.py:188} INFO - Produced: charizard with key=fire
[2025-06-06T00:24:45.183+0000] {logging_mixin.py:188} INFO - Produced: squirtle with key=water
[2025-06-06T00:24:45.713+0000] {logging_mixin.py:188} INFO - Produced: wartortle with key=water
[2025-06-06T00:24:46.247+0000] {logging_mixin.py:188} INFO - Produced: blastoise with key=water
[2025-06-06T00:24:46.761+0000] {logging_mixin.py:188} INFO - Produced: caterpie with key=bug
[2025-06-06T00:24:47.303+0000] {logging_mixin.py:188} INFO - Produced: metapod with key=bug
[2025-06-06T00:24:47.838+0000] {logging_mixin.py:188} INFO - Produced: butterfree with key=bug
[2025-06-06T00:24:48.366+0000] {logging_mixin.py:188} INFO - Produced: weedle with key=bug
[2025-06-06T00:24:48.896+0000] {logging_mixin.py:188} INFO - Produced: kakuna with key=bug
[2025-06-06T00:24:49.442+0000] {logging_mixin.py:188} INFO - Produced: beedrill with key=bug
[2025-06-06T00:24:49.971+0000] {logging_mixin.py:188} INFO - Produced: pidgey with key=normal
[2025-06-06T00:24:50.520+0000] {logging_mixin.py:188} INFO - Produced: pidgeotto with key=normal
[2025-06-06T00:24:51.046+0000] {logging_mixin.py:188} INFO - Produced: pidgeot with key=normal
[2025-06-06T00:24:51.562+0000] {logging_mixin.py:188} INFO - Produced: rattata with key=normal
[2025-06-06T00:24:51.770+0000] {python.py:237} INFO - Done. Returned value was: None
[2025-06-06T00:24:51.771+0000] {taskinstance.py:441} INFO - ::group::Post task execution logs
[2025-06-06T00:24:51.785+0000] {taskinstance.py:1205} INFO - Marking task as SUCCESS. dag_id=pokemon_partitioned_to_kafka, task_id=fetch_pokemon_and_send_partitioned_to_kafka, execution_date=20250606T000700, start_date=20250606T002440, end_date=20250606T002451
[2025-06-06T00:24:51.835+0000] {local_task_job_runner.py:240} INFO - Task exited with return code 0
[2025-06-06T00:24:51.846+0000] {taskinstance.py:3482} INFO - 0 downstream tasks scheduled from follow-on schedule check
[2025-06-06T00:24:51.848+0000] {local_task_job_runner.py:222} INFO - ::endgroup::
