[2025-06-06T00:54:35.176+0000] {local_task_job_runner.py:120} INFO - ::group::Pre task execution logs
[2025-06-06T00:54:35.194+0000] {taskinstance.py:2073} INFO - Dependencies all met for dep_context=non-requeueable deps ti=<TaskInstance: pokemon_partitioned_to_kafka.fetch_pokemon_and_send_partitioned_to_kafka scheduled__2025-06-06T00:53:00+00:00 [queued]>
[2025-06-06T00:54:35.201+0000] {taskinstance.py:2073} INFO - Dependencies all met for dep_context=requeueable deps ti=<TaskInstance: pokemon_partitioned_to_kafka.fetch_pokemon_and_send_partitioned_to_kafka scheduled__2025-06-06T00:53:00+00:00 [queued]>
[2025-06-06T00:54:35.201+0000] {taskinstance.py:2303} INFO - Starting attempt 1 of 1
[2025-06-06T00:54:35.211+0000] {taskinstance.py:2327} INFO - Executing <Task(PythonOperator): fetch_pokemon_and_send_partitioned_to_kafka> on 2025-06-06 00:53:00+00:00
[2025-06-06T00:54:35.216+0000] {logging_mixin.py:188} WARNING - /home/***/.local/lib/python3.12/site-packages/***/task/task_runner/standard_task_runner.py:61 DeprecationWarning: This process (pid=1320) is multi-threaded, use of fork() may lead to deadlocks in the child.
[2025-06-06T00:54:35.217+0000] {standard_task_runner.py:63} INFO - Started process 1322 to run task
[2025-06-06T00:54:35.216+0000] {standard_task_runner.py:90} INFO - Running: ['***', 'tasks', 'run', 'pokemon_partitioned_to_kafka', 'fetch_pokemon_and_send_partitioned_to_kafka', 'scheduled__2025-06-06T00:53:00+00:00', '--job-id', '48', '--raw', '--subdir', 'DAGS_FOLDER/pkapi_to_kafka_dag.py', '--cfg-path', '/tmp/tmp99st7bu9']
[2025-06-06T00:54:35.218+0000] {standard_task_runner.py:91} INFO - Job 48: Subtask fetch_pokemon_and_send_partitioned_to_kafka
[2025-06-06T00:54:35.229+0000] {logging_mixin.py:188} WARNING - /home/***/.local/lib/python3.12/site-packages/***/settings.py:195 DeprecationWarning: The sql_alchemy_conn option in [core] has been moved to the sql_alchemy_conn option in [database] - the old setting has been used, but please update your config.
[2025-06-06T00:54:35.255+0000] {task_command.py:426} INFO - Running <TaskInstance: pokemon_partitioned_to_kafka.fetch_pokemon_and_send_partitioned_to_kafka scheduled__2025-06-06T00:53:00+00:00 [running]> on host 856ef77f0083
[2025-06-06T00:54:35.318+0000] {taskinstance.py:2644} INFO - Exporting env vars: AIRFLOW_CTX_DAG_OWNER='***' AIRFLOW_CTX_DAG_ID='pokemon_partitioned_to_kafka' AIRFLOW_CTX_TASK_ID='fetch_pokemon_and_send_partitioned_to_kafka' AIRFLOW_CTX_EXECUTION_DATE='2025-06-06T00:53:00+00:00' AIRFLOW_CTX_TRY_NUMBER='1' AIRFLOW_CTX_DAG_RUN_ID='scheduled__2025-06-06T00:53:00+00:00'
[2025-06-06T00:54:35.319+0000] {taskinstance.py:430} INFO - ::endgroup::
[2025-06-06T00:54:36.341+0000] {logging_mixin.py:188} INFO - Produced: bulbasaur with key=grass
[2025-06-06T00:54:36.871+0000] {logging_mixin.py:188} INFO - Produced: ivysaur with key=grass
[2025-06-06T00:54:37.391+0000] {logging_mixin.py:188} INFO - Produced: venusaur with key=grass
[2025-06-06T00:54:37.924+0000] {logging_mixin.py:188} INFO - Produced: charmander with key=fire
[2025-06-06T00:54:38.694+0000] {logging_mixin.py:188} INFO - Produced: charmeleon with key=fire
[2025-06-06T00:54:39.421+0000] {logging_mixin.py:188} INFO - Produced: charizard with key=fire
[2025-06-06T00:54:40.194+0000] {logging_mixin.py:188} INFO - Produced: squirtle with key=water
[2025-06-06T00:54:40.937+0000] {logging_mixin.py:188} INFO - Produced: wartortle with key=water
[2025-06-06T00:54:41.691+0000] {logging_mixin.py:188} INFO - Produced: blastoise with key=water
[2025-06-06T00:54:42.416+0000] {logging_mixin.py:188} INFO - Produced: caterpie with key=bug
[2025-06-06T00:54:43.008+0000] {logging_mixin.py:188} INFO - Produced: metapod with key=bug
[2025-06-06T00:54:43.544+0000] {logging_mixin.py:188} INFO - Produced: butterfree with key=bug
[2025-06-06T00:54:44.069+0000] {logging_mixin.py:188} INFO - Produced: weedle with key=bug
[2025-06-06T00:54:44.611+0000] {logging_mixin.py:188} INFO - Produced: kakuna with key=bug
[2025-06-06T00:54:45.152+0000] {logging_mixin.py:188} INFO - Produced: beedrill with key=bug
[2025-06-06T00:54:45.668+0000] {logging_mixin.py:188} INFO - Produced: pidgey with key=normal
[2025-06-06T00:54:46.201+0000] {logging_mixin.py:188} INFO - Produced: pidgeotto with key=normal
[2025-06-06T00:54:46.732+0000] {logging_mixin.py:188} INFO - Produced: pidgeot with key=normal
[2025-06-06T00:54:47.234+0000] {logging_mixin.py:188} INFO - Produced: rattata with key=normal
[2025-06-06T00:54:47.439+0000] {python.py:237} INFO - Done. Returned value was: None
[2025-06-06T00:54:47.440+0000] {taskinstance.py:441} INFO - ::group::Post task execution logs
[2025-06-06T00:54:47.448+0000] {taskinstance.py:1205} INFO - Marking task as SUCCESS. dag_id=pokemon_partitioned_to_kafka, task_id=fetch_pokemon_and_send_partitioned_to_kafka, execution_date=20250606T005300, start_date=20250606T005435, end_date=20250606T005447
[2025-06-06T00:54:47.475+0000] {local_task_job_runner.py:240} INFO - Task exited with return code 0
[2025-06-06T00:54:47.483+0000] {taskinstance.py:3482} INFO - 0 downstream tasks scheduled from follow-on schedule check
[2025-06-06T00:54:47.484+0000] {local_task_job_runner.py:222} INFO - ::endgroup::
