[2025-06-07T02:19:18.376+0000] {local_task_job_runner.py:120} INFO - ::group::Pre task execution logs
[2025-06-07T02:19:18.391+0000] {taskinstance.py:2073} INFO - Dependencies all met for dep_context=non-requeueable deps ti=<TaskInstance: pokemon_partitioned_to_kafka.fetch_pokemon_and_send_partitioned_to_kafka scheduled__2025-06-07T02:18:00+00:00 [queued]>
[2025-06-07T02:19:18.395+0000] {taskinstance.py:2073} INFO - Dependencies all met for dep_context=requeueable deps ti=<TaskInstance: pokemon_partitioned_to_kafka.fetch_pokemon_and_send_partitioned_to_kafka scheduled__2025-06-07T02:18:00+00:00 [queued]>
[2025-06-07T02:19:18.396+0000] {taskinstance.py:2303} INFO - Starting attempt 1 of 1
[2025-06-07T02:19:18.404+0000] {taskinstance.py:2327} INFO - Executing <Task(PythonOperator): fetch_pokemon_and_send_partitioned_to_kafka> on 2025-06-07 02:18:00+00:00
[2025-06-07T02:19:18.410+0000] {logging_mixin.py:188} WARNING - /home/***/.local/lib/python3.12/site-packages/***/task/task_runner/standard_task_runner.py:61 DeprecationWarning: This process (pid=2772) is multi-threaded, use of fork() may lead to deadlocks in the child.
[2025-06-07T02:19:18.410+0000] {standard_task_runner.py:90} INFO - Running: ['***', 'tasks', 'run', 'pokemon_partitioned_to_kafka', 'fetch_pokemon_and_send_partitioned_to_kafka', 'scheduled__2025-06-07T02:18:00+00:00', '--job-id', '172', '--raw', '--subdir', 'DAGS_FOLDER/pkapi_to_kafka_dag.py', '--cfg-path', '/tmp/tmplbvp37o9']
[2025-06-07T02:19:18.411+0000] {standard_task_runner.py:63} INFO - Started process 2774 to run task
[2025-06-07T02:19:18.411+0000] {standard_task_runner.py:91} INFO - Job 172: Subtask fetch_pokemon_and_send_partitioned_to_kafka
[2025-06-07T02:19:18.419+0000] {logging_mixin.py:188} WARNING - /home/***/.local/lib/python3.12/site-packages/***/settings.py:195 DeprecationWarning: The sql_alchemy_conn option in [core] has been moved to the sql_alchemy_conn option in [database] - the old setting has been used, but please update your config.
[2025-06-07T02:19:18.439+0000] {task_command.py:426} INFO - Running <TaskInstance: pokemon_partitioned_to_kafka.fetch_pokemon_and_send_partitioned_to_kafka scheduled__2025-06-07T02:18:00+00:00 [running]> on host 856ef77f0083
[2025-06-07T02:19:18.490+0000] {taskinstance.py:2644} INFO - Exporting env vars: AIRFLOW_CTX_DAG_OWNER='***' AIRFLOW_CTX_DAG_ID='pokemon_partitioned_to_kafka' AIRFLOW_CTX_TASK_ID='fetch_pokemon_and_send_partitioned_to_kafka' AIRFLOW_CTX_EXECUTION_DATE='2025-06-07T02:18:00+00:00' AIRFLOW_CTX_TRY_NUMBER='1' AIRFLOW_CTX_DAG_RUN_ID='scheduled__2025-06-07T02:18:00+00:00'
[2025-06-07T02:19:18.491+0000] {taskinstance.py:430} INFO - ::endgroup::
[2025-06-07T02:19:19.507+0000] {logging_mixin.py:188} INFO - Produced: bulbasaur with key=grass
[2025-06-07T02:19:19.929+0000] {logging_mixin.py:188} INFO - Produced: ivysaur with key=grass
[2025-06-07T02:19:20.367+0000] {logging_mixin.py:188} INFO - Produced: venusaur with key=grass
[2025-06-07T02:19:20.815+0000] {logging_mixin.py:188} INFO - Produced: charmander with key=fire
[2025-06-07T02:19:21.280+0000] {logging_mixin.py:188} INFO - Produced: charmeleon with key=fire
[2025-06-07T02:19:21.746+0000] {logging_mixin.py:188} INFO - Produced: charizard with key=fire
[2025-06-07T02:19:22.181+0000] {logging_mixin.py:188} INFO - Produced: squirtle with key=water
[2025-06-07T02:19:22.637+0000] {logging_mixin.py:188} INFO - Produced: wartortle with key=water
[2025-06-07T02:19:23.103+0000] {logging_mixin.py:188} INFO - Produced: blastoise with key=water
[2025-06-07T02:19:23.552+0000] {logging_mixin.py:188} INFO - Produced: caterpie with key=bug
[2025-06-07T02:19:24.012+0000] {logging_mixin.py:188} INFO - Produced: metapod with key=bug
[2025-06-07T02:19:24.478+0000] {logging_mixin.py:188} INFO - Produced: butterfree with key=bug
[2025-06-07T02:19:24.947+0000] {logging_mixin.py:188} INFO - Produced: weedle with key=bug
[2025-06-07T02:19:25.959+0000] {logging_mixin.py:188} INFO - Error fetching Pokémon ID 14: HTTPSConnectionPool(host='pokeapi.co', port=443): Max retries exceeded with url: /api/v2/pokemon/14/ (Caused by SSLError(SSLEOFError(8, '[SSL: UNEXPECTED_EOF_WHILE_READING] EOF occurred in violation of protocol (_ssl.c:1000)')))
[2025-06-07T02:19:26.250+0000] {logging_mixin.py:188} INFO - Produced: beedrill with key=bug
[2025-06-07T02:19:26.676+0000] {logging_mixin.py:188} INFO - Produced: pidgey with key=normal
[2025-06-07T02:19:27.107+0000] {logging_mixin.py:188} INFO - Produced: pidgeotto with key=normal
[2025-06-07T02:19:27.540+0000] {logging_mixin.py:188} INFO - Produced: pidgeot with key=normal
[2025-06-07T02:19:28.024+0000] {logging_mixin.py:188} INFO - Produced: rattata with key=normal
[2025-06-07T02:19:28.230+0000] {python.py:237} INFO - Done. Returned value was: None
[2025-06-07T02:19:28.230+0000] {taskinstance.py:441} INFO - ::group::Post task execution logs
[2025-06-07T02:19:28.236+0000] {taskinstance.py:1205} INFO - Marking task as SUCCESS. dag_id=pokemon_partitioned_to_kafka, task_id=fetch_pokemon_and_send_partitioned_to_kafka, execution_date=20250607T021800, start_date=20250607T021918, end_date=20250607T021928
[2025-06-07T02:19:28.286+0000] {local_task_job_runner.py:240} INFO - Task exited with return code 0
[2025-06-07T02:19:28.303+0000] {taskinstance.py:3482} INFO - 0 downstream tasks scheduled from follow-on schedule check
[2025-06-07T02:19:28.304+0000] {local_task_job_runner.py:222} INFO - ::endgroup::
