[2025-06-06T23:50:12.686+0000] {local_task_job_runner.py:120} INFO - ::group::Pre task execution logs
[2025-06-06T23:50:12.700+0000] {taskinstance.py:2073} INFO - Dependencies all met for dep_context=non-requeueable deps ti=<TaskInstance: pokemon_partitioned_to_kafka.fetch_pokemon_and_send_partitioned_to_kafka scheduled__2025-06-06T23:49:00+00:00 [queued]>
[2025-06-06T23:50:12.704+0000] {taskinstance.py:2073} INFO - Dependencies all met for dep_context=requeueable deps ti=<TaskInstance: pokemon_partitioned_to_kafka.fetch_pokemon_and_send_partitioned_to_kafka scheduled__2025-06-06T23:49:00+00:00 [queued]>
[2025-06-06T23:50:12.705+0000] {taskinstance.py:2303} INFO - Starting attempt 1 of 1
[2025-06-06T23:50:12.712+0000] {taskinstance.py:2327} INFO - Executing <Task(PythonOperator): fetch_pokemon_and_send_partitioned_to_kafka> on 2025-06-06 23:49:00+00:00
[2025-06-06T23:50:12.715+0000] {logging_mixin.py:188} WARNING - /home/***/.local/lib/python3.12/site-packages/***/task/task_runner/standard_task_runner.py:61 DeprecationWarning: This process (pid=2588) is multi-threaded, use of fork() may lead to deadlocks in the child.
[2025-06-06T23:50:12.716+0000] {standard_task_runner.py:63} INFO - Started process 2590 to run task
[2025-06-06T23:50:12.716+0000] {standard_task_runner.py:90} INFO - Running: ['***', 'tasks', 'run', 'pokemon_partitioned_to_kafka', 'fetch_pokemon_and_send_partitioned_to_kafka', 'scheduled__2025-06-06T23:49:00+00:00', '--job-id', '155', '--raw', '--subdir', 'DAGS_FOLDER/pkapi_to_kafka_dag.py', '--cfg-path', '/tmp/tmp6osbtvg1']
[2025-06-06T23:50:12.717+0000] {standard_task_runner.py:91} INFO - Job 155: Subtask fetch_pokemon_and_send_partitioned_to_kafka
[2025-06-06T23:50:12.725+0000] {logging_mixin.py:188} WARNING - /home/***/.local/lib/python3.12/site-packages/***/settings.py:195 DeprecationWarning: The sql_alchemy_conn option in [core] has been moved to the sql_alchemy_conn option in [database] - the old setting has been used, but please update your config.
[2025-06-06T23:50:12.743+0000] {task_command.py:426} INFO - Running <TaskInstance: pokemon_partitioned_to_kafka.fetch_pokemon_and_send_partitioned_to_kafka scheduled__2025-06-06T23:49:00+00:00 [running]> on host 856ef77f0083
[2025-06-06T23:50:12.788+0000] {taskinstance.py:2644} INFO - Exporting env vars: AIRFLOW_CTX_DAG_OWNER='***' AIRFLOW_CTX_DAG_ID='pokemon_partitioned_to_kafka' AIRFLOW_CTX_TASK_ID='fetch_pokemon_and_send_partitioned_to_kafka' AIRFLOW_CTX_EXECUTION_DATE='2025-06-06T23:49:00+00:00' AIRFLOW_CTX_TRY_NUMBER='1' AIRFLOW_CTX_DAG_RUN_ID='scheduled__2025-06-06T23:49:00+00:00'
[2025-06-06T23:50:12.789+0000] {taskinstance.py:430} INFO - ::endgroup::
[2025-06-06T23:50:13.802+0000] {logging_mixin.py:188} INFO - Produced: bulbasaur with key=grass
[2025-06-06T23:50:14.248+0000] {logging_mixin.py:188} INFO - Produced: ivysaur with key=grass
[2025-06-06T23:50:14.673+0000] {logging_mixin.py:188} INFO - Produced: venusaur with key=grass
[2025-06-06T23:50:15.746+0000] {logging_mixin.py:188} INFO - Error fetching Pokémon ID 4: HTTPSConnectionPool(host='pokeapi.co', port=443): Max retries exceeded with url: /api/v2/pokemon/4/ (Caused by SSLError(SSLEOFError(8, '[SSL: UNEXPECTED_EOF_WHILE_READING] EOF occurred in violation of protocol (_ssl.c:1000)')))
[2025-06-06T23:50:17.160+0000] {logging_mixin.py:188} INFO - Produced: charmeleon with key=fire
[2025-06-06T23:50:17.613+0000] {logging_mixin.py:188} INFO - Produced: charizard with key=fire
[2025-06-06T23:50:18.049+0000] {logging_mixin.py:188} INFO - Produced: squirtle with key=water
[2025-06-06T23:50:18.488+0000] {logging_mixin.py:188} INFO - Produced: wartortle with key=water
[2025-06-06T23:50:18.938+0000] {logging_mixin.py:188} INFO - Produced: blastoise with key=water
[2025-06-06T23:50:19.354+0000] {logging_mixin.py:188} INFO - Produced: caterpie with key=bug
[2025-06-06T23:50:19.782+0000] {logging_mixin.py:188} INFO - Produced: metapod with key=bug
[2025-06-06T23:50:20.220+0000] {logging_mixin.py:188} INFO - Produced: butterfree with key=bug
[2025-06-06T23:50:20.675+0000] {logging_mixin.py:188} INFO - Produced: weedle with key=bug
[2025-06-06T23:50:21.123+0000] {logging_mixin.py:188} INFO - Produced: kakuna with key=bug
[2025-06-06T23:50:21.554+0000] {logging_mixin.py:188} INFO - Produced: beedrill with key=bug
[2025-06-06T23:50:22.015+0000] {logging_mixin.py:188} INFO - Produced: pidgey with key=normal
[2025-06-06T23:50:22.460+0000] {logging_mixin.py:188} INFO - Produced: pidgeotto with key=normal
[2025-06-06T23:50:22.898+0000] {logging_mixin.py:188} INFO - Produced: pidgeot with key=normal
[2025-06-06T23:50:24.000+0000] {logging_mixin.py:188} INFO - Produced: rattata with key=normal
[2025-06-06T23:50:24.207+0000] {python.py:237} INFO - Done. Returned value was: None
[2025-06-06T23:50:24.208+0000] {taskinstance.py:441} INFO - ::group::Post task execution logs
[2025-06-06T23:50:24.223+0000] {taskinstance.py:1205} INFO - Marking task as SUCCESS. dag_id=pokemon_partitioned_to_kafka, task_id=fetch_pokemon_and_send_partitioned_to_kafka, execution_date=20250606T234900, start_date=20250606T235012, end_date=20250606T235024
[2025-06-06T23:50:24.256+0000] {local_task_job_runner.py:240} INFO - Task exited with return code 0
[2025-06-06T23:50:24.267+0000] {taskinstance.py:3482} INFO - 0 downstream tasks scheduled from follow-on schedule check
[2025-06-06T23:50:24.267+0000] {local_task_job_runner.py:222} INFO - ::endgroup::
