[2025-06-05T23:01:21.666+0000] {local_task_job_runner.py:120} INFO - ::group::Pre task execution logs
[2025-06-05T23:01:21.682+0000] {taskinstance.py:2073} INFO - Dependencies all met for dep_context=non-requeueable deps ti=<TaskInstance: kafka_producer_dag.produce_task manual__2025-06-05T23:01:20.562024+00:00 [queued]>
[2025-06-05T23:01:21.687+0000] {taskinstance.py:2073} INFO - Dependencies all met for dep_context=requeueable deps ti=<TaskInstance: kafka_producer_dag.produce_task manual__2025-06-05T23:01:20.562024+00:00 [queued]>
[2025-06-05T23:01:21.687+0000] {taskinstance.py:2303} INFO - Starting attempt 1 of 1
[2025-06-05T23:01:21.694+0000] {taskinstance.py:2327} INFO - Executing <Task(PythonOperator): produce_task> on 2025-06-05 23:01:20.562024+00:00
[2025-06-05T23:01:21.698+0000] {logging_mixin.py:188} WARNING - /home/***/.local/lib/python3.12/site-packages/***/task/task_runner/standard_task_runner.py:61 DeprecationWarning: This process (pid=181) is multi-threaded, use of fork() may lead to deadlocks in the child.
[2025-06-05T23:01:21.698+0000] {standard_task_runner.py:63} INFO - Started process 182 to run task
[2025-06-05T23:01:21.698+0000] {standard_task_runner.py:90} INFO - Running: ['***', 'tasks', 'run', 'kafka_producer_dag', 'produce_task', 'manual__2025-06-05T23:01:20.562024+00:00', '--job-id', '2', '--raw', '--subdir', 'DAGS_FOLDER/kafka_producer_dag.py', '--cfg-path', '/tmp/tmpj774u64h']
[2025-06-05T23:01:21.699+0000] {standard_task_runner.py:91} INFO - Job 2: Subtask produce_task
[2025-06-05T23:01:21.708+0000] {logging_mixin.py:188} WARNING - /home/***/.local/lib/python3.12/site-packages/***/settings.py:195 DeprecationWarning: The sql_alchemy_conn option in [core] has been moved to the sql_alchemy_conn option in [database] - the old setting has been used, but please update your config.
[2025-06-05T23:01:21.727+0000] {task_command.py:426} INFO - Running <TaskInstance: kafka_producer_dag.produce_task manual__2025-06-05T23:01:20.562024+00:00 [running]> on host c876bb51bbbe
[2025-06-05T23:01:21.806+0000] {taskinstance.py:2644} INFO - Exporting env vars: AIRFLOW_CTX_DAG_OWNER='***' AIRFLOW_CTX_DAG_ID='kafka_producer_dag' AIRFLOW_CTX_TASK_ID='produce_task' AIRFLOW_CTX_EXECUTION_DATE='2025-06-05T23:01:20.562024+00:00' AIRFLOW_CTX_TRY_NUMBER='1' AIRFLOW_CTX_DAG_RUN_ID='manual__2025-06-05T23:01:20.562024+00:00'
[2025-06-05T23:01:21.806+0000] {taskinstance.py:430} INFO - ::endgroup::
[2025-06-05T23:01:22.853+0000] {logging_mixin.py:188} INFO - Produced: Message 0 from Airflow
[2025-06-05T23:01:22.855+0000] {logging_mixin.py:188} INFO - Produced: Message 1 from Airflow
[2025-06-05T23:01:22.856+0000] {logging_mixin.py:188} INFO - Produced: Message 2 from Airflow
[2025-06-05T23:01:22.857+0000] {logging_mixin.py:188} INFO - Produced: Message 3 from Airflow
[2025-06-05T23:01:22.858+0000] {logging_mixin.py:188} INFO - Produced: Message 4 from Airflow
[2025-06-05T23:01:22.859+0000] {python.py:237} INFO - Done. Returned value was: None
[2025-06-05T23:01:22.860+0000] {taskinstance.py:441} INFO - ::group::Post task execution logs
[2025-06-05T23:01:22.866+0000] {taskinstance.py:1205} INFO - Marking task as SUCCESS. dag_id=kafka_producer_dag, task_id=produce_task, execution_date=20250605T230120, start_date=20250605T230121, end_date=20250605T230122
[2025-06-05T23:01:22.878+0000] {local_task_job_runner.py:240} INFO - Task exited with return code 0
[2025-06-05T23:01:22.888+0000] {taskinstance.py:3482} INFO - 0 downstream tasks scheduled from follow-on schedule check
[2025-06-05T23:01:22.888+0000] {local_task_job_runner.py:222} INFO - ::endgroup::
