[2025-06-07T00:22:34.531+0000] {local_task_job_runner.py:120} INFO - ::group::Pre task execution logs
[2025-06-07T00:22:34.546+0000] {taskinstance.py:2073} INFO - Dependencies all met for dep_context=non-requeueable deps ti=<TaskInstance: pokemon_partitioned_to_kafka.fetch_pokemon_and_send_partitioned_to_kafka scheduled__2025-06-07T00:21:00+00:00 [queued]>
[2025-06-07T00:22:34.551+0000] {taskinstance.py:2073} INFO - Dependencies all met for dep_context=requeueable deps ti=<TaskInstance: pokemon_partitioned_to_kafka.fetch_pokemon_and_send_partitioned_to_kafka scheduled__2025-06-07T00:21:00+00:00 [queued]>
[2025-06-07T00:22:34.552+0000] {taskinstance.py:2303} INFO - Starting attempt 1 of 1
[2025-06-07T00:22:34.559+0000] {taskinstance.py:2327} INFO - Executing <Task(PythonOperator): fetch_pokemon_and_send_partitioned_to_kafka> on 2025-06-07 00:21:00+00:00
[2025-06-07T00:22:34.563+0000] {logging_mixin.py:188} WARNING - /home/***/.local/lib/python3.12/site-packages/***/task/task_runner/standard_task_runner.py:61 DeprecationWarning: This process (pid=2660) is multi-threaded, use of fork() may lead to deadlocks in the child.
[2025-06-07T00:22:34.564+0000] {standard_task_runner.py:63} INFO - Started process 2662 to run task
[2025-06-07T00:22:34.564+0000] {standard_task_runner.py:90} INFO - Running: ['***', 'tasks', 'run', 'pokemon_partitioned_to_kafka', 'fetch_pokemon_and_send_partitioned_to_kafka', 'scheduled__2025-06-07T00:21:00+00:00', '--job-id', '162', '--raw', '--subdir', 'DAGS_FOLDER/pkapi_to_kafka_dag.py', '--cfg-path', '/tmp/tmpn9jnjgcb']
[2025-06-07T00:22:34.565+0000] {standard_task_runner.py:91} INFO - Job 162: Subtask fetch_pokemon_and_send_partitioned_to_kafka
[2025-06-07T00:22:34.574+0000] {logging_mixin.py:188} WARNING - /home/***/.local/lib/python3.12/site-packages/***/settings.py:195 DeprecationWarning: The sql_alchemy_conn option in [core] has been moved to the sql_alchemy_conn option in [database] - the old setting has been used, but please update your config.
[2025-06-07T00:22:34.595+0000] {task_command.py:426} INFO - Running <TaskInstance: pokemon_partitioned_to_kafka.fetch_pokemon_and_send_partitioned_to_kafka scheduled__2025-06-07T00:21:00+00:00 [running]> on host 856ef77f0083
[2025-06-07T00:22:34.637+0000] {taskinstance.py:2644} INFO - Exporting env vars: AIRFLOW_CTX_DAG_OWNER='***' AIRFLOW_CTX_DAG_ID='pokemon_partitioned_to_kafka' AIRFLOW_CTX_TASK_ID='fetch_pokemon_and_send_partitioned_to_kafka' AIRFLOW_CTX_EXECUTION_DATE='2025-06-07T00:21:00+00:00' AIRFLOW_CTX_TRY_NUMBER='1' AIRFLOW_CTX_DAG_RUN_ID='scheduled__2025-06-07T00:21:00+00:00'
[2025-06-07T00:22:34.637+0000] {taskinstance.py:430} INFO - ::endgroup::
[2025-06-07T00:22:35.650+0000] {logging_mixin.py:188} INFO - Produced: bulbasaur with key=grass
[2025-06-07T00:22:36.078+0000] {logging_mixin.py:188} INFO - Produced: ivysaur with key=grass
[2025-06-07T00:22:36.497+0000] {logging_mixin.py:188} INFO - Produced: venusaur with key=grass
[2025-06-07T00:22:36.939+0000] {logging_mixin.py:188} INFO - Produced: charmander with key=fire
[2025-06-07T00:22:37.360+0000] {logging_mixin.py:188} INFO - Produced: charmeleon with key=fire
[2025-06-07T00:22:37.809+0000] {logging_mixin.py:188} INFO - Produced: charizard with key=fire
[2025-06-07T00:22:38.239+0000] {logging_mixin.py:188} INFO - Produced: squirtle with key=water
[2025-06-07T00:22:38.685+0000] {logging_mixin.py:188} INFO - Produced: wartortle with key=water
[2025-06-07T00:22:39.166+0000] {logging_mixin.py:188} INFO - Produced: blastoise with key=water
[2025-06-07T00:22:40.157+0000] {logging_mixin.py:188} INFO - Error fetching Pokémon ID 10: HTTPSConnectionPool(host='pokeapi.co', port=443): Max retries exceeded with url: /api/v2/pokemon/10/ (Caused by SSLError(SSLEOFError(8, '[SSL: UNEXPECTED_EOF_WHILE_READING] EOF occurred in violation of protocol (_ssl.c:1000)')))
[2025-06-07T00:22:40.431+0000] {logging_mixin.py:188} INFO - Produced: metapod with key=bug
[2025-06-07T00:22:40.846+0000] {logging_mixin.py:188} INFO - Produced: butterfree with key=bug
[2025-06-07T00:22:41.269+0000] {logging_mixin.py:188} INFO - Produced: weedle with key=bug
[2025-06-07T00:22:41.693+0000] {logging_mixin.py:188} INFO - Produced: kakuna with key=bug
[2025-06-07T00:22:42.137+0000] {logging_mixin.py:188} INFO - Produced: beedrill with key=bug
[2025-06-07T00:22:42.574+0000] {logging_mixin.py:188} INFO - Produced: pidgey with key=normal
[2025-06-07T00:22:43.011+0000] {logging_mixin.py:188} INFO - Produced: pidgeotto with key=normal
[2025-06-07T00:22:43.438+0000] {logging_mixin.py:188} INFO - Produced: pidgeot with key=normal
[2025-06-07T00:22:43.874+0000] {logging_mixin.py:188} INFO - Produced: rattata with key=normal
[2025-06-07T00:22:44.080+0000] {python.py:237} INFO - Done. Returned value was: None
[2025-06-07T00:22:44.081+0000] {taskinstance.py:441} INFO - ::group::Post task execution logs
[2025-06-07T00:22:44.087+0000] {taskinstance.py:1205} INFO - Marking task as SUCCESS. dag_id=pokemon_partitioned_to_kafka, task_id=fetch_pokemon_and_send_partitioned_to_kafka, execution_date=20250607T002100, start_date=20250607T002234, end_date=20250607T002244
[2025-06-07T00:22:44.131+0000] {local_task_job_runner.py:240} INFO - Task exited with return code 0
[2025-06-07T00:22:44.140+0000] {taskinstance.py:3482} INFO - 0 downstream tasks scheduled from follow-on schedule check
[2025-06-07T00:22:44.141+0000] {local_task_job_runner.py:222} INFO - ::endgroup::
