[2025-06-07T15:54:00.831+0000] {local_task_job_runner.py:120} INFO - ::group::Pre task execution logs
[2025-06-07T15:54:00.846+0000] {taskinstance.py:2073} INFO - Dependencies all met for dep_context=non-requeueable deps ti=<TaskInstance: pokemon_partitioned_to_kafka_v2.fetch_pokemon_and_send_partitioned_to_kafka scheduled__2025-06-07T15:53:00+00:00 [queued]>
[2025-06-07T15:54:00.861+0000] {taskinstance.py:2073} INFO - Dependencies all met for dep_context=requeueable deps ti=<TaskInstance: pokemon_partitioned_to_kafka_v2.fetch_pokemon_and_send_partitioned_to_kafka scheduled__2025-06-07T15:53:00+00:00 [queued]>
[2025-06-07T15:54:00.862+0000] {taskinstance.py:2303} INFO - Starting attempt 1 of 1
[2025-06-07T15:54:00.870+0000] {taskinstance.py:2327} INFO - Executing <Task(PythonOperator): fetch_pokemon_and_send_partitioned_to_kafka> on 2025-06-07 15:53:00+00:00
[2025-06-07T15:54:00.874+0000] {logging_mixin.py:188} WARNING - /home/***/.local/lib/python3.12/site-packages/***/task/task_runner/standard_task_runner.py:61 DeprecationWarning: This process (pid=348) is multi-threaded, use of fork() may lead to deadlocks in the child.
[2025-06-07T15:54:00.875+0000] {standard_task_runner.py:63} INFO - Started process 349 to run task
[2025-06-07T15:54:00.874+0000] {standard_task_runner.py:90} INFO - Running: ['***', 'tasks', 'run', 'pokemon_partitioned_to_kafka_v2', 'fetch_pokemon_and_send_partitioned_to_kafka', 'scheduled__2025-06-07T15:53:00+00:00', '--job-id', '24', '--raw', '--subdir', 'DAGS_FOLDER/pkapi_to_kafka_dag.py', '--cfg-path', '/tmp/tmpjrqiq320']
[2025-06-07T15:54:00.876+0000] {standard_task_runner.py:91} INFO - Job 24: Subtask fetch_pokemon_and_send_partitioned_to_kafka
[2025-06-07T15:54:00.885+0000] {logging_mixin.py:188} WARNING - /home/***/.local/lib/python3.12/site-packages/***/settings.py:195 DeprecationWarning: The sql_alchemy_conn option in [core] has been moved to the sql_alchemy_conn option in [database] - the old setting has been used, but please update your config.
[2025-06-07T15:54:00.904+0000] {task_command.py:426} INFO - Running <TaskInstance: pokemon_partitioned_to_kafka_v2.fetch_pokemon_and_send_partitioned_to_kafka scheduled__2025-06-07T15:53:00+00:00 [running]> on host 9b7a77fd0e4e
[2025-06-07T15:54:00.950+0000] {taskinstance.py:2644} INFO - Exporting env vars: AIRFLOW_CTX_DAG_OWNER='***' AIRFLOW_CTX_DAG_ID='pokemon_partitioned_to_kafka_v2' AIRFLOW_CTX_TASK_ID='fetch_pokemon_and_send_partitioned_to_kafka' AIRFLOW_CTX_EXECUTION_DATE='2025-06-07T15:53:00+00:00' AIRFLOW_CTX_TRY_NUMBER='1' AIRFLOW_CTX_DAG_RUN_ID='scheduled__2025-06-07T15:53:00+00:00'
[2025-06-07T15:54:00.950+0000] {taskinstance.py:430} INFO - ::endgroup::
[2025-06-07T15:54:01.966+0000] {logging_mixin.py:188} INFO - Produced: bulbasaur with key=grass
[2025-06-07T15:54:02.290+0000] {logging_mixin.py:188} INFO - Produced: ivysaur with key=grass
[2025-06-07T15:54:02.588+0000] {logging_mixin.py:188} INFO - Produced: venusaur with key=grass
[2025-06-07T15:54:02.895+0000] {logging_mixin.py:188} INFO - Produced: charmander with key=fire
[2025-06-07T15:54:03.216+0000] {logging_mixin.py:188} INFO - Produced: charmeleon with key=fire
[2025-06-07T15:54:03.534+0000] {logging_mixin.py:188} INFO - Produced: charizard with key=fire
[2025-06-07T15:54:03.843+0000] {logging_mixin.py:188} INFO - Produced: squirtle with key=water
[2025-06-07T15:54:04.148+0000] {logging_mixin.py:188} INFO - Produced: wartortle with key=water
[2025-06-07T15:54:04.444+0000] {logging_mixin.py:188} INFO - Produced: blastoise with key=water
[2025-06-07T15:54:04.752+0000] {logging_mixin.py:188} INFO - Produced: caterpie with key=bug
[2025-06-07T15:54:05.059+0000] {logging_mixin.py:188} INFO - Produced: metapod with key=bug
[2025-06-07T15:54:05.383+0000] {logging_mixin.py:188} INFO - Produced: butterfree with key=bug
[2025-06-07T15:54:05.688+0000] {logging_mixin.py:188} INFO - Produced: weedle with key=bug
[2025-06-07T15:54:05.981+0000] {logging_mixin.py:188} INFO - Produced: kakuna with key=bug
[2025-06-07T15:54:06.290+0000] {logging_mixin.py:188} INFO - Produced: beedrill with key=bug
[2025-06-07T15:54:06.580+0000] {logging_mixin.py:188} INFO - Produced: pidgey with key=normal
[2025-06-07T15:54:06.885+0000] {logging_mixin.py:188} INFO - Produced: pidgeotto with key=normal
[2025-06-07T15:54:07.206+0000] {logging_mixin.py:188} INFO - Produced: pidgeot with key=normal
[2025-06-07T15:54:07.528+0000] {logging_mixin.py:188} INFO - Produced: rattata with key=normal
[2025-06-07T15:54:07.733+0000] {python.py:237} INFO - Done. Returned value was: None
[2025-06-07T15:54:07.734+0000] {taskinstance.py:441} INFO - ::group::Post task execution logs
[2025-06-07T15:54:07.744+0000] {taskinstance.py:1205} INFO - Marking task as SUCCESS. dag_id=pokemon_partitioned_to_kafka_v2, task_id=fetch_pokemon_and_send_partitioned_to_kafka, execution_date=20250607T155300, start_date=20250607T155400, end_date=20250607T155407
[2025-06-07T15:54:07.764+0000] {local_task_job_runner.py:240} INFO - Task exited with return code 0
[2025-06-07T15:54:07.777+0000] {taskinstance.py:3482} INFO - 0 downstream tasks scheduled from follow-on schedule check
[2025-06-07T15:54:07.778+0000] {local_task_job_runner.py:222} INFO - ::endgroup::
