[2025-06-06T22:02:09.873+0000] {local_task_job_runner.py:120} INFO - ::group::Pre task execution logs
[2025-06-06T22:02:09.891+0000] {taskinstance.py:2073} INFO - Dependencies all met for dep_context=non-requeueable deps ti=<TaskInstance: pokemon_partitioned_to_kafka.fetch_pokemon_and_send_partitioned_to_kafka scheduled__2025-06-06T22:01:00+00:00 [queued]>
[2025-06-06T22:02:09.898+0000] {taskinstance.py:2073} INFO - Dependencies all met for dep_context=requeueable deps ti=<TaskInstance: pokemon_partitioned_to_kafka.fetch_pokemon_and_send_partitioned_to_kafka scheduled__2025-06-06T22:01:00+00:00 [queued]>
[2025-06-06T22:02:09.898+0000] {taskinstance.py:2303} INFO - Starting attempt 1 of 1
[2025-06-06T22:02:09.907+0000] {taskinstance.py:2327} INFO - Executing <Task(PythonOperator): fetch_pokemon_and_send_partitioned_to_kafka> on 2025-06-06 22:01:00+00:00
[2025-06-06T22:02:09.912+0000] {standard_task_runner.py:90} INFO - Running: ['***', 'tasks', 'run', 'pokemon_partitioned_to_kafka', 'fetch_pokemon_and_send_partitioned_to_kafka', 'scheduled__2025-06-06T22:01:00+00:00', '--job-id', '140', '--raw', '--subdir', 'DAGS_FOLDER/pkapi_to_kafka_dag.py', '--cfg-path', '/tmp/tmpcwuyuq_2']
[2025-06-06T22:02:09.913+0000] {standard_task_runner.py:91} INFO - Job 140: Subtask fetch_pokemon_and_send_partitioned_to_kafka
[2025-06-06T22:02:09.913+0000] {logging_mixin.py:188} WARNING - /home/***/.local/lib/python3.12/site-packages/***/task/task_runner/standard_task_runner.py:61 DeprecationWarning: This process (pid=2406) is multi-threaded, use of fork() may lead to deadlocks in the child.
[2025-06-06T22:02:09.913+0000] {standard_task_runner.py:63} INFO - Started process 2408 to run task
[2025-06-06T22:02:09.942+0000] {logging_mixin.py:188} WARNING - /home/***/.local/lib/python3.12/site-packages/***/settings.py:195 DeprecationWarning: The sql_alchemy_conn option in [core] has been moved to the sql_alchemy_conn option in [database] - the old setting has been used, but please update your config.
[2025-06-06T22:02:10.013+0000] {task_command.py:426} INFO - Running <TaskInstance: pokemon_partitioned_to_kafka.fetch_pokemon_and_send_partitioned_to_kafka scheduled__2025-06-06T22:01:00+00:00 [running]> on host 856ef77f0083
[2025-06-06T22:02:10.114+0000] {taskinstance.py:2644} INFO - Exporting env vars: AIRFLOW_CTX_DAG_OWNER='***' AIRFLOW_CTX_DAG_ID='pokemon_partitioned_to_kafka' AIRFLOW_CTX_TASK_ID='fetch_pokemon_and_send_partitioned_to_kafka' AIRFLOW_CTX_EXECUTION_DATE='2025-06-06T22:01:00+00:00' AIRFLOW_CTX_TRY_NUMBER='1' AIRFLOW_CTX_DAG_RUN_ID='scheduled__2025-06-06T22:01:00+00:00'
[2025-06-06T22:02:10.115+0000] {taskinstance.py:430} INFO - ::endgroup::
[2025-06-06T22:02:11.141+0000] {logging_mixin.py:188} INFO - Produced: bulbasaur with key=grass
[2025-06-06T22:02:11.590+0000] {logging_mixin.py:188} INFO - Produced: ivysaur with key=grass
[2025-06-06T22:02:12.032+0000] {logging_mixin.py:188} INFO - Produced: venusaur with key=grass
[2025-06-06T22:02:12.469+0000] {logging_mixin.py:188} INFO - Produced: charmander with key=fire
[2025-06-06T22:02:12.900+0000] {logging_mixin.py:188} INFO - Produced: charmeleon with key=fire
[2025-06-06T22:02:13.333+0000] {logging_mixin.py:188} INFO - Produced: charizard with key=fire
[2025-06-06T22:02:13.783+0000] {logging_mixin.py:188} INFO - Produced: squirtle with key=water
[2025-06-06T22:02:14.220+0000] {logging_mixin.py:188} INFO - Produced: wartortle with key=water
[2025-06-06T22:02:14.674+0000] {logging_mixin.py:188} INFO - Produced: blastoise with key=water
[2025-06-06T22:02:15.109+0000] {logging_mixin.py:188} INFO - Produced: caterpie with key=bug
[2025-06-06T22:02:15.530+0000] {logging_mixin.py:188} INFO - Produced: metapod with key=bug
[2025-06-06T22:02:15.957+0000] {logging_mixin.py:188} INFO - Produced: butterfree with key=bug
[2025-06-06T22:02:17.394+0000] {logging_mixin.py:188} INFO - Produced: weedle with key=bug
[2025-06-06T22:02:17.952+0000] {logging_mixin.py:188} INFO - Produced: kakuna with key=bug
[2025-06-06T22:02:18.380+0000] {logging_mixin.py:188} INFO - Produced: beedrill with key=bug
[2025-06-06T22:02:18.814+0000] {logging_mixin.py:188} INFO - Produced: pidgey with key=normal
[2025-06-06T22:02:19.257+0000] {logging_mixin.py:188} INFO - Produced: pidgeotto with key=normal
[2025-06-06T22:02:19.719+0000] {logging_mixin.py:188} INFO - Produced: pidgeot with key=normal
[2025-06-06T22:02:20.154+0000] {logging_mixin.py:188} INFO - Produced: rattata with key=normal
[2025-06-06T22:02:20.362+0000] {python.py:237} INFO - Done. Returned value was: None
[2025-06-06T22:02:20.363+0000] {taskinstance.py:441} INFO - ::group::Post task execution logs
[2025-06-06T22:02:20.370+0000] {taskinstance.py:1205} INFO - Marking task as SUCCESS. dag_id=pokemon_partitioned_to_kafka, task_id=fetch_pokemon_and_send_partitioned_to_kafka, execution_date=20250606T220100, start_date=20250606T220209, end_date=20250606T220220
[2025-06-06T22:02:20.404+0000] {local_task_job_runner.py:240} INFO - Task exited with return code 0
[2025-06-06T22:02:20.418+0000] {taskinstance.py:3482} INFO - 0 downstream tasks scheduled from follow-on schedule check
[2025-06-06T22:02:20.418+0000] {local_task_job_runner.py:222} INFO - ::endgroup::
