[2025-06-07T15:44:01.024+0000] {local_task_job_runner.py:120} INFO - ::group::Pre task execution logs
[2025-06-07T15:44:01.039+0000] {taskinstance.py:2073} INFO - Dependencies all met for dep_context=non-requeueable deps ti=<TaskInstance: pokemon_partitioned_to_kafka_v2.fetch_pokemon_and_send_partitioned_to_kafka scheduled__2025-06-07T15:43:00+00:00 [queued]>
[2025-06-07T15:44:01.042+0000] {taskinstance.py:2073} INFO - Dependencies all met for dep_context=requeueable deps ti=<TaskInstance: pokemon_partitioned_to_kafka_v2.fetch_pokemon_and_send_partitioned_to_kafka scheduled__2025-06-07T15:43:00+00:00 [queued]>
[2025-06-07T15:44:01.042+0000] {taskinstance.py:2303} INFO - Starting attempt 1 of 1
[2025-06-07T15:44:01.048+0000] {taskinstance.py:2327} INFO - Executing <Task(PythonOperator): fetch_pokemon_and_send_partitioned_to_kafka> on 2025-06-07 15:43:00+00:00
[2025-06-07T15:44:01.051+0000] {logging_mixin.py:188} WARNING - /home/***/.local/lib/python3.12/site-packages/***/task/task_runner/standard_task_runner.py:61 DeprecationWarning: This process (pid=451) is multi-threaded, use of fork() may lead to deadlocks in the child.
[2025-06-07T15:44:01.052+0000] {standard_task_runner.py:63} INFO - Started process 452 to run task
[2025-06-07T15:44:01.051+0000] {standard_task_runner.py:90} INFO - Running: ['***', 'tasks', 'run', 'pokemon_partitioned_to_kafka_v2', 'fetch_pokemon_and_send_partitioned_to_kafka', 'scheduled__2025-06-07T15:43:00+00:00', '--job-id', '13', '--raw', '--subdir', 'DAGS_FOLDER/pkapi_to_kafka_dag.py', '--cfg-path', '/tmp/tmpe9e4c2vp']
[2025-06-07T15:44:01.053+0000] {standard_task_runner.py:91} INFO - Job 13: Subtask fetch_pokemon_and_send_partitioned_to_kafka
[2025-06-07T15:44:01.060+0000] {logging_mixin.py:188} WARNING - /home/***/.local/lib/python3.12/site-packages/***/settings.py:195 DeprecationWarning: The sql_alchemy_conn option in [core] has been moved to the sql_alchemy_conn option in [database] - the old setting has been used, but please update your config.
[2025-06-07T15:44:01.079+0000] {task_command.py:426} INFO - Running <TaskInstance: pokemon_partitioned_to_kafka_v2.fetch_pokemon_and_send_partitioned_to_kafka scheduled__2025-06-07T15:43:00+00:00 [running]> on host 6f16b7f24720
[2025-06-07T15:44:01.121+0000] {taskinstance.py:2644} INFO - Exporting env vars: AIRFLOW_CTX_DAG_OWNER='***' AIRFLOW_CTX_DAG_ID='pokemon_partitioned_to_kafka_v2' AIRFLOW_CTX_TASK_ID='fetch_pokemon_and_send_partitioned_to_kafka' AIRFLOW_CTX_EXECUTION_DATE='2025-06-07T15:43:00+00:00' AIRFLOW_CTX_TRY_NUMBER='1' AIRFLOW_CTX_DAG_RUN_ID='scheduled__2025-06-07T15:43:00+00:00'
[2025-06-07T15:44:01.121+0000] {taskinstance.py:430} INFO - ::endgroup::
[2025-06-07T15:44:02.142+0000] {logging_mixin.py:188} INFO - Produced: bulbasaur with key=grass
[2025-06-07T15:44:02.458+0000] {logging_mixin.py:188} INFO - Produced: ivysaur with key=grass
[2025-06-07T15:44:02.781+0000] {logging_mixin.py:188} INFO - Produced: venusaur with key=grass
[2025-06-07T15:44:03.093+0000] {logging_mixin.py:188} INFO - Produced: charmander with key=fire
[2025-06-07T15:44:03.404+0000] {logging_mixin.py:188} INFO - Produced: charmeleon with key=fire
[2025-06-07T15:44:03.696+0000] {logging_mixin.py:188} INFO - Produced: charizard with key=fire
[2025-06-07T15:44:04.017+0000] {logging_mixin.py:188} INFO - Produced: squirtle with key=water
[2025-06-07T15:44:04.335+0000] {logging_mixin.py:188} INFO - Produced: wartortle with key=water
[2025-06-07T15:44:04.658+0000] {logging_mixin.py:188} INFO - Produced: blastoise with key=water
[2025-06-07T15:44:04.978+0000] {logging_mixin.py:188} INFO - Produced: caterpie with key=bug
[2025-06-07T15:44:05.286+0000] {logging_mixin.py:188} INFO - Produced: metapod with key=bug
[2025-06-07T15:44:05.627+0000] {logging_mixin.py:188} INFO - Produced: butterfree with key=bug
[2025-06-07T15:44:05.935+0000] {logging_mixin.py:188} INFO - Produced: weedle with key=bug
[2025-06-07T15:44:06.225+0000] {logging_mixin.py:188} INFO - Produced: kakuna with key=bug
[2025-06-07T15:44:06.522+0000] {logging_mixin.py:188} INFO - Produced: beedrill with key=bug
[2025-06-07T15:44:06.839+0000] {logging_mixin.py:188} INFO - Produced: pidgey with key=normal
[2025-06-07T15:44:07.165+0000] {logging_mixin.py:188} INFO - Produced: pidgeotto with key=normal
[2025-06-07T15:44:07.496+0000] {logging_mixin.py:188} INFO - Produced: pidgeot with key=normal
[2025-06-07T15:44:07.821+0000] {logging_mixin.py:188} INFO - Produced: rattata with key=normal
[2025-06-07T15:44:08.031+0000] {python.py:237} INFO - Done. Returned value was: None
[2025-06-07T15:44:08.032+0000] {taskinstance.py:441} INFO - ::group::Post task execution logs
[2025-06-07T15:44:08.043+0000] {taskinstance.py:1205} INFO - Marking task as SUCCESS. dag_id=pokemon_partitioned_to_kafka_v2, task_id=fetch_pokemon_and_send_partitioned_to_kafka, execution_date=20250607T154300, start_date=20250607T154401, end_date=20250607T154408
[2025-06-07T15:44:08.094+0000] {local_task_job_runner.py:240} INFO - Task exited with return code 0
[2025-06-07T15:44:08.106+0000] {taskinstance.py:3482} INFO - 0 downstream tasks scheduled from follow-on schedule check
[2025-06-07T15:44:08.107+0000] {local_task_job_runner.py:222} INFO - ::endgroup::
