[2025-06-07T12:47:51.477+0000] {local_task_job_runner.py:120} INFO - ::group::Pre task execution logs
[2025-06-07T12:47:51.493+0000] {taskinstance.py:2073} INFO - Dependencies all met for dep_context=non-requeueable deps ti=<TaskInstance: pokemon_partitioned_to_kafka.fetch_pokemon_and_send_partitioned_to_kafka scheduled__2025-06-07T12:34:00+00:00 [queued]>
[2025-06-07T12:47:51.497+0000] {taskinstance.py:2073} INFO - Dependencies all met for dep_context=requeueable deps ti=<TaskInstance: pokemon_partitioned_to_kafka.fetch_pokemon_and_send_partitioned_to_kafka scheduled__2025-06-07T12:34:00+00:00 [queued]>
[2025-06-07T12:47:51.498+0000] {taskinstance.py:2303} INFO - Starting attempt 1 of 1
[2025-06-07T12:47:51.505+0000] {taskinstance.py:2327} INFO - Executing <Task(PythonOperator): fetch_pokemon_and_send_partitioned_to_kafka> on 2025-06-07 12:34:00+00:00
[2025-06-07T12:47:51.508+0000] {logging_mixin.py:188} WARNING - /home/***/.local/lib/python3.12/site-packages/***/task/task_runner/standard_task_runner.py:61 DeprecationWarning: This process (pid=3241) is multi-threaded, use of fork() may lead to deadlocks in the child.
[2025-06-07T12:47:51.509+0000] {standard_task_runner.py:63} INFO - Started process 3253 to run task
[2025-06-07T12:47:51.509+0000] {standard_task_runner.py:90} INFO - Running: ['***', 'tasks', 'run', 'pokemon_partitioned_to_kafka', 'fetch_pokemon_and_send_partitioned_to_kafka', 'scheduled__2025-06-07T12:34:00+00:00', '--job-id', '212', '--raw', '--subdir', 'DAGS_FOLDER/pkapi_to_kafka_dag.py', '--cfg-path', '/tmp/tmpdni7vjbl']
[2025-06-07T12:47:51.510+0000] {standard_task_runner.py:91} INFO - Job 212: Subtask fetch_pokemon_and_send_partitioned_to_kafka
[2025-06-07T12:47:51.519+0000] {logging_mixin.py:188} WARNING - /home/***/.local/lib/python3.12/site-packages/***/settings.py:195 DeprecationWarning: The sql_alchemy_conn option in [core] has been moved to the sql_alchemy_conn option in [database] - the old setting has been used, but please update your config.
[2025-06-07T12:47:51.542+0000] {task_command.py:426} INFO - Running <TaskInstance: pokemon_partitioned_to_kafka.fetch_pokemon_and_send_partitioned_to_kafka scheduled__2025-06-07T12:34:00+00:00 [running]> on host 856ef77f0083
[2025-06-07T12:47:51.588+0000] {taskinstance.py:2644} INFO - Exporting env vars: AIRFLOW_CTX_DAG_OWNER='***' AIRFLOW_CTX_DAG_ID='pokemon_partitioned_to_kafka' AIRFLOW_CTX_TASK_ID='fetch_pokemon_and_send_partitioned_to_kafka' AIRFLOW_CTX_EXECUTION_DATE='2025-06-07T12:34:00+00:00' AIRFLOW_CTX_TRY_NUMBER='1' AIRFLOW_CTX_DAG_RUN_ID='scheduled__2025-06-07T12:34:00+00:00'
[2025-06-07T12:47:51.589+0000] {taskinstance.py:430} INFO - ::endgroup::
[2025-06-07T12:47:52.603+0000] {logging_mixin.py:188} INFO - Produced: bulbasaur with key=grass
[2025-06-07T12:47:52.911+0000] {logging_mixin.py:188} INFO - Produced: ivysaur with key=grass
[2025-06-07T12:47:53.231+0000] {logging_mixin.py:188} INFO - Produced: venusaur with key=grass
[2025-06-07T12:47:53.525+0000] {logging_mixin.py:188} INFO - Produced: charmander with key=fire
[2025-06-07T12:47:53.829+0000] {logging_mixin.py:188} INFO - Produced: charmeleon with key=fire
[2025-06-07T12:47:54.140+0000] {logging_mixin.py:188} INFO - Produced: charizard with key=fire
[2025-06-07T12:47:54.459+0000] {logging_mixin.py:188} INFO - Produced: squirtle with key=water
[2025-06-07T12:47:54.780+0000] {logging_mixin.py:188} INFO - Produced: wartortle with key=water
[2025-06-07T12:47:55.095+0000] {logging_mixin.py:188} INFO - Produced: blastoise with key=water
[2025-06-07T12:47:55.411+0000] {logging_mixin.py:188} INFO - Produced: caterpie with key=bug
[2025-06-07T12:47:55.711+0000] {logging_mixin.py:188} INFO - Produced: metapod with key=bug
[2025-06-07T12:47:56.025+0000] {logging_mixin.py:188} INFO - Produced: butterfree with key=bug
[2025-06-07T12:47:56.327+0000] {logging_mixin.py:188} INFO - Produced: weedle with key=bug
[2025-06-07T12:48:01.593+0000] {logging_mixin.py:188} INFO - Error fetching Pokémon ID 14: HTTPSConnectionPool(host='pokeapi.co', port=443): Read timed out. (read timeout=5)
[2025-06-07T12:48:01.696+0000] {logging_mixin.py:188} INFO - Produced: beedrill with key=bug
[2025-06-07T12:48:02.028+0000] {logging_mixin.py:188} INFO - Produced: pidgey with key=normal
[2025-06-07T12:48:02.343+0000] {logging_mixin.py:188} INFO - Produced: pidgeotto with key=normal
[2025-06-07T12:48:02.641+0000] {logging_mixin.py:188} INFO - Produced: pidgeot with key=normal
[2025-06-07T12:48:02.963+0000] {logging_mixin.py:188} INFO - Produced: rattata with key=normal
[2025-06-07T12:48:03.171+0000] {python.py:237} INFO - Done. Returned value was: None
[2025-06-07T12:48:03.172+0000] {taskinstance.py:441} INFO - ::group::Post task execution logs
[2025-06-07T12:48:03.187+0000] {taskinstance.py:1205} INFO - Marking task as SUCCESS. dag_id=pokemon_partitioned_to_kafka, task_id=fetch_pokemon_and_send_partitioned_to_kafka, execution_date=20250607T123400, start_date=20250607T124751, end_date=20250607T124803
[2025-06-07T12:48:03.218+0000] {local_task_job_runner.py:240} INFO - Task exited with return code 0
[2025-06-07T12:48:03.228+0000] {taskinstance.py:3482} INFO - 0 downstream tasks scheduled from follow-on schedule check
[2025-06-07T12:48:03.229+0000] {local_task_job_runner.py:222} INFO - ::endgroup::
