[2025-06-07T10:09:00.448+0000] {local_task_job_runner.py:120} INFO - ::group::Pre task execution logs
[2025-06-07T10:09:00.462+0000] {taskinstance.py:2073} INFO - Dependencies all met for dep_context=non-requeueable deps ti=<TaskInstance: pokemon_partitioned_to_kafka.fetch_pokemon_and_send_partitioned_to_kafka scheduled__2025-06-07T10:08:00+00:00 [queued]>
[2025-06-07T10:09:00.465+0000] {taskinstance.py:2073} INFO - Dependencies all met for dep_context=requeueable deps ti=<TaskInstance: pokemon_partitioned_to_kafka.fetch_pokemon_and_send_partitioned_to_kafka scheduled__2025-06-07T10:08:00+00:00 [queued]>
[2025-06-07T10:09:00.465+0000] {taskinstance.py:2303} INFO - Starting attempt 1 of 1
[2025-06-07T10:09:00.471+0000] {taskinstance.py:2327} INFO - Executing <Task(PythonOperator): fetch_pokemon_and_send_partitioned_to_kafka> on 2025-06-07 10:08:00+00:00
[2025-06-07T10:09:00.475+0000] {logging_mixin.py:188} WARNING - /home/***/.local/lib/python3.12/site-packages/***/task/task_runner/standard_task_runner.py:61 DeprecationWarning: This process (pid=3117) is multi-threaded, use of fork() may lead to deadlocks in the child.
[2025-06-07T10:09:00.476+0000] {standard_task_runner.py:63} INFO - Started process 3118 to run task
[2025-06-07T10:09:00.475+0000] {standard_task_runner.py:90} INFO - Running: ['***', 'tasks', 'run', 'pokemon_partitioned_to_kafka', 'fetch_pokemon_and_send_partitioned_to_kafka', 'scheduled__2025-06-07T10:08:00+00:00', '--job-id', '203', '--raw', '--subdir', 'DAGS_FOLDER/pkapi_to_kafka_dag.py', '--cfg-path', '/tmp/tmp6_tvnt5e']
[2025-06-07T10:09:00.476+0000] {standard_task_runner.py:91} INFO - Job 203: Subtask fetch_pokemon_and_send_partitioned_to_kafka
[2025-06-07T10:09:00.484+0000] {logging_mixin.py:188} WARNING - /home/***/.local/lib/python3.12/site-packages/***/settings.py:195 DeprecationWarning: The sql_alchemy_conn option in [core] has been moved to the sql_alchemy_conn option in [database] - the old setting has been used, but please update your config.
[2025-06-07T10:09:00.501+0000] {task_command.py:426} INFO - Running <TaskInstance: pokemon_partitioned_to_kafka.fetch_pokemon_and_send_partitioned_to_kafka scheduled__2025-06-07T10:08:00+00:00 [running]> on host 856ef77f0083
[2025-06-07T10:09:00.544+0000] {taskinstance.py:2644} INFO - Exporting env vars: AIRFLOW_CTX_DAG_OWNER='***' AIRFLOW_CTX_DAG_ID='pokemon_partitioned_to_kafka' AIRFLOW_CTX_TASK_ID='fetch_pokemon_and_send_partitioned_to_kafka' AIRFLOW_CTX_EXECUTION_DATE='2025-06-07T10:08:00+00:00' AIRFLOW_CTX_TRY_NUMBER='1' AIRFLOW_CTX_DAG_RUN_ID='scheduled__2025-06-07T10:08:00+00:00'
[2025-06-07T10:09:00.545+0000] {taskinstance.py:430} INFO - ::endgroup::
[2025-06-07T10:09:01.563+0000] {logging_mixin.py:188} INFO - Produced: bulbasaur with key=grass
[2025-06-07T10:09:01.884+0000] {logging_mixin.py:188} INFO - Produced: ivysaur with key=grass
[2025-06-07T10:09:02.205+0000] {logging_mixin.py:188} INFO - Produced: venusaur with key=grass
[2025-06-07T10:09:02.520+0000] {logging_mixin.py:188} INFO - Produced: charmander with key=fire
[2025-06-07T10:09:02.848+0000] {logging_mixin.py:188} INFO - Produced: charmeleon with key=fire
[2025-06-07T10:09:03.134+0000] {logging_mixin.py:188} INFO - Produced: charizard with key=fire
[2025-06-07T10:09:03.431+0000] {logging_mixin.py:188} INFO - Produced: squirtle with key=water
[2025-06-07T10:09:03.725+0000] {logging_mixin.py:188} INFO - Produced: wartortle with key=water
[2025-06-07T10:09:04.024+0000] {logging_mixin.py:188} INFO - Produced: blastoise with key=water
[2025-06-07T10:09:04.330+0000] {logging_mixin.py:188} INFO - Produced: caterpie with key=bug
[2025-06-07T10:09:04.643+0000] {logging_mixin.py:188} INFO - Produced: metapod with key=bug
[2025-06-07T10:09:04.953+0000] {logging_mixin.py:188} INFO - Produced: butterfree with key=bug
[2025-06-07T10:09:05.259+0000] {logging_mixin.py:188} INFO - Produced: weedle with key=bug
[2025-06-07T10:09:05.558+0000] {logging_mixin.py:188} INFO - Produced: kakuna with key=bug
[2025-06-07T10:09:05.873+0000] {logging_mixin.py:188} INFO - Produced: beedrill with key=bug
[2025-06-07T10:09:06.172+0000] {logging_mixin.py:188} INFO - Produced: pidgey with key=normal
[2025-06-07T10:09:06.482+0000] {logging_mixin.py:188} INFO - Produced: pidgeotto with key=normal
[2025-06-07T10:09:06.796+0000] {logging_mixin.py:188} INFO - Produced: pidgeot with key=normal
[2025-06-07T10:09:07.099+0000] {logging_mixin.py:188} INFO - Produced: rattata with key=normal
[2025-06-07T10:09:07.304+0000] {python.py:237} INFO - Done. Returned value was: None
[2025-06-07T10:09:07.305+0000] {taskinstance.py:441} INFO - ::group::Post task execution logs
[2025-06-07T10:09:07.316+0000] {taskinstance.py:1205} INFO - Marking task as SUCCESS. dag_id=pokemon_partitioned_to_kafka, task_id=fetch_pokemon_and_send_partitioned_to_kafka, execution_date=20250607T100800, start_date=20250607T100900, end_date=20250607T100907
[2025-06-07T10:09:07.343+0000] {local_task_job_runner.py:240} INFO - Task exited with return code 0
[2025-06-07T10:09:07.352+0000] {taskinstance.py:3482} INFO - 0 downstream tasks scheduled from follow-on schedule check
[2025-06-07T10:09:07.353+0000] {local_task_job_runner.py:222} INFO - ::endgroup::
