[2025-06-07T08:00:37.654+0000] {local_task_job_runner.py:120} INFO - ::group::Pre task execution logs
[2025-06-07T08:00:37.676+0000] {taskinstance.py:2073} INFO - Dependencies all met for dep_context=non-requeueable deps ti=<TaskInstance: pokemon_partitioned_to_kafka.fetch_pokemon_and_send_partitioned_to_kafka scheduled__2025-06-07T07:59:00+00:00 [queued]>
[2025-06-07T08:00:37.682+0000] {taskinstance.py:2073} INFO - Dependencies all met for dep_context=requeueable deps ti=<TaskInstance: pokemon_partitioned_to_kafka.fetch_pokemon_and_send_partitioned_to_kafka scheduled__2025-06-07T07:59:00+00:00 [queued]>
[2025-06-07T08:00:37.682+0000] {taskinstance.py:2303} INFO - Starting attempt 1 of 1
[2025-06-07T08:00:37.693+0000] {taskinstance.py:2327} INFO - Executing <Task(PythonOperator): fetch_pokemon_and_send_partitioned_to_kafka> on 2025-06-07 07:59:00+00:00
[2025-06-07T08:00:37.698+0000] {logging_mixin.py:188} WARNING - /home/***/.local/lib/python3.12/site-packages/***/task/task_runner/standard_task_runner.py:61 DeprecationWarning: This process (pid=3011) is multi-threaded, use of fork() may lead to deadlocks in the child.
[2025-06-07T08:00:37.699+0000] {standard_task_runner.py:63} INFO - Started process 3012 to run task
[2025-06-07T08:00:37.698+0000] {standard_task_runner.py:90} INFO - Running: ['***', 'tasks', 'run', 'pokemon_partitioned_to_kafka', 'fetch_pokemon_and_send_partitioned_to_kafka', 'scheduled__2025-06-07T07:59:00+00:00', '--job-id', '192', '--raw', '--subdir', 'DAGS_FOLDER/pkapi_to_kafka_dag.py', '--cfg-path', '/tmp/tmpmdltonu1']
[2025-06-07T08:00:37.701+0000] {standard_task_runner.py:91} INFO - Job 192: Subtask fetch_pokemon_and_send_partitioned_to_kafka
[2025-06-07T08:00:37.716+0000] {logging_mixin.py:188} WARNING - /home/***/.local/lib/python3.12/site-packages/***/settings.py:195 DeprecationWarning: The sql_alchemy_conn option in [core] has been moved to the sql_alchemy_conn option in [database] - the old setting has been used, but please update your config.
[2025-06-07T08:00:37.753+0000] {task_command.py:426} INFO - Running <TaskInstance: pokemon_partitioned_to_kafka.fetch_pokemon_and_send_partitioned_to_kafka scheduled__2025-06-07T07:59:00+00:00 [running]> on host 856ef77f0083
[2025-06-07T08:00:37.814+0000] {taskinstance.py:2644} INFO - Exporting env vars: AIRFLOW_CTX_DAG_OWNER='***' AIRFLOW_CTX_DAG_ID='pokemon_partitioned_to_kafka' AIRFLOW_CTX_TASK_ID='fetch_pokemon_and_send_partitioned_to_kafka' AIRFLOW_CTX_EXECUTION_DATE='2025-06-07T07:59:00+00:00' AIRFLOW_CTX_TRY_NUMBER='1' AIRFLOW_CTX_DAG_RUN_ID='scheduled__2025-06-07T07:59:00+00:00'
[2025-06-07T08:00:37.815+0000] {taskinstance.py:430} INFO - ::endgroup::
[2025-06-07T08:00:38.846+0000] {logging_mixin.py:188} INFO - Produced: bulbasaur with key=grass
[2025-06-07T08:00:39.165+0000] {logging_mixin.py:188} INFO - Produced: ivysaur with key=grass
[2025-06-07T08:00:39.488+0000] {logging_mixin.py:188} INFO - Produced: venusaur with key=grass
[2025-06-07T08:00:39.802+0000] {logging_mixin.py:188} INFO - Produced: charmander with key=fire
[2025-06-07T08:00:40.191+0000] {logging_mixin.py:188} INFO - Produced: charmeleon with key=fire
[2025-06-07T08:00:40.633+0000] {logging_mixin.py:188} INFO - Produced: charizard with key=fire
[2025-06-07T08:00:41.007+0000] {logging_mixin.py:188} INFO - Produced: squirtle with key=water
[2025-06-07T08:00:41.320+0000] {logging_mixin.py:188} INFO - Produced: wartortle with key=water
[2025-06-07T08:00:41.651+0000] {logging_mixin.py:188} INFO - Produced: blastoise with key=water
[2025-06-07T08:00:41.968+0000] {logging_mixin.py:188} INFO - Produced: caterpie with key=bug
[2025-06-07T08:00:42.259+0000] {logging_mixin.py:188} INFO - Produced: metapod with key=bug
[2025-06-07T08:00:42.570+0000] {logging_mixin.py:188} INFO - Produced: butterfree with key=bug
[2025-06-07T08:00:42.867+0000] {logging_mixin.py:188} INFO - Produced: weedle with key=bug
[2025-06-07T08:00:43.173+0000] {logging_mixin.py:188} INFO - Produced: kakuna with key=bug
[2025-06-07T08:00:43.492+0000] {logging_mixin.py:188} INFO - Produced: beedrill with key=bug
[2025-06-07T08:00:43.828+0000] {logging_mixin.py:188} INFO - Produced: pidgey with key=normal
[2025-06-07T08:00:44.182+0000] {logging_mixin.py:188} INFO - Produced: pidgeotto with key=normal
[2025-06-07T08:00:44.489+0000] {logging_mixin.py:188} INFO - Produced: pidgeot with key=normal
[2025-06-07T08:00:44.825+0000] {logging_mixin.py:188} INFO - Produced: rattata with key=normal
[2025-06-07T08:00:45.035+0000] {python.py:237} INFO - Done. Returned value was: None
[2025-06-07T08:00:45.036+0000] {taskinstance.py:441} INFO - ::group::Post task execution logs
[2025-06-07T08:00:45.051+0000] {taskinstance.py:1205} INFO - Marking task as SUCCESS. dag_id=pokemon_partitioned_to_kafka, task_id=fetch_pokemon_and_send_partitioned_to_kafka, execution_date=20250607T075900, start_date=20250607T080037, end_date=20250607T080045
[2025-06-07T08:00:45.098+0000] {local_task_job_runner.py:240} INFO - Task exited with return code 0
[2025-06-07T08:00:45.111+0000] {taskinstance.py:3482} INFO - 0 downstream tasks scheduled from follow-on schedule check
[2025-06-07T08:00:45.112+0000] {local_task_job_runner.py:222} INFO - ::endgroup::
