[2025-06-07T15:53:00.421+0000] {local_task_job_runner.py:120} INFO - ::group::Pre task execution logs
[2025-06-07T15:53:00.436+0000] {taskinstance.py:2073} INFO - Dependencies all met for dep_context=non-requeueable deps ti=<TaskInstance: pokemon_partitioned_to_kafka_v2.fetch_pokemon_and_send_partitioned_to_kafka scheduled__2025-06-07T15:52:00+00:00 [queued]>
[2025-06-07T15:53:00.440+0000] {taskinstance.py:2073} INFO - Dependencies all met for dep_context=requeueable deps ti=<TaskInstance: pokemon_partitioned_to_kafka_v2.fetch_pokemon_and_send_partitioned_to_kafka scheduled__2025-06-07T15:52:00+00:00 [queued]>
[2025-06-07T15:53:00.440+0000] {taskinstance.py:2303} INFO - Starting attempt 1 of 1
[2025-06-07T15:53:00.446+0000] {taskinstance.py:2327} INFO - Executing <Task(PythonOperator): fetch_pokemon_and_send_partitioned_to_kafka> on 2025-06-07 15:52:00+00:00
[2025-06-07T15:53:00.450+0000] {logging_mixin.py:188} WARNING - /home/***/.local/lib/python3.12/site-packages/***/task/task_runner/standard_task_runner.py:61 DeprecationWarning: This process (pid=322) is multi-threaded, use of fork() may lead to deadlocks in the child.
[2025-06-07T15:53:00.450+0000] {standard_task_runner.py:63} INFO - Started process 323 to run task
[2025-06-07T15:53:00.450+0000] {standard_task_runner.py:90} INFO - Running: ['***', 'tasks', 'run', 'pokemon_partitioned_to_kafka_v2', 'fetch_pokemon_and_send_partitioned_to_kafka', 'scheduled__2025-06-07T15:52:00+00:00', '--job-id', '23', '--raw', '--subdir', 'DAGS_FOLDER/pkapi_to_kafka_dag.py', '--cfg-path', '/tmp/tmp2dy7lgpg']
[2025-06-07T15:53:00.451+0000] {standard_task_runner.py:91} INFO - Job 23: Subtask fetch_pokemon_and_send_partitioned_to_kafka
[2025-06-07T15:53:00.459+0000] {logging_mixin.py:188} WARNING - /home/***/.local/lib/python3.12/site-packages/***/settings.py:195 DeprecationWarning: The sql_alchemy_conn option in [core] has been moved to the sql_alchemy_conn option in [database] - the old setting has been used, but please update your config.
[2025-06-07T15:53:00.479+0000] {task_command.py:426} INFO - Running <TaskInstance: pokemon_partitioned_to_kafka_v2.fetch_pokemon_and_send_partitioned_to_kafka scheduled__2025-06-07T15:52:00+00:00 [running]> on host 9b7a77fd0e4e
[2025-06-07T15:53:00.524+0000] {taskinstance.py:2644} INFO - Exporting env vars: AIRFLOW_CTX_DAG_OWNER='***' AIRFLOW_CTX_DAG_ID='pokemon_partitioned_to_kafka_v2' AIRFLOW_CTX_TASK_ID='fetch_pokemon_and_send_partitioned_to_kafka' AIRFLOW_CTX_EXECUTION_DATE='2025-06-07T15:52:00+00:00' AIRFLOW_CTX_TRY_NUMBER='1' AIRFLOW_CTX_DAG_RUN_ID='scheduled__2025-06-07T15:52:00+00:00'
[2025-06-07T15:53:00.524+0000] {taskinstance.py:430} INFO - ::endgroup::
[2025-06-07T15:53:01.539+0000] {logging_mixin.py:188} INFO - Produced: bulbasaur with key=grass
[2025-06-07T15:53:01.868+0000] {logging_mixin.py:188} INFO - Produced: ivysaur with key=grass
[2025-06-07T15:53:02.196+0000] {logging_mixin.py:188} INFO - Produced: venusaur with key=grass
[2025-06-07T15:53:02.509+0000] {logging_mixin.py:188} INFO - Produced: charmander with key=fire
[2025-06-07T15:53:02.831+0000] {logging_mixin.py:188} INFO - Produced: charmeleon with key=fire
[2025-06-07T15:53:03.150+0000] {logging_mixin.py:188} INFO - Produced: charizard with key=fire
[2025-06-07T15:53:03.476+0000] {logging_mixin.py:188} INFO - Produced: squirtle with key=water
[2025-06-07T15:53:03.798+0000] {logging_mixin.py:188} INFO - Produced: wartortle with key=water
[2025-06-07T15:53:04.101+0000] {logging_mixin.py:188} INFO - Produced: blastoise with key=water
[2025-06-07T15:53:04.404+0000] {logging_mixin.py:188} INFO - Produced: caterpie with key=bug
[2025-06-07T15:53:04.721+0000] {logging_mixin.py:188} INFO - Produced: metapod with key=bug
[2025-06-07T15:53:05.033+0000] {logging_mixin.py:188} INFO - Produced: butterfree with key=bug
[2025-06-07T15:53:05.339+0000] {logging_mixin.py:188} INFO - Produced: weedle with key=bug
[2025-06-07T15:53:05.639+0000] {logging_mixin.py:188} INFO - Produced: kakuna with key=bug
[2025-06-07T15:53:05.942+0000] {logging_mixin.py:188} INFO - Produced: beedrill with key=bug
[2025-06-07T15:53:06.239+0000] {logging_mixin.py:188} INFO - Produced: pidgey with key=normal
[2025-06-07T15:53:06.535+0000] {logging_mixin.py:188} INFO - Produced: pidgeotto with key=normal
[2025-06-07T15:53:06.843+0000] {logging_mixin.py:188} INFO - Produced: pidgeot with key=normal
[2025-06-07T15:53:07.148+0000] {logging_mixin.py:188} INFO - Produced: rattata with key=normal
[2025-06-07T15:53:07.356+0000] {python.py:237} INFO - Done. Returned value was: None
[2025-06-07T15:53:07.357+0000] {taskinstance.py:441} INFO - ::group::Post task execution logs
[2025-06-07T15:53:07.365+0000] {taskinstance.py:1205} INFO - Marking task as SUCCESS. dag_id=pokemon_partitioned_to_kafka_v2, task_id=fetch_pokemon_and_send_partitioned_to_kafka, execution_date=20250607T155200, start_date=20250607T155300, end_date=20250607T155307
[2025-06-07T15:53:07.397+0000] {local_task_job_runner.py:240} INFO - Task exited with return code 0
[2025-06-07T15:53:07.416+0000] {taskinstance.py:3482} INFO - 0 downstream tasks scheduled from follow-on schedule check
[2025-06-07T15:53:07.417+0000] {local_task_job_runner.py:222} INFO - ::endgroup::
