[2025-06-06T00:00:00.332+0000] {local_task_job_runner.py:120} INFO - ::group::Pre task execution logs
[2025-06-06T00:00:00.346+0000] {taskinstance.py:2073} INFO - Dependencies all met for dep_context=non-requeueable deps ti=<TaskInstance: pokemon_partitioned_to_kafka.fetch_pokemon_and_send_partitioned_to_kafka scheduled__2025-06-05T23:59:00+00:00 [queued]>
[2025-06-06T00:00:00.349+0000] {taskinstance.py:2073} INFO - Dependencies all met for dep_context=requeueable deps ti=<TaskInstance: pokemon_partitioned_to_kafka.fetch_pokemon_and_send_partitioned_to_kafka scheduled__2025-06-05T23:59:00+00:00 [queued]>
[2025-06-06T00:00:00.349+0000] {taskinstance.py:2303} INFO - Starting attempt 1 of 1
[2025-06-06T00:00:00.355+0000] {taskinstance.py:2327} INFO - Executing <Task(PythonOperator): fetch_pokemon_and_send_partitioned_to_kafka> on 2025-06-05 23:59:00+00:00
[2025-06-06T00:00:00.359+0000] {logging_mixin.py:188} WARNING - /home/***/.local/lib/python3.12/site-packages/***/task/task_runner/standard_task_runner.py:61 DeprecationWarning: This process (pid=938) is multi-threaded, use of fork() may lead to deadlocks in the child.
[2025-06-06T00:00:00.359+0000] {standard_task_runner.py:63} INFO - Started process 939 to run task
[2025-06-06T00:00:00.359+0000] {standard_task_runner.py:90} INFO - Running: ['***', 'tasks', 'run', 'pokemon_partitioned_to_kafka', 'fetch_pokemon_and_send_partitioned_to_kafka', 'scheduled__2025-06-05T23:59:00+00:00', '--job-id', '26', '--raw', '--subdir', 'DAGS_FOLDER/pkapi_to_kafka_dag.py', '--cfg-path', '/tmp/tmp6bt7i710']
[2025-06-06T00:00:00.360+0000] {standard_task_runner.py:91} INFO - Job 26: Subtask fetch_pokemon_and_send_partitioned_to_kafka
[2025-06-06T00:00:00.368+0000] {logging_mixin.py:188} WARNING - /home/***/.local/lib/python3.12/site-packages/***/settings.py:195 DeprecationWarning: The sql_alchemy_conn option in [core] has been moved to the sql_alchemy_conn option in [database] - the old setting has been used, but please update your config.
[2025-06-06T00:00:00.384+0000] {task_command.py:426} INFO - Running <TaskInstance: pokemon_partitioned_to_kafka.fetch_pokemon_and_send_partitioned_to_kafka scheduled__2025-06-05T23:59:00+00:00 [running]> on host 856ef77f0083
[2025-06-06T00:00:00.424+0000] {taskinstance.py:2644} INFO - Exporting env vars: AIRFLOW_CTX_DAG_OWNER='***' AIRFLOW_CTX_DAG_ID='pokemon_partitioned_to_kafka' AIRFLOW_CTX_TASK_ID='fetch_pokemon_and_send_partitioned_to_kafka' AIRFLOW_CTX_EXECUTION_DATE='2025-06-05T23:59:00+00:00' AIRFLOW_CTX_TRY_NUMBER='1' AIRFLOW_CTX_DAG_RUN_ID='scheduled__2025-06-05T23:59:00+00:00'
[2025-06-06T00:00:00.425+0000] {taskinstance.py:430} INFO - ::endgroup::
[2025-06-06T00:00:01.440+0000] {logging_mixin.py:188} INFO - Produced: bulbasaur with key=grass
[2025-06-06T00:00:01.978+0000] {logging_mixin.py:188} INFO - Produced: ivysaur with key=grass
[2025-06-06T00:00:02.507+0000] {logging_mixin.py:188} INFO - Produced: venusaur with key=grass
[2025-06-06T00:00:03.034+0000] {logging_mixin.py:188} INFO - Produced: charmander with key=fire
[2025-06-06T00:00:03.543+0000] {logging_mixin.py:188} INFO - Produced: charmeleon with key=fire
[2025-06-06T00:00:04.072+0000] {logging_mixin.py:188} INFO - Produced: charizard with key=fire
[2025-06-06T00:00:04.617+0000] {logging_mixin.py:188} INFO - Produced: squirtle with key=water
[2025-06-06T00:00:05.153+0000] {logging_mixin.py:188} INFO - Produced: wartortle with key=water
[2025-06-06T00:00:05.661+0000] {logging_mixin.py:188} INFO - Produced: blastoise with key=water
[2025-06-06T00:00:06.173+0000] {logging_mixin.py:188} INFO - Produced: caterpie with key=bug
[2025-06-06T00:00:06.676+0000] {logging_mixin.py:188} INFO - Produced: metapod with key=bug
[2025-06-06T00:00:07.205+0000] {logging_mixin.py:188} INFO - Produced: butterfree with key=bug
[2025-06-06T00:00:07.717+0000] {logging_mixin.py:188} INFO - Produced: weedle with key=bug
[2025-06-06T00:00:08.243+0000] {logging_mixin.py:188} INFO - Produced: kakuna with key=bug
[2025-06-06T00:00:08.915+0000] {logging_mixin.py:188} INFO - Produced: beedrill with key=bug
[2025-06-06T00:00:09.474+0000] {logging_mixin.py:188} INFO - Produced: pidgey with key=normal
[2025-06-06T00:00:10.018+0000] {logging_mixin.py:188} INFO - Produced: pidgeotto with key=normal
[2025-06-06T00:00:10.527+0000] {logging_mixin.py:188} INFO - Produced: pidgeot with key=normal
[2025-06-06T00:00:11.033+0000] {logging_mixin.py:188} INFO - Produced: rattata with key=normal
[2025-06-06T00:00:11.242+0000] {python.py:237} INFO - Done. Returned value was: None
[2025-06-06T00:00:11.243+0000] {taskinstance.py:441} INFO - ::group::Post task execution logs
[2025-06-06T00:00:11.258+0000] {taskinstance.py:1205} INFO - Marking task as SUCCESS. dag_id=pokemon_partitioned_to_kafka, task_id=fetch_pokemon_and_send_partitioned_to_kafka, execution_date=20250605T235900, start_date=20250606T000000, end_date=20250606T000011
[2025-06-06T00:00:11.311+0000] {local_task_job_runner.py:240} INFO - Task exited with return code 0
[2025-06-06T00:00:11.326+0000] {taskinstance.py:3482} INFO - 0 downstream tasks scheduled from follow-on schedule check
[2025-06-06T00:00:11.327+0000] {local_task_job_runner.py:222} INFO - ::endgroup::
