[2025-06-07T02:36:41.252+0000] {local_task_job_runner.py:120} INFO - ::group::Pre task execution logs
[2025-06-07T02:36:41.268+0000] {taskinstance.py:2073} INFO - Dependencies all met for dep_context=non-requeueable deps ti=<TaskInstance: pokemon_partitioned_to_kafka.fetch_pokemon_and_send_partitioned_to_kafka scheduled__2025-06-07T02:35:00+00:00 [queued]>
[2025-06-07T02:36:41.273+0000] {taskinstance.py:2073} INFO - Dependencies all met for dep_context=requeueable deps ti=<TaskInstance: pokemon_partitioned_to_kafka.fetch_pokemon_and_send_partitioned_to_kafka scheduled__2025-06-07T02:35:00+00:00 [queued]>
[2025-06-07T02:36:41.274+0000] {taskinstance.py:2303} INFO - Starting attempt 1 of 1
[2025-06-07T02:36:41.281+0000] {taskinstance.py:2327} INFO - Executing <Task(PythonOperator): fetch_pokemon_and_send_partitioned_to_kafka> on 2025-06-07 02:35:00+00:00
[2025-06-07T02:36:41.285+0000] {logging_mixin.py:188} WARNING - /home/***/.local/lib/python3.12/site-packages/***/task/task_runner/standard_task_runner.py:61 DeprecationWarning: This process (pid=2796) is multi-threaded, use of fork() may lead to deadlocks in the child.
[2025-06-07T02:36:41.286+0000] {standard_task_runner.py:63} INFO - Started process 2798 to run task
[2025-06-07T02:36:41.285+0000] {standard_task_runner.py:90} INFO - Running: ['***', 'tasks', 'run', 'pokemon_partitioned_to_kafka', 'fetch_pokemon_and_send_partitioned_to_kafka', 'scheduled__2025-06-07T02:35:00+00:00', '--job-id', '174', '--raw', '--subdir', 'DAGS_FOLDER/pkapi_to_kafka_dag.py', '--cfg-path', '/tmp/tmpjfd33v1q']
[2025-06-07T02:36:41.287+0000] {standard_task_runner.py:91} INFO - Job 174: Subtask fetch_pokemon_and_send_partitioned_to_kafka
[2025-06-07T02:36:41.296+0000] {logging_mixin.py:188} WARNING - /home/***/.local/lib/python3.12/site-packages/***/settings.py:195 DeprecationWarning: The sql_alchemy_conn option in [core] has been moved to the sql_alchemy_conn option in [database] - the old setting has been used, but please update your config.
[2025-06-07T02:36:41.318+0000] {task_command.py:426} INFO - Running <TaskInstance: pokemon_partitioned_to_kafka.fetch_pokemon_and_send_partitioned_to_kafka scheduled__2025-06-07T02:35:00+00:00 [running]> on host 856ef77f0083
[2025-06-07T02:36:41.362+0000] {taskinstance.py:2644} INFO - Exporting env vars: AIRFLOW_CTX_DAG_OWNER='***' AIRFLOW_CTX_DAG_ID='pokemon_partitioned_to_kafka' AIRFLOW_CTX_TASK_ID='fetch_pokemon_and_send_partitioned_to_kafka' AIRFLOW_CTX_EXECUTION_DATE='2025-06-07T02:35:00+00:00' AIRFLOW_CTX_TRY_NUMBER='1' AIRFLOW_CTX_DAG_RUN_ID='scheduled__2025-06-07T02:35:00+00:00'
[2025-06-07T02:36:41.362+0000] {taskinstance.py:430} INFO - ::endgroup::
[2025-06-07T02:36:42.373+0000] {logging_mixin.py:188} INFO - Produced: bulbasaur with key=grass
[2025-06-07T02:36:42.797+0000] {logging_mixin.py:188} INFO - Produced: ivysaur with key=grass
[2025-06-07T02:36:43.248+0000] {logging_mixin.py:188} INFO - Produced: venusaur with key=grass
[2025-06-07T02:36:43.706+0000] {logging_mixin.py:188} INFO - Produced: charmander with key=fire
[2025-06-07T02:36:44.157+0000] {logging_mixin.py:188} INFO - Produced: charmeleon with key=fire
[2025-06-07T02:36:44.633+0000] {logging_mixin.py:188} INFO - Produced: charizard with key=fire
[2025-06-07T02:36:45.091+0000] {logging_mixin.py:188} INFO - Produced: squirtle with key=water
[2025-06-07T02:36:45.543+0000] {logging_mixin.py:188} INFO - Produced: wartortle with key=water
[2025-06-07T02:36:46.042+0000] {logging_mixin.py:188} INFO - Produced: blastoise with key=water
[2025-06-07T02:36:46.474+0000] {logging_mixin.py:188} INFO - Produced: caterpie with key=bug
[2025-06-07T02:36:46.923+0000] {logging_mixin.py:188} INFO - Produced: metapod with key=bug
[2025-06-07T02:36:47.380+0000] {logging_mixin.py:188} INFO - Produced: butterfree with key=bug
[2025-06-07T02:36:48.362+0000] {logging_mixin.py:188} INFO - Error fetching Pokémon ID 13: HTTPSConnectionPool(host='pokeapi.co', port=443): Max retries exceeded with url: /api/v2/pokemon/13/ (Caused by SSLError(SSLEOFError(8, '[SSL: UNEXPECTED_EOF_WHILE_READING] EOF occurred in violation of protocol (_ssl.c:1000)')))
[2025-06-07T02:36:48.659+0000] {logging_mixin.py:188} INFO - Produced: kakuna with key=bug
[2025-06-07T02:36:49.183+0000] {logging_mixin.py:188} INFO - Produced: beedrill with key=bug
[2025-06-07T02:36:49.632+0000] {logging_mixin.py:188} INFO - Produced: pidgey with key=normal
[2025-06-07T02:36:50.148+0000] {logging_mixin.py:188} INFO - Produced: pidgeotto with key=normal
[2025-06-07T02:36:50.639+0000] {logging_mixin.py:188} INFO - Produced: pidgeot with key=normal
[2025-06-07T02:36:51.151+0000] {logging_mixin.py:188} INFO - Produced: rattata with key=normal
[2025-06-07T02:36:51.355+0000] {python.py:237} INFO - Done. Returned value was: None
[2025-06-07T02:36:51.356+0000] {taskinstance.py:441} INFO - ::group::Post task execution logs
[2025-06-07T02:36:51.366+0000] {taskinstance.py:1205} INFO - Marking task as SUCCESS. dag_id=pokemon_partitioned_to_kafka, task_id=fetch_pokemon_and_send_partitioned_to_kafka, execution_date=20250607T023500, start_date=20250607T023641, end_date=20250607T023651
[2025-06-07T02:36:51.383+0000] {local_task_job_runner.py:240} INFO - Task exited with return code 0
[2025-06-07T02:36:51.392+0000] {taskinstance.py:3482} INFO - 0 downstream tasks scheduled from follow-on schedule check
[2025-06-07T02:36:51.392+0000] {local_task_job_runner.py:222} INFO - ::endgroup::
