[2025-06-06T04:20:00.650+0000] {local_task_job_runner.py:120} INFO - ::group::Pre task execution logs
[2025-06-06T04:20:00.663+0000] {taskinstance.py:2073} INFO - Dependencies all met for dep_context=non-requeueable deps ti=<TaskInstance: pokemon_partitioned_to_kafka.fetch_pokemon_and_send_partitioned_to_kafka scheduled__2025-06-06T04:19:00+00:00 [queued]>
[2025-06-06T04:20:00.667+0000] {taskinstance.py:2073} INFO - Dependencies all met for dep_context=requeueable deps ti=<TaskInstance: pokemon_partitioned_to_kafka.fetch_pokemon_and_send_partitioned_to_kafka scheduled__2025-06-06T04:19:00+00:00 [queued]>
[2025-06-06T04:20:00.667+0000] {taskinstance.py:2303} INFO - Starting attempt 1 of 1
[2025-06-06T04:20:00.673+0000] {taskinstance.py:2327} INFO - Executing <Task(PythonOperator): fetch_pokemon_and_send_partitioned_to_kafka> on 2025-06-06 04:19:00+00:00
[2025-06-06T04:20:00.676+0000] {logging_mixin.py:188} WARNING - /home/***/.local/lib/python3.12/site-packages/***/task/task_runner/standard_task_runner.py:61 DeprecationWarning: This process (pid=1692) is multi-threaded, use of fork() may lead to deadlocks in the child.
[2025-06-06T04:20:00.677+0000] {standard_task_runner.py:63} INFO - Started process 1693 to run task
[2025-06-06T04:20:00.677+0000] {standard_task_runner.py:90} INFO - Running: ['***', 'tasks', 'run', 'pokemon_partitioned_to_kafka', 'fetch_pokemon_and_send_partitioned_to_kafka', 'scheduled__2025-06-06T04:19:00+00:00', '--job-id', '77', '--raw', '--subdir', 'DAGS_FOLDER/pkapi_to_kafka_dag.py', '--cfg-path', '/tmp/tmp2l0w7miu']
[2025-06-06T04:20:00.678+0000] {standard_task_runner.py:91} INFO - Job 77: Subtask fetch_pokemon_and_send_partitioned_to_kafka
[2025-06-06T04:20:00.685+0000] {logging_mixin.py:188} WARNING - /home/***/.local/lib/python3.12/site-packages/***/settings.py:195 DeprecationWarning: The sql_alchemy_conn option in [core] has been moved to the sql_alchemy_conn option in [database] - the old setting has been used, but please update your config.
[2025-06-06T04:20:00.703+0000] {task_command.py:426} INFO - Running <TaskInstance: pokemon_partitioned_to_kafka.fetch_pokemon_and_send_partitioned_to_kafka scheduled__2025-06-06T04:19:00+00:00 [running]> on host 856ef77f0083
[2025-06-06T04:20:00.744+0000] {taskinstance.py:2644} INFO - Exporting env vars: AIRFLOW_CTX_DAG_OWNER='***' AIRFLOW_CTX_DAG_ID='pokemon_partitioned_to_kafka' AIRFLOW_CTX_TASK_ID='fetch_pokemon_and_send_partitioned_to_kafka' AIRFLOW_CTX_EXECUTION_DATE='2025-06-06T04:19:00+00:00' AIRFLOW_CTX_TRY_NUMBER='1' AIRFLOW_CTX_DAG_RUN_ID='scheduled__2025-06-06T04:19:00+00:00'
[2025-06-06T04:20:00.745+0000] {taskinstance.py:430} INFO - ::endgroup::
[2025-06-06T04:20:01.760+0000] {logging_mixin.py:188} INFO - Produced: bulbasaur with key=grass
[2025-06-06T05:05:33.794+0000] {logging_mixin.py:188} INFO - Produced: ivysaur with key=grass
[2025-06-06T05:05:34.230+0000] {logging_mixin.py:188} INFO - Produced: venusaur with key=grass
[2025-06-06T05:05:34.663+0000] {logging_mixin.py:188} INFO - Produced: charmander with key=fire
[2025-06-06T05:05:35.111+0000] {logging_mixin.py:188} INFO - Produced: charmeleon with key=fire
[2025-06-06T05:05:35.560+0000] {logging_mixin.py:188} INFO - Produced: charizard with key=fire
[2025-06-06T05:05:35.987+0000] {logging_mixin.py:188} INFO - Produced: squirtle with key=water
[2025-06-06T05:05:36.433+0000] {logging_mixin.py:188} INFO - Produced: wartortle with key=water
[2025-06-06T05:05:36.874+0000] {logging_mixin.py:188} INFO - Produced: blastoise with key=water
[2025-06-06T05:05:37.316+0000] {logging_mixin.py:188} INFO - Produced: caterpie with key=bug
[2025-06-06T05:05:37.757+0000] {logging_mixin.py:188} INFO - Produced: metapod with key=bug
[2025-06-06T05:05:38.218+0000] {logging_mixin.py:188} INFO - Produced: butterfree with key=bug
[2025-06-06T05:05:38.677+0000] {logging_mixin.py:188} INFO - Produced: weedle with key=bug
[2025-06-06T05:05:39.135+0000] {logging_mixin.py:188} INFO - Produced: kakuna with key=bug
[2025-06-06T05:05:39.603+0000] {logging_mixin.py:188} INFO - Produced: beedrill with key=bug
[2025-06-06T05:05:40.061+0000] {logging_mixin.py:188} INFO - Produced: pidgey with key=normal
[2025-06-06T05:05:41.082+0000] {logging_mixin.py:188} INFO - Error fetching Pokémon ID 17: HTTPSConnectionPool(host='pokeapi.co', port=443): Max retries exceeded with url: /api/v2/pokemon/17/ (Caused by SSLError(SSLEOFError(8, '[SSL: UNEXPECTED_EOF_WHILE_READING] EOF occurred in violation of protocol (_ssl.c:1000)')))
[2025-06-06T05:05:41.387+0000] {logging_mixin.py:188} INFO - Produced: pidgeot with key=normal
[2025-06-06T05:05:41.841+0000] {logging_mixin.py:188} INFO - Produced: rattata with key=normal
[2025-06-06T05:05:41.864+0000] {local_task_job_runner.py:310} WARNING - State of this instance has been externally set to failed. Terminating instance.
[2025-06-06T05:05:41.864+0000] {local_task_job_runner.py:222} INFO - ::endgroup::
[2025-06-06T05:05:41.865+0000] {process_utils.py:132} INFO - Sending 15 to group 1693. PIDs of all processes in the group: [1693]
[2025-06-06T05:05:41.865+0000] {process_utils.py:87} INFO - Sending the signal 15 to group 1693
[2025-06-06T05:05:41.865+0000] {taskinstance.py:2607} ERROR - Received SIGTERM. Terminating subprocesses.
[2025-06-06T05:05:41.866+0000] {taskinstance.py:441} INFO - ::group::Post task execution logs
[2025-06-06T05:05:41.886+0000] {process_utils.py:80} INFO - Process psutil.Process(pid=1693, status='terminated', exitcode=0, started='04:19:59') (1693) terminated with exit code 0
