[2025-06-07T15:35:00.891+0000] {local_task_job_runner.py:120} INFO - ::group::Pre task execution logs
[2025-06-07T15:35:00.905+0000] {taskinstance.py:2073} INFO - Dependencies all met for dep_context=non-requeueable deps ti=<TaskInstance: pokemon_partitioned_to_kafka_v2.fetch_pokemon_and_send_partitioned_to_kafka scheduled__2025-06-07T15:34:00+00:00 [queued]>
[2025-06-07T15:35:00.908+0000] {taskinstance.py:2073} INFO - Dependencies all met for dep_context=requeueable deps ti=<TaskInstance: pokemon_partitioned_to_kafka_v2.fetch_pokemon_and_send_partitioned_to_kafka scheduled__2025-06-07T15:34:00+00:00 [queued]>
[2025-06-07T15:35:00.908+0000] {taskinstance.py:2303} INFO - Starting attempt 1 of 1
[2025-06-07T15:35:00.913+0000] {taskinstance.py:2327} INFO - Executing <Task(PythonOperator): fetch_pokemon_and_send_partitioned_to_kafka> on 2025-06-07 15:34:00+00:00
[2025-06-07T15:35:00.917+0000] {logging_mixin.py:188} WARNING - /home/***/.local/lib/python3.12/site-packages/***/task/task_runner/standard_task_runner.py:61 DeprecationWarning: This process (pid=217) is multi-threaded, use of fork() may lead to deadlocks in the child.
[2025-06-07T15:35:00.917+0000] {standard_task_runner.py:63} INFO - Started process 218 to run task
[2025-06-07T15:35:00.917+0000] {standard_task_runner.py:90} INFO - Running: ['***', 'tasks', 'run', 'pokemon_partitioned_to_kafka_v2', 'fetch_pokemon_and_send_partitioned_to_kafka', 'scheduled__2025-06-07T15:34:00+00:00', '--job-id', '4', '--raw', '--subdir', 'DAGS_FOLDER/pkapi_to_kafka_dag.py', '--cfg-path', '/tmp/tmp0y4q378_']
[2025-06-07T15:35:00.918+0000] {standard_task_runner.py:91} INFO - Job 4: Subtask fetch_pokemon_and_send_partitioned_to_kafka
[2025-06-07T15:35:00.925+0000] {logging_mixin.py:188} WARNING - /home/***/.local/lib/python3.12/site-packages/***/settings.py:195 DeprecationWarning: The sql_alchemy_conn option in [core] has been moved to the sql_alchemy_conn option in [database] - the old setting has been used, but please update your config.
[2025-06-07T15:35:00.942+0000] {task_command.py:426} INFO - Running <TaskInstance: pokemon_partitioned_to_kafka_v2.fetch_pokemon_and_send_partitioned_to_kafka scheduled__2025-06-07T15:34:00+00:00 [running]> on host 6f16b7f24720
[2025-06-07T15:35:00.983+0000] {taskinstance.py:2644} INFO - Exporting env vars: AIRFLOW_CTX_DAG_OWNER='***' AIRFLOW_CTX_DAG_ID='pokemon_partitioned_to_kafka_v2' AIRFLOW_CTX_TASK_ID='fetch_pokemon_and_send_partitioned_to_kafka' AIRFLOW_CTX_EXECUTION_DATE='2025-06-07T15:34:00+00:00' AIRFLOW_CTX_TRY_NUMBER='1' AIRFLOW_CTX_DAG_RUN_ID='scheduled__2025-06-07T15:34:00+00:00'
[2025-06-07T15:35:00.983+0000] {taskinstance.py:430} INFO - ::endgroup::
[2025-06-07T15:35:01.994+0000] {logging_mixin.py:188} INFO - Produced: bulbasaur with key=grass
[2025-06-07T15:35:02.302+0000] {logging_mixin.py:188} INFO - Produced: ivysaur with key=grass
[2025-06-07T15:35:02.620+0000] {logging_mixin.py:188} INFO - Produced: venusaur with key=grass
[2025-06-07T15:35:02.929+0000] {logging_mixin.py:188} INFO - Produced: charmander with key=fire
[2025-06-07T15:35:03.218+0000] {logging_mixin.py:188} INFO - Produced: charmeleon with key=fire
[2025-06-07T15:35:03.525+0000] {logging_mixin.py:188} INFO - Produced: charizard with key=fire
[2025-06-07T15:35:03.845+0000] {logging_mixin.py:188} INFO - Produced: squirtle with key=water
[2025-06-07T15:35:04.182+0000] {logging_mixin.py:188} INFO - Produced: wartortle with key=water
[2025-06-07T15:35:04.497+0000] {logging_mixin.py:188} INFO - Produced: blastoise with key=water
[2025-06-07T15:35:04.812+0000] {logging_mixin.py:188} INFO - Produced: caterpie with key=bug
[2025-06-07T15:35:05.127+0000] {logging_mixin.py:188} INFO - Produced: metapod with key=bug
[2025-06-07T15:35:05.432+0000] {logging_mixin.py:188} INFO - Produced: butterfree with key=bug
[2025-06-07T15:35:05.757+0000] {logging_mixin.py:188} INFO - Produced: weedle with key=bug
[2025-06-07T15:35:06.048+0000] {logging_mixin.py:188} INFO - Produced: kakuna with key=bug
[2025-06-07T15:35:06.350+0000] {logging_mixin.py:188} INFO - Produced: beedrill with key=bug
[2025-06-07T15:35:06.661+0000] {logging_mixin.py:188} INFO - Produced: pidgey with key=normal
[2025-06-07T15:35:06.960+0000] {logging_mixin.py:188} INFO - Produced: pidgeotto with key=normal
[2025-06-07T15:35:07.286+0000] {logging_mixin.py:188} INFO - Produced: pidgeot with key=normal
[2025-06-07T15:35:07.615+0000] {logging_mixin.py:188} INFO - Produced: rattata with key=normal
[2025-06-07T15:35:07.820+0000] {python.py:237} INFO - Done. Returned value was: None
[2025-06-07T15:35:07.822+0000] {taskinstance.py:441} INFO - ::group::Post task execution logs
[2025-06-07T15:35:07.834+0000] {taskinstance.py:1205} INFO - Marking task as SUCCESS. dag_id=pokemon_partitioned_to_kafka_v2, task_id=fetch_pokemon_and_send_partitioned_to_kafka, execution_date=20250607T153400, start_date=20250607T153500, end_date=20250607T153507
[2025-06-07T15:35:07.851+0000] {local_task_job_runner.py:240} INFO - Task exited with return code 0
[2025-06-07T15:35:07.863+0000] {taskinstance.py:3482} INFO - 0 downstream tasks scheduled from follow-on schedule check
[2025-06-07T15:35:07.864+0000] {local_task_job_runner.py:222} INFO - ::endgroup::
