[2025-06-07T13:55:00.196+0000] {local_task_job_runner.py:120} INFO - ::group::Pre task execution logs
[2025-06-07T13:55:00.210+0000] {taskinstance.py:2073} INFO - Dependencies all met for dep_context=non-requeueable deps ti=<TaskInstance: pokemon_partitioned_to_kafka.fetch_pokemon_and_send_partitioned_to_kafka scheduled__2025-06-07T13:54:00+00:00 [queued]>
[2025-06-07T13:55:00.213+0000] {taskinstance.py:2073} INFO - Dependencies all met for dep_context=requeueable deps ti=<TaskInstance: pokemon_partitioned_to_kafka.fetch_pokemon_and_send_partitioned_to_kafka scheduled__2025-06-07T13:54:00+00:00 [queued]>
[2025-06-07T13:55:00.213+0000] {taskinstance.py:2303} INFO - Starting attempt 1 of 1
[2025-06-07T13:55:00.219+0000] {taskinstance.py:2327} INFO - Executing <Task(PythonOperator): fetch_pokemon_and_send_partitioned_to_kafka> on 2025-06-07 13:54:00+00:00
[2025-06-07T13:55:00.223+0000] {logging_mixin.py:188} WARNING - /home/***/.local/lib/python3.12/site-packages/***/task/task_runner/standard_task_runner.py:61 DeprecationWarning: This process (pid=3395) is multi-threaded, use of fork() may lead to deadlocks in the child.
[2025-06-07T13:55:00.223+0000] {standard_task_runner.py:63} INFO - Started process 3396 to run task
[2025-06-07T13:55:00.223+0000] {standard_task_runner.py:90} INFO - Running: ['***', 'tasks', 'run', 'pokemon_partitioned_to_kafka', 'fetch_pokemon_and_send_partitioned_to_kafka', 'scheduled__2025-06-07T13:54:00+00:00', '--job-id', '224', '--raw', '--subdir', 'DAGS_FOLDER/pkapi_to_kafka_dag.py', '--cfg-path', '/tmp/tmp_ywuli05']
[2025-06-07T13:55:00.224+0000] {standard_task_runner.py:91} INFO - Job 224: Subtask fetch_pokemon_and_send_partitioned_to_kafka
[2025-06-07T13:55:00.232+0000] {logging_mixin.py:188} WARNING - /home/***/.local/lib/python3.12/site-packages/***/settings.py:195 DeprecationWarning: The sql_alchemy_conn option in [core] has been moved to the sql_alchemy_conn option in [database] - the old setting has been used, but please update your config.
[2025-06-07T13:55:00.248+0000] {task_command.py:426} INFO - Running <TaskInstance: pokemon_partitioned_to_kafka.fetch_pokemon_and_send_partitioned_to_kafka scheduled__2025-06-07T13:54:00+00:00 [running]> on host 856ef77f0083
[2025-06-07T13:55:00.290+0000] {taskinstance.py:2644} INFO - Exporting env vars: AIRFLOW_CTX_DAG_OWNER='***' AIRFLOW_CTX_DAG_ID='pokemon_partitioned_to_kafka' AIRFLOW_CTX_TASK_ID='fetch_pokemon_and_send_partitioned_to_kafka' AIRFLOW_CTX_EXECUTION_DATE='2025-06-07T13:54:00+00:00' AIRFLOW_CTX_TRY_NUMBER='1' AIRFLOW_CTX_DAG_RUN_ID='scheduled__2025-06-07T13:54:00+00:00'
[2025-06-07T13:55:00.291+0000] {taskinstance.py:430} INFO - ::endgroup::
[2025-06-07T13:55:01.307+0000] {logging_mixin.py:188} INFO - Produced: bulbasaur with key=grass
[2025-06-07T13:55:01.615+0000] {logging_mixin.py:188} INFO - Produced: ivysaur with key=grass
[2025-06-07T13:55:01.926+0000] {logging_mixin.py:188} INFO - Produced: venusaur with key=grass
[2025-06-07T13:55:02.240+0000] {logging_mixin.py:188} INFO - Produced: charmander with key=fire
[2025-06-07T13:55:02.558+0000] {logging_mixin.py:188} INFO - Produced: charmeleon with key=fire
[2025-06-07T13:55:02.874+0000] {logging_mixin.py:188} INFO - Produced: charizard with key=fire
[2025-06-07T13:55:03.179+0000] {logging_mixin.py:188} INFO - Produced: squirtle with key=water
[2025-06-07T13:55:03.500+0000] {logging_mixin.py:188} INFO - Produced: wartortle with key=water
[2025-06-07T13:55:03.812+0000] {logging_mixin.py:188} INFO - Produced: blastoise with key=water
[2025-06-07T13:55:04.123+0000] {logging_mixin.py:188} INFO - Produced: caterpie with key=bug
[2025-06-07T13:55:04.435+0000] {logging_mixin.py:188} INFO - Produced: metapod with key=bug
[2025-06-07T13:55:04.749+0000] {logging_mixin.py:188} INFO - Produced: butterfree with key=bug
[2025-06-07T13:55:05.058+0000] {logging_mixin.py:188} INFO - Produced: weedle with key=bug
[2025-06-07T13:55:05.343+0000] {logging_mixin.py:188} INFO - Produced: kakuna with key=bug
[2025-06-07T13:55:05.671+0000] {logging_mixin.py:188} INFO - Produced: beedrill with key=bug
[2025-06-07T13:55:05.965+0000] {logging_mixin.py:188} INFO - Produced: pidgey with key=normal
[2025-06-07T13:55:06.264+0000] {logging_mixin.py:188} INFO - Produced: pidgeotto with key=normal
[2025-06-07T13:55:06.572+0000] {logging_mixin.py:188} INFO - Produced: pidgeot with key=normal
[2025-06-07T13:55:06.858+0000] {logging_mixin.py:188} INFO - Produced: rattata with key=normal
[2025-06-07T13:55:07.061+0000] {python.py:237} INFO - Done. Returned value was: None
[2025-06-07T13:55:07.062+0000] {taskinstance.py:441} INFO - ::group::Post task execution logs
[2025-06-07T13:55:07.068+0000] {taskinstance.py:1205} INFO - Marking task as SUCCESS. dag_id=pokemon_partitioned_to_kafka, task_id=fetch_pokemon_and_send_partitioned_to_kafka, execution_date=20250607T135400, start_date=20250607T135500, end_date=20250607T135507
[2025-06-07T13:55:07.108+0000] {local_task_job_runner.py:240} INFO - Task exited with return code 0
[2025-06-07T13:55:07.116+0000] {taskinstance.py:3482} INFO - 0 downstream tasks scheduled from follow-on schedule check
[2025-06-07T13:55:07.117+0000] {local_task_job_runner.py:222} INFO - ::endgroup::
