[2025-06-07T14:15:00.927+0000] {local_task_job_runner.py:120} INFO - ::group::Pre task execution logs
[2025-06-07T14:15:00.941+0000] {taskinstance.py:2073} INFO - Dependencies all met for dep_context=non-requeueable deps ti=<TaskInstance: pokemon_partitioned_to_kafka_v2.fetch_pokemon_and_send_partitioned_to_kafka scheduled__2025-06-07T14:14:00+00:00 [queued]>
[2025-06-07T14:15:00.944+0000] {taskinstance.py:2073} INFO - Dependencies all met for dep_context=requeueable deps ti=<TaskInstance: pokemon_partitioned_to_kafka_v2.fetch_pokemon_and_send_partitioned_to_kafka scheduled__2025-06-07T14:14:00+00:00 [queued]>
[2025-06-07T14:15:00.945+0000] {taskinstance.py:2303} INFO - Starting attempt 1 of 1
[2025-06-07T14:15:00.951+0000] {taskinstance.py:2327} INFO - Executing <Task(PythonOperator): fetch_pokemon_and_send_partitioned_to_kafka> on 2025-06-07 14:14:00+00:00
[2025-06-07T14:15:00.954+0000] {logging_mixin.py:188} WARNING - /home/***/.local/lib/python3.12/site-packages/***/task/task_runner/standard_task_runner.py:61 DeprecationWarning: This process (pid=3971) is multi-threaded, use of fork() may lead to deadlocks in the child.
[2025-06-07T14:15:00.955+0000] {standard_task_runner.py:63} INFO - Started process 3972 to run task
[2025-06-07T14:15:00.955+0000] {standard_task_runner.py:90} INFO - Running: ['***', 'tasks', 'run', 'pokemon_partitioned_to_kafka_v2', 'fetch_pokemon_and_send_partitioned_to_kafka', 'scheduled__2025-06-07T14:14:00+00:00', '--job-id', '249', '--raw', '--subdir', 'DAGS_FOLDER/pkapi_to_kafka_dag.py', '--cfg-path', '/tmp/tmpay4cuhd1']
[2025-06-07T14:15:00.956+0000] {standard_task_runner.py:91} INFO - Job 249: Subtask fetch_pokemon_and_send_partitioned_to_kafka
[2025-06-07T14:15:00.965+0000] {logging_mixin.py:188} WARNING - /home/***/.local/lib/python3.12/site-packages/***/settings.py:195 DeprecationWarning: The sql_alchemy_conn option in [core] has been moved to the sql_alchemy_conn option in [database] - the old setting has been used, but please update your config.
[2025-06-07T14:15:00.985+0000] {task_command.py:426} INFO - Running <TaskInstance: pokemon_partitioned_to_kafka_v2.fetch_pokemon_and_send_partitioned_to_kafka scheduled__2025-06-07T14:14:00+00:00 [running]> on host 856ef77f0083
[2025-06-07T14:15:01.029+0000] {taskinstance.py:2644} INFO - Exporting env vars: AIRFLOW_CTX_DAG_OWNER='***' AIRFLOW_CTX_DAG_ID='pokemon_partitioned_to_kafka_v2' AIRFLOW_CTX_TASK_ID='fetch_pokemon_and_send_partitioned_to_kafka' AIRFLOW_CTX_EXECUTION_DATE='2025-06-07T14:14:00+00:00' AIRFLOW_CTX_TRY_NUMBER='1' AIRFLOW_CTX_DAG_RUN_ID='scheduled__2025-06-07T14:14:00+00:00'
[2025-06-07T14:15:01.030+0000] {taskinstance.py:430} INFO - ::endgroup::
[2025-06-07T14:15:02.042+0000] {logging_mixin.py:188} INFO - Produced: bulbasaur with key=grass
[2025-06-07T14:15:02.355+0000] {logging_mixin.py:188} INFO - Produced: ivysaur with key=grass
[2025-06-07T14:15:02.676+0000] {logging_mixin.py:188} INFO - Produced: venusaur with key=grass
[2025-06-07T14:15:02.989+0000] {logging_mixin.py:188} INFO - Produced: charmander with key=fire
[2025-06-07T14:15:03.295+0000] {logging_mixin.py:188} INFO - Produced: charmeleon with key=fire
[2025-06-07T14:15:03.594+0000] {logging_mixin.py:188} INFO - Produced: charizard with key=fire
[2025-06-07T14:15:03.903+0000] {logging_mixin.py:188} INFO - Produced: squirtle with key=water
[2025-06-07T14:15:04.192+0000] {logging_mixin.py:188} INFO - Produced: wartortle with key=water
[2025-06-07T14:15:04.515+0000] {logging_mixin.py:188} INFO - Produced: blastoise with key=water
[2025-06-07T14:15:04.815+0000] {logging_mixin.py:188} INFO - Produced: caterpie with key=bug
[2025-06-07T14:15:05.118+0000] {logging_mixin.py:188} INFO - Produced: metapod with key=bug
[2025-06-07T14:15:05.406+0000] {logging_mixin.py:188} INFO - Produced: butterfree with key=bug
[2025-06-07T14:15:05.687+0000] {logging_mixin.py:188} INFO - Produced: weedle with key=bug
[2025-06-07T14:15:05.997+0000] {logging_mixin.py:188} INFO - Produced: kakuna with key=bug
[2025-06-07T14:15:06.300+0000] {logging_mixin.py:188} INFO - Produced: beedrill with key=bug
[2025-06-07T14:15:06.593+0000] {logging_mixin.py:188} INFO - Produced: pidgey with key=normal
[2025-06-07T14:15:06.925+0000] {logging_mixin.py:188} INFO - Produced: pidgeotto with key=normal
[2025-06-07T14:15:07.235+0000] {logging_mixin.py:188} INFO - Produced: pidgeot with key=normal
[2025-06-07T14:15:07.565+0000] {logging_mixin.py:188} INFO - Produced: rattata with key=normal
[2025-06-07T14:15:07.774+0000] {python.py:237} INFO - Done. Returned value was: None
[2025-06-07T14:15:07.775+0000] {taskinstance.py:441} INFO - ::group::Post task execution logs
[2025-06-07T14:15:07.787+0000] {taskinstance.py:1205} INFO - Marking task as SUCCESS. dag_id=pokemon_partitioned_to_kafka_v2, task_id=fetch_pokemon_and_send_partitioned_to_kafka, execution_date=20250607T141400, start_date=20250607T141500, end_date=20250607T141507
[2025-06-07T14:15:07.812+0000] {local_task_job_runner.py:240} INFO - Task exited with return code 0
[2025-06-07T14:15:07.823+0000] {taskinstance.py:3482} INFO - 0 downstream tasks scheduled from follow-on schedule check
[2025-06-07T14:15:07.824+0000] {local_task_job_runner.py:222} INFO - ::endgroup::
