[2025-06-07T02:37:00.199+0000] {local_task_job_runner.py:120} INFO - ::group::Pre task execution logs
[2025-06-07T02:37:00.212+0000] {taskinstance.py:2073} INFO - Dependencies all met for dep_context=non-requeueable deps ti=<TaskInstance: pokemon_partitioned_to_kafka.fetch_pokemon_and_send_partitioned_to_kafka scheduled__2025-06-07T02:36:00+00:00 [queued]>
[2025-06-07T02:37:00.216+0000] {taskinstance.py:2073} INFO - Dependencies all met for dep_context=requeueable deps ti=<TaskInstance: pokemon_partitioned_to_kafka.fetch_pokemon_and_send_partitioned_to_kafka scheduled__2025-06-07T02:36:00+00:00 [queued]>
[2025-06-07T02:37:00.216+0000] {taskinstance.py:2303} INFO - Starting attempt 1 of 1
[2025-06-07T02:37:00.222+0000] {taskinstance.py:2327} INFO - Executing <Task(PythonOperator): fetch_pokemon_and_send_partitioned_to_kafka> on 2025-06-07 02:36:00+00:00
[2025-06-07T02:37:00.226+0000] {logging_mixin.py:188} WARNING - /home/***/.local/lib/python3.12/site-packages/***/task/task_runner/standard_task_runner.py:61 DeprecationWarning: This process (pid=2817) is multi-threaded, use of fork() may lead to deadlocks in the child.
[2025-06-07T02:37:00.226+0000] {standard_task_runner.py:63} INFO - Started process 2818 to run task
[2025-06-07T02:37:00.226+0000] {standard_task_runner.py:90} INFO - Running: ['***', 'tasks', 'run', 'pokemon_partitioned_to_kafka', 'fetch_pokemon_and_send_partitioned_to_kafka', 'scheduled__2025-06-07T02:36:00+00:00', '--job-id', '175', '--raw', '--subdir', 'DAGS_FOLDER/pkapi_to_kafka_dag.py', '--cfg-path', '/tmp/tmp9_rfl5ib']
[2025-06-07T02:37:00.227+0000] {standard_task_runner.py:91} INFO - Job 175: Subtask fetch_pokemon_and_send_partitioned_to_kafka
[2025-06-07T02:37:00.235+0000] {logging_mixin.py:188} WARNING - /home/***/.local/lib/python3.12/site-packages/***/settings.py:195 DeprecationWarning: The sql_alchemy_conn option in [core] has been moved to the sql_alchemy_conn option in [database] - the old setting has been used, but please update your config.
[2025-06-07T02:37:00.253+0000] {task_command.py:426} INFO - Running <TaskInstance: pokemon_partitioned_to_kafka.fetch_pokemon_and_send_partitioned_to_kafka scheduled__2025-06-07T02:36:00+00:00 [running]> on host 856ef77f0083
[2025-06-07T02:37:00.294+0000] {taskinstance.py:2644} INFO - Exporting env vars: AIRFLOW_CTX_DAG_OWNER='***' AIRFLOW_CTX_DAG_ID='pokemon_partitioned_to_kafka' AIRFLOW_CTX_TASK_ID='fetch_pokemon_and_send_partitioned_to_kafka' AIRFLOW_CTX_EXECUTION_DATE='2025-06-07T02:36:00+00:00' AIRFLOW_CTX_TRY_NUMBER='1' AIRFLOW_CTX_DAG_RUN_ID='scheduled__2025-06-07T02:36:00+00:00'
[2025-06-07T02:37:00.295+0000] {taskinstance.py:430} INFO - ::endgroup::
[2025-06-07T02:37:01.313+0000] {logging_mixin.py:188} INFO - Produced: bulbasaur with key=grass
[2025-06-07T02:37:01.758+0000] {logging_mixin.py:188} INFO - Produced: ivysaur with key=grass
[2025-06-07T02:37:02.213+0000] {logging_mixin.py:188} INFO - Produced: venusaur with key=grass
[2025-06-07T02:37:03.379+0000] {logging_mixin.py:188} INFO - Error fetching Pokémon ID 4: ('Connection aborted.', RemoteDisconnected('Remote end closed connection without response'))
[2025-06-07T02:37:03.739+0000] {logging_mixin.py:188} INFO - Produced: charmeleon with key=fire
[2025-06-07T02:37:04.178+0000] {logging_mixin.py:188} INFO - Produced: charizard with key=fire
[2025-06-07T02:37:04.623+0000] {logging_mixin.py:188} INFO - Produced: squirtle with key=water
[2025-06-07T02:37:05.144+0000] {logging_mixin.py:188} INFO - Produced: wartortle with key=water
[2025-06-07T02:37:05.583+0000] {logging_mixin.py:188} INFO - Produced: blastoise with key=water
[2025-06-07T02:37:06.022+0000] {logging_mixin.py:188} INFO - Produced: caterpie with key=bug
[2025-06-07T02:37:06.454+0000] {logging_mixin.py:188} INFO - Produced: metapod with key=bug
[2025-06-07T02:37:06.902+0000] {logging_mixin.py:188} INFO - Produced: butterfree with key=bug
[2025-06-07T02:37:07.343+0000] {logging_mixin.py:188} INFO - Produced: weedle with key=bug
[2025-06-07T02:37:07.787+0000] {logging_mixin.py:188} INFO - Produced: kakuna with key=bug
[2025-06-07T02:37:08.259+0000] {logging_mixin.py:188} INFO - Produced: beedrill with key=bug
[2025-06-07T02:37:08.745+0000] {logging_mixin.py:188} INFO - Produced: pidgey with key=normal
[2025-06-07T02:37:09.198+0000] {logging_mixin.py:188} INFO - Produced: pidgeotto with key=normal
[2025-06-07T02:37:09.662+0000] {logging_mixin.py:188} INFO - Produced: pidgeot with key=normal
[2025-06-07T02:37:10.133+0000] {logging_mixin.py:188} INFO - Produced: rattata with key=normal
[2025-06-07T02:37:10.371+0000] {python.py:237} INFO - Done. Returned value was: None
[2025-06-07T02:37:10.468+0000] {taskinstance.py:441} INFO - ::group::Post task execution logs
[2025-06-07T02:37:10.478+0000] {taskinstance.py:1205} INFO - Marking task as SUCCESS. dag_id=pokemon_partitioned_to_kafka, task_id=fetch_pokemon_and_send_partitioned_to_kafka, execution_date=20250607T023600, start_date=20250607T023700, end_date=20250607T023710
[2025-06-07T02:37:10.489+0000] {local_task_job_runner.py:240} INFO - Task exited with return code 0
[2025-06-07T02:37:10.499+0000] {taskinstance.py:3482} INFO - 0 downstream tasks scheduled from follow-on schedule check
[2025-06-07T02:37:10.499+0000] {local_task_job_runner.py:222} INFO - ::endgroup::
