[2025-06-07T00:15:54.114+0000] {local_task_job_runner.py:120} INFO - ::group::Pre task execution logs
[2025-06-07T00:15:54.138+0000] {taskinstance.py:2073} INFO - Dependencies all met for dep_context=non-requeueable deps ti=<TaskInstance: pokemon_partitioned_to_kafka.fetch_pokemon_and_send_partitioned_to_kafka scheduled__2025-06-07T00:14:00+00:00 [queued]>
[2025-06-07T00:15:54.143+0000] {taskinstance.py:2073} INFO - Dependencies all met for dep_context=requeueable deps ti=<TaskInstance: pokemon_partitioned_to_kafka.fetch_pokemon_and_send_partitioned_to_kafka scheduled__2025-06-07T00:14:00+00:00 [queued]>
[2025-06-07T00:15:54.143+0000] {taskinstance.py:2303} INFO - Starting attempt 1 of 1
[2025-06-07T00:15:54.152+0000] {taskinstance.py:2327} INFO - Executing <Task(PythonOperator): fetch_pokemon_and_send_partitioned_to_kafka> on 2025-06-07 00:14:00+00:00
[2025-06-07T00:15:54.163+0000] {logging_mixin.py:188} WARNING - /home/***/.local/lib/python3.12/site-packages/***/task/task_runner/standard_task_runner.py:61 DeprecationWarning: This process (pid=2647) is multi-threaded, use of fork() may lead to deadlocks in the child.
[2025-06-07T00:15:54.167+0000] {standard_task_runner.py:63} INFO - Started process 2648 to run task
[2025-06-07T00:15:54.165+0000] {standard_task_runner.py:90} INFO - Running: ['***', 'tasks', 'run', 'pokemon_partitioned_to_kafka', 'fetch_pokemon_and_send_partitioned_to_kafka', 'scheduled__2025-06-07T00:14:00+00:00', '--job-id', '159', '--raw', '--subdir', 'DAGS_FOLDER/pkapi_to_kafka_dag.py', '--cfg-path', '/tmp/tmpibny_o6o']
[2025-06-07T00:15:54.172+0000] {standard_task_runner.py:91} INFO - Job 159: Subtask fetch_pokemon_and_send_partitioned_to_kafka
[2025-06-07T00:15:54.187+0000] {logging_mixin.py:188} WARNING - /home/***/.local/lib/python3.12/site-packages/***/settings.py:195 DeprecationWarning: The sql_alchemy_conn option in [core] has been moved to the sql_alchemy_conn option in [database] - the old setting has been used, but please update your config.
[2025-06-07T00:15:54.212+0000] {task_command.py:426} INFO - Running <TaskInstance: pokemon_partitioned_to_kafka.fetch_pokemon_and_send_partitioned_to_kafka scheduled__2025-06-07T00:14:00+00:00 [running]> on host 856ef77f0083
[2025-06-07T00:15:54.273+0000] {taskinstance.py:2644} INFO - Exporting env vars: AIRFLOW_CTX_DAG_OWNER='***' AIRFLOW_CTX_DAG_ID='pokemon_partitioned_to_kafka' AIRFLOW_CTX_TASK_ID='fetch_pokemon_and_send_partitioned_to_kafka' AIRFLOW_CTX_EXECUTION_DATE='2025-06-07T00:14:00+00:00' AIRFLOW_CTX_TRY_NUMBER='1' AIRFLOW_CTX_DAG_RUN_ID='scheduled__2025-06-07T00:14:00+00:00'
[2025-06-07T00:15:54.273+0000] {taskinstance.py:430} INFO - ::endgroup::
[2025-06-07T00:15:55.291+0000] {logging_mixin.py:188} INFO - Produced: bulbasaur with key=grass
[2025-06-07T00:15:56.497+0000] {logging_mixin.py:188} INFO - Error fetching Pokémon ID 2: HTTPSConnectionPool(host='pokeapi.co', port=443): Max retries exceeded with url: /api/v2/pokemon/2/ (Caused by SSLError(SSLEOFError(8, '[SSL: UNEXPECTED_EOF_WHILE_READING] EOF occurred in violation of protocol (_ssl.c:1000)')))
[2025-06-07T00:15:58.091+0000] {logging_mixin.py:188} INFO - Produced: venusaur with key=grass
[2025-06-07T00:15:58.550+0000] {logging_mixin.py:188} INFO - Produced: charmander with key=fire
[2025-06-07T00:15:59.040+0000] {logging_mixin.py:188} INFO - Produced: charmeleon with key=fire
[2025-06-07T00:15:59.496+0000] {logging_mixin.py:188} INFO - Produced: charizard with key=fire
[2025-06-07T00:15:59.935+0000] {logging_mixin.py:188} INFO - Produced: squirtle with key=water
[2025-06-07T00:16:00.384+0000] {logging_mixin.py:188} INFO - Produced: wartortle with key=water
[2025-06-07T00:16:00.812+0000] {logging_mixin.py:188} INFO - Produced: blastoise with key=water
[2025-06-07T00:16:01.242+0000] {logging_mixin.py:188} INFO - Produced: caterpie with key=bug
[2025-06-07T00:16:01.701+0000] {logging_mixin.py:188} INFO - Produced: metapod with key=bug
[2025-06-07T00:16:02.127+0000] {logging_mixin.py:188} INFO - Produced: butterfree with key=bug
[2025-06-07T00:16:02.562+0000] {logging_mixin.py:188} INFO - Produced: weedle with key=bug
[2025-06-07T00:16:03.012+0000] {logging_mixin.py:188} INFO - Produced: kakuna with key=bug
[2025-06-07T00:16:03.452+0000] {logging_mixin.py:188} INFO - Produced: beedrill with key=bug
[2025-06-07T00:16:03.912+0000] {logging_mixin.py:188} INFO - Produced: pidgey with key=normal
[2025-06-07T00:16:04.427+0000] {logging_mixin.py:188} INFO - Produced: pidgeotto with key=normal
[2025-06-07T00:16:04.903+0000] {logging_mixin.py:188} INFO - Produced: pidgeot with key=normal
[2025-06-07T00:16:05.417+0000] {logging_mixin.py:188} INFO - Produced: rattata with key=normal
[2025-06-07T00:16:05.621+0000] {python.py:237} INFO - Done. Returned value was: None
[2025-06-07T00:16:05.623+0000] {taskinstance.py:441} INFO - ::group::Post task execution logs
[2025-06-07T00:16:05.633+0000] {taskinstance.py:1205} INFO - Marking task as SUCCESS. dag_id=pokemon_partitioned_to_kafka, task_id=fetch_pokemon_and_send_partitioned_to_kafka, execution_date=20250607T001400, start_date=20250607T001554, end_date=20250607T001605
[2025-06-07T00:16:05.684+0000] {local_task_job_runner.py:240} INFO - Task exited with return code 0
[2025-06-07T00:16:05.693+0000] {taskinstance.py:3482} INFO - 0 downstream tasks scheduled from follow-on schedule check
[2025-06-07T00:16:05.693+0000] {local_task_job_runner.py:222} INFO - ::endgroup::
