[2025-06-06T00:49:00.431+0000] {local_task_job_runner.py:120} INFO - ::group::Pre task execution logs
[2025-06-06T00:49:00.445+0000] {taskinstance.py:2073} INFO - Dependencies all met for dep_context=non-requeueable deps ti=<TaskInstance: pokemon_partitioned_to_kafka.fetch_pokemon_and_send_partitioned_to_kafka scheduled__2025-06-06T00:48:00+00:00 [queued]>
[2025-06-06T00:49:00.449+0000] {taskinstance.py:2073} INFO - Dependencies all met for dep_context=requeueable deps ti=<TaskInstance: pokemon_partitioned_to_kafka.fetch_pokemon_and_send_partitioned_to_kafka scheduled__2025-06-06T00:48:00+00:00 [queued]>
[2025-06-06T00:49:00.449+0000] {taskinstance.py:2303} INFO - Starting attempt 1 of 1
[2025-06-06T00:49:00.455+0000] {taskinstance.py:2327} INFO - Executing <Task(PythonOperator): fetch_pokemon_and_send_partitioned_to_kafka> on 2025-06-06 00:48:00+00:00
[2025-06-06T00:49:00.459+0000] {logging_mixin.py:188} WARNING - /home/***/.local/lib/python3.12/site-packages/***/task/task_runner/standard_task_runner.py:61 DeprecationWarning: This process (pid=1275) is multi-threaded, use of fork() may lead to deadlocks in the child.
[2025-06-06T00:49:00.459+0000] {standard_task_runner.py:63} INFO - Started process 1276 to run task
[2025-06-06T00:49:00.459+0000] {standard_task_runner.py:90} INFO - Running: ['***', 'tasks', 'run', 'pokemon_partitioned_to_kafka', 'fetch_pokemon_and_send_partitioned_to_kafka', 'scheduled__2025-06-06T00:48:00+00:00', '--job-id', '45', '--raw', '--subdir', 'DAGS_FOLDER/pkapi_to_kafka_dag.py', '--cfg-path', '/tmp/tmpn3iambb8']
[2025-06-06T00:49:00.460+0000] {standard_task_runner.py:91} INFO - Job 45: Subtask fetch_pokemon_and_send_partitioned_to_kafka
[2025-06-06T00:49:00.468+0000] {logging_mixin.py:188} WARNING - /home/***/.local/lib/python3.12/site-packages/***/settings.py:195 DeprecationWarning: The sql_alchemy_conn option in [core] has been moved to the sql_alchemy_conn option in [database] - the old setting has been used, but please update your config.
[2025-06-06T00:49:00.486+0000] {task_command.py:426} INFO - Running <TaskInstance: pokemon_partitioned_to_kafka.fetch_pokemon_and_send_partitioned_to_kafka scheduled__2025-06-06T00:48:00+00:00 [running]> on host 856ef77f0083
[2025-06-06T00:49:00.528+0000] {taskinstance.py:2644} INFO - Exporting env vars: AIRFLOW_CTX_DAG_OWNER='***' AIRFLOW_CTX_DAG_ID='pokemon_partitioned_to_kafka' AIRFLOW_CTX_TASK_ID='fetch_pokemon_and_send_partitioned_to_kafka' AIRFLOW_CTX_EXECUTION_DATE='2025-06-06T00:48:00+00:00' AIRFLOW_CTX_TRY_NUMBER='1' AIRFLOW_CTX_DAG_RUN_ID='scheduled__2025-06-06T00:48:00+00:00'
[2025-06-06T00:49:00.528+0000] {taskinstance.py:430} INFO - ::endgroup::
[2025-06-06T00:49:01.543+0000] {logging_mixin.py:188} INFO - Produced: bulbasaur with key=grass
[2025-06-06T00:49:02.105+0000] {logging_mixin.py:188} INFO - Produced: ivysaur with key=grass
[2025-06-06T00:49:02.646+0000] {logging_mixin.py:188} INFO - Produced: venusaur with key=grass
[2025-06-06T00:49:03.191+0000] {logging_mixin.py:188} INFO - Produced: charmander with key=fire
[2025-06-06T00:49:03.733+0000] {logging_mixin.py:188} INFO - Produced: charmeleon with key=fire
[2025-06-06T00:49:04.276+0000] {logging_mixin.py:188} INFO - Produced: charizard with key=fire
[2025-06-06T00:49:04.843+0000] {logging_mixin.py:188} INFO - Produced: squirtle with key=water
[2025-06-06T00:49:05.383+0000] {logging_mixin.py:188} INFO - Produced: wartortle with key=water
[2025-06-06T00:49:05.933+0000] {logging_mixin.py:188} INFO - Produced: blastoise with key=water
[2025-06-06T00:49:06.440+0000] {logging_mixin.py:188} INFO - Produced: caterpie with key=bug
[2025-06-06T00:49:06.981+0000] {logging_mixin.py:188} INFO - Produced: metapod with key=bug
[2025-06-06T00:49:07.519+0000] {logging_mixin.py:188} INFO - Produced: butterfree with key=bug
[2025-06-06T00:49:08.054+0000] {logging_mixin.py:188} INFO - Produced: weedle with key=bug
[2025-06-06T00:49:08.579+0000] {logging_mixin.py:188} INFO - Produced: kakuna with key=bug
[2025-06-06T00:49:09.119+0000] {logging_mixin.py:188} INFO - Produced: beedrill with key=bug
[2025-06-06T00:49:09.652+0000] {logging_mixin.py:188} INFO - Produced: pidgey with key=normal
[2025-06-06T00:49:10.181+0000] {logging_mixin.py:188} INFO - Produced: pidgeotto with key=normal
[2025-06-06T00:49:10.709+0000] {logging_mixin.py:188} INFO - Produced: pidgeot with key=normal
[2025-06-06T00:49:11.218+0000] {logging_mixin.py:188} INFO - Produced: rattata with key=normal
[2025-06-06T00:49:11.426+0000] {python.py:237} INFO - Done. Returned value was: None
[2025-06-06T00:49:11.427+0000] {taskinstance.py:441} INFO - ::group::Post task execution logs
[2025-06-06T00:49:11.442+0000] {taskinstance.py:1205} INFO - Marking task as SUCCESS. dag_id=pokemon_partitioned_to_kafka, task_id=fetch_pokemon_and_send_partitioned_to_kafka, execution_date=20250606T004800, start_date=20250606T004900, end_date=20250606T004911
[2025-06-06T00:49:11.478+0000] {local_task_job_runner.py:240} INFO - Task exited with return code 0
[2025-06-06T00:49:11.493+0000] {taskinstance.py:3482} INFO - 0 downstream tasks scheduled from follow-on schedule check
[2025-06-06T00:49:11.494+0000] {local_task_job_runner.py:222} INFO - ::endgroup::
