[2025-06-06T14:52:46.899+0000] {local_task_job_runner.py:120} INFO - ::group::Pre task execution logs
[2025-06-06T14:52:46.922+0000] {taskinstance.py:2073} INFO - Dependencies all met for dep_context=non-requeueable deps ti=<TaskInstance: pokemon_partitioned_to_kafka.fetch_pokemon_and_send_partitioned_to_kafka scheduled__2025-06-06T14:51:00+00:00 [queued]>
[2025-06-06T14:52:46.927+0000] {taskinstance.py:2073} INFO - Dependencies all met for dep_context=requeueable deps ti=<TaskInstance: pokemon_partitioned_to_kafka.fetch_pokemon_and_send_partitioned_to_kafka scheduled__2025-06-06T14:51:00+00:00 [queued]>
[2025-06-06T14:52:46.927+0000] {taskinstance.py:2303} INFO - Starting attempt 1 of 1
[2025-06-06T14:52:46.936+0000] {taskinstance.py:2327} INFO - Executing <Task(PythonOperator): fetch_pokemon_and_send_partitioned_to_kafka> on 2025-06-06 14:51:00+00:00
[2025-06-06T14:52:46.942+0000] {logging_mixin.py:188} WARNING - /home/***/.local/lib/python3.12/site-packages/***/task/task_runner/standard_task_runner.py:61 DeprecationWarning: This process (pid=2102) is multi-threaded, use of fork() may lead to deadlocks in the child.
[2025-06-06T14:52:46.943+0000] {standard_task_runner.py:63} INFO - Started process 2108 to run task
[2025-06-06T14:52:46.943+0000] {standard_task_runner.py:90} INFO - Running: ['***', 'tasks', 'run', 'pokemon_partitioned_to_kafka', 'fetch_pokemon_and_send_partitioned_to_kafka', 'scheduled__2025-06-06T14:51:00+00:00', '--job-id', '113', '--raw', '--subdir', 'DAGS_FOLDER/pkapi_to_kafka_dag.py', '--cfg-path', '/tmp/tmpb7pb3634']
[2025-06-06T14:52:46.945+0000] {standard_task_runner.py:91} INFO - Job 113: Subtask fetch_pokemon_and_send_partitioned_to_kafka
[2025-06-06T14:52:46.958+0000] {logging_mixin.py:188} WARNING - /home/***/.local/lib/python3.12/site-packages/***/settings.py:195 DeprecationWarning: The sql_alchemy_conn option in [core] has been moved to the sql_alchemy_conn option in [database] - the old setting has been used, but please update your config.
[2025-06-06T14:52:46.989+0000] {task_command.py:426} INFO - Running <TaskInstance: pokemon_partitioned_to_kafka.fetch_pokemon_and_send_partitioned_to_kafka scheduled__2025-06-06T14:51:00+00:00 [running]> on host 856ef77f0083
[2025-06-06T14:52:47.048+0000] {taskinstance.py:2644} INFO - Exporting env vars: AIRFLOW_CTX_DAG_OWNER='***' AIRFLOW_CTX_DAG_ID='pokemon_partitioned_to_kafka' AIRFLOW_CTX_TASK_ID='fetch_pokemon_and_send_partitioned_to_kafka' AIRFLOW_CTX_EXECUTION_DATE='2025-06-06T14:51:00+00:00' AIRFLOW_CTX_TRY_NUMBER='1' AIRFLOW_CTX_DAG_RUN_ID='scheduled__2025-06-06T14:51:00+00:00'
[2025-06-06T14:52:47.049+0000] {taskinstance.py:430} INFO - ::endgroup::
[2025-06-06T14:52:48.067+0000] {logging_mixin.py:188} INFO - Produced: bulbasaur with key=grass
[2025-06-06T14:52:48.508+0000] {logging_mixin.py:188} INFO - Produced: ivysaur with key=grass
[2025-06-06T14:52:48.963+0000] {logging_mixin.py:188} INFO - Produced: venusaur with key=grass
[2025-06-06T14:52:50.102+0000] {logging_mixin.py:188} INFO - Error fetching Pokémon ID 4: HTTPSConnectionPool(host='pokeapi.co', port=443): Max retries exceeded with url: /api/v2/pokemon/4/ (Caused by SSLError(SSLEOFError(8, '[SSL: UNEXPECTED_EOF_WHILE_READING] EOF occurred in violation of protocol (_ssl.c:1000)')))
[2025-06-06T14:52:50.481+0000] {logging_mixin.py:188} INFO - Produced: charmeleon with key=fire
[2025-06-06T14:52:50.937+0000] {logging_mixin.py:188} INFO - Produced: charizard with key=fire
[2025-06-06T14:52:51.390+0000] {logging_mixin.py:188} INFO - Produced: squirtle with key=water
[2025-06-06T14:52:51.854+0000] {logging_mixin.py:188} INFO - Produced: wartortle with key=water
[2025-06-06T14:52:52.287+0000] {logging_mixin.py:188} INFO - Produced: blastoise with key=water
[2025-06-06T14:52:52.733+0000] {logging_mixin.py:188} INFO - Produced: caterpie with key=bug
[2025-06-06T14:52:53.188+0000] {logging_mixin.py:188} INFO - Produced: metapod with key=bug
[2025-06-06T14:52:53.653+0000] {logging_mixin.py:188} INFO - Produced: butterfree with key=bug
[2025-06-06T14:52:54.120+0000] {logging_mixin.py:188} INFO - Produced: weedle with key=bug
[2025-06-06T14:52:54.572+0000] {logging_mixin.py:188} INFO - Produced: kakuna with key=bug
[2025-06-06T14:52:55.045+0000] {logging_mixin.py:188} INFO - Produced: beedrill with key=bug
[2025-06-06T14:52:55.507+0000] {logging_mixin.py:188} INFO - Produced: pidgey with key=normal
[2025-06-06T14:52:55.952+0000] {logging_mixin.py:188} INFO - Produced: pidgeotto with key=normal
[2025-06-06T14:52:56.408+0000] {logging_mixin.py:188} INFO - Produced: pidgeot with key=normal
[2025-06-06T14:52:57.339+0000] {logging_mixin.py:188} INFO - Error fetching Pokémon ID 19: HTTPSConnectionPool(host='pokeapi.co', port=443): Max retries exceeded with url: /api/v2/pokemon/19/ (Caused by SSLError(SSLEOFError(8, '[SSL: UNEXPECTED_EOF_WHILE_READING] EOF occurred in violation of protocol (_ssl.c:1000)')))
[2025-06-06T14:52:57.341+0000] {python.py:237} INFO - Done. Returned value was: None
[2025-06-06T14:52:57.344+0000] {taskinstance.py:441} INFO - ::group::Post task execution logs
[2025-06-06T14:52:57.351+0000] {taskinstance.py:1205} INFO - Marking task as SUCCESS. dag_id=pokemon_partitioned_to_kafka, task_id=fetch_pokemon_and_send_partitioned_to_kafka, execution_date=20250606T145100, start_date=20250606T145246, end_date=20250606T145257
[2025-06-06T14:52:57.368+0000] {local_task_job_runner.py:240} INFO - Task exited with return code 0
[2025-06-06T14:52:57.379+0000] {taskinstance.py:3482} INFO - 0 downstream tasks scheduled from follow-on schedule check
[2025-06-06T14:52:57.381+0000] {local_task_job_runner.py:222} INFO - ::endgroup::
