[2025-06-06T00:44:00.941+0000] {local_task_job_runner.py:120} INFO - ::group::Pre task execution logs
[2025-06-06T00:44:00.955+0000] {taskinstance.py:2073} INFO - Dependencies all met for dep_context=non-requeueable deps ti=<TaskInstance: pokemon_partitioned_to_kafka.fetch_pokemon_and_send_partitioned_to_kafka scheduled__2025-06-06T00:43:00+00:00 [queued]>
[2025-06-06T00:44:00.958+0000] {taskinstance.py:2073} INFO - Dependencies all met for dep_context=requeueable deps ti=<TaskInstance: pokemon_partitioned_to_kafka.fetch_pokemon_and_send_partitioned_to_kafka scheduled__2025-06-06T00:43:00+00:00 [queued]>
[2025-06-06T00:44:00.959+0000] {taskinstance.py:2303} INFO - Starting attempt 1 of 1
[2025-06-06T00:44:00.965+0000] {taskinstance.py:2327} INFO - Executing <Task(PythonOperator): fetch_pokemon_and_send_partitioned_to_kafka> on 2025-06-06 00:43:00+00:00
[2025-06-06T00:44:00.968+0000] {logging_mixin.py:188} WARNING - /home/***/.local/lib/python3.12/site-packages/***/task/task_runner/standard_task_runner.py:61 DeprecationWarning: This process (pid=1195) is multi-threaded, use of fork() may lead to deadlocks in the child.
[2025-06-06T00:44:00.969+0000] {standard_task_runner.py:63} INFO - Started process 1196 to run task
[2025-06-06T00:44:00.968+0000] {standard_task_runner.py:90} INFO - Running: ['***', 'tasks', 'run', 'pokemon_partitioned_to_kafka', 'fetch_pokemon_and_send_partitioned_to_kafka', 'scheduled__2025-06-06T00:43:00+00:00', '--job-id', '40', '--raw', '--subdir', 'DAGS_FOLDER/pkapi_to_kafka_dag.py', '--cfg-path', '/tmp/tmpmve_s8dn']
[2025-06-06T00:44:00.969+0000] {standard_task_runner.py:91} INFO - Job 40: Subtask fetch_pokemon_and_send_partitioned_to_kafka
[2025-06-06T00:44:00.977+0000] {logging_mixin.py:188} WARNING - /home/***/.local/lib/python3.12/site-packages/***/settings.py:195 DeprecationWarning: The sql_alchemy_conn option in [core] has been moved to the sql_alchemy_conn option in [database] - the old setting has been used, but please update your config.
[2025-06-06T00:44:00.994+0000] {task_command.py:426} INFO - Running <TaskInstance: pokemon_partitioned_to_kafka.fetch_pokemon_and_send_partitioned_to_kafka scheduled__2025-06-06T00:43:00+00:00 [running]> on host 856ef77f0083
[2025-06-06T00:44:01.035+0000] {taskinstance.py:2644} INFO - Exporting env vars: AIRFLOW_CTX_DAG_OWNER='***' AIRFLOW_CTX_DAG_ID='pokemon_partitioned_to_kafka' AIRFLOW_CTX_TASK_ID='fetch_pokemon_and_send_partitioned_to_kafka' AIRFLOW_CTX_EXECUTION_DATE='2025-06-06T00:43:00+00:00' AIRFLOW_CTX_TRY_NUMBER='1' AIRFLOW_CTX_DAG_RUN_ID='scheduled__2025-06-06T00:43:00+00:00'
[2025-06-06T00:44:01.036+0000] {taskinstance.py:430} INFO - ::endgroup::
[2025-06-06T00:44:02.054+0000] {logging_mixin.py:188} INFO - Produced: bulbasaur with key=grass
[2025-06-06T00:44:02.615+0000] {logging_mixin.py:188} INFO - Produced: ivysaur with key=grass
[2025-06-06T00:44:03.161+0000] {logging_mixin.py:188} INFO - Produced: venusaur with key=grass
[2025-06-06T00:44:03.708+0000] {logging_mixin.py:188} INFO - Produced: charmander with key=fire
[2025-06-06T00:44:04.253+0000] {logging_mixin.py:188} INFO - Produced: charmeleon with key=fire
[2025-06-06T00:44:04.796+0000] {logging_mixin.py:188} INFO - Produced: charizard with key=fire
[2025-06-06T00:44:05.360+0000] {logging_mixin.py:188} INFO - Produced: squirtle with key=water
[2025-06-06T00:44:05.908+0000] {logging_mixin.py:188} INFO - Produced: wartortle with key=water
[2025-06-06T00:44:06.444+0000] {logging_mixin.py:188} INFO - Produced: blastoise with key=water
[2025-06-06T00:44:06.949+0000] {logging_mixin.py:188} INFO - Produced: caterpie with key=bug
[2025-06-06T00:44:07.510+0000] {logging_mixin.py:188} INFO - Produced: metapod with key=bug
[2025-06-06T00:44:08.054+0000] {logging_mixin.py:188} INFO - Produced: butterfree with key=bug
[2025-06-06T00:44:08.586+0000] {logging_mixin.py:188} INFO - Produced: weedle with key=bug
[2025-06-06T00:44:09.231+0000] {logging_mixin.py:188} INFO - Produced: kakuna with key=bug
[2025-06-06T00:44:09.930+0000] {logging_mixin.py:188} INFO - Produced: beedrill with key=bug
[2025-06-06T00:44:10.676+0000] {logging_mixin.py:188} INFO - Produced: pidgey with key=normal
[2025-06-06T00:44:11.585+0000] {logging_mixin.py:188} INFO - Produced: pidgeotto with key=normal
[2025-06-06T00:44:12.438+0000] {logging_mixin.py:188} INFO - Produced: pidgeot with key=normal
[2025-06-06T00:44:13.200+0000] {logging_mixin.py:188} INFO - Produced: rattata with key=normal
[2025-06-06T00:46:36.117+0000] {python.py:237} INFO - Done. Returned value was: None
[2025-06-06T00:46:36.118+0000] {taskinstance.py:441} INFO - ::group::Post task execution logs
[2025-06-06T00:46:36.125+0000] {taskinstance.py:1205} INFO - Marking task as SUCCESS. dag_id=pokemon_partitioned_to_kafka, task_id=fetch_pokemon_and_send_partitioned_to_kafka, execution_date=20250606T004300, start_date=20250606T004400, end_date=20250606T004636
[2025-06-06T00:46:36.156+0000] {local_task_job_runner.py:240} INFO - Task exited with return code 0
[2025-06-06T00:46:36.167+0000] {taskinstance.py:3482} INFO - 0 downstream tasks scheduled from follow-on schedule check
[2025-06-06T00:46:36.168+0000] {local_task_job_runner.py:222} INFO - ::endgroup::
