[2025-06-07T14:20:00.883+0000] {local_task_job_runner.py:120} INFO - ::group::Pre task execution logs
[2025-06-07T14:20:00.899+0000] {taskinstance.py:2073} INFO - Dependencies all met for dep_context=non-requeueable deps ti=<TaskInstance: pokemon_partitioned_to_kafka_v2.fetch_pokemon_and_send_partitioned_to_kafka scheduled__2025-06-07T14:19:00+00:00 [queued]>
[2025-06-07T14:20:00.902+0000] {taskinstance.py:2073} INFO - Dependencies all met for dep_context=requeueable deps ti=<TaskInstance: pokemon_partitioned_to_kafka_v2.fetch_pokemon_and_send_partitioned_to_kafka scheduled__2025-06-07T14:19:00+00:00 [queued]>
[2025-06-07T14:20:00.902+0000] {taskinstance.py:2303} INFO - Starting attempt 1 of 1
[2025-06-07T14:20:00.909+0000] {taskinstance.py:2327} INFO - Executing <Task(PythonOperator): fetch_pokemon_and_send_partitioned_to_kafka> on 2025-06-07 14:19:00+00:00
[2025-06-07T14:20:00.913+0000] {logging_mixin.py:188} WARNING - /home/***/.local/lib/python3.12/site-packages/***/task/task_runner/standard_task_runner.py:61 DeprecationWarning: This process (pid=4101) is multi-threaded, use of fork() may lead to deadlocks in the child.
[2025-06-07T14:20:00.913+0000] {standard_task_runner.py:63} INFO - Started process 4102 to run task
[2025-06-07T14:20:00.913+0000] {standard_task_runner.py:90} INFO - Running: ['***', 'tasks', 'run', 'pokemon_partitioned_to_kafka_v2', 'fetch_pokemon_and_send_partitioned_to_kafka', 'scheduled__2025-06-07T14:19:00+00:00', '--job-id', '254', '--raw', '--subdir', 'DAGS_FOLDER/pkapi_to_kafka_dag.py', '--cfg-path', '/tmp/tmp2twdc5ny']
[2025-06-07T14:20:00.914+0000] {standard_task_runner.py:91} INFO - Job 254: Subtask fetch_pokemon_and_send_partitioned_to_kafka
[2025-06-07T14:20:00.922+0000] {logging_mixin.py:188} WARNING - /home/***/.local/lib/python3.12/site-packages/***/settings.py:195 DeprecationWarning: The sql_alchemy_conn option in [core] has been moved to the sql_alchemy_conn option in [database] - the old setting has been used, but please update your config.
[2025-06-07T14:20:00.941+0000] {task_command.py:426} INFO - Running <TaskInstance: pokemon_partitioned_to_kafka_v2.fetch_pokemon_and_send_partitioned_to_kafka scheduled__2025-06-07T14:19:00+00:00 [running]> on host 856ef77f0083
[2025-06-07T14:20:00.994+0000] {taskinstance.py:2644} INFO - Exporting env vars: AIRFLOW_CTX_DAG_OWNER='***' AIRFLOW_CTX_DAG_ID='pokemon_partitioned_to_kafka_v2' AIRFLOW_CTX_TASK_ID='fetch_pokemon_and_send_partitioned_to_kafka' AIRFLOW_CTX_EXECUTION_DATE='2025-06-07T14:19:00+00:00' AIRFLOW_CTX_TRY_NUMBER='1' AIRFLOW_CTX_DAG_RUN_ID='scheduled__2025-06-07T14:19:00+00:00'
[2025-06-07T14:20:00.995+0000] {taskinstance.py:430} INFO - ::endgroup::
[2025-06-07T14:20:02.015+0000] {logging_mixin.py:188} INFO - Produced: bulbasaur with key=grass
[2025-06-07T14:20:02.329+0000] {logging_mixin.py:188} INFO - Produced: ivysaur with key=grass
[2025-06-07T14:20:02.619+0000] {logging_mixin.py:188} INFO - Produced: venusaur with key=grass
[2025-06-07T14:20:02.918+0000] {logging_mixin.py:188} INFO - Produced: charmander with key=fire
[2025-06-07T14:20:03.214+0000] {logging_mixin.py:188} INFO - Produced: charmeleon with key=fire
[2025-06-07T14:20:03.554+0000] {logging_mixin.py:188} INFO - Produced: charizard with key=fire
[2025-06-07T14:20:03.847+0000] {logging_mixin.py:188} INFO - Produced: squirtle with key=water
[2025-06-07T14:20:04.163+0000] {logging_mixin.py:188} INFO - Produced: wartortle with key=water
[2025-06-07T14:20:04.492+0000] {logging_mixin.py:188} INFO - Produced: blastoise with key=water
[2025-06-07T14:20:04.791+0000] {logging_mixin.py:188} INFO - Produced: caterpie with key=bug
[2025-06-07T14:20:05.088+0000] {logging_mixin.py:188} INFO - Produced: metapod with key=bug
[2025-06-07T14:20:05.398+0000] {logging_mixin.py:188} INFO - Produced: butterfree with key=bug
[2025-06-07T14:20:05.707+0000] {logging_mixin.py:188} INFO - Produced: weedle with key=bug
[2025-06-07T14:20:06.007+0000] {logging_mixin.py:188} INFO - Produced: kakuna with key=bug
[2025-06-07T14:20:06.313+0000] {logging_mixin.py:188} INFO - Produced: beedrill with key=bug
[2025-06-07T14:20:06.600+0000] {logging_mixin.py:188} INFO - Produced: pidgey with key=normal
[2025-06-07T14:20:06.881+0000] {logging_mixin.py:188} INFO - Produced: pidgeotto with key=normal
[2025-06-07T14:20:07.182+0000] {logging_mixin.py:188} INFO - Produced: pidgeot with key=normal
[2025-06-07T14:20:07.472+0000] {logging_mixin.py:188} INFO - Produced: rattata with key=normal
[2025-06-07T14:20:07.675+0000] {python.py:237} INFO - Done. Returned value was: None
[2025-06-07T14:20:07.676+0000] {taskinstance.py:441} INFO - ::group::Post task execution logs
[2025-06-07T14:20:07.682+0000] {taskinstance.py:1205} INFO - Marking task as SUCCESS. dag_id=pokemon_partitioned_to_kafka_v2, task_id=fetch_pokemon_and_send_partitioned_to_kafka, execution_date=20250607T141900, start_date=20250607T142000, end_date=20250607T142007
[2025-06-07T14:20:07.720+0000] {local_task_job_runner.py:240} INFO - Task exited with return code 0
[2025-06-07T14:20:07.730+0000] {taskinstance.py:3482} INFO - 0 downstream tasks scheduled from follow-on schedule check
[2025-06-07T14:20:07.731+0000] {local_task_job_runner.py:222} INFO - ::endgroup::
