[2025-06-06T03:23:01.569+0000] {local_task_job_runner.py:120} INFO - ::group::Pre task execution logs
[2025-06-06T03:23:01.588+0000] {taskinstance.py:2073} INFO - Dependencies all met for dep_context=non-requeueable deps ti=<TaskInstance: pokemon_partitioned_to_kafka.fetch_pokemon_and_send_partitioned_to_kafka scheduled__2025-06-06T03:22:00+00:00 [queued]>
[2025-06-06T03:23:01.592+0000] {taskinstance.py:2073} INFO - Dependencies all met for dep_context=requeueable deps ti=<TaskInstance: pokemon_partitioned_to_kafka.fetch_pokemon_and_send_partitioned_to_kafka scheduled__2025-06-06T03:22:00+00:00 [queued]>
[2025-06-06T03:23:01.595+0000] {taskinstance.py:2303} INFO - Starting attempt 1 of 1
[2025-06-06T03:23:01.602+0000] {taskinstance.py:2327} INFO - Executing <Task(PythonOperator): fetch_pokemon_and_send_partitioned_to_kafka> on 2025-06-06 03:22:00+00:00
[2025-06-06T03:23:01.606+0000] {logging_mixin.py:188} WARNING - /home/***/.local/lib/python3.12/site-packages/***/task/task_runner/standard_task_runner.py:61 DeprecationWarning: This process (pid=1603) is multi-threaded, use of fork() may lead to deadlocks in the child.
[2025-06-06T03:23:01.607+0000] {standard_task_runner.py:63} INFO - Started process 1609 to run task
[2025-06-06T03:23:01.607+0000] {standard_task_runner.py:90} INFO - Running: ['***', 'tasks', 'run', 'pokemon_partitioned_to_kafka', 'fetch_pokemon_and_send_partitioned_to_kafka', 'scheduled__2025-06-06T03:22:00+00:00', '--job-id', '71', '--raw', '--subdir', 'DAGS_FOLDER/pkapi_to_kafka_dag.py', '--cfg-path', '/tmp/tmp6a0y611o']
[2025-06-06T03:23:01.609+0000] {standard_task_runner.py:91} INFO - Job 71: Subtask fetch_pokemon_and_send_partitioned_to_kafka
[2025-06-06T03:23:01.619+0000] {logging_mixin.py:188} WARNING - /home/***/.local/lib/python3.12/site-packages/***/settings.py:195 DeprecationWarning: The sql_alchemy_conn option in [core] has been moved to the sql_alchemy_conn option in [database] - the old setting has been used, but please update your config.
[2025-06-06T03:23:01.641+0000] {task_command.py:426} INFO - Running <TaskInstance: pokemon_partitioned_to_kafka.fetch_pokemon_and_send_partitioned_to_kafka scheduled__2025-06-06T03:22:00+00:00 [running]> on host 856ef77f0083
[2025-06-06T03:23:01.694+0000] {taskinstance.py:2644} INFO - Exporting env vars: AIRFLOW_CTX_DAG_OWNER='***' AIRFLOW_CTX_DAG_ID='pokemon_partitioned_to_kafka' AIRFLOW_CTX_TASK_ID='fetch_pokemon_and_send_partitioned_to_kafka' AIRFLOW_CTX_EXECUTION_DATE='2025-06-06T03:22:00+00:00' AIRFLOW_CTX_TRY_NUMBER='1' AIRFLOW_CTX_DAG_RUN_ID='scheduled__2025-06-06T03:22:00+00:00'
[2025-06-06T03:23:01.694+0000] {taskinstance.py:430} INFO - ::endgroup::
[2025-06-06T03:23:02.716+0000] {logging_mixin.py:188} INFO - Produced: bulbasaur with key=grass
[2025-06-06T03:23:03.159+0000] {logging_mixin.py:188} INFO - Produced: ivysaur with key=grass
[2025-06-06T03:23:03.614+0000] {logging_mixin.py:188} INFO - Produced: venusaur with key=grass
[2025-06-06T03:23:04.063+0000] {logging_mixin.py:188} INFO - Produced: charmander with key=fire
[2025-06-06T03:23:04.510+0000] {logging_mixin.py:188} INFO - Produced: charmeleon with key=fire
[2025-06-06T03:23:04.970+0000] {logging_mixin.py:188} INFO - Produced: charizard with key=fire
[2025-06-06T03:23:05.443+0000] {logging_mixin.py:188} INFO - Produced: squirtle with key=water
[2025-06-06T03:23:05.886+0000] {logging_mixin.py:188} INFO - Produced: wartortle with key=water
[2025-06-06T03:23:06.316+0000] {logging_mixin.py:188} INFO - Produced: blastoise with key=water
[2025-06-06T03:23:06.742+0000] {logging_mixin.py:188} INFO - Produced: caterpie with key=bug
[2025-06-06T03:23:07.183+0000] {logging_mixin.py:188} INFO - Produced: metapod with key=bug
[2025-06-06T03:23:07.640+0000] {logging_mixin.py:188} INFO - Produced: butterfree with key=bug
[2025-06-06T03:23:08.090+0000] {logging_mixin.py:188} INFO - Produced: weedle with key=bug
[2025-06-06T03:23:08.553+0000] {logging_mixin.py:188} INFO - Produced: kakuna with key=bug
[2025-06-06T03:23:09.032+0000] {logging_mixin.py:188} INFO - Produced: beedrill with key=bug
[2025-06-06T03:23:09.500+0000] {logging_mixin.py:188} INFO - Produced: pidgey with key=normal
[2025-06-06T03:23:09.946+0000] {logging_mixin.py:188} INFO - Produced: pidgeotto with key=normal
[2025-06-06T03:23:10.396+0000] {logging_mixin.py:188} INFO - Produced: pidgeot with key=normal
[2025-06-06T03:23:10.859+0000] {logging_mixin.py:188} INFO - Produced: rattata with key=normal
[2025-06-06T03:23:11.071+0000] {python.py:237} INFO - Done. Returned value was: None
[2025-06-06T03:23:11.073+0000] {taskinstance.py:441} INFO - ::group::Post task execution logs
[2025-06-06T03:23:11.086+0000] {taskinstance.py:1205} INFO - Marking task as SUCCESS. dag_id=pokemon_partitioned_to_kafka, task_id=fetch_pokemon_and_send_partitioned_to_kafka, execution_date=20250606T032200, start_date=20250606T032301, end_date=20250606T032311
[2025-06-06T03:23:11.129+0000] {local_task_job_runner.py:240} INFO - Task exited with return code 0
[2025-06-06T03:23:11.141+0000] {taskinstance.py:3482} INFO - 0 downstream tasks scheduled from follow-on schedule check
[2025-06-06T03:23:11.142+0000] {local_task_job_runner.py:222} INFO - ::endgroup::
