[2025-06-06T00:46:36.716+0000] {local_task_job_runner.py:120} INFO - ::group::Pre task execution logs
[2025-06-06T00:46:36.736+0000] {taskinstance.py:2073} INFO - Dependencies all met for dep_context=non-requeueable deps ti=<TaskInstance: pokemon_partitioned_to_kafka.fetch_pokemon_and_send_partitioned_to_kafka scheduled__2025-06-06T00:44:00+00:00 [queued]>
[2025-06-06T00:46:36.741+0000] {taskinstance.py:2073} INFO - Dependencies all met for dep_context=requeueable deps ti=<TaskInstance: pokemon_partitioned_to_kafka.fetch_pokemon_and_send_partitioned_to_kafka scheduled__2025-06-06T00:44:00+00:00 [queued]>
[2025-06-06T00:46:36.741+0000] {taskinstance.py:2303} INFO - Starting attempt 1 of 1
[2025-06-06T00:46:36.751+0000] {taskinstance.py:2327} INFO - Executing <Task(PythonOperator): fetch_pokemon_and_send_partitioned_to_kafka> on 2025-06-06 00:44:00+00:00
[2025-06-06T00:46:36.755+0000] {logging_mixin.py:188} WARNING - /home/***/.local/lib/python3.12/site-packages/***/task/task_runner/standard_task_runner.py:61 DeprecationWarning: This process (pid=1201) is multi-threaded, use of fork() may lead to deadlocks in the child.
[2025-06-06T00:46:36.756+0000] {standard_task_runner.py:63} INFO - Started process 1203 to run task
[2025-06-06T00:46:36.756+0000] {standard_task_runner.py:90} INFO - Running: ['***', 'tasks', 'run', 'pokemon_partitioned_to_kafka', 'fetch_pokemon_and_send_partitioned_to_kafka', 'scheduled__2025-06-06T00:44:00+00:00', '--job-id', '41', '--raw', '--subdir', 'DAGS_FOLDER/pkapi_to_kafka_dag.py', '--cfg-path', '/tmp/tmplkqztec5']
[2025-06-06T00:46:36.757+0000] {standard_task_runner.py:91} INFO - Job 41: Subtask fetch_pokemon_and_send_partitioned_to_kafka
[2025-06-06T00:46:36.767+0000] {logging_mixin.py:188} WARNING - /home/***/.local/lib/python3.12/site-packages/***/settings.py:195 DeprecationWarning: The sql_alchemy_conn option in [core] has been moved to the sql_alchemy_conn option in [database] - the old setting has been used, but please update your config.
[2025-06-06T00:46:36.795+0000] {task_command.py:426} INFO - Running <TaskInstance: pokemon_partitioned_to_kafka.fetch_pokemon_and_send_partitioned_to_kafka scheduled__2025-06-06T00:44:00+00:00 [running]> on host 856ef77f0083
[2025-06-06T00:46:36.862+0000] {taskinstance.py:2644} INFO - Exporting env vars: AIRFLOW_CTX_DAG_OWNER='***' AIRFLOW_CTX_DAG_ID='pokemon_partitioned_to_kafka' AIRFLOW_CTX_TASK_ID='fetch_pokemon_and_send_partitioned_to_kafka' AIRFLOW_CTX_EXECUTION_DATE='2025-06-06T00:44:00+00:00' AIRFLOW_CTX_TRY_NUMBER='1' AIRFLOW_CTX_DAG_RUN_ID='scheduled__2025-06-06T00:44:00+00:00'
[2025-06-06T00:46:36.863+0000] {taskinstance.py:430} INFO - ::endgroup::
[2025-06-06T00:46:37.886+0000] {logging_mixin.py:188} INFO - Produced: bulbasaur with key=grass
[2025-06-06T00:46:38.428+0000] {logging_mixin.py:188} INFO - Produced: ivysaur with key=grass
[2025-06-06T00:46:38.949+0000] {logging_mixin.py:188} INFO - Produced: venusaur with key=grass
[2025-06-06T00:46:39.482+0000] {logging_mixin.py:188} INFO - Produced: charmander with key=fire
[2025-06-06T00:46:40.004+0000] {logging_mixin.py:188} INFO - Produced: charmeleon with key=fire
[2025-06-06T00:46:40.551+0000] {logging_mixin.py:188} INFO - Produced: charizard with key=fire
[2025-06-06T00:46:41.092+0000] {logging_mixin.py:188} INFO - Produced: squirtle with key=water
[2025-06-06T00:46:41.633+0000] {logging_mixin.py:188} INFO - Produced: wartortle with key=water
[2025-06-06T00:46:42.168+0000] {logging_mixin.py:188} INFO - Produced: blastoise with key=water
[2025-06-06T00:46:42.700+0000] {logging_mixin.py:188} INFO - Produced: caterpie with key=bug
[2025-06-06T00:46:43.226+0000] {logging_mixin.py:188} INFO - Produced: metapod with key=bug
[2025-06-06T00:46:43.753+0000] {logging_mixin.py:188} INFO - Produced: butterfree with key=bug
[2025-06-06T00:46:44.306+0000] {logging_mixin.py:188} INFO - Produced: weedle with key=bug
[2025-06-06T00:46:44.819+0000] {logging_mixin.py:188} INFO - Produced: kakuna with key=bug
[2025-06-06T00:46:45.341+0000] {logging_mixin.py:188} INFO - Produced: beedrill with key=bug
[2025-06-06T00:46:45.872+0000] {logging_mixin.py:188} INFO - Produced: pidgey with key=normal
[2025-06-06T00:46:46.434+0000] {logging_mixin.py:188} INFO - Produced: pidgeotto with key=normal
[2025-06-06T00:46:46.944+0000] {logging_mixin.py:188} INFO - Produced: pidgeot with key=normal
[2025-06-06T00:46:47.485+0000] {logging_mixin.py:188} INFO - Produced: rattata with key=normal
[2025-06-06T00:46:47.689+0000] {python.py:237} INFO - Done. Returned value was: None
[2025-06-06T00:46:47.691+0000] {taskinstance.py:441} INFO - ::group::Post task execution logs
[2025-06-06T00:46:47.701+0000] {taskinstance.py:1205} INFO - Marking task as SUCCESS. dag_id=pokemon_partitioned_to_kafka, task_id=fetch_pokemon_and_send_partitioned_to_kafka, execution_date=20250606T004400, start_date=20250606T004636, end_date=20250606T004647
[2025-06-06T00:46:47.714+0000] {local_task_job_runner.py:240} INFO - Task exited with return code 0
[2025-06-06T00:46:47.725+0000] {taskinstance.py:3482} INFO - 0 downstream tasks scheduled from follow-on schedule check
[2025-06-06T00:46:47.727+0000] {local_task_job_runner.py:222} INFO - ::endgroup::
