[2025-06-06T00:07:03.426+0000] {local_task_job_runner.py:120} INFO - ::group::Pre task execution logs
[2025-06-06T00:07:03.439+0000] {taskinstance.py:2073} INFO - Dependencies all met for dep_context=non-requeueable deps ti=<TaskInstance: pokemon_partitioned_to_kafka.fetch_pokemon_and_send_partitioned_to_kafka scheduled__2025-06-06T00:06:00+00:00 [queued]>
[2025-06-06T00:07:03.443+0000] {taskinstance.py:2073} INFO - Dependencies all met for dep_context=requeueable deps ti=<TaskInstance: pokemon_partitioned_to_kafka.fetch_pokemon_and_send_partitioned_to_kafka scheduled__2025-06-06T00:06:00+00:00 [queued]>
[2025-06-06T00:07:03.443+0000] {taskinstance.py:2303} INFO - Starting attempt 1 of 1
[2025-06-06T00:07:03.450+0000] {taskinstance.py:2327} INFO - Executing <Task(PythonOperator): fetch_pokemon_and_send_partitioned_to_kafka> on 2025-06-06 00:06:00+00:00
[2025-06-06T00:07:03.454+0000] {logging_mixin.py:188} WARNING - /home/***/.local/lib/python3.12/site-packages/***/task/task_runner/standard_task_runner.py:61 DeprecationWarning: This process (pid=992) is multi-threaded, use of fork() may lead to deadlocks in the child.
[2025-06-06T00:07:03.454+0000] {standard_task_runner.py:63} INFO - Started process 993 to run task
[2025-06-06T00:07:03.454+0000] {standard_task_runner.py:90} INFO - Running: ['***', 'tasks', 'run', 'pokemon_partitioned_to_kafka', 'fetch_pokemon_and_send_partitioned_to_kafka', 'scheduled__2025-06-06T00:06:00+00:00', '--job-id', '28', '--raw', '--subdir', 'DAGS_FOLDER/pkapi_to_kafka_dag.py', '--cfg-path', '/tmp/tmp0_siitn5']
[2025-06-06T00:07:03.455+0000] {standard_task_runner.py:91} INFO - Job 28: Subtask fetch_pokemon_and_send_partitioned_to_kafka
[2025-06-06T00:07:03.463+0000] {logging_mixin.py:188} WARNING - /home/***/.local/lib/python3.12/site-packages/***/settings.py:195 DeprecationWarning: The sql_alchemy_conn option in [core] has been moved to the sql_alchemy_conn option in [database] - the old setting has been used, but please update your config.
[2025-06-06T00:07:03.481+0000] {task_command.py:426} INFO - Running <TaskInstance: pokemon_partitioned_to_kafka.fetch_pokemon_and_send_partitioned_to_kafka scheduled__2025-06-06T00:06:00+00:00 [running]> on host 856ef77f0083
[2025-06-06T00:07:03.545+0000] {taskinstance.py:2644} INFO - Exporting env vars: AIRFLOW_CTX_DAG_OWNER='***' AIRFLOW_CTX_DAG_ID='pokemon_partitioned_to_kafka' AIRFLOW_CTX_TASK_ID='fetch_pokemon_and_send_partitioned_to_kafka' AIRFLOW_CTX_EXECUTION_DATE='2025-06-06T00:06:00+00:00' AIRFLOW_CTX_TRY_NUMBER='1' AIRFLOW_CTX_DAG_RUN_ID='scheduled__2025-06-06T00:06:00+00:00'
[2025-06-06T00:07:03.545+0000] {taskinstance.py:430} INFO - ::endgroup::
[2025-06-06T00:07:04.557+0000] {logging_mixin.py:188} INFO - Produced: bulbasaur with key=grass
[2025-06-06T00:07:05.078+0000] {logging_mixin.py:188} INFO - Produced: ivysaur with key=grass
[2025-06-06T00:07:05.622+0000] {logging_mixin.py:188} INFO - Produced: venusaur with key=grass
[2025-06-06T00:07:06.167+0000] {logging_mixin.py:188} INFO - Produced: charmander with key=fire
[2025-06-06T00:07:06.687+0000] {logging_mixin.py:188} INFO - Produced: charmeleon with key=fire
[2025-06-06T00:07:07.250+0000] {logging_mixin.py:188} INFO - Produced: charizard with key=fire
[2025-06-06T00:07:07.796+0000] {logging_mixin.py:188} INFO - Produced: squirtle with key=water
[2025-06-06T00:07:08.330+0000] {logging_mixin.py:188} INFO - Produced: wartortle with key=water
[2025-06-06T00:07:08.862+0000] {logging_mixin.py:188} INFO - Produced: blastoise with key=water
[2025-06-06T00:07:09.415+0000] {logging_mixin.py:188} INFO - Produced: caterpie with key=bug
[2025-06-06T00:07:09.932+0000] {logging_mixin.py:188} INFO - Produced: metapod with key=bug
[2025-06-06T00:07:10.468+0000] {logging_mixin.py:188} INFO - Produced: butterfree with key=bug
[2025-06-06T00:07:10.988+0000] {logging_mixin.py:188} INFO - Produced: weedle with key=bug
[2025-06-06T00:07:11.526+0000] {logging_mixin.py:188} INFO - Produced: kakuna with key=bug
[2025-06-06T00:07:12.058+0000] {logging_mixin.py:188} INFO - Produced: beedrill with key=bug
[2025-06-06T00:07:12.601+0000] {logging_mixin.py:188} INFO - Produced: pidgey with key=normal
[2025-06-06T00:07:13.135+0000] {logging_mixin.py:188} INFO - Produced: pidgeotto with key=normal
[2025-06-06T00:07:13.678+0000] {logging_mixin.py:188} INFO - Produced: pidgeot with key=normal
[2025-06-06T00:07:14.225+0000] {logging_mixin.py:188} INFO - Produced: rattata with key=normal
[2025-06-06T00:07:14.433+0000] {python.py:237} INFO - Done. Returned value was: None
[2025-06-06T00:07:14.434+0000] {taskinstance.py:441} INFO - ::group::Post task execution logs
[2025-06-06T00:07:14.448+0000] {taskinstance.py:1205} INFO - Marking task as SUCCESS. dag_id=pokemon_partitioned_to_kafka, task_id=fetch_pokemon_and_send_partitioned_to_kafka, execution_date=20250606T000600, start_date=20250606T000703, end_date=20250606T000714
[2025-06-06T00:07:14.479+0000] {local_task_job_runner.py:240} INFO - Task exited with return code 0
[2025-06-06T00:07:14.493+0000] {taskinstance.py:3482} INFO - 0 downstream tasks scheduled from follow-on schedule check
[2025-06-06T00:07:14.494+0000] {local_task_job_runner.py:222} INFO - ::endgroup::
