[2025-06-06T03:02:11.785+0000] {local_task_job_runner.py:120} INFO - ::group::Pre task execution logs
[2025-06-06T03:02:11.801+0000] {taskinstance.py:2073} INFO - Dependencies all met for dep_context=non-requeueable deps ti=<TaskInstance: pokemon_partitioned_to_kafka.fetch_pokemon_and_send_partitioned_to_kafka scheduled__2025-06-06T03:01:00+00:00 [queued]>
[2025-06-06T03:02:11.806+0000] {taskinstance.py:2073} INFO - Dependencies all met for dep_context=requeueable deps ti=<TaskInstance: pokemon_partitioned_to_kafka.fetch_pokemon_and_send_partitioned_to_kafka scheduled__2025-06-06T03:01:00+00:00 [queued]>
[2025-06-06T03:02:11.807+0000] {taskinstance.py:2303} INFO - Starting attempt 1 of 1
[2025-06-06T03:02:11.819+0000] {taskinstance.py:2327} INFO - Executing <Task(PythonOperator): fetch_pokemon_and_send_partitioned_to_kafka> on 2025-06-06 03:01:00+00:00
[2025-06-06T03:02:11.824+0000] {standard_task_runner.py:90} INFO - Running: ['***', 'tasks', 'run', 'pokemon_partitioned_to_kafka', 'fetch_pokemon_and_send_partitioned_to_kafka', 'scheduled__2025-06-06T03:01:00+00:00', '--job-id', '66', '--raw', '--subdir', 'DAGS_FOLDER/pkapi_to_kafka_dag.py', '--cfg-path', '/tmp/tmp0if041ku']
[2025-06-06T03:02:11.827+0000] {standard_task_runner.py:91} INFO - Job 66: Subtask fetch_pokemon_and_send_partitioned_to_kafka
[2025-06-06T03:02:11.827+0000] {logging_mixin.py:188} WARNING - /home/***/.local/lib/python3.12/site-packages/***/task/task_runner/standard_task_runner.py:61 DeprecationWarning: This process (pid=1545) is multi-threaded, use of fork() may lead to deadlocks in the child.
[2025-06-06T03:02:11.830+0000] {standard_task_runner.py:63} INFO - Started process 1549 to run task
[2025-06-06T03:02:11.843+0000] {logging_mixin.py:188} WARNING - /home/***/.local/lib/python3.12/site-packages/***/settings.py:195 DeprecationWarning: The sql_alchemy_conn option in [core] has been moved to the sql_alchemy_conn option in [database] - the old setting has been used, but please update your config.
[2025-06-06T03:02:11.877+0000] {task_command.py:426} INFO - Running <TaskInstance: pokemon_partitioned_to_kafka.fetch_pokemon_and_send_partitioned_to_kafka scheduled__2025-06-06T03:01:00+00:00 [running]> on host 856ef77f0083
[2025-06-06T03:02:11.939+0000] {taskinstance.py:2644} INFO - Exporting env vars: AIRFLOW_CTX_DAG_OWNER='***' AIRFLOW_CTX_DAG_ID='pokemon_partitioned_to_kafka' AIRFLOW_CTX_TASK_ID='fetch_pokemon_and_send_partitioned_to_kafka' AIRFLOW_CTX_EXECUTION_DATE='2025-06-06T03:01:00+00:00' AIRFLOW_CTX_TRY_NUMBER='1' AIRFLOW_CTX_DAG_RUN_ID='scheduled__2025-06-06T03:01:00+00:00'
[2025-06-06T03:02:11.940+0000] {taskinstance.py:430} INFO - ::endgroup::
[2025-06-06T03:02:13.021+0000] {logging_mixin.py:188} INFO - Produced: bulbasaur with key=grass
[2025-06-06T03:02:13.785+0000] {logging_mixin.py:188} INFO - Produced: ivysaur with key=grass
[2025-06-06T03:02:14.222+0000] {logging_mixin.py:188} INFO - Produced: venusaur with key=grass
[2025-06-06T03:02:14.661+0000] {logging_mixin.py:188} INFO - Produced: charmander with key=fire
[2025-06-06T03:02:15.092+0000] {logging_mixin.py:188} INFO - Produced: charmeleon with key=fire
[2025-06-06T03:02:15.541+0000] {logging_mixin.py:188} INFO - Produced: charizard with key=fire
[2025-06-06T03:02:15.997+0000] {logging_mixin.py:188} INFO - Produced: squirtle with key=water
[2025-06-06T03:02:16.438+0000] {logging_mixin.py:188} INFO - Produced: wartortle with key=water
[2025-06-06T03:02:16.871+0000] {logging_mixin.py:188} INFO - Produced: blastoise with key=water
[2025-06-06T03:02:17.309+0000] {logging_mixin.py:188} INFO - Produced: caterpie with key=bug
[2025-06-06T03:02:17.739+0000] {logging_mixin.py:188} INFO - Produced: metapod with key=bug
[2025-06-06T03:02:18.194+0000] {logging_mixin.py:188} INFO - Produced: butterfree with key=bug
[2025-06-06T03:02:18.659+0000] {logging_mixin.py:188} INFO - Produced: weedle with key=bug
[2025-06-06T03:02:19.126+0000] {logging_mixin.py:188} INFO - Produced: kakuna with key=bug
[2025-06-06T03:02:19.614+0000] {logging_mixin.py:188} INFO - Produced: beedrill with key=bug
[2025-06-06T03:02:20.061+0000] {logging_mixin.py:188} INFO - Produced: pidgey with key=normal
[2025-06-06T03:02:25.382+0000] {logging_mixin.py:188} INFO - Error fetching Pokémon ID 17: HTTPSConnectionPool(host='pokeapi.co', port=443): Read timed out. (read timeout=5)
[2025-06-06T03:02:25.640+0000] {logging_mixin.py:188} INFO - Produced: pidgeot with key=normal
[2025-06-06T03:02:26.099+0000] {logging_mixin.py:188} INFO - Produced: rattata with key=normal
[2025-06-06T03:02:26.308+0000] {python.py:237} INFO - Done. Returned value was: None
[2025-06-06T03:02:26.310+0000] {taskinstance.py:441} INFO - ::group::Post task execution logs
[2025-06-06T03:02:26.324+0000] {taskinstance.py:1205} INFO - Marking task as SUCCESS. dag_id=pokemon_partitioned_to_kafka, task_id=fetch_pokemon_and_send_partitioned_to_kafka, execution_date=20250606T030100, start_date=20250606T030211, end_date=20250606T030226
[2025-06-06T03:02:26.373+0000] {local_task_job_runner.py:240} INFO - Task exited with return code 0
[2025-06-06T03:02:26.383+0000] {taskinstance.py:3482} INFO - 0 downstream tasks scheduled from follow-on schedule check
[2025-06-06T03:02:26.383+0000] {local_task_job_runner.py:222} INFO - ::endgroup::
