[2025-06-06T00:40:00.973+0000] {local_task_job_runner.py:120} INFO - ::group::Pre task execution logs
[2025-06-06T00:40:00.987+0000] {taskinstance.py:2073} INFO - Dependencies all met for dep_context=non-requeueable deps ti=<TaskInstance: pokemon_partitioned_to_kafka.fetch_pokemon_and_send_partitioned_to_kafka scheduled__2025-06-06T00:39:00+00:00 [queued]>
[2025-06-06T00:40:00.990+0000] {taskinstance.py:2073} INFO - Dependencies all met for dep_context=requeueable deps ti=<TaskInstance: pokemon_partitioned_to_kafka.fetch_pokemon_and_send_partitioned_to_kafka scheduled__2025-06-06T00:39:00+00:00 [queued]>
[2025-06-06T00:40:00.990+0000] {taskinstance.py:2303} INFO - Starting attempt 1 of 1
[2025-06-06T00:40:00.996+0000] {taskinstance.py:2327} INFO - Executing <Task(PythonOperator): fetch_pokemon_and_send_partitioned_to_kafka> on 2025-06-06 00:39:00+00:00
[2025-06-06T00:40:01.000+0000] {logging_mixin.py:188} WARNING - /home/***/.local/lib/python3.12/site-packages/***/task/task_runner/standard_task_runner.py:61 DeprecationWarning: This process (pid=1136) is multi-threaded, use of fork() may lead to deadlocks in the child.
[2025-06-06T00:40:01.000+0000] {standard_task_runner.py:63} INFO - Started process 1137 to run task
[2025-06-06T00:40:01.000+0000] {standard_task_runner.py:90} INFO - Running: ['***', 'tasks', 'run', 'pokemon_partitioned_to_kafka', 'fetch_pokemon_and_send_partitioned_to_kafka', 'scheduled__2025-06-06T00:39:00+00:00', '--job-id', '37', '--raw', '--subdir', 'DAGS_FOLDER/pkapi_to_kafka_dag.py', '--cfg-path', '/tmp/tmpm2yzgej2']
[2025-06-06T00:40:01.001+0000] {standard_task_runner.py:91} INFO - Job 37: Subtask fetch_pokemon_and_send_partitioned_to_kafka
[2025-06-06T00:40:01.009+0000] {logging_mixin.py:188} WARNING - /home/***/.local/lib/python3.12/site-packages/***/settings.py:195 DeprecationWarning: The sql_alchemy_conn option in [core] has been moved to the sql_alchemy_conn option in [database] - the old setting has been used, but please update your config.
[2025-06-06T00:40:01.026+0000] {task_command.py:426} INFO - Running <TaskInstance: pokemon_partitioned_to_kafka.fetch_pokemon_and_send_partitioned_to_kafka scheduled__2025-06-06T00:39:00+00:00 [running]> on host 856ef77f0083
[2025-06-06T00:40:01.066+0000] {taskinstance.py:2644} INFO - Exporting env vars: AIRFLOW_CTX_DAG_OWNER='***' AIRFLOW_CTX_DAG_ID='pokemon_partitioned_to_kafka' AIRFLOW_CTX_TASK_ID='fetch_pokemon_and_send_partitioned_to_kafka' AIRFLOW_CTX_EXECUTION_DATE='2025-06-06T00:39:00+00:00' AIRFLOW_CTX_TRY_NUMBER='1' AIRFLOW_CTX_DAG_RUN_ID='scheduled__2025-06-06T00:39:00+00:00'
[2025-06-06T00:40:01.067+0000] {taskinstance.py:430} INFO - ::endgroup::
[2025-06-06T00:40:02.084+0000] {logging_mixin.py:188} INFO - Produced: bulbasaur with key=grass
[2025-06-06T00:40:02.631+0000] {logging_mixin.py:188} INFO - Produced: ivysaur with key=grass
[2025-06-06T00:40:03.163+0000] {logging_mixin.py:188} INFO - Produced: venusaur with key=grass
[2025-06-06T00:40:03.719+0000] {logging_mixin.py:188} INFO - Produced: charmander with key=fire
[2025-06-06T00:40:04.242+0000] {logging_mixin.py:188} INFO - Produced: charmeleon with key=fire
[2025-06-06T00:40:04.776+0000] {logging_mixin.py:188} INFO - Produced: charizard with key=fire
[2025-06-06T00:40:05.314+0000] {logging_mixin.py:188} INFO - Produced: squirtle with key=water
[2025-06-06T00:40:05.875+0000] {logging_mixin.py:188} INFO - Produced: wartortle with key=water
[2025-06-06T00:40:06.389+0000] {logging_mixin.py:188} INFO - Produced: blastoise with key=water
[2025-06-06T00:40:06.934+0000] {logging_mixin.py:188} INFO - Produced: caterpie with key=bug
[2025-06-06T00:40:07.476+0000] {logging_mixin.py:188} INFO - Produced: metapod with key=bug
[2025-06-06T00:40:08.022+0000] {logging_mixin.py:188} INFO - Produced: butterfree with key=bug
[2025-06-06T00:40:08.586+0000] {logging_mixin.py:188} INFO - Produced: weedle with key=bug
[2025-06-06T00:40:09.125+0000] {logging_mixin.py:188} INFO - Produced: kakuna with key=bug
[2025-06-06T00:40:09.666+0000] {logging_mixin.py:188} INFO - Produced: beedrill with key=bug
[2025-06-06T00:40:10.189+0000] {logging_mixin.py:188} INFO - Produced: pidgey with key=normal
[2025-06-06T00:40:10.717+0000] {logging_mixin.py:188} INFO - Produced: pidgeotto with key=normal
[2025-06-06T00:40:11.264+0000] {logging_mixin.py:188} INFO - Produced: pidgeot with key=normal
[2025-06-06T00:40:11.807+0000] {logging_mixin.py:188} INFO - Produced: rattata with key=normal
[2025-06-06T00:40:12.011+0000] {python.py:237} INFO - Done. Returned value was: None
[2025-06-06T00:40:12.012+0000] {taskinstance.py:441} INFO - ::group::Post task execution logs
[2025-06-06T00:40:12.017+0000] {taskinstance.py:1205} INFO - Marking task as SUCCESS. dag_id=pokemon_partitioned_to_kafka, task_id=fetch_pokemon_and_send_partitioned_to_kafka, execution_date=20250606T003900, start_date=20250606T004000, end_date=20250606T004012
[2025-06-06T00:40:12.035+0000] {local_task_job_runner.py:240} INFO - Task exited with return code 0
[2025-06-06T00:40:12.043+0000] {taskinstance.py:3482} INFO - 0 downstream tasks scheduled from follow-on schedule check
[2025-06-06T00:40:12.044+0000] {local_task_job_runner.py:222} INFO - ::endgroup::
