[2025-06-05T23:33:01.157+0000] {local_task_job_runner.py:120} INFO - ::group::Pre task execution logs
[2025-06-05T23:33:01.172+0000] {taskinstance.py:2073} INFO - Dependencies all met for dep_context=non-requeueable deps ti=<TaskInstance: pokemon_partitioned_to_kafka.fetch_pokemon_and_send_partitioned_to_kafka scheduled__2025-06-05T23:32:00+00:00 [queued]>
[2025-06-05T23:33:01.176+0000] {taskinstance.py:2073} INFO - Dependencies all met for dep_context=requeueable deps ti=<TaskInstance: pokemon_partitioned_to_kafka.fetch_pokemon_and_send_partitioned_to_kafka scheduled__2025-06-05T23:32:00+00:00 [queued]>
[2025-06-05T23:33:01.176+0000] {taskinstance.py:2303} INFO - Starting attempt 1 of 1
[2025-06-05T23:33:01.183+0000] {taskinstance.py:2327} INFO - Executing <Task(PythonOperator): fetch_pokemon_and_send_partitioned_to_kafka> on 2025-06-05 23:32:00+00:00
[2025-06-05T23:33:01.187+0000] {logging_mixin.py:188} WARNING - /home/***/.local/lib/python3.12/site-packages/***/task/task_runner/standard_task_runner.py:61 DeprecationWarning: This process (pid=629) is multi-threaded, use of fork() may lead to deadlocks in the child.
[2025-06-05T23:33:01.188+0000] {standard_task_runner.py:63} INFO - Started process 630 to run task
[2025-06-05T23:33:01.187+0000] {standard_task_runner.py:90} INFO - Running: ['***', 'tasks', 'run', 'pokemon_partitioned_to_kafka', 'fetch_pokemon_and_send_partitioned_to_kafka', 'scheduled__2025-06-05T23:32:00+00:00', '--job-id', '14', '--raw', '--subdir', 'DAGS_FOLDER/pkapi_to_kafka_dag.py', '--cfg-path', '/tmp/tmpjnj9qilh']
[2025-06-05T23:33:01.189+0000] {standard_task_runner.py:91} INFO - Job 14: Subtask fetch_pokemon_and_send_partitioned_to_kafka
[2025-06-05T23:33:01.197+0000] {logging_mixin.py:188} WARNING - /home/***/.local/lib/python3.12/site-packages/***/settings.py:195 DeprecationWarning: The sql_alchemy_conn option in [core] has been moved to the sql_alchemy_conn option in [database] - the old setting has been used, but please update your config.
[2025-06-05T23:33:01.217+0000] {task_command.py:426} INFO - Running <TaskInstance: pokemon_partitioned_to_kafka.fetch_pokemon_and_send_partitioned_to_kafka scheduled__2025-06-05T23:32:00+00:00 [running]> on host 856ef77f0083
[2025-06-05T23:33:01.265+0000] {taskinstance.py:2644} INFO - Exporting env vars: AIRFLOW_CTX_DAG_OWNER='***' AIRFLOW_CTX_DAG_ID='pokemon_partitioned_to_kafka' AIRFLOW_CTX_TASK_ID='fetch_pokemon_and_send_partitioned_to_kafka' AIRFLOW_CTX_EXECUTION_DATE='2025-06-05T23:32:00+00:00' AIRFLOW_CTX_TRY_NUMBER='1' AIRFLOW_CTX_DAG_RUN_ID='scheduled__2025-06-05T23:32:00+00:00'
[2025-06-05T23:33:01.266+0000] {taskinstance.py:430} INFO - ::endgroup::
[2025-06-05T23:33:02.287+0000] {logging_mixin.py:188} INFO - Produced: bulbasaur with key=grass
[2025-06-05T23:33:02.826+0000] {logging_mixin.py:188} INFO - Produced: ivysaur with key=grass
[2025-06-05T23:33:03.341+0000] {logging_mixin.py:188} INFO - Produced: venusaur with key=grass
[2025-06-05T23:33:03.875+0000] {logging_mixin.py:188} INFO - Produced: charmander with key=fire
[2025-06-05T23:33:04.379+0000] {logging_mixin.py:188} INFO - Produced: charmeleon with key=fire
[2025-06-05T23:33:04.918+0000] {logging_mixin.py:188} INFO - Produced: charizard with key=fire
[2025-06-05T23:33:05.445+0000] {logging_mixin.py:188} INFO - Produced: squirtle with key=water
[2025-06-05T23:33:05.958+0000] {logging_mixin.py:188} INFO - Produced: wartortle with key=water
[2025-06-05T23:33:06.471+0000] {logging_mixin.py:188} INFO - Produced: blastoise with key=water
[2025-06-05T23:33:07.015+0000] {logging_mixin.py:188} INFO - Produced: caterpie with key=bug
[2025-06-05T23:33:07.538+0000] {logging_mixin.py:188} INFO - Produced: metapod with key=bug
[2025-06-05T23:33:08.061+0000] {logging_mixin.py:188} INFO - Produced: butterfree with key=bug
[2025-06-05T23:33:08.595+0000] {logging_mixin.py:188} INFO - Produced: weedle with key=bug
[2025-06-05T23:33:09.110+0000] {logging_mixin.py:188} INFO - Produced: kakuna with key=bug
[2025-06-05T23:33:09.651+0000] {logging_mixin.py:188} INFO - Produced: beedrill with key=bug
[2025-06-05T23:33:10.189+0000] {logging_mixin.py:188} INFO - Produced: pidgey with key=normal
[2025-06-05T23:33:10.726+0000] {logging_mixin.py:188} INFO - Produced: pidgeotto with key=normal
[2025-06-05T23:33:11.247+0000] {logging_mixin.py:188} INFO - Produced: pidgeot with key=normal
[2025-06-05T23:33:11.776+0000] {logging_mixin.py:188} INFO - Produced: rattata with key=normal
[2025-06-05T23:33:11.984+0000] {python.py:237} INFO - Done. Returned value was: None
[2025-06-05T23:33:11.985+0000] {taskinstance.py:441} INFO - ::group::Post task execution logs
[2025-06-05T23:33:12.000+0000] {taskinstance.py:1205} INFO - Marking task as SUCCESS. dag_id=pokemon_partitioned_to_kafka, task_id=fetch_pokemon_and_send_partitioned_to_kafka, execution_date=20250605T233200, start_date=20250605T233301, end_date=20250605T233312
[2025-06-05T23:33:12.029+0000] {local_task_job_runner.py:240} INFO - Task exited with return code 0
[2025-06-05T23:33:12.040+0000] {taskinstance.py:3482} INFO - 0 downstream tasks scheduled from follow-on schedule check
[2025-06-05T23:33:12.041+0000] {local_task_job_runner.py:222} INFO - ::endgroup::
