[2025-06-06T05:05:33.967+0000] {local_task_job_runner.py:120} INFO - ::group::Pre task execution logs
[2025-06-06T05:05:33.988+0000] {taskinstance.py:2073} INFO - Dependencies all met for dep_context=non-requeueable deps ti=<TaskInstance: pokemon_partitioned_to_kafka.fetch_pokemon_and_send_partitioned_to_kafka scheduled__2025-06-06T05:04:00+00:00 [queued]>
[2025-06-06T05:05:33.998+0000] {taskinstance.py:2073} INFO - Dependencies all met for dep_context=requeueable deps ti=<TaskInstance: pokemon_partitioned_to_kafka.fetch_pokemon_and_send_partitioned_to_kafka scheduled__2025-06-06T05:04:00+00:00 [queued]>
[2025-06-06T05:05:33.998+0000] {taskinstance.py:2303} INFO - Starting attempt 1 of 1
[2025-06-06T05:05:34.008+0000] {taskinstance.py:2327} INFO - Executing <Task(PythonOperator): fetch_pokemon_and_send_partitioned_to_kafka> on 2025-06-06 05:04:00+00:00
[2025-06-06T05:05:34.013+0000] {logging_mixin.py:188} WARNING - /home/***/.local/lib/python3.12/site-packages/***/task/task_runner/standard_task_runner.py:61 DeprecationWarning: This process (pid=1699) is multi-threaded, use of fork() may lead to deadlocks in the child.
[2025-06-06T05:05:34.014+0000] {standard_task_runner.py:63} INFO - Started process 1711 to run task
[2025-06-06T05:05:34.013+0000] {standard_task_runner.py:90} INFO - Running: ['***', 'tasks', 'run', 'pokemon_partitioned_to_kafka', 'fetch_pokemon_and_send_partitioned_to_kafka', 'scheduled__2025-06-06T05:04:00+00:00', '--job-id', '79', '--raw', '--subdir', 'DAGS_FOLDER/pkapi_to_kafka_dag.py', '--cfg-path', '/tmp/tmpfk97w10c']
[2025-06-06T05:05:34.015+0000] {standard_task_runner.py:91} INFO - Job 79: Subtask fetch_pokemon_and_send_partitioned_to_kafka
[2025-06-06T05:05:34.026+0000] {logging_mixin.py:188} WARNING - /home/***/.local/lib/python3.12/site-packages/***/settings.py:195 DeprecationWarning: The sql_alchemy_conn option in [core] has been moved to the sql_alchemy_conn option in [database] - the old setting has been used, but please update your config.
[2025-06-06T05:05:34.054+0000] {task_command.py:426} INFO - Running <TaskInstance: pokemon_partitioned_to_kafka.fetch_pokemon_and_send_partitioned_to_kafka scheduled__2025-06-06T05:04:00+00:00 [running]> on host 856ef77f0083
[2025-06-06T05:05:34.120+0000] {taskinstance.py:2644} INFO - Exporting env vars: AIRFLOW_CTX_DAG_OWNER='***' AIRFLOW_CTX_DAG_ID='pokemon_partitioned_to_kafka' AIRFLOW_CTX_TASK_ID='fetch_pokemon_and_send_partitioned_to_kafka' AIRFLOW_CTX_EXECUTION_DATE='2025-06-06T05:04:00+00:00' AIRFLOW_CTX_TRY_NUMBER='1' AIRFLOW_CTX_DAG_RUN_ID='scheduled__2025-06-06T05:04:00+00:00'
[2025-06-06T05:05:34.121+0000] {taskinstance.py:430} INFO - ::endgroup::
[2025-06-06T05:05:35.136+0000] {logging_mixin.py:188} INFO - Produced: bulbasaur with key=grass
[2025-06-06T05:05:35.578+0000] {logging_mixin.py:188} INFO - Produced: ivysaur with key=grass
[2025-06-06T05:05:36.021+0000] {logging_mixin.py:188} INFO - Produced: venusaur with key=grass
[2025-06-06T05:05:36.452+0000] {logging_mixin.py:188} INFO - Produced: charmander with key=fire
[2025-06-06T05:05:36.894+0000] {logging_mixin.py:188} INFO - Produced: charmeleon with key=fire
[2025-06-06T05:05:37.325+0000] {logging_mixin.py:188} INFO - Produced: charizard with key=fire
[2025-06-06T05:05:37.763+0000] {logging_mixin.py:188} INFO - Produced: squirtle with key=water
[2025-06-06T05:05:38.227+0000] {logging_mixin.py:188} INFO - Produced: wartortle with key=water
[2025-06-06T05:05:38.681+0000] {logging_mixin.py:188} INFO - Produced: blastoise with key=water
[2025-06-06T05:05:39.137+0000] {logging_mixin.py:188} INFO - Produced: caterpie with key=bug
[2025-06-06T05:05:39.599+0000] {logging_mixin.py:188} INFO - Produced: metapod with key=bug
[2025-06-06T05:05:40.053+0000] {logging_mixin.py:188} INFO - Produced: butterfree with key=bug
[2025-06-06T05:05:41.080+0000] {logging_mixin.py:188} INFO - Error fetching Pokémon ID 13: HTTPSConnectionPool(host='pokeapi.co', port=443): Max retries exceeded with url: /api/v2/pokemon/13/ (Caused by SSLError(SSLEOFError(8, '[SSL: UNEXPECTED_EOF_WHILE_READING] EOF occurred in violation of protocol (_ssl.c:1000)')))
[2025-06-06T05:05:41.419+0000] {logging_mixin.py:188} INFO - Produced: kakuna with key=bug
[2025-06-06T05:05:41.838+0000] {logging_mixin.py:188} INFO - Produced: beedrill with key=bug
[2025-06-06T05:05:42.269+0000] {logging_mixin.py:188} INFO - Produced: pidgey with key=normal
[2025-06-06T05:05:42.685+0000] {logging_mixin.py:188} INFO - Produced: pidgeotto with key=normal
[2025-06-06T05:05:43.131+0000] {logging_mixin.py:188} INFO - Produced: pidgeot with key=normal
[2025-06-06T05:05:43.562+0000] {logging_mixin.py:188} INFO - Produced: rattata with key=normal
[2025-06-06T05:05:43.766+0000] {python.py:237} INFO - Done. Returned value was: None
[2025-06-06T05:05:43.767+0000] {taskinstance.py:441} INFO - ::group::Post task execution logs
[2025-06-06T05:05:43.772+0000] {taskinstance.py:1205} INFO - Marking task as SUCCESS. dag_id=pokemon_partitioned_to_kafka, task_id=fetch_pokemon_and_send_partitioned_to_kafka, execution_date=20250606T050400, start_date=20250606T050533, end_date=20250606T050543
[2025-06-06T05:05:43.800+0000] {local_task_job_runner.py:240} INFO - Task exited with return code 0
[2025-06-06T05:05:43.808+0000] {taskinstance.py:3482} INFO - 0 downstream tasks scheduled from follow-on schedule check
[2025-06-06T05:05:43.809+0000] {local_task_job_runner.py:222} INFO - ::endgroup::
